fl	filter	:	svtools unotools goodies xmloff svx javaunohelper jvmaccess NULL
fl	filter									usr1	-	all	fl_mkout			NULL
fl	filter\prj								get		-	all	fl_prj				NULL
fl	filter\source\jars						nmake	-	all	fl_javafilter_binaries	NULL
fl	filter\source\xmlfilteradaptor			nmake	-	all	fl_xmlfilteradaptor	NULL
fl	filter\source\xmlfilterdetect			nmake	-	all	fl_xmlfilterdetect	NULL
fl	filter\source\msfilter\powerpoint		nmake	-	all	fl_powerpoint		NULL
fl	filter\source\pdf						nmake	-	all	fl_pdf fl_svg		NULL
fl	filter\source\svg						nmake	-	all	fl_svg				NULL
fl	filter\source\placeware					nmake	-	all	fl_placeware		NULL
fl	filter\source\flash						nmake	-	all	fl_flash fl_pdf			NULL
fl	filter\source\filtertracer				nmake	-	all fl_filtertracer		NULL
fl	filter\source\xsltfilter				nmake	-	all fl_xsltfilter		NULL
fl	filter\source\xsltvalidate				nmake	-	all fl_xsltvalidate		NULL
fl	filter\source\xsltdialog				nmake	-	all fl_xsltdialog fl_flash		NULL
fl  filter\source\docbook                   nmake   -   all fl_docbook          NULL
fl  filter\source\config\cache              nmake   -   all fl_config           NULL
fl  filter\source\config\tools\utils        nmake   -   all fl_fcfg_utils       NULL
fl  filter\source\config\tools\merge        nmake   -   all fl_fcfg_merge fl_fcfg_utils      NULL
fl  filter\source\config\fragments\types    nmake   -   all fl_fcfg_fragments_types  NULL
fl  filter\source\config\fragments\filters  nmake   -   all fl_fcfg_fragments_filters  NULL
fl  filter\source\config\fragments          nmake   -   all fl_fcfg_fragments fl_fcfg_merge  NULL
fl  filter\util                             nmake   -   all fl_util fl_flash fl_xsltdialog fl_pdf fl_config fl_fcfg_utils fl_fcfg_merge fl_fcfg_fragments fl_fcfg_fragments_types fl_fcfg_fragments_filters NULL

