mkdir: %COMMON_DEST%\bin%_EXT%\hid
..\%COMMON_OUTDIR%\misc\*.hid %COMMON_DEST%\bin%_EXT%\hid\*.hid
..\%__SRC%\bin\*.dll %_DEST%\bin%_EXT%\*.dll
..\%__SRC%\lib\lib*.so %_DEST%\lib%_EXT%
..\%__SRC%\lib\lib*.dylib %_DEST%\lib%_EXT%
..\%__SRC%\class\*.jar %_DEST%\bin%_EXT%\*.jar
..\%__SRC%\class\XSLTFilter\*.jar %_DEST%\bin%_EXT%\*.jar
..\%__SRC%\class\XSLTValidate\*.jar %_DEST%\bin%_EXT%\*.jar
..\%__SRC%\bin\*.res %_DEST%\bin%_EXT%\*.res
mkdir: %_DEST%\bin%_EXT%\xslt
mkdir: %_DEST%\bin%_EXT%\xslt\common
mkdir: %_DEST%\bin%_EXT%\xslt\export
mkdir: %_DEST%\bin%_EXT%\xslt\export\common
mkdir: %_DEST%\bin%_EXT%\xslt\export\common\styles
mkdir: %_DEST%\bin%_EXT%\xslt\export\common\table
mkdir: %_DEST%\bin%_EXT%\xslt\export\excelml
mkdir: %_DEST%\bin%_EXT%\xslt\export\wordml
mkdir: %_DEST%\bin%_EXT%\xslt\export\xhtml
mkdir: %_DEST%\bin%_EXT%\xslt\import
mkdir: %_DEST%\bin%_EXT%\xslt\import\excelml
mkdir: %_DEST%\bin%_EXT%\xslt\import\wordml
..\source\xslt\common\*.xsl %_DEST%\bin%_EXT%\xslt\common\*.xsl
..\source\xslt\export\common\*.xsl %_DEST%\bin%_EXT%\xslt\export\common\*.xsl
..\source\xslt\export\common\styles\*.xsl %_DEST%\bin%_EXT%\xslt\export\common\styles\*.xsl
..\source\xslt\export\common\table\*.xsl %_DEST%\bin%_EXT%\xslt\export\common\table\*.xsl
..\source\xslt\export\excelml\*.xsl %_DEST%\bin%_EXT%\xslt\export\excelml\*.xsl
..\source\xslt\export\wordml\*.xsl %_DEST%\bin%_EXT%\xslt\export\wordml\*.xsl
..\source\xslt\export\xhtml\*.xsl %_DEST%\bin%_EXT%\xslt\export\xhtml\*.xsl
..\source\xslt\import\excelml\*.xsl %_DEST%\bin%_EXT%\xslt\import\excelml\*.xsl
..\source\xslt\import\wordml\*.xsl %_DEST%\bin%_EXT%\xslt\import\wordml\*.xsl
..\%__SRC%\bin\*.xsl %_DEST%\bin%_EXT%\*.xsl
..\%__SRC%\bin\*.stw %_DEST%\bin%_EXT%\*.stw
..\%__SRC%\bin\fcfg_*.zip %_DEST%\pck%_EXT%\fcfg_*.zip
