mkdir: %_DEST%\bin%_EXT%\translate
mkdir: %_DEST%\bin%_EXT%\translate\convert
mkdir: %_DEST%\bin%_EXT%\translate\filters
mkdir: %_DEST%\bin%_EXT%\translate\lang
mkdir: %_DEST%\bin%_EXT%\translate\misc
mkdir: %_DEST%\bin%_EXT%\translate\misc\typecheck
mkdir: %_DEST%\bin%_EXT%\translate\storage
mkdir: %_DEST%\bin%_EXT%\translate\storage\placeables
mkdir: %_DEST%\bin%_EXT%\translate\storage\versioncontrol
mkdir: %_DEST%\bin%_EXT%\translate\storage\xml_extract
mkdir: %_DEST%\bin%_EXT%\translate\search
mkdir: %_DEST%\bin%_EXT%\translate\search\indexing
mkdir: %_DEST%\bin%_EXT%\translate\services
mkdir: %_DEST%\bin%_EXT%\translate\share
mkdir: %_DEST%\bin%_EXT%\translate\share\langmodels
mkdir: %_DEST%\bin%_EXT%\translate\tools

..\%__SRC%\misc\build\translate-toolkit-*\translate\* %_DEST%\bin%_EXT%\translate\*
..\%__SRC%\misc\build\translate-toolkit-*\translate\convert\* %_DEST%\bin%_EXT%\translate\convert\*
..\%__SRC%\misc\build\translate-toolkit-*\translate\filters\* %_DEST%\bin%_EXT%\translate\filters\*
..\%__SRC%\misc\build\translate-toolkit-*\translate\lang\* %_DEST%\bin%_EXT%\translate\lang\*
..\%__SRC%\misc\build\translate-toolkit-*\translate\misc\* %_DEST%\bin%_EXT%\translate\misc\*
..\%__SRC%\misc\build\translate-toolkit-*\translate\misc/typecheck\* %_DEST%\bin%_EXT%\translate\misc/typecheck\*
..\%__SRC%\misc\build\translate-toolkit-*\translate\storage\* %_DEST%\bin%_EXT%\translate\storage\*
..\%__SRC%\misc\build\translate-toolkit-*\translate\storage/placeables\* %_DEST%\bin%_EXT%\translate\storage/placeables\*
..\%__SRC%\misc\build\translate-toolkit-*\translate\storage/versioncontrol\* %_DEST%\bin%_EXT%\translate\storage/versioncontrol\*
..\%__SRC%\misc\build\translate-toolkit-*\translate\storage/xml_extract\* %_DEST%\bin%_EXT%\translate\storage/xml_extract\*
..\%__SRC%\misc\build\translate-toolkit-*\translate\search\* %_DEST%\bin%_EXT%\translate\search\*
..\%__SRC%\misc\build\translate-toolkit-*\translate\search/indexing\* %_DEST%\bin%_EXT%\translate\search/indexing\*
..\%__SRC%\misc\build\translate-toolkit-*\translate\services\* %_DEST%\bin%_EXT%\translate\services\*
..\%__SRC%\misc\build\translate-toolkit-*\translate\share\* %_DEST%\bin%_EXT%\translate\share\*
..\%__SRC%\misc\build\translate-toolkit-*\translate\share\langmodels\* %_DEST%\bin%_EXT%\translate\share\langmodels\*
..\%__SRC%\misc\build\translate-toolkit-*\translate\tools\* %_DEST%\bin%_EXT%\translate\tools\*
..\%__SRC%\misc\build\translate-toolkit-*\build\scripts-*\oo2po  %_DEST%\bin%_EXT%\*
..\%__SRC%\misc\build\translate-toolkit-*\build\scripts-*\po2oo  %_DEST%\bin%_EXT%\*
