mkdir: %_DEST%\xml%_EXT%
mkdir: %_DEST%\xml%_EXT%\office
mkdir: %_DEST%\xml%_EXT%\office\schema
mkdir: %_DEST%\xml%_EXT%\office\definition
mkdir: %_DEST%\xml%_EXT%\office\definition\org
mkdir: %_DEST%\xml%_EXT%\office\definition\org\openoffice
mkdir: %_DEST%\xml%_EXT%\office\definition\org\openoffice\Office
mkdir: %_DEST%\xml%_EXT%\office\definition\org\openoffice\ucb
mkdir: %_DEST%\xml%_EXT%\office\template
mkdir: %_DEST%\xml%_EXT%\office\template\org
mkdir: %_DEST%\xml%_EXT%\office\template\org\openoffice
mkdir: %_DEST%\xml%_EXT%\office\template\org\openoffice\Office
mkdir: %_DEST%\xml%_EXT%\office\template\org\openoffice\ucb
mkdir: %_DEST%\xml%_EXT%\office\instance
mkdir: %_DEST%\xml%_EXT%\office\instance\org
mkdir: %_DEST%\xml%_EXT%\office\instance\org\openoffice
mkdir: %_DEST%\xml%_EXT%\office\instance\org\openoffice\Office
mkdir: %_DEST%\xml%_EXT%\office\instance\org\openoffice\ucb
mkdir: %_DEST%\xml%_EXT%\office\ldap

..\%__SRC%\class\schema.jar %_DEST%\bin%_EXT%\schema.jar
..\%__SRC%\class\cfgimport.jar %_DEST%\bin%_EXT%\cfgimport.jar

..\schema\schema.description.dtd %_DEST%\xml%_EXT%\office\schema\schema.description.dtd
..\schema\schema.description2.dtd %_DEST%\xml%_EXT%\office\schema\schema.description2.dtd
..\%__SRC%\misc\oo-mapping-schema.conf %_DEST%\xml%_EXT%\office\ldap\oo-mapping-schema.conf
..\%__SRC%\misc\oo-mapping-schema.ldif %_DEST%\xml%_EXT%\office\ldap\60-oo-mapping-schema.ldif
..\util\instance.xsl %_DEST%\xml%_EXT%\office\schema\instance.xsl
..\util\instance2.xsl %_DEST%\xml%_EXT%\office\schema\instance2.xsl
..\util\ldif.xsl %_DEST%\xml%_EXT%\office\schema\ldif.xsl
..\util\ldap-schema.xsl %_DEST%\xml%_EXT%\office\schema\ldap-schema.xsl
..\util\ldapv3-schema.xsl %_DEST%\xml%_EXT%\office\schema\ldapv3-schema.xsl

..\%__SRC%\misc\xcdformat\org\openoffice\Office\Bibliography.xcd %_DEST%\xml%_EXT%\office\definition\org.openoffice.Office.Bibliography.xcd
..\%__SRC%\misc\xcdformat\org\openoffice\Office\Calc.xcd %_DEST%\xml%_EXT%\office\definition\org\openoffice\Office\Calc.xcd
..\%__SRC%\misc\xcdformat\org\openoffice\Office\Player.xcd %_DEST%\xml%_EXT%\office\definition\org\openoffice\Office\Player.xcd
..\%__SRC%\misc\xcdformat\org\openoffice\Office\Chart.xcd %_DEST%\xml%_EXT%\office\definition\org\openoffice\Office\Chart.xcd
..\%__SRC%\misc\xcdformat\org\openoffice\Office\UI.xcd %_DEST%\xml%_EXT%\office\definition\org\openoffice\Office\UI.xcd
..\%__SRC%\misc\xcdformat\org\openoffice\Office\Common.xcd %_DEST%\xml%_EXT%\office\definition\org\openoffice\Office\Common.xcd
..\%__SRC%\misc\xcdformat\org\openoffice\Office\SFX.xcd %_DEST%\xml%_EXT%\office\definition\org\openoffice\Office\SFX.xcd
..\%__SRC%\misc\xcdformat\org\openoffice\Office\DataAccess.xcd %_DEST%\xml%_EXT%\office\definition\org\openoffice\Office\DataAccess.xcd
..\%__SRC%\misc\xcdformat\org\openoffice\Office\Labels.xcd %_DEST%\xml%_EXT%\office\definition\org\openoffice\Office\Labels.xcd
..\%__SRC%\misc\xcdformat\org\openoffice\Office\Views.xcd %_DEST%\xml%_EXT%\office\definition\org\openoffice\Office\Views.xcd
..\%__SRC%\misc\xcdformat\org\openoffice\Office\TypeDetection.xcd %_DEST%\xml%_EXT%\office\definition\org\openoffice\Office\TypeDetection.xcd
..\%__SRC%\misc\xcdformat\org\openoffice\Office\Draw.xcd %_DEST%\xml%_EXT%\office\definition\org\openoffice\Office\Draw.xcd
..\%__SRC%\misc\xcdformat\org\openoffice\Office\Impress.xcd %_DEST%\xml%_EXT%\office\definition\org\openoffice\Office\Impress.xcd
..\%__SRC%\misc\xcdformat\org\openoffice\Office\Java.xcd %_DEST%\xml%_EXT%\office\definition\org\openoffice\Office\Java.xcd
..\%__SRC%\misc\xcdformat\org\openoffice\Office\Linguistic.xcd %_DEST%\xml%_EXT%\office\definition\org\openoffice\Office\Linguistic.xcd
..\%__SRC%\misc\xcdformat\org\openoffice\Office\Math.xcd %_DEST%\xml%_EXT%\office\definition\org\openoffice\Office\Math.xcd
..\%__SRC%\misc\xcdformat\org\openoffice\Office\Writer.xcd %_DEST%\xml%_EXT%\office\definition\org\openoffice\Office\Writer.xcd
..\%__SRC%\misc\xcdformat\org\openoffice\Office\WriterWeb.xcd %_DEST%\xml%_EXT%\office\definition\org\openoffice\Office\WriterWeb.xcd
..\%__SRC%\misc\xcdformat\org\openoffice\Office\Commands.xcd %_DEST%\xml%_EXT%\office\definition\org\openoffice\Office\Commands.xcd
..\%__SRC%\misc\xcdformat\org\openoffice\Office\ProtocolHandler.xcd %_DEST%\xml%_EXT%\office\definition\org\openoffice\Office\ProtocolHandler.xcd
..\%__SRC%\misc\xcdformat\org\openoffice\Office\Substitution.xcd %_DEST%\xml%_EXT%\office\definition\org\openoffice\Office\Substitution.xcd
..\%__SRC%\misc\xcdformat\org\openoffice\Office\Security.xcd %_DEST%\xml%_EXT%\office\definition\org\openoffice\Office\Security.xcd
..\%__SRC%\misc\xcdformat\org\openoffice\Inet.xcd %_DEST%\xml%_EXT%\office\definition\org\openoffice\Inet.xcd
..\%__SRC%\misc\xcdformat\org\openoffice\ucb\Store.xcd %_DEST%\xml%_EXT%\office\definition\org\openoffice\ucb\Store.xcd
..\%__SRC%\misc\xcdformat\org\openoffice\Setup.xcd %_DEST%\xml%_EXT%\office\definition\org\openoffice\Setup.xcd
..\%__SRC%\misc\xcdformat\org\openoffice\UserProfile.xcd %_DEST%\xml%_EXT%\office\definition\org\openoffice\UserProfile.xcd
..\%__SRC%\misc\xcdformat\org\openoffice\VCL.xcd %_DEST%\xml%_EXT%\office\definition\org\openoffice\VCL.xcd

..\data\org\openoffice\Types.xcd %_DEST%\xml%_EXT%\office\definition\org\openoffice\Types.xcd

..\%__SRC%\misc\instance\org\openoffice\Office\Bibliography.xml %_DEST%\xml%_EXT%\office\instance\org\openoffice\Office\Bibliography.xml
..\%__SRC%\misc\instance\org\openoffice\Office\Calc.xml %_DEST%\xml%_EXT%\office\instance\org\openoffice\Office\Calc.xml
..\%__SRC%\misc\instance\org\openoffice\Office\Chart.xml %_DEST%\xml%_EXT%\office\instance\org\openoffice\Office\Chart.xml
..\%__SRC%\misc\instance\org\openoffice\Office\UI.xml %_DEST%\xml%_EXT%\office\instance\org\openoffice\Office\UI.xml
..\%__SRC%\misc\instance\org\openoffice\Office\Common.xml %_DEST%\xml%_EXT%\office\instance\org\openoffice\Office\Common.xml
..\%__SRC%\misc\instance\org\openoffice\Office\SFX.xml %_DEST%\xml%_EXT%\office\instance\org\openoffice\Office\SFX.xml
..\%__SRC%\misc\instance\org\openoffice\Office\DataAccess.xml %_DEST%\xml%_EXT%\office\instance\org\openoffice\Office\DataAccess.xml
..\%__SRC%\misc\instance\org\openoffice\Office\Views.xml %_DEST%\xml%_EXT%\office\instance\org\openoffice\Office\Views.xml
..\%__SRC%\misc\instance\org\openoffice\Office\TypeDetection.xml %_DEST%\xml%_EXT%\office\instance\org\openoffice\Office\TypeDetection.xml
..\%__SRC%\misc\instance\org\openoffice\Office\Draw.xml %_DEST%\xml%_EXT%\office\instance\org\openoffice\Office\Draw.xml
..\%__SRC%\misc\instance\org\openoffice\Office\Impress.xml %_DEST%\xml%_EXT%\office\instance\org\openoffice\Office\Impress.xml
..\%__SRC%\misc\instance\org\openoffice\Office\Java.xml %_DEST%\xml%_EXT%\office\instance\org\openoffice\Office\Java.xml
..\%__SRC%\misc\instance\org\openoffice\Office\Jobs.xml %_DEST%\xml%_EXT%\office\instance\org\openoffice\Office\Jobs.xml
..\%__SRC%\misc\instance\org\openoffice\Office\Labels.xml %_DEST%\xml%_EXT%\office\instance\org\openoffice\Office\Labels.xml
..\%__SRC%\misc\instance\org\openoffice\Office\Linguistic.xml %_DEST%\xml%_EXT%\office\instance\org\openoffice\Office\Linguistic.xml
..\%__SRC%\misc\instance\org\openoffice\Office\Math.xml %_DEST%\xml%_EXT%\office\instance\org\openoffice\Office\Math.xml
..\%__SRC%\misc\instance\org\openoffice\Office\Writer.xml %_DEST%\xml%_EXT%\office\instance\org\openoffice\Office\Writer.xml
..\%__SRC%\misc\instance\org\openoffice\Office\WriterWeb.xml %_DEST%\xml%_EXT%\office\instance\org\openoffice\Office\WriterWeb.xml
..\%__SRC%\misc\instance\org\openoffice\Office\Commands.xml %_DEST%\xml%_EXT%\office\instance\org\openoffice\Office\Commands.xml
..\%__SRC%\misc\instance\org\openoffice\Office\Substitution.xml %_DEST%\xml%_EXT%\office\instance\org\openoffice\Office\Substitution.xml
..\%__SRC%\misc\instance\org\openoffice\Office\Security.xml %_DEST%\xml%_EXT%\office\instance\org\openoffice\Office\Security.xml
..\%__SRC%\misc\instance\org\openoffice\Office\ProtocolHandler.xml %_DEST%\xml%_EXT%\office\instance\org\openoffice\Office\ProtocolHandler.xml
..\%__SRC%\misc\instance\org\openoffice\Inet.xml %_DEST%\xml%_EXT%\office\instance\org\openoffice\Inet.xml
..\%__SRC%\misc\instance\org\openoffice\ucb\Configuration.xml %_DEST%\xml%_EXT%\office\instance\org\openoffice\ucb\Configuration.xml
..\%__SRC%\misc\instance\org\openoffice\ucb\Hierarchy.xml %_DEST%\xml%_EXT%\office\instance\org\openoffice\ucb\Hierarchy.xml
..\%__SRC%\misc\instance\org\openoffice\ucb\Store.xml %_DEST%\xml%_EXT%\office\instance\org\openoffice\ucb\Store.xml
..\%__SRC%\misc\instance\org\openoffice\Setup.xml %_DEST%\xml%_EXT%\office\instance\org\openoffice\Setup.xml
..\%__SRC%\misc\instance\org\openoffice\UserProfile.xml %_DEST%\xml%_EXT%\office\instance\org\openoffice\UserProfile.xml
..\%__SRC%\misc\instance\org\openoffice\VCL.xml %_DEST%\xml%_EXT%\office\instance\org\openoffice\VCL.xml

..\%__SRC%\misc\template\org\openoffice\Office\Bibliography.xml %_DEST%\xml%_EXT%\office\template\org\openoffice\Office\Bibliography.xml
..\%__SRC%\misc\template\org\openoffice\Office\Calc.xml %_DEST%\xml%_EXT%\office\template\org\openoffice\Office\Calc.xml
..\%__SRC%\misc\template\org\openoffice\Office\Chart.xml %_DEST%\xml%_EXT%\office\template\org\openoffice\Office\Chart.xml
..\%__SRC%\misc\template\org\openoffice\Office\UI.xml %_DEST%\xml%_EXT%\office\template\org\openoffice\Office\UI.xml
..\%__SRC%\misc\template\org\openoffice\Office\Common.xml %_DEST%\xml%_EXT%\office\template\org\openoffice\Office\Common.xml
..\%__SRC%\misc\template\org\openoffice\Office\SFX.xml %_DEST%\xml%_EXT%\office\template\org\openoffice\Office\SFX.xml
..\%__SRC%\misc\template\org\openoffice\Office\DataAccess.xml %_DEST%\xml%_EXT%\office\template\org\openoffice\Office\DataAccess.xml
..\%__SRC%\misc\template\org\openoffice\Office\Views.xml %_DEST%\xml%_EXT%\office\template\org\openoffice\Office\Views.xml
..\%__SRC%\misc\template\org\openoffice\Office\TypeDetection.xml %_DEST%\xml%_EXT%\office\template\org\openoffice\Office\TypeDetection.xml
..\%__SRC%\misc\template\org\openoffice\Office\Draw.xml %_DEST%\xml%_EXT%\office\template\org\openoffice\Office\Draw.xml
..\%__SRC%\misc\template\org\openoffice\Office\Impress.xml %_DEST%\xml%_EXT%\office\template\org\openoffice\Office\Impress.xml
..\%__SRC%\misc\template\org\openoffice\Office\Java.xml %_DEST%\xml%_EXT%\office\template\org\openoffice\Office\Java.xml
..\%__SRC%\misc\template\org\openoffice\Office\Jobs.xml %_DEST%\xml%_EXT%\office\template\org\openoffice\Office\Jobs.xml
..\%__SRC%\misc\template\org\openoffice\Office\Labels.xml %_DEST%\xml%_EXT%\office\template\org\openoffice\Office\Labels.xml
..\%__SRC%\misc\template\org\openoffice\Office\Linguistic.xml %_DEST%\xml%_EXT%\office\template\org\openoffice\Office\Linguistic.xml
..\%__SRC%\misc\template\org\openoffice\Office\Math.xml %_DEST%\xml%_EXT%\office\template\org\openoffice\Office\Math.xml
..\%__SRC%\misc\template\org\openoffice\Office\Writer.xml %_DEST%\xml%_EXT%\office\template\org\openoffice\Office\Writer.xml
..\%__SRC%\misc\template\org\openoffice\Office\WriterWeb.xml %_DEST%\xml%_EXT%\office\template\org\openoffice\Office\WriterWeb.xml
..\%__SRC%\misc\template\org\openoffice\Office\Commands.xml %_DEST%\xml%_EXT%\office\template\org\openoffice\Office\Commands.xml
..\%__SRC%\misc\template\org\openoffice\Office\Substitution.xml %_DEST%\xml%_EXT%\office\template\org\openoffice\Office\Substitution.xml
..\%__SRC%\misc\template\org\openoffice\Office\Security.xml %_DEST%\xml%_EXT%\office\template\org\openoffice\Office\Security.xml
..\%__SRC%\misc\template\org\openoffice\Office\ProtocolHandler.xml %_DEST%\xml%_EXT%\office\template\org\openoffice\Office\ProtocolHandler.xml
..\%__SRC%\misc\template\org\openoffice\Inet.xml %_DEST%\xml%_EXT%\office\template\org\openoffice\Inet.xml
..\%__SRC%\misc\template\org\openoffice\ucb\Configuration.xml %_DEST%\xml%_EXT%\office\template\org\openoffice\ucb\Configuration.xml
..\%__SRC%\misc\template\org\openoffice\ucb\Hierarchy.xml %_DEST%\xml%_EXT%\office\template\org\openoffice\ucb\Hierarchy.xml
..\%__SRC%\misc\template\org\openoffice\ucb\Store.xml %_DEST%\xml%_EXT%\office\template\org\openoffice\ucb\Store.xml
..\%__SRC%\misc\template\org\openoffice\Setup.xml %_DEST%\xml%_EXT%\office\template\org\openoffice\Setup.xml
..\%__SRC%\misc\template\org\openoffice\UserProfile.xml %_DEST%\xml%_EXT%\office\template\org\openoffice\UserProfile.xml
..\%__SRC%\misc\template\org\openoffice\VCL.xml %_DEST%\xml%_EXT%\office\template\org\openoffice\VCL.xml

mkdir: %_DEST%\xml%_EXT%\registry

mkdir: %_DEST%\xml%_EXT%\registry\schema
mkdir: %_DEST%\xml%_EXT%\registry\schema\org
mkdir: %_DEST%\xml%_EXT%\registry\schema\org\openoffice
mkdir: %_DEST%\xml%_EXT%\registry\schema\org\openoffice\Office
mkdir: %_DEST%\xml%_EXT%\registry\schema\org\openoffice\ucb

..\%__SRC%\misc\registry\schema\org\openoffice\*.xcs %_DEST%\xml%_EXT%\registry\schema\org\openoffice
..\%__SRC%\misc\registry\schema\org\openoffice\Office\*.xcs %_DEST%\xml%_EXT%\registry\schema\org\openoffice\Office
..\%__SRC%\misc\registry\schema\org\openoffice\ucb\*.xcs %_DEST%\xml%_EXT%\registry\schema\org\openoffice\ucb

mkdir: %_DEST%\xml%_EXT%\registry\data
mkdir: %_DEST%\xml%_EXT%\registry\data\org
mkdir: %_DEST%\xml%_EXT%\registry\data\org\openoffice
mkdir: %_DEST%\xml%_EXT%\registry\data\org\openoffice\Office
mkdir: %_DEST%\xml%_EXT%\registry\data\org\openoffice\ucb

..\%__SRC%\misc\registry\data\org\openoffice\*.xcu %_DEST%\xml%_EXT%\registry\data\org\openoffice
..\%__SRC%\misc\registry\data\org\openoffice\Office\*.xcu %_DEST%\xml%_EXT%\registry\data\org\openoffice\Office
..\%__SRC%\misc\registry\data\org\openoffice\ucb\*.xcu %_DEST%\xml%_EXT%\registry\data\org\openoffice\ucb


..\%__SRC%\bin\*.zip %_DEST%\pck%_EXT%
