mkdir: %_DEST%\inc%_EXT%\bridges
mkdir: %_DEST%\inc%_EXT%\bridges\remote
mkdir: %_DEST%\inc%_EXT%\bridges\java

..\inc\bridges\remote\connection.h %_DEST%\inc%_EXT%\bridges\remote\connection.h
..\inc\bridges\remote\context.h %_DEST%\inc%_EXT%\bridges\remote\context.h
..\inc\bridges\remote\remote.h %_DEST%\inc%_EXT%\bridges\remote\remote.h

..\%__SRC%\lib\irmcxt* %_DEST%\lib%_EXT%\*
..\%__SRC%\lib\librmcxt* %_DEST%\lib%_EXT%\*
..\%__SRC%\bin\rmcxt* %_DEST%\bin%_EXT%\*

..\%__SRC%\lib\libiiop_uno* %_DEST%\lib%_EXT%\libiiop_uno*
..\%__SRC%\bin\iiop_uno* %_DEST%\bin%_EXT%\iiop_uno*
..\%__SRC%\lib\liburp_uno* %_DEST%\lib%_EXT%\liburp_uno*
..\%__SRC%\bin\urp_uno* %_DEST%\bin%_EXT%\urp_uno*
..\%__SRC%\lib\libjava_uno* %_DEST%\lib%_EXT%\libjava_uno*
..\%__SRC%\bin\java_uno* %_DEST%\bin%_EXT%\java_uno*
..\%__SRC%\class\java_uno*.jar %_DEST%\bin%_EXT%\java_uno*.jar

..\%__SRC%\bin\cli_uno.* %_DEST%\bin%_EXT%\cli_uno.*
..\%__SRC%\bin\prot_uno_uno.* %_DEST%\bin%_EXT%\prot_uno_uno.*
..\%__SRC%\lib\libprot_uno_uno.* %_DEST%\lib%_EXT%\libprot_uno_uno.*
# ..\%__SRC%\bin\c_uno.* %_DEST%\bin%_EXT%\c_uno.*
# ..\%__SRC%\lib\libc_uno.* %_DEST%\lib%_EXT%\libc_uno.*
..\%__SRC%\bin\msci_uno.* %_DEST%\bin%_EXT%\msci_uno.*
..\%__SRC%\lib\libgcc2_uno.* %_DEST%\lib%_EXT%\libgcc2_uno.*
..\%__SRC%\lib\libgcc3_uno.* %_DEST%\lib%_EXT%\libgcc3_uno.*
..\%__SRC%\lib\libsunpro5_uno.* %_DEST%\lib%_EXT%\libsunpro5_uno.*



linklib: librmcxt.so.*.*.*
