mkdir: %_DEST%\inc\external
..\%__SRC%\inc\*.h %_DEST%\inc\external\*.h
..\%__SRC%\lib\libasprintf.0.dylib %_DEST%\lib\libasprintf.0.dylib
symlink: %_DEST%\lib\libasprintf.0.dylib %_DEST%\lib\libasprintf.dylib
..\%__SRC%\lib\libgettextpo.0.dylib %_DEST%\lib\libgettextpo.0.dylib
symlink: %_DEST%\lib\libgettextpo.0.dylib %_DEST%\lib\libgettextpo.dylib
..\%__SRC%\lib\libgettextsrc-0.18.1.dylib %_DEST%\lib\libgettextsrc-0.18.1.dylib
symlink: %_DEST%\lib\libgettextsrc-0.18.1.dylib %_DEST%\lib\libgettextsrc.dylib
..\%__SRC%\lib\libintl.8.dylib %_DEST%\lib\libintl.8.dylib
symlink: %_DEST%\lib\libintl.8.dylib %_DEST%\lib\libintl.dylib
..\%__SRC%\lib\libgettextlib-0.18.1.dylib %_DEST%\lib\libgettextlib-0.18.1.dylib
symlink: %_DEST%\lib\libgettextlib-0.18.1.dylib %_DEST%\lib\libgettextlib.dylib
..\%__SRC%\lib\libintl.a %_DEST%\lib\libintl.a
..\%__SRC%\bin\*.dll %_DEST%\bin
..\%__SRC%\bin\msgattrib %_DEST%\bin\msgattrib
..\%__SRC%\bin\msgcat %_DEST%\bin\msgcat
..\%__SRC%\bin\msgcmp %_DEST%\bin\msgcmp
..\%__SRC%\bin\msgcomm %_DEST%\bin\msgcomm
..\%__SRC%\bin\msgconv %_DEST%\bin\msgconv
..\%__SRC%\bin\msgen %_DEST%\bin\msgen
..\%__SRC%\bin\msgexec %_DEST%\bin\msgexec
..\%__SRC%\bin\msgfilter %_DEST%\bin\msgfilter
..\%__SRC%\bin\msgfmt %_DEST%\bin\msgfmt
..\%__SRC%\bin\msggrep %_DEST%\bin\msggrep
..\%__SRC%\bin\msginit %_DEST%\bin\msginit
..\%__SRC%\bin\msgmerge %_DEST%\bin\msgmerge
..\%__SRC%\bin\msgunfmt %_DEST%\bin\msgunfmt
..\%__SRC%\bin\msguniq %_DEST%\bin\msguniq
..\%__SRC%\bin\urlget %_DEST%\bin\urlget
..\%__SRC%\bin\xgettext %_DEST%\bin\xgettext
..\%__SRC%\lib\iintl_t1.lib %_DEST%\lib\intl.lib
