er	extras	:	tools NULL
er	extras									usr30073	-	none	NULL
er	extras									usr1	-	all	er_mkout NULL
er	extras\source\autotext\lang				nmake	-	all	er_atxt NULL
er	extras\source\database					nmake	-	all	er_datbs NULL
er	extras\source\gallery					nmake	-	all	er_gal NULL
er	extras\source\gallery\bullets			nmake	-	all	er_gbull NULL
er	extras\source\gallery\gallery_sound		nmake	-	all	er_gsnd NULL
er	extras\source\gallery\gallery_system	nmake	-	all	er_gsys NULL
er	extras\source\gallery\htmlexpo			nmake	-	all	er_ghtml NULL
er	extras\source\gallery\rulers			nmake	-	all	er_grulr NULL
er	extras\source\gallery\sounds			nmake	-	all	er_gsnds NULL
er	extras\source\gallery\www-back			nmake	-	all	er_gwbck NULL
er  extras\source\migration                 nmake  -    all er_migr NULL
er  extras\source\migration\lang            nmake  -    all er_migrl NULL
er	extras\source\misc_config				nmake	-	all	er_mcnf NULL
er	extras\source\misc_config\lang			nmake	-	all	er_mcnfl er_mcnf NULL
er	extras\source\palettes\lang				nmake	-	all	er_pall er_mcnfl NULL
er	extras\source\palettes					nmake	-	all	er_palet NULL
er	extras\source\symbols					nmake	-	all	er_symb NULL
er      extras\source\templates\layout\lang                     nmake   -       all     er_tlal NULL
er      extras\source\templates\presnt\lang                     nmake   -       all     er_tprel NULL
er      extras\source\templates\wizard\agenda\lang              nmake   -       all     er_twagl NULL
er      extras\source\templates\wizard\bitmap                   nmake   -       all     er_twbmp NULL
er      extras\source\templates\wizard\desktop                  nmake   -       all     er_twdk NULL
er      extras\source\templates\wizard\desktop\lang             nmake   -       all     er_twdkl NULL
er      extras\source\templates\wizard\fax\lang                 nmake   -       all     er_twfal NULL
er      extras\source\templates\wizard\letter\lang              nmake   -       all     er_twlel NULL
er      extras\source\templates\wizard\memo\lang                nmake   -       all     er_twmel NULL
er      extras\source\templates\wizard\styles\lang              nmake   -       all     er_stls NULL
er      extras\source\templates\wizard\web\lang                 nmake   -       all     er_stwwebl NULL
er	extras\source\wordbook					nmake	-	all	er_wrdb NULL
er	extras\source\wordbook\lang				nmake	-	all	er_wrdbl NULL
er	extras\unx\source\bitmaps				nmake	-	all	er_bmpu NULL
er      extras\unx\source\kde\applnk                            nmake   -       all     er_kdau NULL
er	extras\unx\source\kde\icons				nmake	-	all	er_kdiu NULL
er      extras\unx\source\kde\icons\mini                        nmake   -       all     er_kdimu NULL
er      extras\unx\source\kde\mimelnk\application               nmake   -       all     er_kdmau NULL
er      extras\unx\source\kde\mimelnk\text                      nmake   -       all     er_kdmtu NULL
