make -j 32  -rs -f C:/Users/philh/dev/officelabs-suite/officelabs-master/libreoffice-fork/Makefile.gbuild build  
[build DEP] LNK:Library/mswordlo.dll.d
[build DEP] LNK:Library/swlo.dll.d
[build DEP] LNK:Library/swuilo.dll.d
[build ECH] CustomTarget/instsetoo_native/setup/setup.ini
[build ECH] CustomTarget/instsetoo_native/setup/version.ini
make[1]: Circular C:/Users/philh/dev/officelabs-suite/officelabs-master/libreoffice-fork/workdir/AutoInstall/.dir <- C:/Users/philh/dev/officelabs-suite/officelabs-master/libreoffice-fork/workdir/AutoInstall/.dir dependency dropped.
[build LOC] top level modules: libreoffice
[build DEP] LNK:Library/lnglo.dll.d
[build LNK] Library/lnglo.dll
[build CMP] avmedia/util/avmedia
[build BIN] connectivity
[build MOD] embeddedobj
[build MOD] emfio
[build CMP] extensions/source/bibliography/bib
[build CMP] extensions/source/dbpilots/dbp
[build CMP] filter/source/config/cache/filterconfig1
[build DEP] LNK:Library/odfflatxmllo.dll.d
[build LNK] Library/odfflatxmllo.dll
[build CMP] filter/source/storagefilterdetect/storagefd
[build CMP] filter/source/graphic/graphicfilter
[build DEP] LNK:Library/t602filterlo.dll.d
[build LNK] Library/t602filterlo.dll
[build CMP] filter/source/textfilterdetect/textfd
[build DEP] LNK:Library/xmlfalo.dll.d
[build LNK] Library/xmlfalo.dll
[build CMP] filter/source/xsltdialog/xsltdlg
[build DEP] LNK:Library/xsltfilterlo.dll.d
[build LNK] Library/xsltfilterlo.dll
[build DEP] LNK:Library/xsec_xmlsec.dll.d
[build LNK] Library/xsec_xmlsec.dll
[build CXX] sw/source/ui/config/optpage.cxx
[build CXX] sw/source/ui/config/SwGridTabPage.cxx
[build CXX] sw/source/ui/dialog/abstract.cxx
[build CXX] sw/source/ui/dialog/addrdlg.cxx
[build CXX] sw/source/ui/dialog/ascfldlg.cxx
[build CXX] sw/source/ui/dialog/docstdlg.cxx
[build CXX] sw/source/ui/dialog/macassgn.cxx
[build CXX] sw/source/ui/dialog/swdlgfact.cxx
[build CXX] sw/source/ui/dialog/swmessdialog.cxx
[build CXX] sw/source/ui/dialog/swuiexp.cxx
[build CXX] sw/source/ui/dialog/uiregionsw.cxx
[build CXX] sw/source/ui/dialog/wordcountdialog.cxx
[build CXX] sw/source/ui/dochdl/selglos.cxx
[build CXX] sw/source/ui/envelp/envfmt.cxx
[build CXX] sw/source/ui/envelp/envlop1.cxx
[build CXX] sw/source/ui/envelp/envprt.cxx
[build CXX] sw/source/ui/envelp/label1.cxx
[build CXX] sw/source/ui/envelp/labelexp.cxx
[build CXX] sw/source/ui/envelp/labfmt.cxx
[build CXX] sw/source/ui/envelp/labprt.cxx
[build CXX] sw/source/ui/envelp/mailmrge.cxx
[build CXX] sw/source/ui/fldui/DateFormFieldDialog.cxx
[build CXX] sw/source/ui/fldui/DropDownFieldDialog.cxx
[build CXX] sw/source/ui/fldui/DropDownFormFieldDialog.cxx
[build CXX] sw/source/ui/fldui/changedb.cxx
[build CXX] sw/source/ui/fldui/flddb.cxx
[build CXX] sw/source/ui/fldui/flddinf.cxx
[build CXX] sw/source/ui/fldui/flddok.cxx
[build CXX] sw/source/ui/fldui/fldedt.cxx
[build CXX] sw/source/ui/fldui/fldfunc.cxx
[build CXX] sw/source/ui/fldui/fldpage.cxx
[build CXX] sw/source/ui/fldui/fldref.cxx
[build CXX] sw/source/ui/fldui/fldtdlg.cxx
[build CXX] sw/source/ui/fldui/fldvar.cxx
[build CXX] sw/source/ui/fldui/inpdlg.cxx
[build CXX] sw/source/ui/fldui/javaedit.cxx
[build CXX] sw/source/ui/fmtui/tmpdlg.cxx
[build CXX] sw/source/ui/frmdlg/column.cxx
[build CXX] sw/source/ui/frmdlg/cption.cxx
[build CXX] sw/source/ui/frmdlg/frmdlg.cxx
[build CXX] sw/source/ui/frmdlg/frmpage.cxx
[build CXX] sw/source/ui/frmdlg/pattern.cxx
[build CXX] sw/source/ui/frmdlg/uiborder.cxx
[build CXX] sw/source/ui/frmdlg/wrap.cxx
[build CXX] sw/source/ui/index/cntex.cxx
[build CXX] sw/source/ui/index/cnttab.cxx
[build CXX] sw/source/ui/index/multmrk.cxx
[build CXX] sw/source/ui/index/swuiidxmrk.cxx
[build CXX] sw/source/ui/misc/bookmark.cxx
[build CXX] sw/source/ui/misc/contentcontroldlg.cxx
[build CXX] sw/source/ui/misc/contentcontrollistitemdlg.cxx
[build CXX] sw/source/ui/misc/pagenumberdlg.cxx
[build CXX] sw/source/ui/misc/docfnote.cxx
[build CXX] sw/source/ui/misc/glosbib.cxx
[build CXX] sw/source/ui/misc/glossary.cxx
[build CXX] sw/source/ui/misc/insfnote.cxx
[build CXX] sw/source/ui/misc/linenum.cxx
[build CXX] sw/source/ui/misc/num.cxx
[build CXX] sw/source/ui/misc/outline.cxx
[build CXX] sw/source/ui/misc/pgfnote.cxx
[build CXX] sw/source/ui/misc/pggrid.cxx
[build CXX] sw/source/ui/misc/srtdlg.cxx
[build CXX] sw/source/ui/misc/translatelangselect.cxx
[build CXX] sw/source/ui/misc/swmodalredlineacceptdlg.cxx
[build CXX] sw/source/ui/misc/titlepage.cxx
[build CXX] sw/source/ui/table/colwd.cxx
[build CXX] sw/source/ui/table/convert.cxx
[build CXX] sw/source/ui/table/autoformatpreview.cxx
[build CXX] sw/source/ui/table/instable.cxx
[build CXX] sw/source/ui/table/mergetbl.cxx
[build CXX] sw/source/ui/table/rowht.cxx
[build CXX] sw/source/ui/table/splittbl.cxx
[build CXX] sw/source/ui/table/tabledlg.cxx
[build CXX] sw/source/ui/table/tautofmt.cxx
[build CXX] sw/source/ui/utlui/swrenamexnameddlg.cxx
[build CXX] sw/source/ui/utlui/copyfielddlg.cxx
[build CXX] sw/source/ui/dbui/addresslistdialog.cxx
[build CXX] sw/source/ui/dbui/createaddresslistdialog.cxx
[build CXX] sw/source/ui/dbui/customizeaddresslistdialog.cxx
[build CXX] sw/source/ui/dbui/dbinsdlg.cxx
[build CXX] sw/source/ui/dbui/dbtablepreviewdialog.cxx
[build CXX] sw/source/ui/dbui/mailmergewizard.cxx
[build CXX] sw/source/ui/dbui/mmaddressblockpage.cxx
[build CXX] sw/source/ui/dbui/mmdocselectpage.cxx
[build CXX] sw/source/ui/dbui/mmgreetingspage.cxx
[build CXX] sw/source/ui/dbui/mmlayoutpage.cxx
[build CXX] sw/source/ui/dbui/mmoutputtypepage.cxx
[build CXX] sw/source/ui/dbui/mmresultdialogs.cxx
[build CXX] sw/source/ui/dbui/selectdbtabledialog.cxx
[build DEP] LNK:Library/scdlo.dll.d
[build LNK] Library/scdlo.dll
[build CXX] sc/source/filter/dif/difexp.cxx
[build CXX] sc/source/filter/dif/difimp.cxx
[build CXX] sc/source/filter/excel/colrowst.cxx
[build CXX] sc/source/filter/excel/excdoc.cxx
[build CXX] sc/source/filter/excel/excel.cxx
[build CXX] sc/source/filter/excel/excform.cxx
[build CXX] sc/source/filter/excel/excform8.cxx
[build CXX] sc/source/filter/excel/excimp8.cxx
[build CXX] sc/source/filter/excel/excrecds.cxx
[build CXX] sc/source/filter/excel/exctools.cxx
[build CXX] sc/source/filter/excel/expop2.cxx
[build CXX] sc/source/filter/excel/fontbuff.cxx
[build CXX] sc/source/filter/excel/frmbase.cxx
[build CXX] sc/source/filter/excel/impop.cxx
[build CXX] sc/source/filter/excel/namebuff.cxx
[build CXX] sc/source/filter/excel/read.cxx
[build CXX] sc/source/filter/excel/tokstack.cxx
[build CXX] sc/source/filter/excel/xechart.cxx
[build CXX] sc/source/filter/excel/xecontent.cxx
[build CXX] sc/source/filter/excel/xedbdata.cxx
[build CXX] sc/source/filter/excel/xeescher.cxx
[build CXX] sc/source/filter/excel/xeextlst.cxx
[build CXX] sc/source/filter/excel/xeformula.cxx
[build CXX] sc/source/filter/excel/xehelper.cxx
[build CXX] sc/source/filter/excel/xelink.cxx
[build CXX] sc/source/filter/excel/xename.cxx
[build CXX] sc/source/filter/excel/xepage.cxx
[build CXX] sc/source/filter/excel/xepivot.cxx
[build CXX] sc/source/filter/excel/xepivotxml.cxx
[build CXX] sc/source/filter/excel/xerecord.cxx
[build CXX] sc/source/filter/excel/xeroot.cxx
[build CXX] sc/source/filter/excel/xestream.cxx
[build CXX] sc/source/filter/excel/xestring.cxx
[build CXX] sc/source/filter/excel/xestyle.cxx
[build CXX] sc/source/filter/excel/xetable.cxx
[build CXX] sc/source/filter/excel/xeview.cxx
[build CXX] sc/source/filter/excel/xichart.cxx
[build CXX] sc/source/filter/excel/xicontent.cxx
[build CXX] sc/source/filter/excel/xiescher.cxx
[build CXX] sc/source/filter/excel/xiformula.cxx
[build CXX] sc/source/filter/excel/xihelper.cxx
[build CXX] sc/source/filter/excel/xilink.cxx
[build CXX] sc/source/filter/excel/xiname.cxx
[build CXX] sc/source/filter/excel/xipage.cxx
[build CXX] sc/source/filter/excel/xipivot.cxx
[build CXX] sc/source/filter/excel/xiroot.cxx
[build CXX] sc/source/filter/excel/xistream.cxx
[build CXX] sc/source/filter/excel/xistring.cxx
[build CXX] sc/source/filter/excel/xistyle.cxx
[build CXX] sc/source/filter/excel/xiview.cxx
[build CXX] sc/source/filter/excel/xladdress.cxx
[build CXX] sc/source/filter/excel/xlchart.cxx
[build CXX] sc/source/filter/excel/xlescher.cxx
[build CXX] sc/source/filter/excel/xlformula.cxx
[build CXX] sc/source/filter/excel/xlpage.cxx
[build CXX] sc/source/filter/excel/xlpivot.cxx
[build CXX] sc/source/filter/excel/xlroot.cxx
[build CXX] sc/source/filter/excel/xlstyle.cxx
[build CXX] sc/source/filter/excel/xltoolbar.cxx
[build CXX] sc/source/filter/excel/xltools.cxx
[build CXX] sc/source/filter/excel/xltracer.cxx
[build CXX] sc/source/filter/excel/xlview.cxx
[build CXX] sc/source/filter/excel/export/SparklineExt.cxx
[build CXX] sc/source/filter/excel/export/ExportTools.cxx
[build CXX] sc/source/filter/ftools/fapihelper.cxx
[build CXX] sc/source/filter/ftools/fprogressbar.cxx
[build CXX] sc/source/filter/ftools/ftools.cxx
[build CXX] sc/source/filter/ftools/sharedformulagroups.cxx
[build CXX] sc/source/filter/html/htmlexp.cxx
[build CXX] sc/source/filter/html/htmlexp2.cxx
[build CXX] sc/source/filter/html/htmlimp.cxx
[build CXX] sc/source/filter/html/htmlpars.cxx
[build CXX] sc/source/filter/lotus/filter.cxx
[build CXX] sc/source/filter/lotus/lotattr.cxx
[build CXX] sc/source/filter/lotus/lotform.cxx
[build CXX] sc/source/filter/lotus/lotimpop.cxx
[build CXX] sc/source/filter/lotus/lotread.cxx
[build CXX] sc/source/filter/lotus/lotus.cxx
[build CXX] sc/source/filter/lotus/memory.cxx
[build CXX] sc/source/filter/lotus/op.cxx
[build CXX] sc/source/filter/lotus/optab.cxx
[build CXX] sc/source/filter/lotus/tool.cxx
[build CXX] sc/source/filter/qpro/qpro.cxx
[build CXX] sc/source/filter/qpro/qproform.cxx
[build CXX] sc/source/filter/qpro/qprostyle.cxx
[build CXX] sc/source/filter/rtf/eeimpars.cxx
[build CXX] sc/source/filter/rtf/expbase.cxx
[build CXX] sc/source/filter/rtf/rtfexp.cxx
[build CXX] sc/source/filter/rtf/rtfimp.cxx
[build CXX] sc/source/filter/rtf/rtfparse.cxx
[build CXX] sc/source/filter/xcl97/XclExpChangeTrack.cxx
[build CXX] sc/source/filter/xcl97/XclImpChangeTrack.cxx
[build CXX] sc/source/filter/xcl97/xcl97esc.cxx
[build CXX] sc/source/filter/xcl97/xcl97rec.cxx
[build CXX] sc/source/filter/oox/excelfilter.cxx
[build CXX] sc/source/filter/oox/addressconverter.cxx
[build CXX] sc/source/filter/oox/autofilterbuffer.cxx
[build CXX] sc/source/filter/oox/autofiltercontext.cxx
[build CXX] sc/source/filter/oox/biffhelper.cxx
[build CXX] sc/source/filter/oox/chartsheetfragment.cxx
[build CXX] sc/source/filter/oox/commentsbuffer.cxx
[build CXX] sc/source/filter/oox/commentsfragment.cxx
[build CXX] sc/source/filter/oox/condformatbuffer.cxx
[build CXX] sc/source/filter/oox/condformatcontext.cxx
[build CXX] sc/source/filter/oox/connectionsbuffer.cxx
[build CXX] sc/source/filter/oox/connectionsfragment.cxx
[build CXX] sc/source/filter/oox/defnamesbuffer.cxx
[build CXX] sc/source/filter/oox/drawingbase.cxx
[build CXX] sc/source/filter/oox/drawingfragment.cxx
[build CXX] sc/source/filter/oox/excelchartconverter.cxx
[build CXX] sc/source/filter/oox/excelhandlers.cxx
[build CXX] sc/source/filter/oox/excelvbaproject.cxx
[build CXX] sc/source/filter/oox/externallinkbuffer.cxx
[build CXX] sc/source/filter/oox/externallinkfragment.cxx
[build CXX] sc/source/filter/oox/extlstcontext.cxx
[build CXX] sc/source/filter/oox/formulabase.cxx
[build CXX] sc/source/filter/oox/formulabuffer.cxx
[build CXX] sc/source/filter/oox/formulaparser.cxx
[build CXX] sc/source/filter/oox/numberformatsbuffer.cxx
[build CXX] sc/source/filter/oox/ooxformulaparser.cxx
[build CXX] sc/source/filter/oox/pagesettings.cxx
[build CXX] sc/source/filter/oox/patterncache.cxx
[build CXX] sc/source/filter/oox/pivotcachebuffer.cxx
[build CXX] sc/source/filter/oox/pivotcachefragment.cxx
[build CXX] sc/source/filter/oox/pivottablebuffer.cxx
[build CXX] sc/source/filter/oox/pivottablefragment.cxx
[build CXX] sc/source/filter/oox/PivotTableFormat.cxx
[build CXX] sc/source/filter/oox/PivotTableFormatContext.cxx
[build CXX] sc/source/filter/oox/querytablebuffer.cxx
[build CXX] sc/source/filter/oox/querytablefragment.cxx
[build CXX] sc/source/filter/oox/revisionfragment.cxx
[build CXX] sc/source/filter/oox/richstringcontext.cxx
[build CXX] sc/source/filter/oox/richstring.cxx
[build CXX] sc/source/filter/oox/scenariobuffer.cxx
[build CXX] sc/source/filter/oox/scenariocontext.cxx
[build CXX] sc/source/filter/oox/sharedstringsbuffer.cxx
[build CXX] sc/source/filter/oox/sharedstringsfragment.cxx
[build CXX] sc/source/filter/oox/sheetdatabuffer.cxx
[build CXX] sc/source/filter/oox/sheetdatacontext.cxx
[build CXX] sc/source/filter/oox/SparklineFragment.cxx
[build CXX] sc/source/filter/oox/stylesbuffer.cxx
[build CXX] sc/source/filter/oox/stylesfragment.cxx
[build CXX] sc/source/filter/oox/tablebuffer.cxx
[build CXX] sc/source/filter/oox/tablecolumnsbuffer.cxx
[build CXX] sc/source/filter/oox/tablecolumnscontext.cxx
[build CXX] sc/source/filter/oox/tablefragment.cxx
[build CXX] sc/source/filter/oox/themebuffer.cxx
[build CXX] sc/source/filter/oox/unitconverter.cxx
[build CXX] sc/source/filter/oox/viewsettings.cxx
[build CXX] sc/source/filter/oox/workbookfragment.cxx
[build CXX] sc/source/filter/oox/workbookhelper.cxx
[build CXX] sc/source/filter/oox/workbooksettings.cxx
[build CXX] sc/source/filter/oox/worksheetbuffer.cxx
[build CXX] sc/source/filter/oox/worksheetfragment.cxx
[build CXX] sc/source/filter/oox/worksheethelper.cxx
[build CXX] sc/source/filter/oox/worksheetsettings.cxx
[build CXX] sc/source/filter/orcus/autofilter.cxx
[build CXX] sc/source/filter/orcus/global.cxx
[build CXX] sc/source/filter/orcus/interface.cxx
[build CXX] sc/source/filter/orcus/orcusfiltersimpl.cxx
[build CXX] sc/source/filter/orcus/xmlcontext.cxx
[build CXX] sc/source/filter/orcus/filterdetect.cxx
[build CXX] sc/source/filter/orcus/utils.cxx
[build CXX] sc/source/ui/vba/excelvbahelper.cxx
[build CXX] sc/source/ui/vba/vbaapplication.cxx
[build CXX] sc/source/ui/vba/vbaassistant.cxx
[build CXX] sc/source/ui/vba/vbaaxes.cxx
[build CXX] sc/source/ui/vba/vbaaxis.cxx
[build CXX] sc/source/ui/vba/vbaaxistitle.cxx
[build CXX] sc/source/ui/vba/vbaborders.cxx
[build CXX] sc/source/ui/vba/vbacharacters.cxx
[build CXX] sc/source/ui/vba/vbachart.cxx
[build CXX] sc/source/ui/vba/vbachartobject.cxx
[build CXX] sc/source/ui/vba/vbachartobjects.cxx
[build CXX] sc/source/ui/vba/vbacharttitle.cxx
[build CXX] sc/source/ui/vba/vbacomment.cxx
[build CXX] sc/source/ui/vba/vbacomments.cxx
[build CXX] sc/source/ui/vba/vbacondition.cxx
[build CXX] sc/source/ui/vba/vbadialog.cxx
[build CXX] sc/source/ui/vba/vbadialogs.cxx
[build CXX] sc/source/ui/vba/vbaeventshelper.cxx
[build CXX] sc/source/ui/vba/vbafiledialog.cxx
[build CXX] sc/source/ui/vba/vbafiledialogitems.cxx
[build CXX] sc/source/ui/vba/vbafont.cxx
[build CXX] sc/source/ui/vba/vbaformat.cxx
[build CXX] sc/source/ui/vba/vbaformatcondition.cxx
[build CXX] sc/source/ui/vba/vbaformatconditions.cxx
[build CXX] sc/source/ui/vba/vbaglobals.cxx
[build CXX] sc/source/ui/vba/vbahyperlink.cxx
[build CXX] sc/source/ui/vba/vbahyperlinks.cxx
[build CXX] sc/source/ui/vba/vbainterior.cxx
[build CXX] sc/source/ui/vba/vbalineshape.cxx
[build CXX] sc/source/ui/vba/vbamenubar.cxx
[build CXX] sc/source/ui/vba/vbamenubars.cxx
[build CXX] sc/source/ui/vba/vbamenu.cxx
[build CXX] sc/source/ui/vba/vbamenus.cxx
[build CXX] sc/source/ui/vba/vbamenuitem.cxx
[build CXX] sc/source/ui/vba/vbamenuitems.cxx
[build CXX] sc/source/ui/vba/vbaname.cxx
[build CXX] sc/source/ui/vba/vbanames.cxx
[build CXX] sc/source/ui/vba/vbaoleobject.cxx
[build CXX] sc/source/ui/vba/vbaoleobjects.cxx
[build CXX] sc/source/ui/vba/vbaoutline.cxx
[build CXX] sc/source/ui/vba/vbaovalshape.cxx
[build CXX] sc/source/ui/vba/vbapagebreak.cxx
[build CXX] sc/source/ui/vba/vbapagebreaks.cxx
[build CXX] sc/source/ui/vba/vbapagesetup.cxx
[build CXX] sc/source/ui/vba/vbapalette.cxx
[build CXX] sc/source/ui/vba/vbapane.cxx
[build CXX] sc/source/ui/vba/vbapivotcache.cxx
[build CXX] sc/source/ui/vba/vbapivottable.cxx
[build CXX] sc/source/ui/vba/vbapivottables.cxx
[build CXX] sc/source/ui/vba/vbarange.cxx
[build CXX] sc/source/ui/vba/vbasheetobject.cxx
[build CXX] sc/source/ui/vba/vbasheetobjects.cxx
[build CXX] sc/source/ui/vba/vbastyle.cxx
[build CXX] sc/source/ui/vba/vbastyles.cxx
[build CXX] sc/source/ui/vba/vbatextboxshape.cxx
[build CXX] sc/source/ui/vba/vbatextframe.cxx
[build CXX] sc/source/ui/vba/vbavalidation.cxx
[build CXX] sc/source/ui/vba/vbawindow.cxx
[build CXX] sc/source/ui/vba/vbawindows.cxx
[build CXX] sc/source/ui/vba/vbaworkbook.cxx
[build CXX] sc/source/ui/vba/vbaworkbooks.cxx
[build CXX] sc/source/ui/vba/vbaworksheet.cxx
[build CXX] sc/source/ui/vba/vbaworksheets.cxx
[build CXX] sc/source/ui/vba/vbawsfunction.cxx
[build CXX] sc/source/ui/attrdlg/attrdlg.cxx
[build CXX] sc/source/ui/attrdlg/scdlgfact.cxx
[build CXX] sc/source/ui/attrdlg/scuiexp.cxx
[build CXX] sc/source/ui/attrdlg/tabpages.cxx
[build CXX] sc/source/ui/cctrl/editfield.cxx
[build CXX] sc/source/ui/condformat/condformatmgr.cxx
[build CXX] sc/source/ui/dbgui/dapidata.cxx
[build CXX] sc/source/ui/dbgui/dapitype.cxx
[build CXX] sc/source/ui/dbgui/dpgroupdlg.cxx
[build CXX] sc/source/ui/dbgui/pfiltdlg.cxx
[build CXX] sc/source/ui/dbgui/pvfundlg.cxx
[build CXX] sc/source/ui/dbgui/scendlg.cxx
[build CXX] sc/source/ui/dbgui/scuiasciiopt.cxx
[build CXX] sc/source/ui/dbgui/scuiimoptdlg.cxx
[build CXX] sc/source/ui/dbgui/sortdlg.cxx
[build CXX] sc/source/ui/dbgui/sortkeydlg.cxx
[build CXX] sc/source/ui/dbgui/subtdlg.cxx
[build CXX] sc/source/ui/dbgui/textimportoptions.cxx
[build CXX] sc/source/ui/dbgui/tpsort.cxx
[build CXX] sc/source/ui/dbgui/tpsubt.cxx
[build CXX] sc/source/ui/docshell/tpstat.cxx
[build CXX] sc/source/ui/miscdlgs/crdlg.cxx
[build CXX] sc/source/ui/miscdlgs/datafdlg.cxx
[build CXX] sc/source/ui/miscdlgs/delcldlg.cxx
[build CXX] sc/source/ui/miscdlgs/delcodlg.cxx
[build CXX] sc/source/ui/miscdlgs/filldlg.cxx
[build CXX] sc/source/ui/miscdlgs/gototabdlg.cxx
[build CXX] sc/source/ui/miscdlgs/groupdlg.cxx
[build CXX] sc/source/ui/miscdlgs/inscldlg.cxx
[build CXX] sc/source/ui/miscdlgs/inscodlg.cxx
[build CXX] sc/source/ui/miscdlgs/instbdlg.cxx
[build CXX] sc/source/ui/miscdlgs/lbseldlg.cxx
[build CXX] sc/source/ui/miscdlgs/linkarea.cxx
[build CXX] sc/source/ui/miscdlgs/mtrindlg.cxx
[build CXX] sc/source/ui/miscdlgs/mvtabdlg.cxx
[build CXX] sc/source/ui/miscdlgs/namecrea.cxx
[build CXX] sc/source/ui/miscdlgs/scuiautofmt.cxx
[build CXX] sc/source/ui/miscdlgs/shtabdlg.cxx
[build CXX] sc/source/ui/miscdlgs/strindlg.cxx
[build CXX] sc/source/ui/miscdlgs/tabbgcolordlg.cxx
[build CXX] sc/source/ui/miscdlgs/textdlgs.cxx
[build CXX] sc/source/ui/namedlg/namepast.cxx
[build CXX] sc/source/ui/optdlg/calcoptionsdlg.cxx
[build CXX] sc/source/ui/optdlg/opredlin.cxx
[build CXX] sc/source/ui/optdlg/tpcalc.cxx
[build CXX] sc/source/ui/optdlg/tpcompatibility.cxx
[build CXX] sc/source/ui/optdlg/tpformula.cxx
[build CXX] sc/source/ui/optdlg/tpdefaults.cxx
[build CXX] sc/source/ui/optdlg/tpprint.cxx
[build CXX] sc/source/ui/optdlg/tpusrlst.cxx
[build CXX] sc/source/ui/optdlg/tpview.cxx
[build CXX] sc/source/ui/pagedlg/hfedtdlg.cxx
[build CXX] sc/source/ui/pagedlg/scuitphfedit.cxx
[build CXX] sc/source/ui/pagedlg/tphf.cxx
[build CXX] sc/source/ui/pagedlg/tptable.cxx
[build CXX] sc/source/ui/styleui/styledlg.cxx
[build DEP] LNK:Library/basprovlo.dll.d
[build LNK] Library/basprovlo.dll
[build DEP] LNK:Library/protocolhandlerlo.dll.d
[build LNK] Library/protocolhandlerlo.dll
[build DEP] LNK:Library/sddlo.dll.d
[build LNK] Library/sddlo.dll
[build CXX] sd/source/ui/dlg/brkdlg.cxx
[build CXX] sd/source/ui/dlg/copydlg.cxx
[build CXX] sd/source/ui/dlg/custsdlg.cxx
[build CXX] sd/source/ui/dlg/dlgchar.cxx
[build CXX] sd/source/ui/dlg/dlgfield.cxx
[build CXX] sd/source/ui/dlg/dlgolbul.cxx
[build CXX] sd/source/ui/dlg/dlgpage.cxx
[build CXX] sd/source/ui/dlg/dlgsnap.cxx
[build CXX] sd/source/ui/dlg/headerfooterdlg.cxx
[build CXX] sd/source/ui/dlg/inspagob.cxx
[build CXX] sd/source/ui/dlg/masterlayoutdlg.cxx
[build CXX] sd/source/ui/dlg/morphdlg.cxx
[build CXX] sd/source/ui/dlg/paragr.cxx
[build CXX] sd/source/ui/dlg/present.cxx
[build CXX] sd/source/ui/dlg/prltempl.cxx
[build CXX] sd/source/ui/dlg/prntopts.cxx
[build CXX] sd/source/ui/dlg/RemoteDialog.cxx
[build CXX] sd/source/ui/dlg/RemoteDialogClientBox.cxx
[build CXX] sd/source/ui/dlg/sddlgfact.cxx
[build CXX] sd/source/ui/dlg/sdpreslt.cxx
[build CXX] sd/source/ui/dlg/sduiexp.cxx
[build CXX] sd/source/ui/dlg/tabtempl.cxx
[build CXX] sd/source/ui/dlg/tpaction.cxx
[build CXX] sd/source/ui/dlg/tpoption.cxx
[build CXX] sd/source/ui/dlg/vectdlg.cxx
[build CXX] sd/source/ui/dlg/PhotoAlbumDialog.cxx
[build CXX] sd/source/ui/dlg/BulletAndPositionDlg.cxx
[build CXX] sd/source/console/AccessibleFocusManager.cxx
[build CXX] sd/source/console/AccessibleNotes.cxx
[build CXX] sd/source/console/AccessibleObject.cxx
[build CXX] sd/source/console/AccessibleParagraph.cxx
[build CXX] sd/source/console/PresenterAccessibility.cxx
[build CXX] sd/source/console/PresenterBitmapContainer.cxx
[build CXX] sd/source/console/PresenterButton.cxx
[build CXX] sd/source/console/PresenterCanvasHelper.cxx
[build CXX] sd/source/console/PresenterConfigurationAccess.cxx
[build CXX] sd/source/console/PresenterController.cxx
[build CXX] sd/source/console/PresenterCurrentSlideObserver.cxx
[build CXX] sd/source/console/PresenterFrameworkObserver.cxx
[build CXX] sd/source/console/PresenterGeometryHelper.cxx
[build CXX] sd/source/console/PresenterHelpView.cxx
[build CXX] sd/source/console/PresenterNotesView.cxx
[build CXX] sd/source/console/PresenterPaintManager.cxx
[build CXX] sd/source/console/PresenterPane.cxx
[build CXX] sd/source/console/PresenterPaneBase.cxx
[build CXX] sd/source/console/PresenterPaneBorderPainter.cxx
[build CXX] sd/source/console/PresenterPaneContainer.cxx
[build CXX] sd/source/console/PresenterPaneFactory.cxx
[build CXX] sd/source/console/PresenterProtocolHandler.cxx
[build CXX] sd/source/console/PresenterScreen.cxx
[build CXX] sd/source/console/PresenterScrollBar.cxx
[build CXX] sd/source/console/PresenterSlidePreview.cxx
[build CXX] sd/source/console/PresenterSlideShowView.cxx
[build CXX] sd/source/console/PresenterSlideSorter.cxx
[build CXX] sd/source/console/PresenterSprite.cxx
[build CXX] sd/source/console/PresenterSpritePane.cxx
[build CXX] sd/source/console/PresenterTextView.cxx
[build CXX] sd/source/console/PresenterTheme.cxx
[build CXX] sd/source/console/PresenterTimer.cxx
[build CXX] sd/source/console/PresenterToolBar.cxx
[build CXX] sd/source/console/PresenterUIPainter.cxx
[build CXX] sd/source/console/PresenterViewFactory.cxx
[build CXX] sd/source/console/PresenterWindowManager.cxx
[build DEP] LNK:Library/PresentationMinimizerlo.dll.d
[build LNK] Library/PresentationMinimizerlo.dll
[build DEP] LNK:Library/pdfimportlo.dll.d
[build LNK] Library/pdfimportlo.dll
[build CMP] slideshow/source/engine/opengl/ogltrans
[build CXX] starmath/source/ElementsDockingWindow.cxx
[build CXX] starmath/source/SmElementsPanel.cxx
[build CXX] starmath/source/SmPanelFactory.cxx
[build CXX] starmath/source/SmPropertiesPanel.cxx
[build CXX] starmath/source/accessibility.cxx
[build CXX] starmath/source/action.cxx
[build CXX] starmath/source/caret.cxx
[build CXX] starmath/source/cfgitem.cxx
[build CXX] starmath/source/cursor.cxx
[build CXX] starmath/source/dialog.cxx
[build CXX] starmath/source/document.cxx
[build CXX] starmath/source/edit.cxx
[build CXX] starmath/source/smediteng.cxx
[build CXX] starmath/source/format.cxx
[build CXX] starmath/source/mathtype.cxx
[build CXX] starmath/source/node.cxx
[build CXX] starmath/source/ooxmlexport.cxx
[build CXX] starmath/source/ooxmlimport.cxx
[build CXX] starmath/source/rtfexport.cxx
[build CXX] starmath/source/parsebase.cxx
[build CXX] starmath/source/parse.cxx
[build CXX] starmath/source/parse5.cxx
[build CXX] starmath/source/rect.cxx
[build CXX] starmath/source/smdll.cxx
[build CXX] starmath/source/smmod.cxx
[build CXX] starmath/source/symbol.cxx
[build CXX] starmath/source/tmpdevice.cxx
[build CXX] starmath/source/typemap.cxx
[build CXX] starmath/source/unodoc.cxx
[build CXX] starmath/source/unofilter.cxx
[build CXX] starmath/source/unomodel.cxx
[build CXX] starmath/source/utility.cxx
[build CXX] starmath/source/view.cxx
[build CXX] starmath/source/visitors.cxx
[build CXX] starmath/source/wordexportbase.cxx
[build CXX] starmath/source/mathml/xparsmlbase.cxx
[build CXX] starmath/source/mathml/mathmlattr.cxx
[build CXX] starmath/source/mathml/mathmlexport.cxx
[build CXX] starmath/source/mathml/mathmlimport.cxx
[build CXX] starmath/source/mathml/mathmlMo.cxx
[build CXX] starmath/source/mathml/export.cxx
[build CXX] starmath/source/mathml/import.cxx
[build CXX] starmath/source/mathml/iterator.cxx
[build CXX] starmath/source/mathml/attribute.cxx
[build CXX] starmath/source/mathml/element.cxx
[build CXX] starmath/source/mathml/starmathdatabase.cxx
[build DEP] LNK:Library/smdlo.dll.d
[build LNK] Library/smdlo.dll
[build DEP] LNK:Library/svgiolo.dll.d
[build LNK] Library/svgiolo.dll
[build DEP] LNK:Library/swdlo.dll.d
[build LNK] Library/swdlo.dll
[build CXX] sw/source/writerfilter/rtftok/rtfcharsets.cxx
[build CXX] sw/source/writerfilter/rtftok/rtfdispatchdestination.cxx
[build CXX] sw/source/writerfilter/rtftok/rtfdispatchflag.cxx
[build CXX] sw/source/writerfilter/rtftok/rtfdispatchsymbol.cxx
[build CXX] sw/source/writerfilter/rtftok/rtfdispatchvalue.cxx
[build CXX] sw/source/writerfilter/rtftok/rtfdocumentfactory.cxx
[build CXX] sw/source/writerfilter/rtftok/rtfdocumentimpl.cxx
[build CXX] sw/source/writerfilter/rtftok/rtflookahead.cxx
[build CXX] sw/source/writerfilter/rtftok/rtfreferenceproperties.cxx
[build CXX] sw/source/writerfilter/rtftok/rtfreferencetable.cxx
[build CXX] sw/source/writerfilter/rtftok/rtfsdrimport.cxx
[build CXX] sw/source/writerfilter/rtftok/rtfskipdestination.cxx
[build CXX] sw/source/writerfilter/rtftok/rtfsprm.cxx
[build CXX] sw/source/writerfilter/rtftok/rtftokenizer.cxx
[build CXX] sw/source/writerfilter/rtftok/rtfvalue.cxx
[build CXX] sw/source/writerfilter/dmapper/BorderHandler.cxx
[build CXX] sw/source/writerfilter/dmapper/CellColorHandler.cxx
[build CXX] sw/source/writerfilter/dmapper/CellMarginHandler.cxx
[build CXX] sw/source/writerfilter/dmapper/ConversionHelper.cxx
[build CXX] sw/source/writerfilter/dmapper/DocumentProtection.cxx
[build CXX] sw/source/writerfilter/dmapper/DomainMapper.cxx
[build CXX] sw/source/writerfilter/dmapper/DomainMapperTableHandler.cxx
[build CXX] sw/source/writerfilter/dmapper/DomainMapperTableManager.cxx
[build CXX] sw/source/writerfilter/dmapper/DomainMapper_Impl.cxx
[build CXX] sw/source/writerfilter/dmapper/domainmapperfactory.cxx
[build CXX] sw/source/writerfilter/dmapper/FFDataHandler.cxx
[build CXX] sw/source/writerfilter/dmapper/FontTable.cxx
[build CXX] sw/source/writerfilter/dmapper/FormControlHelper.cxx
[build CXX] sw/source/writerfilter/dmapper/GraphicHelpers.cxx
[build CXX] sw/source/writerfilter/dmapper/GraphicImport.cxx
[build CXX] sw/source/writerfilter/dmapper/LatentStyleHandler.cxx
[build CXX] sw/source/writerfilter/dmapper/LoggedResources.cxx
[build CXX] sw/source/writerfilter/dmapper/MeasureHandler.cxx
[build CXX] sw/source/writerfilter/dmapper/TrackChangesHandler.cxx
[build CXX] sw/source/writerfilter/dmapper/ModelEventListener.cxx
[build CXX] sw/source/writerfilter/dmapper/NumberingManager.cxx
[build CXX] sw/source/writerfilter/dmapper/OLEHandler.cxx
[build CXX] sw/source/writerfilter/dmapper/PageBordersHandler.cxx
[build CXX] sw/source/writerfilter/dmapper/PropertyIds.cxx
[build CXX] sw/source/writerfilter/dmapper/PropertyMap.cxx
[build CXX] sw/source/writerfilter/dmapper/PropertyMapHelper.cxx
[build CXX] sw/source/writerfilter/dmapper/SdtHelper.cxx
[build CXX] sw/source/writerfilter/dmapper/SectionColumnHandler.cxx
[build CXX] sw/source/writerfilter/dmapper/SettingsTable.cxx
[build CXX] sw/source/writerfilter/dmapper/SmartTagHandler.cxx
[build CXX] sw/source/writerfilter/dmapper/StyleSheetTable.cxx
[build CXX] sw/source/writerfilter/dmapper/TDefTableHandler.cxx
[build CXX] sw/source/writerfilter/dmapper/TableManager.cxx
[build CXX] sw/source/writerfilter/dmapper/TablePositionHandler.cxx
[build CXX] sw/source/writerfilter/dmapper/TablePropertiesHandler.cxx
[build CXX] sw/source/writerfilter/dmapper/TagLogger.cxx
[build CXX] sw/source/writerfilter/dmapper/TextEffectsHandler.cxx
[build CXX] sw/source/writerfilter/dmapper/TblStylePrHandler.cxx
[build CXX] sw/source/writerfilter/dmapper/ThemeHandler.cxx
[build CXX] sw/source/writerfilter/dmapper/WrapPolygonHandler.cxx
[build CXX] sw/source/writerfilter/dmapper/WriteProtection.cxx
[build CXX] sw/source/writerfilter/dmapper/util.cxx
[build CXX] sw/source/writerfilter/filter/RtfFilter.cxx
[build CXX] sw/source/writerfilter/filter/WriterFilter.cxx
[build CXX] sw/source/writerfilter/ooxml/Handler.cxx
[build CXX] sw/source/writerfilter/ooxml/OOXMLBinaryObjectReference.cxx
[build CXX] sw/source/writerfilter/ooxml/OOXMLDocumentImpl.cxx
[build CXX] sw/source/writerfilter/ooxml/OOXMLFactory.cxx
[build CXX] sw/source/writerfilter/ooxml/OOXMLFastContextHandler.cxx
[build CXX] sw/source/writerfilter/ooxml/OOXMLFastContextHandlerTheme.cxx
[build CXX] sw/source/writerfilter/ooxml/OOXMLFastDocumentHandler.cxx
[build CXX] sw/source/writerfilter/ooxml/OOXMLParserState.cxx
[build CXX] sw/source/writerfilter/ooxml/OOXMLPropertySet.cxx
[build CXX] sw/source/writerfilter/ooxml/OOXMLStreamImpl.cxx
[build CXX] sw/source/writerfilter/ooxml/ShadowContext.cxx
[build CXX] workdir/CustomTarget/sw/source/writerfilter/ooxml/OOXMLFactory_dml-baseStylesheet.cxx
[build CXX] workdir/CustomTarget/sw/source/writerfilter/ooxml/OOXMLFactory_dml-baseTypes.cxx
[build CXX] workdir/CustomTarget/sw/source/writerfilter/ooxml/OOXMLFactory_dml-chartDrawing.cxx
[build CXX] workdir/CustomTarget/sw/source/writerfilter/ooxml/OOXMLFactory_dml-documentProperties.cxx
[build CXX] workdir/CustomTarget/sw/source/writerfilter/ooxml/OOXMLFactory_dml-graphicalObject.cxx
[build CXX] workdir/CustomTarget/sw/source/writerfilter/ooxml/OOXMLFactory_dml-shape3DCamera.cxx
[build CXX] workdir/CustomTarget/sw/source/writerfilter/ooxml/OOXMLFactory_dml-shape3DLighting.cxx
[build CXX] workdir/CustomTarget/sw/source/writerfilter/ooxml/OOXMLFactory_dml-shape3DScene.cxx
[build CXX] workdir/CustomTarget/sw/source/writerfilter/ooxml/OOXMLFactory_dml-shape3DStyles.cxx
[build CXX] workdir/CustomTarget/sw/source/writerfilter/ooxml/OOXMLFactory_dml-shapeEffects.cxx
[build CXX] workdir/CustomTarget/sw/source/writerfilter/ooxml/OOXMLFactory_dml-shapeGeometry.cxx
[build CXX] workdir/CustomTarget/sw/source/writerfilter/ooxml/OOXMLFactory_dml-shapeLineProperties.cxx
[build CXX] workdir/CustomTarget/sw/source/writerfilter/ooxml/OOXMLFactory_dml-shapeProperties.cxx
[build CXX] workdir/CustomTarget/sw/source/writerfilter/ooxml/OOXMLFactory_dml-styleDefaults.cxx
[build CXX] workdir/CustomTarget/sw/source/writerfilter/ooxml/OOXMLFactory_dml-stylesheet.cxx
[build CXX] workdir/CustomTarget/sw/source/writerfilter/ooxml/OOXMLFactory_dml-textCharacter.cxx
[build CXX] workdir/CustomTarget/sw/source/writerfilter/ooxml/OOXMLFactory_dml-wordprocessingDrawing.cxx
[build CXX] workdir/CustomTarget/sw/source/writerfilter/ooxml/OOXMLFactory_shared-math.cxx
[build CXX] workdir/CustomTarget/sw/source/writerfilter/ooxml/OOXMLFactory_shared-relationshipReference.cxx
[build CXX] workdir/CustomTarget/sw/source/writerfilter/ooxml/OOXMLFactory_sml-customXmlMappings.cxx
[build CXX] workdir/CustomTarget/sw/source/writerfilter/ooxml/OOXMLFactory_vml-main.cxx
[build CXX] workdir/CustomTarget/sw/source/writerfilter/ooxml/OOXMLFactory_vml-officeDrawing.cxx
[build CXX] workdir/CustomTarget/sw/source/writerfilter/ooxml/OOXMLFactory_vml-wordprocessingDrawing.cxx
[build CXX] workdir/CustomTarget/sw/source/writerfilter/ooxml/OOXMLFactory_wp14.cxx
[build CXX] workdir/CustomTarget/sw/source/writerfilter/ooxml/OOXMLFactory_w14.cxx
[build CXX] workdir/CustomTarget/sw/source/writerfilter/ooxml/OOXMLFactory_w15.cxx
[build CXX] workdir/CustomTarget/sw/source/writerfilter/ooxml/OOXMLFactory_a14.cxx
[build CXX] workdir/CustomTarget/sw/source/writerfilter/ooxml/OOXMLFactory_wml.cxx
[build CXX] workdir/CustomTarget/sw/source/writerfilter/ooxml/OOXMLFactory_generated.cxx
[build CXX] workdir/CustomTarget/sw/source/writerfilter/ooxml/qnametostr.cxx
[build CXX] sw/source/ui/vba/vbarange.cxx
[build CXX] sw/source/ui/vba/vbacell.cxx
[build CXX] sw/source/ui/vba/vbacells.cxx
[build CXX] sw/source/ui/vba/vbacolumn.cxx
[build CXX] sw/source/ui/vba/vbacolumns.cxx
[build CXX] sw/source/ui/vba/vbacontentcontrol.cxx
[build CXX] sw/source/ui/vba/vbacontentcontrols.cxx
[build CXX] sw/source/ui/vba/vbacontentcontrollistentry.cxx
[build CXX] sw/source/ui/vba/vbacontentcontrollistentries.cxx
[build CXX] sw/source/ui/vba/vbaformfield.cxx
[build CXX] sw/source/ui/vba/vbaformfields.cxx
[build CXX] sw/source/ui/vba/vbaformfieldcheckbox.cxx
[build CXX] sw/source/ui/vba/vbaformfielddropdown.cxx
[build CXX] sw/source/ui/vba/vbaformfielddropdownlistentries.cxx
[build CXX] sw/source/ui/vba/vbaformfielddropdownlistentry.cxx
[build CXX] sw/source/ui/vba/vbaformfieldtextinput.cxx
[build CXX] sw/source/ui/vba/vbaframe.cxx
[build CXX] sw/source/ui/vba/vbaframes.cxx
[build CXX] sw/source/ui/vba/vbalistformat.cxx
[build CXX] sw/source/ui/vba/vbalistgallery.cxx
[build CXX] sw/source/ui/vba/vbalistgalleries.cxx
[build CXX] sw/source/ui/vba/vbalisthelper.cxx
[build CXX] sw/source/ui/vba/vbalistlevel.cxx
[build CXX] sw/source/ui/vba/vbalistlevels.cxx
[build CXX] sw/source/ui/vba/vbalisttemplate.cxx
[build CXX] sw/source/ui/vba/vbalisttemplates.cxx
[build CXX] sw/source/ui/vba/vbamailmerge.cxx
[build CXX] sw/source/ui/vba/vbarevision.cxx
[build CXX] sw/source/ui/vba/vbarevisions.cxx
[build CXX] sw/source/ui/vba/vbarow.cxx
[build CXX] sw/source/ui/vba/vbarows.cxx
[build CXX] sw/source/ui/vba/vbadocument.cxx
[build CXX] sw/source/ui/vba/vbasections.cxx
[build CXX] sw/source/ui/vba/vbadialog.cxx
[build CXX] sw/source/ui/vba/vbawrapformat.cxx
[build CXX] sw/source/ui/vba/vbafont.cxx
[build CXX] sw/source/ui/vba/vbarangehelper.cxx
[build CXX] sw/source/ui/vba/vbaaddin.cxx
[build CXX] sw/source/ui/vba/vbaautotextentry.cxx
[build CXX] sw/source/ui/vba/vbadocumentproperties.cxx
[build CXX] sw/source/ui/vba/vbaeventshelper.cxx
[build CXX] sw/source/ui/vba/vbastyle.cxx
[build CXX] sw/source/ui/vba/vbapane.cxx
[build CXX] sw/source/ui/vba/vbaglobals.cxx
[build CXX] sw/source/ui/vba/vbatemplate.cxx
[build CXX] sw/source/ui/vba/vbaaddins.cxx
[build CXX] sw/source/ui/vba/vbaview.cxx
[build CXX] sw/source/ui/vba/vbaheaderfooter.cxx
[build CXX] sw/source/ui/vba/vbaheadersfooters.cxx
[build CXX] sw/source/ui/vba/vbaheaderfooterhelper.cxx
[build CXX] sw/source/ui/vba/vbabookmarks.cxx
[build CXX] sw/source/ui/vba/vbaoptions.cxx
[build CXX] sw/source/ui/vba/vbadialogs.cxx
[build CXX] sw/source/ui/vba/vbapalette.cxx
[build CXX] sw/source/ui/vba/vbaparagraph.cxx
[build CXX] sw/source/ui/vba/vbafind.cxx
[build CXX] sw/source/ui/vba/vbasection.cxx
[build CXX] sw/source/ui/vba/vbabookmark.cxx
[build CXX] sw/source/ui/vba/vbaapplication.cxx
[build CXX] sw/source/ui/vba/vbawindow.cxx
[build CXX] sw/source/ui/vba/vbareplacement.cxx
[build CXX] sw/source/ui/vba/vbatable.cxx
[build CXX] sw/source/ui/vba/vbatablehelper.cxx
[build CXX] sw/source/ui/vba/vbatabstop.cxx
[build CXX] sw/source/ui/vba/vbatabstops.cxx
[build CXX] sw/source/ui/vba/vbaselection.cxx
[build CXX] sw/source/ui/vba/vbasystem.cxx
[build CXX] sw/source/ui/vba/vbainformationhelper.cxx
[build CXX] sw/source/ui/vba/vbapagesetup.cxx
[build CXX] sw/source/ui/vba/vbafield.cxx
[build CXX] sw/source/ui/vba/vbatables.cxx
[build CXX] sw/source/ui/vba/vbatableofcontents.cxx
[build CXX] sw/source/ui/vba/vbatablesofcontents.cxx
[build CXX] sw/source/ui/vba/vbavariable.cxx
[build CXX] sw/source/ui/vba/vbawordbasic.cxx
[build CXX] sw/source/ui/vba/vbadocuments.cxx
[build CXX] sw/source/ui/vba/vbaparagraphformat.cxx
[build CXX] sw/source/ui/vba/vbaborders.cxx
[build CXX] sw/source/ui/vba/vbavariables.cxx
[build CXX] sw/source/ui/vba/vbastyles.cxx
[build CXX] sw/source/ui/vba/vbapanes.cxx
[build CXX] sw/source/ui/vba/wordvbahelper.cxx
[build DEP] LNK:Library/unoxmllo.dll.d
[build LNK] Library/unoxmllo.dll
[build CXX] uui/source/alreadyopen.cxx
[build CXX] uui/source/authfallbackdlg.cxx
[build CXX] uui/source/filechanged.cxx
[build CXX] uui/source/fltdlg.cxx
[build CXX] uui/source/iahndl.cxx
[build CXX] uui/source/iahndl-authentication.cxx
[build CXX] uui/source/iahndl-errorhandler.cxx
[build CXX] uui/source/iahndl-filter.cxx
[build CXX] uui/source/iahndl-ioexceptions.cxx
[build CXX] uui/source/iahndl-locking.cxx
[build CXX] uui/source/iahndl-oauth2-win.cxx
[build CXX] uui/source/iahndl-ssl.cxx
[build CXX] uui/source/interactionhandler.cxx
[build CXX] uui/source/lockfailed.cxx
[build CXX] uui/source/lockcorrupt.cxx
[build CXX] uui/source/logindlg.cxx
[build CXX] uui/source/masterpasscrtdlg.cxx
[build CXX] uui/source/masterpassworddlg.cxx
[build CXX] uui/source/nameclashdlg.cxx
[build CXX] uui/source/openlocked.cxx
[build CXX] uui/source/passwordcontainer.cxx
[build CXX] uui/source/passworddlg.cxx
[build CXX] uui/source/reloadeditable.cxx
[build CXX] uui/source/requeststringresolver.cxx
[build CXX] uui/source/secmacrowarnings.cxx
[build CXX] uui/source/sslwarndlg.cxx
[build CXX] uui/source/trylater.cxx
[build CXX] uui/source/unknownauthdlg.cxx
[build CXX] vbahelper/source/msforms/vbabutton.cxx
[build CXX] vbahelper/source/msforms/vbacheckbox.cxx
[build CXX] vbahelper/source/msforms/vbacombobox.cxx
[build CXX] vbahelper/source/msforms/vbacontrol.cxx
[build CXX] vbahelper/source/msforms/vbacontrols.cxx
[build CXX] vbahelper/source/msforms/vbaframe.cxx
[build CXX] vbahelper/source/msforms/vbaimage.cxx
[build CXX] vbahelper/source/msforms/vbalabel.cxx
[build CXX] vbahelper/source/msforms/vbalistbox.cxx
[build CXX] vbahelper/source/msforms/vbalistcontrolhelper.cxx
[build CXX] vbahelper/source/msforms/vbamultipage.cxx
[build CXX] vbahelper/source/msforms/vbanewfont.cxx
[build CXX] vbahelper/source/msforms/vbapages.cxx
[build CXX] vbahelper/source/msforms/vbaprogressbar.cxx
[build CXX] vbahelper/source/msforms/vbaradiobutton.cxx
[build CXX] vbahelper/source/msforms/vbascrollbar.cxx
[build CXX] vbahelper/source/msforms/vbaspinbutton.cxx
[build CXX] vbahelper/source/msforms/vbasystemaxcontrol.cxx
[build CXX] vbahelper/source/msforms/vbatextbox.cxx
[build CXX] vbahelper/source/msforms/vbatogglebutton.cxx
[build CXX] vbahelper/source/msforms/vbauserform.cxx
[build DEP] LNK:Library/xoflo.dll.d
[build LNK] Library/xoflo.dll
[build BIN] formula
[build BIN] fpicker
[build BIN] framework
[build CUS] instsetoo_native/setup
[build PKG] instsetoo_native_setup
[build CXX] officelabs/source/ChatPanel.cxx
[build CXX] officelabs/source/ChatPanelChildWindow.cxx
[build BIN] sfx2
[build DEP] LNK:Library/unotest.dll.d
[build LNK] Library/unotest.dll
[build BIN] svtools
[build MOD] toolkit
[build MOD] ucb
C:/Users/philh/dev/officelabs-suite/officelabs-master/libreoffice-fork/include\vcl/toolkit/fixed.hxx(23): fatal error C1189: #error:  "don't use this in new code"
[build DEP] LNK:Executable/vcldemo.exe.d
C:/Users/philh/dev/officelabs-suite/officelabs-master/libreoffice-fork/include\vcl/toolkit/fixed.hxx(23): fatal error C1189: #error:  "don't use this in new code"
[build LNK] Executable/vcldemo.exe
make[1]: *** [C:/Users/philh/dev/officelabs-suite/officelabs-master/libreoffice-fork/solenv/gbuild/LinkTarget.mk:338: C:/Users/philh/dev/officelabs-suite/officelabs-master/libreoffice-fork/workdir/CxxObject/officelabs/source/ChatPanelChildWindow.o] Error 2
make[1]: *** Waiting for unfinished jobs....
make[1]: *** [C:/Users/philh/dev/officelabs-suite/officelabs-master/libreoffice-fork/solenv/gbuild/LinkTarget.mk:338: C:/Users/philh/dev/officelabs-suite/officelabs-master/libreoffice-fork/workdir/CxxObject/officelabs/source/ChatPanel.o] Error 2
make: *** [Makefile:310: build] Error 2
