make: wslpath: Not a directory
make -j 32  -rs -f C:/Users/philh/dev/officelabs-suite/officelabs-master/libreoffice-fork/Makefile.gbuild build  
make[1]: wslpath: Not a directory
make[1]: wslpath: Not a directory
make[1]: wslpath: Not a directory
make[1]: wslpath: Not a directory
make[1]: wslpath: Not a directory
[build DEP] LNK:Library/offacclo.dll.d
[build DEP] LNK:Library/WinUserInfoBelo.dll.d
[build DEP] LNK:Library/oleautobridgelo.dll.d
[build DEP] LNK:Library/i18npoollo.dll.d
[build DEP] LNK:Library/package2.dll.d
make[1]: wslpath: Not a directory
make[1]: wslpath: Not a directory
make[1]: wslpath: Not a directory
make[1]: wslpath: Not a directory
make[1]: wslpath: Not a directory
[build XCD] registry_en-US
[build ECH] CustomTarget/instsetoo_native/setup/setup.ini
[build ECH] CustomTarget/instsetoo_native/setup/version.ini
[build CUS] postprocess/registry
make[1]: Circular C:/Users/philh/dev/officelabs-suite/officelabs-master/libreoffice-fork/workdir/AutoInstall/.dir <- C:/Users/philh/dev/officelabs-suite/officelabs-master/libreoffice-fork/workdir/AutoInstall/.dir dependency dropped.
[build AIN] activexbinarytable
[build AIN] activex
[build AIN] base
[build AIN] base_brand
[build AIN] brand
[build AIN] calc
[build AIN] calc_brand
[build AIN] draw_brand
[build AIN] extensions_bsh
[build AIN] extensions_rhino
[build AIN] firebirdsdbc
[build AIN] gnome
[build AIN] graphicfilter
[build AIN] impress
[build AIN] impress_brand
[build AIN] kde
[build AIN] libreofficekit
[build AIN] math
[build AIN] math_brand
[build AIN] ogltrans
[build AIN] onlineupdate
[build AIN] ooo
[build AIN] ooo_fonts
[build AIN] ooo_images
[build AIN] ooobinarytable
[build AIN] python
[build AIN] python_scriptprovider
[build AIN] python_librelogo
[build AIN] postgresqlsdbc
[build AIN] pdfimport
[build AIN] quickstart
[build AIN] reportbuilder
[build AIN] sdk
[build AIN] spsuppfiles
[build AIN] ure
[build AIN] winexplorerextbinarytable
[build AIN] winexplorerext
[build AIN] writer
[build AIN] writer_brand
[build AIN] xsltfilter
[build BIN] wizards
[build RDB] ure/services
[build DEP] LNK:Library/offacclo.dll.d
[build LNK] Library/offacclo.dll
[build DEP] LNK:Library/WinUserInfoBelo.dll.d
[build LNK] Library/WinUserInfoBelo.dll
[build DEP] LNK:Library/oleautobridgelo.dll.d
[build LNK] Library/oleautobridgelo.dll
[build DEP] LNK:Library/package2.dll.d
[build LNK] Library/package2.dll
[build DEP] LNK:Library/i18npoollo.dll.d
[build LNK] Library/i18npoollo.dll
[build CMP] ucb/source/cacher/cached1
[build CMP] ucb/source/sorter/srtrs1
[build CMP] ucb/source/core/ucb1
[build CXX] ucb/source/ucp/cmis/cmis_content.cxx
[build CXX] ucb/source/ucp/cmis/cmis_url.cxx
[build CXX] ucb/source/ucp/webdav-curl/CurlSession.cxx
[build CXX] ucb/source/ucp/webdav-curl/DAVResourceAccess.cxx
[build CXX] ucb/source/ucp/webdav-curl/webdavcontent.cxx
[build CMP] ucb/source/ucp/expand/ucpexpand1
[build CMP] ucb/source/ucp/ext/ucpext
[build CMP] ucb/source/ucp/file/ucpfile1
[build CMP] ucb/source/ucp/hierarchy/ucphier1
[build CMP] ucb/source/ucp/package/ucppkg1
[build CMP] ucb/source/ucp/tdoc/ucptdoc1
[build CMP] unoxml/source/rdf/unordf
[build CUS] instsetoo_native/setup
[build PKG] instsetoo_native_setup
[build CXX] pyuno/source/loader/pyuno_loader.cxx
[build AIN] all
[build SPP] scp2/source/base/file_base
[build SPP] scp2/source/base/firebird
[build SPP] scp2/source/base/module_base
[build SPP] scp2/source/base/postgresqlsdbc
[build SPP] scp2/source/calc/file_calc
[build SPP] scp2/source/calc/module_calc
[build SPP] scp2/source/draw/file_draw
[build SPP] scp2/source/draw/module_draw
[build SPP] scp2/source/extensions/file_extensions
[build SPP] scp2/source/extensions/module_extensions
[build SPP] scp2/source/graphicfilter/file_graphicfilter
[build SPP] scp2/source/graphicfilter/module_graphicfilter
[build SPP] scp2/source/impress/file_impress
[build SPP] scp2/source/impress/module_ogltrans
[build SPP] scp2/source/impress/module_impress
[build SPP] scp2/source/math/file_math
[build SPP] scp2/source/math/module_math
[build SPP] scp2/source/onlineupdate/file_onlineupdate
[build SPP] scp2/source/onlineupdate/module_onlineupdate
[build SPP] scp2/source/ooo/common_brand
[build SPP] scp2/source/ooo/directory_ooo
[build SPP] scp2/source/ooo/directory_ooo_macosx
[build SPP] scp2/source/ooo/file_extra_ooo
[build SPP] scp2/source/ooo/file_library_ooo
[build SPP] scp2/source/ooo/file_ooo
[build SPP] scp2/source/ooo/installation_ooo
[build SPP] scp2/source/ooo/module_help_template
[build SPP] scp2/source/ooo/module_hidden_ooo
[build SPP] scp2/source/ooo/module_lang_template
[build SPP] scp2/source/ooo/profileitem_ooo
[build SPP] scp2/source/ooo/scpaction_ooo
[build SPP] scp2/source/ooo/module_helppack
[build SPP] scp2/source/ooo/module_langpack
[build SPP] scp2/source/ooo/module_ooo
[build SPP] scp2/source/ooo/module_systemint
[build SPP] scp2/source/ooo/module_pdfimport
[build SPP] scp2/source/python/file_python
[build SPP] scp2/source/python/file_python_librelogo
[build SPP] scp2/source/python/module_python
[build SPP] scp2/source/python/module_python_librelogo
[build SPP] scp2/source/spsupp/module_spsupp
[build SPP] scp2/source/writer/file_writer
[build SPP] scp2/source/writer/module_writer
[build SPP] scp2/source/xsltfilter/file_xsltfilter
[build SPP] scp2/source/xsltfilter/module_xsltfilter
[build SPP] scp2/source/activex/module_activex
[build SPP] scp2/source/quickstart/registryitem_quickstart
[build SPP] scp2/source/quickstart/module_quickstart
[build SPP] scp2/source/winexplorerext/file_winexplorerext
[build SPP] scp2/source/winexplorerext/registryitem_winexplorerext
[build SPP] scp2/source/winexplorerext/module_winexplorerext
[build CMP] testtools/source/bridgetest/cppobj
[build CMP] testtools/source/bridgetest/bridgetest
[build CMP] testtools/source/bridgetest/constructors
[build MOD] wizards
[build CXX] chart2/source/controller/dialogs/tp_PolarOptions.cxx
[build CXX] chart2/source/controller/dialogs/tp_RangeChooser.cxx
[build CXX] chart2/source/controller/drawinglayer/DrawViewWrapper.cxx
[build CXX] chart2/source/view/charttypes/AreaChart.cxx
[build CXX] chart2/source/view/charttypes/NetChart.cxx
[build CXX] chart2/source/model/filter/XMLFilter.cxx
[build CXX] chart2/source/model/main/UndoManager.cxx
[build CXX] chart2/source/model/template/PieChartTypeTemplate.cxx
[build CMP] filter/source/msfilter/msfilter
[build CXX] oox/source/drawingml/shape.cxx
[build CXX] canvas/source/factory/cf_service.cxx
[build CMP] canvas/source/simplecanvas/simplecanvas
[build CMP] canvas/source/vcl/vclcanvas
[build CMP] canvas/source/opengl/oglcanvas
[build CMP] canvas/source/directx/directx9canvas
[build CMP] canvas/source/directx/gdipluscanvas
[build CMP] cppcanvas/source/uno/mtfrenderer
[build CXX] dbaccess/source/core/dataaccess/databasedocument.cxx
[build CXX] dbaccess/source/core/dataaccess/datasource.cxx
[build CXX] dbaccess/source/core/misc/dsntypes.cxx
[build CXX] dbaccess/source/ui/control/sqledit.cxx
[build CXX] dbaccess/source/ui/dlg/generalpage.cxx
[build CXX] basctl/source/basicide/baside2b.cxx
[build CXX] basctl/source/basicide/baside2.cxx
[build CXX] basctl/source/basicide/basides1.cxx
[build CXX] basctl/source/basicide/basidesh.cxx
[build CXX] basctl/source/basicide/BasicColorConfig.cxx
[build PCH] precompiled_cui
[build CMP] winaccessibility/source/service/winaccessibility
[build CMP] UnoControls/util/ctl
[build CMP] avmedia/source/win/avmediawin
[build CMP] connectivity/source/drivers/calc/calc
[build CMP] connectivity/source/drivers/dbase/dbase
[build CMP] connectivity/source/cpool/dbpool2
[build CMP] connectivity/source/drivers/flat/flat
[build CMP] connectivity/source/drivers/odbc/odbc
[build CMP] connectivity/source/drivers/mysql_jdbc/mysql_jdbc
[build CXX] connectivity/source/manager/mdrivermanager.cxx
[build CMP] connectivity/source/drivers/writer/writer
[build CMP] connectivity/source/drivers/ado/ado
[build CMP] desktop/source/deployment/deployment
[build CXX] desktop/source/deployment/gui/dp_gui_dialog2.cxx
[build CXX] desktop/source/deployment/gui/dp_gui_extensionboxwithbuttons.cxx
[build CMP] desktop/source/offacc/offacc
[build CXX] desktop/source/app/app.cxx
[build CXX] desktop/source/app/appinit.cxx
[build CXX] desktop/source/app/langselect.cxx
[build CXX] desktop/source/app/opencl.cxx
[build CXX] desktop/source/app/userinstall.cxx
[build CXX] desktop/source/migration/migration.cxx
[build CXX] desktop/source/lib/init.cxx
[build CMP] desktop/source/splash/spl
[build CXX] embeddedobj/source/commonembedding/embedobj.cxx
[build CXX] embeddedobj/source/commonembedding/specialobject.cxx
[build CXX] embeddedobj/source/commonembedding/xfactory.cxx
[build CXX] embeddedobj/source/general/xcreator.cxx
[build CXX] embeddedobj/source/msole/oleembed.cxx
[build CXX] embeddedobj/source/msole/xolefactory.cxx
[build CMP] emfio/emfio
[build CMP] extensions/source/abpilot/abp
[build CMP] extensions/source/scanner/scn
[build CMP] extensions/source/config/WinUserInfo/WinUserInfoBe
[build CMP] extensions/source/bibliography/bib
[build CMP] extensions/source/dbpilots/dbp
[build CMP] extensions/source/propctrlr/pcr
[build CMP] extensions/source/update/feed/updatefeed
[build CMP] extensions/source/ole/oleautobridge
[build CXX] vcl/win/window/salframe.cxx
[build PKG] postprocess_registry
[build CXX] filter/source/config/cache/filtercache.cxx
[build CXX] filter/source/config/cache/filterfactory.cxx
[build CMP] filter/source/odfflatxml/odfflatxml
[build CXX] filter/source/pdf/impdialog.cxx
[build CXX] filter/source/pdf/pdfexport.cxx
[build CMP] filter/source/storagefilterdetect/storagefd
[build CMP] filter/source/svg/svgfilter
[build CMP] filter/source/graphic/graphicfilter
[build CMP] filter/source/t602/t602filter
[build CMP] filter/source/textfilterdetect/textfd
[build CMP] filter/source/xmlfilteradaptor/xmlfa
[build CMP] filter/source/xsltdialog/xsltdlg
[build CMP] package/util/package2
[build CMP] forms/util/frm
[build CMP] formula/util/for
[build CXX] fpicker/source/office/iodlg.cxx
[build CXX] fpicker/source/office/RemoteFilesDialog.cxx
[build CXX] fpicker/source/win32/VistaFilePicker.cxx
[build CMP] i18npool/util/i18npool
[build CMP] lingucomponent/source/hyphenator/hyphen/hyphen
[build CMP] lingucomponent/source/thesaurus/libnth/lnth
[build CMP] lingucomponent/source/spellcheck/spell/spell
[build CXX] lingucomponent/source/spellcheck/languagetool/languagetoolimp.cxx
[build CMP] lotuswordpro/util/lwpfilter
[build CXX] reportdesign/source/core/api/ReportDefinition.cxx
[build CXX] reportdesign/source/filter/xml/xmlExportDocumentHandler.cxx
[build PCH] precompiled_sc
[build CXX] officelabs/source/AgentConnection.cxx
[build CXX] officelabs/source/DocumentController.cxx
[build CXX] officelabs/source/ChatPanel.cxx
[build CXX] officelabs/source/ChatPanelChildWindow.cxx
[build CXX] officelabs/source/AgenticPanel.cxx
[build CXX] officelabs/source/AgenticPanelChildWindow.cxx
[build CXX] xmlsecurity/source/gpg/CertificateImpl.cxx
[build CXX] xmlsecurity/source/xmlsec/nss/nssinitializer.cxx
[build CXX] xmlsecurity/source/dialogs/digitalsignaturesdialog.cxx
[build PCH] precompiled_sd
[build CMP] sc/util/scd
C:/Users/philh/dev/officelabs-suite/officelabs-master/libreoffice-fork/officelabs/inc\officelabs/AgenticPanel.hxx(27): fatal error C1083: Cannot open include file: 'vcl/toolkit/tabctrl.hxx': No such file or directory
[build CXX] sc/source/filter/excel/excimp8.cxx
C:/Users/philh/dev/officelabs-suite/officelabs-master/libreoffice-fork/officelabs/inc\officelabs/AgenticPanel.hxx(27): fatal error C1083: Cannot open include file: 'vcl/toolkit/tabctrl.hxx': No such file or directory
make[1]: *** [C:/Users/philh/dev/officelabs-suite/officelabs-master/libreoffice-fork/solenv/gbuild/LinkTarget.mk:338: C:/Users/philh/dev/officelabs-suite/officelabs-master/libreoffice-fork/workdir/CxxObject/officelabs/source/AgenticPanel.o] Error 2
make[1]: *** Waiting for unfinished jobs....
make[1]: *** [C:/Users/philh/dev/officelabs-suite/officelabs-master/libreoffice-fork/solenv/gbuild/LinkTarget.mk:335: C:/Users/philh/dev/officelabs-suite/officelabs-master/libreoffice-fork/workdir/CxxObject/officelabs/source/AgenticPanelChildWindow.o] Error 2
make: *** [Makefile:310: build] Error 2
