export ABW_SHA256SUM := 7a3d3415cf82ab9894f601d1b3057c4615060304d5279efdec6275e01b96a199
export ABW_TARBALL := libabw-0.1.1.tar.bz2
export APACHE_COMMONS_LOGGING_SHA256SUM := 49665da5a60d033e6dff40fe0a7f9173e886ae859ce6096c1afe34c48b677c81
export APACHE_COMMONS_LOGGING_TARBALL := commons-logging-1.2-src.tar.gz
export APR_SHA256SUM := 1af06e1720a58851d90694a984af18355b65bb0d047be03ec7d659c746d6dbdb
export APR_TARBALL := apr-1.5.2.tar.gz
export APR_UTIL_SHA256SUM := 976a12a59bc286d634a21d7be0841cc74289ea9077aa1af46be19d1a6e844c19
export APR_UTIL_TARBALL := apr-util-1.5.4.tar.gz
export BOOST_SHA256SUM := 9807a5d16566c57fd74fb522764e0b134a8bbe6b6e8967b83afefd30dcd3be81
export BOOST_TARBALL := boost_1_65_1.tar.bz2
export BREAKPAD_SHA256SUM := 7060149be16a8789b0ccf596bdeaf63115f03f520acb508f72a14686fb311cb9
export BREAKPAD_TARBALL := breakpad.zip
export BSH_SHA256SUM := 9e93c73e23aff644b17dfff656444474c14150e7f3b38b19635e622235e01c96
export BSH_TARBALL := beeca87be45ec87d241ddd0e1bad80c1-bsh-2.0b6-src.zip
export BZIP2_SHA256SUM := a2848f34fcd5d6cf47def00461fcb528a0484d8edef8208d6d2e2909dc61d9cd
export BZIP2_TARBALL := 00b516f4704d4a7cb50a1d97e6e8e15b-bzip2-1.0.6.tar.gz
export CAIRO_SHA256SUM := d1f2d98ae9a4111564f6de4e013d639cf77155baf2556582295a0f00a9bc5e20
export CAIRO_TARBALL := cairo-1.14.8.tar.xz
export CDR_SHA256SUM := e7a7e8b00a3df5798110024d7061fe9d1c3330277d2e4fa9213294f966a4a66d
export CDR_TARBALL := libcdr-0.1.4.tar.xz
export CLUCENE_SHA256SUM := ddfdc433dd8ad31b5c5819cc4404a8d2127472a3b720d3e744e8c51d79732eab
export CLUCENE_TARBALL := 48d647fbd8ef8889e5a7f422c1bfda94-clucene-core-2.3.3.4.tar.gz
export LIBCMIS_SHA256SUM := 6acbdf22ecdbaba37728729b75bfc085ee5a4b49a6024757cfb86ccd3da27b0e
export LIBCMIS_TARBALL := libcmis-0.5.1.tar.gz
export COINMP_SHA256SUM := 86c798780b9e1f5921fe4efe651a93cb420623b45aa1fdff57af8c37f116113f
export COINMP_TARBALL := CoinMP-1.7.6.tgz
export CPPUNIT_SHA256SUM := 3d569869d27b48860210c758c4f313082103a5e58219a7669b52bfd29d674780
export CPPUNIT_TARBALL := cppunit-1.14.0.tar.gz
export CT2N_SHA256SUM := 71b238efd2734be9800af07566daea8d6685aeed28db5eb5fa0e6453f4d85de3
export CT2N_TARBALL := 1f467e5bb703f12cbbb09d5cf67ecf4a-converttexttonumber-1-5-0.oxt
export CURL_SHA256SUM := 961a25531d72a843dfcce87b290e7a882f2d376f3b88de11df009710019c5b16
export CURL_TARBALL := curl-7.56.1.tar.gz
export EBOOK_SHA256SUM := b710a57c633205b933015474d0ac0862253d1c52114d535dd09b20939a0d1850
export EBOOK_TARBALL := libe-book-0.1.2.tar.bz2
export EPOXY_SHA256SUM := 1d8668b0a259c709899e1c4bab62d756d9002d546ce4f59c9665e2fc5f001a64
export EPOXY_TARBALL := libepoxy-1.3.1.tar.bz2
export EPM_SHA256SUM := b3fc4c5445de6c9a801504a3ea3efb2d4ea9d5a622c9427e716736e7713ddb91
export EPM_TARBALL := 3ade8cfe7e59ca8e65052644fed9fca4-epm-3.7.tar.gz
export EPUBGEN_SHA256SUM := eea910b042526ed52f7ab9292b7fa31fca32f9e042285818074ff33664db4fa2
export EPUBGEN_TARBALL := libepubgen-0.0.1.tar.bz2
export ETONYEK_SHA256SUM := 69dbe10d4426d52f09060d489f8eb90dfa1df592e82eb0698d9dbaf38cc734ac
export ETONYEK_VERSION_MICRO := 7
export ETONYEK_TARBALL := libetonyek-0.1.$(ETONYEK_VERSION_MICRO).tar.xz
export EXPAT_SHA256SUM := b31890fb02f85c002a67491923f89bda5028a880fd6c374f707193ad81aace5f
export EXPAT_TARBALL := expat-2.2.3.tar.bz2
export FIREBIRD_SHA256SUM := 6994be3555e23226630c587444be19d309b25b0fcf1f87df3b4e3f88943e5860
export FIREBIRD_TARBALL := Firebird-3.0.0.32483-0.tar.bz2
export FONTCONFIG_SHA256SUM := 668293fcc4b3c59765cdee5cee05941091c0879edcc24dfec5455ef83912e45c
export FONTCONFIG_TARBALL := fontconfig-2.12.4.tar.bz2
export FONT_CALADEA_SHA256SUM := c48d1c2fd613c9c06c959c34da7b8388059e2408d2bb19845dc3ed35f76e4d09
export FONT_CALADEA_TARBALL := 368f114c078f94214a308a74c7e991bc-crosextrafonts-20130214.tar.gz
export FONT_CARLITO_SHA256SUM := 4bd12b6cbc321c1cf16da76e2c585c925ce956a08067ae6f6c64eff6ccfdaf5a
export FONT_CARLITO_TARBALL := c74b7223abe75949b4af367942d96c7a-crosextrafonts-carlito-20130920.tar.gz
export FONT_DEJAVU_SHA256SUM := 7576310b219e04159d35ff61dd4a4ec4cdba4f35c00e002a136f00e96a908b0a
export FONT_DEJAVU_TARBALL := 33e1e61fab06a547851ed308b4ffef42-dejavu-fonts-ttf-2.37.zip
export FONT_GENTIUM_SHA256SUM := 2f1a2c5491d7305dffd3520c6375d2f3e14931ee35c6d8ae1e8f098bf1a7b3cc
export FONT_GENTIUM_TARBALL := 1725634df4bb3dcb1b2c91a6175f8789-GentiumBasic_1102.zip
export FONT_LIBERATION_NARROW_SHA256SUM := 61a7e2b6742a43c73e8762cdfeaf6dfcf9abdd2cfa0b099a9854d69bc4cfee5c
export FONT_LIBERATION_NARROW_TARBALL := 134d8262145fc793c6af494dcace3e71-liberation-fonts-ttf-1.07.4.tar.gz
export FONT_LIBERATION_SHA256SUM := 7890278a6cd17873c57d9cd785c2d230d9abdea837e96516019c5885dd271504
export FONT_LIBERATION_TARBALL := 5c781723a0d9ed6188960defba8e91cf-liberation-fonts-ttf-2.00.1.tar.gz
export FONT_LINLIBERTINEG_SHA256SUM := 54adcb2bc8cac0927a647fbd9362f45eff48130ce6e2379dc3867643019e08c5
export FONT_LINLIBERTINEG_TARBALL := e7a384790b13c29113e22e596ade9687-LinLibertineG-20120116.zip
export FONT_OPENSANS_SHA256SUM := cc80fd415e57ecec067339beadd0eef9eaa45e65d3c51a922ba5f9172779bfb8
export FONT_OPENSANS_TARBALL := 7a15edea7d415ac5150ea403e27401fd-open-sans-font-ttf-1.10.tar.gz
export FONT_PTSERIF_SHA256SUM := 6757feb23f889a82df59679d02b8ee1f907df0a0ac1c49cdb48ed737b60e5dfa
export FONT_PTSERIF_TARBALL := c3c1a8ba7452950636e871d25020ce0d-pt-serif-font-1.0000W.tar.gz
export FONT_SOURCECODE_SHA256SUM := 09466dce87653333f189acd8358c60c6736dcd95f042dee0b644bdcf65b6ae2f
export FONT_SOURCECODE_TARBALL := 907d6e99f241876695c19ff3db0b8923-source-code-pro-2.030R-ro-1.050R-it.tar.gz
export FONT_SOURCESANS_SHA256SUM := e7bc9a1fec787a529e49f5a26b93dcdcf41506449dfc70f92cdef6d17eb6fb61
export FONT_SOURCESANS_TARBALL := edc4d741888bc0d38e32dbaa17149596-source-sans-pro-2.010R-ro-1.065R-it.tar.gz
export FONT_EMOJIONE_COLOR_SHA256SUM := d1a08f7c10589f22740231017694af0a7a270760c8dec33d8d1c038e2be0a0c7
export FONT_EMOJIONE_COLOR_TARBALL := EmojiOneColor-SVGinOT-1.3.tar.gz
export FREEHAND_SHA256SUM := 0e422d1564a6dbf22a9af598535425271e583514c0f7ba7d9091676420de34ac
export FREEHAND_TARBALL := libfreehand-0.1.2.tar.xz
export FREETYPE_SHA256SUM := e5435f02e02d2b87bb8e4efdcaa14b1f78c9cf3ab1ed80f94b6382fb6acc7d78
export FREETYPE_TARBALL := freetype-2.8.1.tar.bz2
export GLM_SHA256SUM := d0312c360efe04dd048b3311fe375ff36f1993b4c2e3cb58c81062990532904a
export GLM_TARBALL := bae83fa5dc7f081768daace6e199adc3-glm-0.9.4.6-libreoffice.zip
export GPGME_SHA256SUM := 1b29fedb8bfad775e70eafac5b0590621683b2d9869db994568e6401f4034ceb
export GPGME_TARBALL := gpgme-1.9.0.tar.bz2
export GRAPHITE_SHA256SUM := aa5e58356cd084000609ebbd93fef456a1bc0ab9e46fea20e81552fb286232a9
export GRAPHITE_TARBALL := graphite2-minimal-1.3.10.tgz
export HARFBUZZ_SHA256SUM := ccec4930ff0bb2d0c40aee203075447954b64a8c2695202413cc5e428c907131
export HARFBUZZ_TARBALL := harfbuzz-1.4.8.tar.bz2
export HSQLDB_SHA256SUM := d30b13f4ba2e3b6a2d4f020c0dee0a9fb9fc6fbcc2d561f36b78da4bf3802370
export HSQLDB_TARBALL := 17410483b5b5f267aa18b7e00b65e6e0-hsqldb_1_8_0.zip
export HUNSPELL_SHA256SUM := 3cd9ceb062fe5814f668e4f22b2fa6e3ba0b339b921739541ce180cac4d6f4c4
export HUNSPELL_TARBALL := hunspell-1.6.2.tar.gz
export HYPHEN_SHA256SUM := 304636d4eccd81a14b6914d07b84c79ebb815288c76fe027b9ebff6ff24d5705
export HYPHEN_TARBALL := 5ade6ae2a99bc1e9e57031ca88d36dad-hyphen-2.8.8.tar.gz
export ICU_SHA256SUM := 7132fdaf9379429d004005217f10e00b7d2319d0fea22bdfddef8991c45b75fe
export ICU_TARBALL := icu4c-59_1-src.tgz
export ICU_DATA_SHA256SUM := 38a84c1289c32a96924ff286a2f33edc97671b4cc90e8c99708553a6b5a9e70a
export ICU_DATA_TARBALL := icu4c-59_1-data.zip
export JFREEREPORT_FLOW_ENGINE_SHA256SUM := 233f66e8d25c5dd971716d4200203a612a407649686ef3b52075d04b4c9df0dd
export JFREEREPORT_FLOW_ENGINE_TARBALL := ba2930200c9f019c2d93a8c88c651a0f-flow-engine-0.9.4.zip
export JFREEREPORT_FLUTE_SHA256SUM := 1b5b24f7bc543c0362b667692f78db8bab4ed6dafc6172f104d0bd3757d8a133
export JFREEREPORT_FLUTE_TARBALL := d8bd5eed178db6e2b18eeed243f85aa8-flute-1.1.6.zip
export JFREEREPORT_LIBBASE_SHA256SUM := 75c80359c9ce343c20aab8a36a45cb3b9ee7c61cf92c13ae45399d854423a9ba
export JFREEREPORT_LIBBASE_TARBALL := eeb2c7ddf0d302fba4bfc6e97eac9624-libbase-1.1.6.zip
export JFREEREPORT_LIBFONTS_SHA256SUM := e0531091787c0f16c83965fdcbc49162c059d7f0c64669e7f119699321549743
export JFREEREPORT_LIBFONTS_TARBALL := 3bdf40c0d199af31923e900d082ca2dd-libfonts-1.1.6.zip
export JFREEREPORT_LIBFORMULA_SHA256SUM := 5826d1551bf599b85742545f6e01a0079b93c1b2c8434bf409eddb3a29e4726b
export JFREEREPORT_LIBFORMULA_TARBALL := 3404ab6b1792ae5f16bbd603bd1e1d03-libformula-1.1.7.zip
export JFREEREPORT_LIBLAYOUT_SHA256SUM := e1fb87f3f7b980d33414473279615c4644027e013012d156efa538bc2b031772
export JFREEREPORT_LIBLAYOUT_TARBALL := db60e4fde8dd6d6807523deb71ee34dc-liblayout-0.2.10.zip
export JFREEREPORT_LIBLOADER_SHA256SUM := 3d853b19b1d94a6efa69e7af90f7f2b09ecf302913bee3da796c15ecfebcfac8
export JFREEREPORT_LIBLOADER_TARBALL := 97b2d4dba862397f446b217e2b623e71-libloader-1.1.6.zip
export JFREEREPORT_LIBREPOSITORY_SHA256SUM := abe2c57ac12ba45d83563b02e240fa95d973376de2f720aab8fe11f2e621c095
export JFREEREPORT_LIBREPOSITORY_TARBALL := 8ce2fcd72becf06c41f7201d15373ed9-librepository-1.1.6.zip
export JFREEREPORT_LIBSERIALIZER_SHA256SUM := 05640a1f6805b2b2d7e2cb9c50db9a5cb084e3c52ab1a71ce015239b4a1d4343
export JFREEREPORT_LIBSERIALIZER_TARBALL := f94d9870737518e3b597f9265f4e9803-libserializer-1.1.6.zip
export JFREEREPORT_LIBXML_SHA256SUM := 7d2797fe9f79a77009721e3f14fa4a1dec17a6d706bdc93f85f1f01d124fab66
export JFREEREPORT_LIBXML_TARBALL := ace6ab49184e329db254e454a010f56d-libxml-1.1.7.zip
export JFREEREPORT_SAC_SHA256SUM := 085f2112c51fa8c1783fac12fbd452650596415121348393bb51f0f7e85a9045
export JFREEREPORT_SAC_TARBALL := 39bb3fcea1514f1369fcfc87542390fd-sacjava-1.3.zip
export LIBJPEG_TURBO_SHA256SUM := 9098943b270388727ae61de82adec73cf9f0dbb240b3bc8b172595ebf405b528
export LIBJPEG_TURBO_TARBALL := libjpeg-turbo-1.5.2.tar.gz
export LANGTAGREG_SHA256SUM := d6a97fc8da5ae54d867e7f1b65ffb51e816cadd11714e45fc23ee0abf81a51ab
export LANGTAGREG_TARBALL := language-subtag-registry-2017-08-15.tar.bz2
export LANGUAGETOOL_SHA256SUM := 48c87e41636783bba438b65fd895821e369ed139e1465fac654323ad93c5a82d
export LANGUAGETOOL_TARBALL := b63e6340a02ff1cacfeadb2c42286161-JLanguageTool-1.7.0.tar.bz2
export LCMS2_SHA256SUM := 66d02b229d2ea9474e62c2b6cd6720fde946155cd1d0d2bffdab829790a0fb22
export LCMS2_TARBALL := lcms2-2.8.tar.gz
export LIBASSUAN_SHA256SUM := 22843a3bdb256f59be49842abf24da76700354293a066d82ade8134bb5aa2b71
export LIBASSUAN_TARBALL := libassuan-2.4.3.tar.bz2
export LIBATOMIC_OPS_SHA256SUM := cf5c52f08a2067ae4fe7c8919e3c1ccf3ee917f1749e0bcc7efffff59c68d9ad
export LIBATOMIC_OPS_TARBALL := libatomic_ops-7_2d.zip
export LIBEOT_SHA256SUM := cf5091fa8e7dcdbe667335eb90a2cfdd0a3fe8f8c7c8d1ece44d9d055736a06a
export LIBEOT_TARBALL := libeot-0.01.tar.bz2
export LIBEXTTEXTCAT_SHA256SUM := 13fdbc9d4c489a4d0519e51933a1aa21fe3fb9eb7da191b87f7a63e82797dac8
export LIBEXTTEXTCAT_TARBALL := libexttextcat-3.4.5.tar.xz
export LIBGPGERROR_SHA256SUM := 4f93aac6fecb7da2b92871bb9ee33032be6a87b174f54abf8ddf0911a22d29d2
export LIBGPGERROR_TARBALL := libgpg-error-1.27.tar.bz2
export LIBLANGTAG_SHA256SUM := d6242790324f1432fb0a6fae71b6851f520b2c5a87675497cf8ea14c2924d52e
export LIBLANGTAG_TARBALL := liblangtag-0.6.2.tar.bz2
export LIBTOMMATH_SHA256SUM := 083daa92d8ee6f4af96a6143b12d7fc8fe1a547e14f862304f7281f8f7347483
export LIBTOMMATH_TARBALL := ltm-1.0.zip
export XMLSEC_SHA256SUM := 967ca83edf25ccb5b48a3c4a09ad3405a63365576503bf34290a42de1b92fcd2
export XMLSEC_TARBALL := xmlsec1-1.2.25.tar.gz
export LIBXML_SHA256SUM := 8b9038cca7240e881d462ea391882092dfdc6d4f483f72683e817be08df5ebbc
export LIBXML_VERSION_MICRO := 6
export LIBXML_TARBALL := libxml2-2.9.$(LIBXML_VERSION_MICRO).tar.gz
export LIBXSLT_SHA256SUM := ba65236116de8326d83378b2bd929879fa185195bc530b9d1aba72107910b6b3
export LIBXSLT_TARBALL := libxslt-1.1.30.tar.gz
export LPSOLVE_SHA256SUM := 171816288f14215c69e730f7a4f1c325739873e21f946ff83884b350574e6695
export LPSOLVE_TARBALL := 26b3e95ddf3d9c077c480ea45874b3b8-lp_solve_5.5.tar.gz
export MARIADB_CONNECTOR_C_SHA256SUM := fd2f751dea049c1907735eb236aeace1d811d6a8218118b00bbaa9b84dc5cd60
export MARIADB_CONNECTOR_C_TARBALL := a233181e03d3c307668b4c722d881661-mariadb_client-2.0.0-src.tar.gz
export MDDS_SHA256SUM := 00aa92a28af9f1168a8e5c38e46f311abb65ef5b113ef56078ff104b94211460
export MDDS_TARBALL := mdds-1.3.0.tar.bz2
export MDNSRESPONDER_SHA256SUM := 4737cb51378377e11d0edb7bcdd1bec79cbdaa7b27ea09c13e3006e58f8d92c0
export MDNSRESPONDER_TARBALL := mDNSResponder-576.30.4.tar.gz
export MSPUB_SHA256SUM := 26d488527ffbb0b41686d4bab756e3e6aaeb99f88adeb169d0c16d2cde96859a
export MSPUB_TARBALL := libmspub-0.1.2.tar.bz2
export MWAW_SHA256SUM := 7691a6e6e7221d61c40e3f630a8907e3e516b99a587e47d09ec53f8ac60ed1e7
export MWAW_VERSION_MICRO := 12
export MWAW_TARBALL := libmwaw-0.3.$(MWAW_VERSION_MICRO).tar.xz
export MYSQL_CONNECTOR_CPP_SHA256SUM := a25f14dad39e93a2f9cdf09166ee53981f7212dce829e4208e07a522963a8585
export MYSQL_CONNECTOR_CPP_TARBALL := 7239a4430efd4d0189c4f24df67f08e5-mysql-connector-c++-1.1.4.tar.gz
export MYTHES_SHA256SUM := 1e81f395d8c851c3e4e75b568e20fa2fa549354e75ab397f9de4b0e0790a305f
export MYTHES_TARBALL := a8c2c5b8f09e7ede322d5c602ff6a4b6-mythes-1.2.4.tar.gz
export NEON_SHA256SUM := 00c626c0dc18d094ab374dbd9a354915bfe4776433289386ed489c2ec0845cdd
export NEON_TARBALL := 231adebe5c2f78fded3e3df6e958878e-neon-0.30.1.tar.gz
export NSS_SHA256SUM := 571ef672468d92808d5a4cd15ee17f914720fbe377eb40fe18e8b9a4f3da24ee
export NSS_TARBALL := nss-3.31.1-with-nspr-4.15.tar.gz
export ODFGEN_SHA256SUM := 2c7b21892f84a4c67546f84611eccdad6259875c971e98ddb027da66ea0ac9c2
export ODFGEN_VERSION_MICRO := 6
export ODFGEN_TARBALL := libodfgen-0.1.$(ODFGEN_VERSION_MICRO).tar.bz2
export ODFVALIDATOR_SHA256SUM := aa8896eef3adbd6b54d4ec1817c1bc3871cce99120faf26f93502077480233cf
export ODFVALIDATOR_JAR := odfvalidator-1.2.0-incubating-SNAPSHOT-jar-with-dependencies+ODFTOOLKIT-460+ODFTOOLKIT-461.jar
export OFFICEOTRON_SHA256SUM := f2443f27561af52324eee03a1892d9f569adc8db9e7bca55614898bc2a13a770
export OFFICEOTRON_JAR := 8249374c274932a21846fa7629c2aa9b-officeotron-0.7.4-master.jar
export OPENLDAP_SHA256SUM := d7de6bf3c67009c95525dde3a0212cc110d0a70b92af2af8e3ee800e81b88400
export OPENLDAP_TARBALL := openldap-2.4.44.tgz
export OPENSSL_SHA256SUM := 6b3977c61f2aedf0f96367dcfb5c6e578cf37e7b8d913b4ecb6643c3cb88d8c0
export OPENSSL_TARBALL := openssl-1.0.2k.tar.gz
export ORCUS_SHA256SUM := 676b1fedd721f64489650f5e76d7f98b750439914d87cae505b8163d08447908
export ORCUS_TARBALL := liborcus-0.12.1.tar.gz
export OWNCLOUD_ANDROID_LIB_SHA256SUM := b18b3e3ef7fae6a79b62f2bb43cc47a5346b6330f6a383dc4be34439aca5e9fb
export OWNCLOUD_ANDROID_LIB_TARBALL := owncloud-android-library-0.9.4-no-binary-deps.tar.gz
export PAGEMAKER_SHA256SUM := 3b5de037692f8e156777a75e162f6b110fa24c01749e4a66d7eb83f364e52a33
export PAGEMAKER_TARBALL := libpagemaker-0.0.3.tar.bz2
export PDFIUM_SHA256SUM := 7dc0d33fc24b1612865f5e173d48800ba3f2db891c57e3f92b9d2ce56ffeb72f
export PDFIUM_TARBALL := pdfium-3235.tar.bz2
export PIXMAN_SHA256SUM := 21b6b249b51c6800dc9553b65106e1e37d0e25df942c90531d4c3997aa20a88e
export PIXMAN_TARBALL := e80ebae4da01e77f68744319f01d52a3-pixman-0.34.0.tar.gz
export LIBPNG_SHA256SUM := 2f1e960d92ce3b3abd03d06dfec9637dfbd22febf107a536b44f7a47c60659f6
export LIBPNG_TARBALL := libpng-1.6.34.tar.xz
export POPPLER_SHA256SUM := a3d626b24cd14efa9864e12584b22c9c32f51c46417d7c10ca17651f297c9641
export POPPLER_TARBALL := poppler-0.59.0.tar.xz
export POSTGRESQL_SHA256SUM := db61d498105a7d5fe46185e67ac830c878cdd7dc1f82a87f06b842217924c461
export POSTGRESQL_TARBALL := c0b4799ea9850eae3ead14f0a60e9418-postgresql-9.2.1.tar.bz2
export PYTHON_SHA256SUM := 6ed87a8b6c758cc3299a8b433e8a9a9122054ad5bc8aad43299cff3a53d8ca44
export PYTHON_TARBALL := Python-3.5.4.tgz
export QXP_SHA256SUM := 0dd32afbf1c889debc28848b260c1bdc0eba5f57504476b787e164f7c59776d5
export QXP_TARBALL := libqxp-0.0.0.tar.xz
export RAPTOR_SHA256SUM := ada7f0ba54787b33485d090d3d2680533520cd4426d2f7fb4782dd4a6a1480ed
export RAPTOR_TARBALL := a39f6c07ddb20d7dd2ff1f95fa21e2cd-raptor2-2.0.15.tar.gz
export RASQAL_SHA256SUM := 6924c9ac6570bd241a9669f83b467c728a322470bf34f4b2da4f69492ccfd97c
export RASQAL_TARBALL := 1f5def51ca0026cd192958ef07228b52-rasqal-0.9.33.tar.gz
export REDLAND_SHA256SUM := de1847f7b59021c16bdc72abb4d8e2d9187cd6124d69156f3326dd34ee043681
export REDLAND_TARBALL := e5be03eda13ef68aabab6e42aa67715e-redland-1.0.17.tar.gz
export REVENGE_SHA256SUM := c51601cd08320b75702812c64aae0653409164da7825fd0f451ac2c5dbe77cbf
export REVENGE_VERSION_MICRO := 4
export REVENGE_TARBALL := librevenge-0.0.$(REVENGE_VERSION_MICRO).tar.bz2
export RHINO_SHA256SUM := 1fb458d6aab06932693cc8a9b6e4e70944ee1ff052fa63606e3131df34e21753
export RHINO_TARBALL := 798b2ffdc8bcfe7bca2cf92b62caf685-rhino1_5R5.zip
export SERF_SHA256SUM := 6988d394b62c3494635b6f0760bc3079f9a0cd380baf0f6b075af1eb9fa5e700
export SERF_TARBALL := serf-1.2.1.tar.bz2
export STAROFFICE_SHA256SUM := 315507add58068aa6d5c437e7c2a6fd1abe684515915152c6cf338fc588da982
export STAROFFICE_VERSION_MICRO := 5
export STAROFFICE_TARBALL := libstaroffice-0.0.$(STAROFFICE_VERSION_MICRO).tar.xz
export SWING_SHA256SUM := 64585ac36a81291a58269ec5347e7e3e2e8596dbacb9221015c208191333c6e1
export SWING_TARBALL := 35c94d2df8893241173de1d16b6034c0-swingExSrc.zip
export UCPP_SHA256SUM := 983941d31ee8d366085cadf28db75eb1f5cb03ba1e5853b98f12f7f51c63b776
export UCPP_TARBALL := 0168229624cfac409e766913506961a8-ucpp-1.3.2.tar.gz
export VISIO_SHA256SUM := fe1002d3671d53c09bc65e47ec948ec7b67e6fb112ed1cd10966e211a8bb50f9
export VISIO_TARBALL := libvisio-0.1.6.tar.xz
export WPD_SHA256SUM := 323f68beaf4f35e5a4d7daffb4703d0566698280109210fa4eaa90dea27d6610
export WPD_VERSION_MICRO := 2
export WPD_TARBALL := libwpd-0.10.$(WPD_VERSION_MICRO).tar.xz
export WPG_SHA256SUM := 57faf1ab97d63d57383ac5d7875e992a3d190436732f4083310c0471e72f8c33
export WPG_VERSION_MICRO := 2
export WPG_TARBALL := libwpg-0.3.$(WPG_VERSION_MICRO).tar.xz
export WPS_SHA256SUM := 2f2cab630bceace24f9dbb7d187cd6cd1f4c9f8a7b682c5f7e49c1e2cb58b217
export WPS_VERSION_MICRO := 7
export WPS_TARBALL := libwps-0.4.$(WPS_VERSION_MICRO).tar.xz
export XSLTML_SHA256SUM := 75823776fb51a9c526af904f1503a7afaaab900fba83eda64f8a41073724c870
export XSLTML_TARBALL := a7983f859eafb2677d7ff386a023bc40-xsltml_2.1.2.zip
export ZLIB_SHA256SUM := 4ff941449631ace0d4d203e3483be9dbc9da454084111f97ea0a2114e19bf066
export ZLIB_TARBALL := zlib-1.2.11.tar.xz
export ZMF_SHA256SUM := 27051a30cb057fdb5d5de65a1f165c7153dc76e27fe62251cbb86639eb2caf22
export ZMF_TARBALL := libzmf-0.0.2.tar.xz

NUMBERTEXT_EXTENSION_SHA256SUM := 1568ed1d2feb8210bb5de61d69574a165cded536cfa17c6953c9064076469de2
UNOWINREG_SHA256SUM := eafde646a7dbe46d20c291685b0beac2382174d78d66ee990e229a1bf6e6cec6
