mkdir: %COMMON_DEST%\idl\com
mkdir: %COMMON_DEST%\idl\com\sun
mkdir: %COMMON_DEST%\idl\com\sun\star
mkdir: %COMMON_DEST%\idl\com\sun\star\beans
mkdir: %COMMON_DEST%\idl\com\sun\star\bridge
mkdir: %COMMON_DEST%\idl\com\sun\star\bridge\oleautomation
mkdir: %COMMON_DEST%\idl\com\sun\star\connection
mkdir: %COMMON_DEST%\idl\com\sun\star\container
mkdir: %COMMON_DEST%\idl\com\sun\star\io
mkdir: %COMMON_DEST%\idl\com\sun\star\java
mkdir: %COMMON_DEST%\idl\com\sun\star\lang
mkdir: %COMMON_DEST%\idl\com\sun\star\reflection
mkdir: %COMMON_DEST%\idl\com\sun\star\registry
mkdir: %COMMON_DEST%\idl\com\sun\star\loader
mkdir: %COMMON_DEST%\idl\com\sun\star\script
mkdir: %COMMON_DEST%\idl\com\sun\star\test
mkdir: %COMMON_DEST%\idl\com\sun\star\test\performance
mkdir: %COMMON_DEST%\idl\com\sun\star\test\bridge
mkdir: %COMMON_DEST%\idl\com\sun\star\uno
mkdir: %COMMON_DEST%\idl\com\sun\star\util
mkdir: %COMMON_DEST%\idl\com\sun\star\util\logging
mkdir: %COMMON_DEST%\idl\com\sun\star\security
mkdir: %COMMON_DEST%\idl\com\sun\star\task
mkdir: %COMMON_DEST%\idl\com\sun\star\uri
mkdir: %_DEST%\bin\ure

..\%__SRC%\misc\udkapi.autodoc %_DEST%\idl\udkapi.autodoc
..\%__SRC%\ucr\udkapi.db %_DEST%\bin\udkapi.rdb
..\%__SRC%\ucr\udkapi.db %_DEST%\bin\ure\types.rdb
..\%__SRC%\ucrdoc\udkapi_doc.db %_DEST%\bin\udkapi_doc.rdb

..\com\sun\star\*.idl %COMMON_DEST%\idl\com\sun\star
..\com\sun\star\beans\*.idl %COMMON_DEST%\idl\com\sun\star\beans
..\com\sun\star\bridge\*.idl %COMMON_DEST%\idl\com\sun\star\bridge
..\com\sun\star\bridge\oleautomation\*.idl %COMMON_DEST%\idl\com\sun\star\bridge\oleautomation
..\com\sun\star\connection\*.idl %COMMON_DEST%\idl\com\sun\star\connection
..\com\sun\star\container\*.idl %COMMON_DEST%\idl\com\sun\star\container
..\com\sun\star\io\*.idl %COMMON_DEST%\idl\com\sun\star\io
..\com\sun\star\java\*.idl %COMMON_DEST%\idl\com\sun\star\java
..\com\sun\star\lang\*.idl %COMMON_DEST%\idl\com\sun\star\lang
..\com\sun\star\reflection\*.idl %COMMON_DEST%\idl\com\sun\star\reflection
..\com\sun\star\registry\*.idl %COMMON_DEST%\idl\com\sun\star\registry
..\com\sun\star\loader\*.idl %COMMON_DEST%\idl\com\sun\star\loader
..\com\sun\star\script\*.idl %COMMON_DEST%\idl\com\sun\star\script
..\com\sun\star\test\*.idl %COMMON_DEST%\idl\com\sun\star\test
..\com\sun\star\test\performance\*.idl %COMMON_DEST%\idl\com\sun\star\test\performance
..\com\sun\star\test\bridge\*.idl %COMMON_DEST%\idl\com\sun\star\test\bridge
..\com\sun\star\uno\*.idl %COMMON_DEST%\idl\com\sun\star\uno
..\com\sun\star\util\*.idl %COMMON_DEST%\idl\com\sun\star\util
..\com\sun\star\util\logging\*.idl %COMMON_DEST%\idl\com\sun\star\util\logging
..\com\sun\star\security\*.idl %COMMON_DEST%\idl\com\sun\star\security
..\com\sun\star\task\*.idl %COMMON_DEST%\idl\com\sun\star\task
..\com\sun\star\uri\*.idl %COMMON_DEST%\idl\com\sun\star\uri

..\%__SRC%\lib\lib*static*.dylib %_DEST%\lib\lib*static*.dylib
