mkdir: %_DEST%\inc%_EXT%\oox
mkdir: %_DEST%\inc%_EXT%\oox\core
mkdir: %_DEST%\inc%_EXT%\oox\helper
mkdir: %_DEST%\inc%_EXT%\oox\vml
mkdir: %_DEST%\inc%_EXT%\oox\drawingml
mkdir: %_DEST%\inc%_EXT%\oox\drawingml\chart
mkdir: %_DEST%\inc%_EXT%\oox\drawingml\table

..\%__SRC%\misc\*.map %_DEST%\bin%_EXT%\*.map
..\%__SRC%\lib\ixo.lib %_DEST%\lib%_EXT%\ixo.lib
..\%__SRC%\lib\xol.lib %_DEST%\lib%_EXT%\xol.lib
..\%__SRC%\lib\libxol.a %_DEST%\lib%_EXT%\libxol.a
..\%__SRC%\bin\*.dll %_DEST%\bin%_EXT%\*.dll
..\%__SRC%\lib\lib*.so %_DEST%\lib%_EXT%\lib*.so
..\%__SRC%\lib\i*.lib %_DEST%\lib%_EXT%\i*.lib

..\inc\oox\dllapi.h %_DEST%\inc%_EXT%\oox\dllapi.h
..\source\token\tokens.txt %_DEST%\inc%_EXT%\oox\token.txt
..\inc\oox\core\filterbase.hxx %_DEST%\inc%_EXT%\oox\core\filterbase.hxx
..\inc\oox\core\relations.hxx %_DEST%\inc%_EXT%\oox\core\relations.hxx
..\%__SRC%\inc\tokens.hxx %_DEST%\inc%_EXT%\oox\core\tokens.hxx
..\inc\oox\core\xmlfilterbase.hxx %_DEST%\inc%_EXT%\oox\core\xmlfilterbase.hxx
..\inc\oox\helper\binarystreambase.hxx %_DEST%\inc%_EXT%\oox\helper\binarystreambase.hxx
..\inc\oox\helper\helper.hxx %_DEST%\inc%_EXT%\oox\helper\helper.hxx
..\inc\oox\helper\storagebase.hxx %_DEST%\inc%_EXT%\oox\helper\storagebase.hxx
..\inc\oox\helper\zipstorage.hxx %_DEST%\inc%_EXT%\oox\helper\zipstorage.hxx
..\inc\oox\vml\drawing.hxx %_DEST%\inc%_EXT%\oox\vml\drawing.hxx
..\inc\oox\drawingml\chart\chartconverter.hxx %_DEST%\inc%_EXT%\oox\drawingml\chart\chartconverter.hxx
..\inc\oox\drawingml\table\tablestylelist.hxx %_DEST%\inc%_EXT%\oox\drawingml\table\tablestylelist.hxx
..\inc\oox\vml\shape.hxx %_DEST%\inc%_EXT%\oox\vml\shape.hxx

..\%__SRC%\lib\*.dylib %_DEST%\lib%_EXT%\*.dylib

dos: sh -c "if test %OS% = MACOSX; then create-bundle %_DEST%\lib%_EXT%\*.dylib; fi"

..\xml\components.xml %_DEST%\xml%_EXT%\components.xml
