# For the Flatpak build (which cannot execute `make fetch` from its---sandboxed---build
# environment), there is a solenv/flatpak-external-tarballs.json.in that references these variables.
# There is a script solenv/bin/generate-flatpak-manifest.sh to substitute the variables,
# so upgrading to a new version only requires changes in download.lst.

ABW_SHA256SUM := fa2685a3440da6e03a66a778480d93cb95f6064e4541e58e37397680760fd6a0
ABW_TARBALL := libabw-0.1.4.tar.xz
# three static lines
# so that git cherry-pick
# will not run into conflicts
ARGON2_SHA256SUM := daf972a89577f8772602bf2eb38b6a3dd3d922bf5724d45e7f9589b5e830442c
ARGON2_TARBALL := phc-winner-argon2-20190702.tar.gz
# three static lines
# so that git cherry-pick
# will not run into conflicts
# please repack the tarball using external/boost/repack_tarball.sh
BOOST_SHA256SUM := 2f975c10da79511c2f218189fc8a12eef1a92e3bd18206e9841d406296d065eb
BOOST_TARBALL := boost_1_91_0.tar.xz
# three static lines
# so that git cherry-pick
# will not run into conflicts
BOX2D_SHA256SUM := d6b4650ff897ee1ead27cf77a5933ea197cbeef6705638dd181adc2e816b23c2
BOX2D_TARBALL := box2d-2.4.1.tar.gz
# three static lines
# so that git cherry-pick
# will not run into conflicts
BZIP2_SHA256SUM := ab5a03176ee106d3f0fa90e381da478ddae405918153cca248e682cd0c4a2269
BZIP2_TARBALL := bzip2-1.0.8.tar.gz
# three static lines
# so that git cherry-pick
# will not run into conflicts
CAIRO_SHA256SUM := 445ed8208a6e4823de1226a74ca319d3600e83f6369f99b14265006599c32ccb
CAIRO_VERSION_MICRO := 4
CAIRO_TARBALL := cairo-1.18.$(CAIRO_VERSION_MICRO).tar.xz
# three static lines
# so that git cherry-pick
# will not run into conflicts
CDR_SHA256SUM := f7bb6abdd7f226820f288a93dd8d07759833c0250d9e202af90f9b312c4665a3
CDR_TARBALL := libcdr-0.1.9.tar.xz
# three static lines
# so that git cherry-pick
# will not run into conflicts
CLUCENE_SHA256SUM := ddfdc433dd8ad31b5c5819cc4404a8d2127472a3b720d3e744e8c51d79732eab
CLUCENE_TARBALL := 48d647fbd8ef8889e5a7f422c1bfda94-clucene-core-2.3.3.4.tar.gz
# three static lines
# so that git cherry-pick
# will not run into conflicts
DRAGONBOX_SHA256SUM := 09d63b05e9c594ec423778ab59b7a5aa1d76fdd71d25c7048b0258c4ec9c3384
DRAGONBOX_TARBALL := dragonbox-1.1.3.tar.gz
# three static lines
# so that git cherry-pick
# will not run into conflicts
FAST_FLOAT_SHA256SUM := e64b5fff88e04959154adbd5fb83331d91f2e04ac06454671cdfcbdff172b158
FAST_FLOAT_TARBALL := fast_float-8.2.2.tar.gz
# three static lines
# so that git cherry-pick
# will not run into conflicts
LIBCMIS_SHA256SUM := 5adb3781f374adf491103b2cb2dc290085150c9b7d097baf56d8ac35df84e792
LIBCMIS_TARBALL := libcmis-0.6.3.tar.xz
# three static lines
# so that git cherry-pick
# will not run into conflicts
COINMP_SHA256SUM := 3459fb0ccbdd39342744684338984ac4cc153fb0434f4cae8cf74bd67490a38d
COINMP_TARBALL := CoinMP-1.8.4.tgz
# three static lines
# so that git cherry-pick
# will not run into conflicts
CPPUNIT_SHA256SUM := 89c5c6665337f56fd2db36bc3805a5619709d51fb136e51937072f63fcc717a7
CPPUNIT_TARBALL := cppunit-1.15.1.tar.gz
# three static lines
# so that git cherry-pick
# will not run into conflicts
CURL_SHA256SUM := f4619a1e2474c4bbfedc88a7c2191209c8334b48fa1f4e53fd584cc12e9120dd
CURL_TARBALL := curl-8.14.1.tar.xz
# three static lines
# so that git cherry-pick
# will not run into conflicts
EBOOK_SHA256SUM := 7e8d8ff34f27831aca3bc6f9cc532c2f90d2057c778963b884ff3d1e34dfe1f9
EBOOK_TARBALL := libe-book-0.1.3.tar.xz
# three static lines
# so that git cherry-pick
# will not run into conflicts
EPM_SHA256SUM := b3fc4c5445de6c9a801504a3ea3efb2d4ea9d5a622c9427e716736e7713ddb91
EPM_TARBALL := 3ade8cfe7e59ca8e65052644fed9fca4-epm-3.7.tar.gz
# three static lines
# so that git cherry-pick
# will not run into conflicts
EPUBGEN_SHA256SUM := 03e084b994cbeffc8c3dd13303b2cb805f44d8f2c3b79f7690d7e3fc7f6215ad
EPUBGEN_TARBALL := libepubgen-0.1.1.tar.xz
# three static lines
# so that git cherry-pick
# will not run into conflicts
ETONYEK_SHA256SUM := 032b71cb597edd92a0b270b916188281bc35be55296b263f6817b29adbcb1709
ETONYEK_VERSION_MICRO := 13
ETONYEK_TARBALL := libetonyek-0.1.$(ETONYEK_VERSION_MICRO).tar.xz
# three static lines
# so that git cherry-pick
# will not run into conflicts
EXPAT_SHA256SUM := 1032dfef4ff17f70464827daa28369b20f6584d108bc36f17ab1676e1edd2f91
EXPAT_TARBALL := expat-2.7.5.tar.xz
# three static lines
# so that git cherry-pick
# will not run into conflicts
FONTCONFIG_SHA256SUM := 9f5cae93f4fffc1fbc05ae99cdfc708cd60dfd6612ffc0512827025c026fa541
FONTCONFIG_TARBALL := fontconfig-2.17.1.tar.xz
# three static lines
# so that git cherry-pick
# will not run into conflicts
# There are sadly now two Caladea fonts with different metrics, see:
#  https://bugzilla.redhat.com/show_bug.cgi?id=2162532
#  https://github.com/huertatipografica/Caladea/issues/4
# be careful on potential upgrades
FONT_CALADEA_SHA256SUM := c48d1c2fd613c9c06c959c34da7b8388059e2408d2bb19845dc3ed35f76e4d09
FONT_CALADEA_TARBALL := 368f114c078f94214a308a74c7e991bc-crosextrafonts-20130214.tar.gz
# three static lines
# so that git cherry-pick
# will not run into conflicts
# There are sadly now two Carlito fonts with different metrics, see:
#  https://github.com/google/fonts/issues/9720
#  https://github.com/CollaboraOnline/online/issues/15578
# be careful on potential upgrades
FONT_CARLITO_SHA256SUM := 4bd12b6cbc321c1cf16da76e2c585c925ce956a08067ae6f6c64eff6ccfdaf5a
FONT_CARLITO_TARBALL := c74b7223abe75949b4af367942d96c7a-crosextrafonts-carlito-20130920.tar.gz
# three static lines
# so that git cherry-pick
# will not run into conflicts
FONT_DEJAVU_SHA256SUM := 7576310b219e04159d35ff61dd4a4ec4cdba4f35c00e002a136f00e96a908b0a
FONT_DEJAVU_TARBALL := 33e1e61fab06a547851ed308b4ffef42-dejavu-fonts-ttf-2.37.zip
# three static lines
# so that git cherry-pick
# will not run into conflicts
FONT_GENTIUM_SHA256SUM := 2f1a2c5491d7305dffd3520c6375d2f3e14931ee35c6d8ae1e8f098bf1a7b3cc
FONT_GENTIUM_TARBALL := 1725634df4bb3dcb1b2c91a6175f8789-GentiumBasic_1102.zip
# three static lines
# so that git cherry-pick
# will not run into conflicts
FONT_KARLA_SHA256SUM := c64cdbc55389c1bfb320dcef41a19f156bad271a99bc9253be118564dbb738b5
FONT_KARLA_TARBALL := 2024-09-19-karla-main.zip
# three static lines
# so that git cherry-pick
# will not run into conflicts
FONT_LIBERATION_NARROW_SHA256SUM := 8879d89b5ff7b506c9fc28efc31a5c0b954bbe9333e66e5283d27d20a8519ea3
FONT_LIBERATION_NARROW_TARBALL := liberation-narrow-fonts-ttf-1.07.6.tar.gz
# three static lines
# so that git cherry-pick
# will not run into conflicts
FONT_LIBERATION_SHA256SUM := 7191c669bf38899f73a2094ed00f7b800553364f90e2637010a69c0e268f25d0
FONT_LIBERATION_TARBALL := liberation-fonts-ttf-2.1.5.tar.gz
# three static lines
# so that git cherry-pick
# will not run into conflicts
FONT_LINLIBERTINEG_SHA256SUM := 54adcb2bc8cac0927a647fbd9362f45eff48130ce6e2379dc3867643019e08c5
FONT_LINLIBERTINEG_TARBALL := e7a384790b13c29113e22e596ade9687-LinLibertineG-20120116.zip
# three static lines
# so that git cherry-pick
# will not run into conflicts
FONT_SOURCESANS_SHA256SUM := e7bc9a1fec787a529e49f5a26b93dcdcf41506449dfc70f92cdef6d17eb6fb61
FONT_SOURCESANS_TARBALL := edc4d741888bc0d38e32dbaa17149596-source-sans-pro-2.010R-ro-1.065R-it.tar.gz
# three static lines
# so that git cherry-pick
# will not run into conflicts
FONT_NOTO_KUFI_ARABIC_SHA256SUM := 34390882c196f032811f2a3db8982c1e839f69aae3e4c2c1fdd63203150690df
FONT_NOTO_KUFI_ARABIC_TARBALL := NotoKufiArabic-v2.110.zip
# three static lines
# so that git cherry-pick
# will not run into conflicts
FONT_NOTO_SANS_SHA256SUM := 0c34df072a3fa7efbb7cbf34950e1f971a4447cffe365d3a359e2d4089b958f5
FONT_NOTO_SANS_TARBALL := NotoSans-v2.015.zip
# three static lines
# so that git cherry-pick
# will not run into conflicts
FONT_NOTO_SERIF_SHA256SUM := 0e9a43c8a4b94ac76f55069ed1d7385bbcaf6b99527a94deb5619e032b7e76c1
FONT_NOTO_SERIF_TARBALL := NotoSerif-v2.015.zip
# three static lines
# so that git cherry-pick
# will not run into conflicts
FONT_NOTO_SERIF_HEBREW_SHA256SUM := 99523f4f21051495f18cbd5169ed0d1e9b395eefe770fece1844a4a7a00c46da
FONT_NOTO_SERIF_HEBREW_TARBALL := NotoSerifHebrew-v2.004.zip
# three static lines
# so that git cherry-pick
# will not run into conflicts
FONT_NOTO_SANS_ARABIC_SHA256SUM := a5a34ac1ea01d0d71c083f99440ebfb1f64224474a0d88bb7ef0e2f8d9a996d2
FONT_NOTO_SANS_ARABIC_TARBALL := NotoSansArabic-v2.010.zip
# three static lines
# so that git cherry-pick
# will not run into conflicts
FONT_NOTO_NASKH_ARABIC_SHA256SUM := 6c050ab9bd087d69b733c505a7576e60c528c2f33cd7b91005a5bd7da4514032
FONT_NOTO_NASKH_ARABIC_TARBALL := NotoNaskhArabic-v2.021.zip
# three static lines
# so that git cherry-pick
# will not run into conflicts
FONT_NOTO_SANS_HEBREW_SHA256SUM := df0a71814b4e63644cf40fcc4529111b61266b7a2dafbe95068b29a7520cc3cb
FONT_NOTO_SANS_HEBREW_TARBALL := NotoSansHebrew-v3.001.zip
# three static lines
# so that git cherry-pick
# will not run into conflicts
FONT_NOTO_SANS_ARMENIAN_SHA256SUM := eab89b99e134177ca6a3f9f0412a7cb812aafceb13175d686b4c45cb237f64ac
FONT_NOTO_SANS_ARMENIAN_TARBALL := NotoSansArmenian-v2.008.zip
# three static lines
# so that git cherry-pick
# will not run into conflicts
FONT_NOTO_SERIF_ARMENIAN_SHA256SUM := b21c198a4c76ae598a304decefb3b5c2a4c2d4c3ae226728eff359185f291c6f
FONT_NOTO_SERIF_ARMENIAN_TARBALL := NotoSerifArmenian-v2.008.zip
# three static lines
# so that git cherry-pick
# will not run into conflicts
FONT_NOTO_SANS_GEORGIAN_SHA256SUM := 10e85011008108308e6feab0408242acb07804da61ede3d3ff236461ae07ab1b
FONT_NOTO_SANS_GEORGIAN_TARBALL := NotoSansGeorgian-v2.005.zip
# three static lines
# so that git cherry-pick
# will not run into conflicts
FONT_NOTO_SERIF_GEORGIAN_SHA256SUM := cfb41a264b97d463bab6807a5be937ba4a6ddcfa93d519a21b98b0ba73ca27d4
FONT_NOTO_SERIF_GEORGIAN_TARBALL := NotoSerifGeorgian-v2.003.zip
# three static lines
# so that git cherry-pick
# will not run into conflicts
FONT_NOTO_SANS_LAO_SHA256SUM := 5a87c31b1a40ef8147c1e84437e5f0ceba2d4dbbfc0b56a65821ad29870da8c0
FONT_NOTO_SANS_LAO_TARBALL := NotoSansLao-v2.003.zip
# three static lines
# so that git cherry-pick
# will not run into conflicts
FONT_NOTO_SERIF_LAO_SHA256SUM := e96a303d3347790b0ef3db274971a989a736ce766ec9ea1bea0e1458568a80b2
FONT_NOTO_SERIF_LAO_TARBALL := NotoSerifLao-v2.003.zip
# three static lines
# so that git cherry-pick
# will not run into conflicts
FONT_NOTO_SANS_LISU_SHA256SUM := b12a1ff762680681b7ce4d98dd29a7f54d90f5bcadd10c955afc640a27b3a268
FONT_NOTO_SANS_LISU_TARBALL := NotoSansLisu-v2.102.zip
# three static lines
# so that git cherry-pick
# will not run into conflicts
FONT_NOTO_MORE_SHA256SUM := 837b4a9352fce32ad7f298fbf155af1da5b6f3f8dbd995eb63fdd8e82117e4ae
FONT_NOTO_MORE_TARBALL := Noto-hinted.zip
# three static lines
# so that git cherry-pick
# will not run into conflicts
FONT_NOTO_SANS_JP_SHA256SUM := 6886c5526628c08f1e21a84f4658ab3daf6d0233de8dc54526ccf9f40bfab18e
export FONT_NOTO_SANS_JP_TARBALL := NotoSansJP.zip
# three static lines
# so that git cherry-pick
# will not run into conflicts
FONT_NOTO_SANS_KR_SHA256SUM := 5147b755c29f16f82b706b1c7ff7982894fccbebcf99e6c5fb0d48c315604b98
FONT_NOTO_SANS_KR_TARBALL := NotoSansKR.zip
# three static lines
# so that git cherry-pick
# will not run into conflicts
FONT_NOTO_SANS_SC_SHA256SUM := bee1af8c0722cfb3eb1b2fa91a7f3dc011dca231c25c8fcd9d9d544699ababf9
FONT_NOTO_SANS_SC_TARBALL := NotoSansSC.zip
# three static lines
# so that git cherry-pick
# will not run into conflicts
FONT_NOTO_SANS_TC_SHA256SUM := ec9e8a4156593e1b3ff7cff843989f43f114f96eff0b5db9691ef3c2bdefb73e
FONT_NOTO_SANS_TC_TARBALL := NotoSansTC.zip
# three static lines
# so that git cherry-pick
# will not run into conflicts
FONT_NOTO_SERIF_JP_SHA256SUM := 362438901cb871bf84b01ff4734c668dab57b4905f39e5ec76d8b68a7a7b5fa8
FONT_NOTO_SERIF_JP_TARBALL := NotoSerifJP.zip
# three static lines
# so that git cherry-pick
# will not run into conflicts
FONT_NOTO_SERIF_KR_SHA256SUM := 3c0d276fb05aaefbbca808b4f8c7b1520b4b4e7c0be46296d6e8a5e42f559f5c
FONT_NOTO_SERIF_KR_TARBALL := NotoSerifKR.zip
# three static lines
# so that git cherry-pick
# will not run into conflicts
FONT_NOTO_SERIF_SC_SHA256SUM := 00ed5970680a82453619ac5952c5631ea138372bbb0f864d156d91a0fd9c8279
FONT_NOTO_SERIF_SC_TARBALL := NotoSerifSC.zip
# three static lines
# so that git cherry-pick
# will not run into conflicts
FONT_NOTO_SERIF_TC_SHA256SUM := c33e04199f6d69056a6de0ebc5522dbe36e02f145208c71c9a4c803841151ad2
FONT_NOTO_SERIF_TC_TARBALL := NotoSerifTC.zip
# three static lines
# so that git cherry-pick
# will not run into conflicts
FONT_CULMUS_SHA256SUM := 6daed104481007752a76905000e71c0093c591c8ef3017d1b18222c277fc52e3
FONT_CULMUS_TARBALL := culmus-0.140.tar.gz
# three static lines
# so that git cherry-pick
# will not run into conflicts
FONT_LIBRE_HEBREW_SHA256SUM := f596257c1db706ce35795b18d7f66a4db99d427725f20e9384914b534142579a
FONT_LIBRE_HEBREW_TARBALL := libre-hebrew-1.0.tar.gz
# three static lines
# so that git cherry-pick
# will not run into conflicts
FONT_ALEF_SHA256SUM := b98b67602a2c8880a1770f0b9e37c190f29a7e2ade5616784f0b89fbdb75bf52
FONT_ALEF_TARBALL := alef-1.001.tar.gz
# three static lines
# so that git cherry-pick
# will not run into conflicts
FONT_AMIRI_SHA256SUM := cae999a9fc5638cb69cf0812e8bca1437ef1ebbf094f8b3c5b3f0a3ea2ef8c3a
FONT_AMIRI_TARBALL := Amiri-1.001.zip
# three static lines
# so that git cherry-pick
# will not run into conflicts
FONT_REEM_SHA256SUM := 94ae468fd88f37011607f03466bfc3a03fb617682b7bac6419b70de94cac22f0
FONT_REEM_TARBALL := ReemKufi-2.0.zip
# three static lines
# so that git cherry-pick
# will not run into conflicts
FONT_SCHEHERAZADE_SHA256SUM := 251c8817ceb87d9b661ce1d5b49e732a0116add10abc046be4b8ba5196e149b5
FONT_SCHEHERAZADE_TARBALL := Scheherazade-2.100.zip
# three static lines
# so that git cherry-pick
# will not run into conflicts
FONT_OPENDYSLEXIC_SHA256SUM := b92d7fcb9409f2bcfd23b65ac71647256eb49c429f4fbb1cc870381fc93eb486
FONT_OPENDYSLEXIC_TARBALL := opendyslexic-0.910.12-rc2-2019.10.17.zip
# three static lines
# so that git cherry-pick
# will not run into conflicts
FONT_OPEN_SANS_TARBALL := Open_Sans.zip
FONT_OPEN_SANS_SHA256SUM := 85d79a39d26acb207ba13fb1007189d55355a0faf2cf7ccfe6a2edf2abac06d9
# three static lines
# so that git cherry-pick
# will not run into conflicts
FONT_AGDASIMA_TARBALL := Agdasima-2.002.zip
FONT_AGDASIMA_SHA256SUM := b4c17499f8bc183320ffdcf1f8491c778dd68a237adc056dc08e1fcb2da488f3
# three static lines
# so that git cherry-pick
# will not run into conflicts
FONT_BACASIME_ANTIQUE_TARBALL := Bacasime_Antique-2.000.zip
FONT_BACASIME_ANTIQUE_SHA256SUM := 81127cebc97d4ee0b950c2bc2d6be0ed29abfe0d5988435eb9a39e382557250a
# three static lines
# so that git cherry-pick
# will not run into conflicts
FONT_BELANOSIMA_TARBALL := Belanosima-2.000.zip
FONT_BELANOSIMA_SHA256SUM := 9c30e9e7cdb0797b651113a77f6b789659b8d8598a466b2ba92754e9dec30449
# three static lines
# so that git cherry-pick
# will not run into conflicts
FONT_CAPRASIMO_TARBALL := Caprasimo-1.001.zip
FONT_CAPRASIMO_SHA256SUM := f066d27cfc99b6601083be102d08b4039da8d2834e2795aabd890f16c6fd1b9b
# three static lines
# so that git cherry-pick
# will not run into conflicts
FONT_LUGRASIMO_TARBALL := Lugrasimo-1.001.zip
FONT_LUGRASIMO_SHA256SUM := db24dff31e8ddf6a113556c947a219f9534b072852e9ce2079a08c94854a7503
# three static lines
# so that git cherry-pick
# will not run into conflicts
FONT_LUMANOSIMO_TARBALL := Lumanosimo-1.010.zip
FONT_LUMANOSIMO_SHA256SUM := d4545ad6afded9a55d9a7728cfc7453cf5637861db87aafe0a730676a0cb960f
# three static lines
# so that git cherry-pick
# will not run into conflicts
FONT_LUNASIMA_TARBALL := Lunasima-2.009.zip
FONT_LUNASIMA_SHA256SUM := 4302809cf4b95b481bec53de87484d919b391c90a518d065f6c775fd435a5393
# three static lines
# so that git cherry-pick
# will not run into conflicts
FREEHAND_SHA256SUM := a431d78767e5aa27ade7c6d1b7a11a9f1848cb4b9260bf0a6a44689553ecccfe
FREEHAND_TARBALL := libfreehand-0.1.3.tar.xz
# three static lines
# so that git cherry-pick
# will not run into conflicts
FREETYPE_SHA256SUM := 4b62dcab4c920a1a860369933221814362e699e26f55792516d671e6ff55b5e1
FREETYPE_TARBALL := freetype-2.14.2.tar.xz
# three static lines
# so that git cherry-pick
# will not run into conflicts
FROZEN_SHA256SUM := ed8339c017d7c5fe019ac2c642477f435278f0dc643c1d69d3f3b1e95915e823
FROZEN_TARBALL := frozen-1.2.0.tar.gz
# three static lines
# so that git cherry-pick
# will not run into conflicts
GLM_SHA256SUM := 3aa4347b8f13cba882df1c7b61a6ca910c75a875c56ec3d75d7dc9ae8eac34df
GLM_TARBALL := glm-1.0.3.zip
# three static lines
# so that git cherry-pick
# will not run into conflicts
GPGME_SHA256SUM := bfc17f5bd1b178c8649fdd918956d277080f33df006a2dc40acdecdce68c50dd
GPGME_TARBALL := gpgme-1.24.3.tar.bz2
# three static lines
# so that git cherry-pick
# will not run into conflicts
GRAPHITE_SHA256SUM := 10cfc69a6f859ce875b9708d170b8222eba76cdb89b6dbb4ee1e375bc7242409
GRAPHITE_TARBALL := graphite2-minimal-1.3.15.tgz
# three static lines
# so that git cherry-pick
# will not run into conflicts
HARFBUZZ_SHA256SUM := e7f3b8bac3fdcc529985be8e84fbd65c675ac47ee58512b15a5dd620c79ffe2a
HARFBUZZ_TARBALL := harfbuzz-13.1.1.tar.xz
# three static lines
# so that git cherry-pick
# will not run into conflicts
HUNSPELL_SHA256SUM := 433274dac0619cb00c2e18b43a3dd3a9d50da5b5613fa9b5c21781e35dd76bc1
HUNSPELL_TARBALL := hunspell-1.7.3.tar.gz
# three static lines
# so that git cherry-pick
# will not run into conflicts
HYPHEN_SHA256SUM := 783743daf477de8c4d16e3c74b4d2827377017718d8e17e2d9440210246f6abe
HYPHEN_TARBALL := 442b985e604f8143a5a0e7bacd6b2e40-hyphen-2.8.9.tar.gz
# three static lines
# so that git cherry-pick
# will not run into conflicts
IACCESSIBLE2_SHA256SUM := 0e279003f5199f80031c6dcd08f79d6f65a0505139160e7df0d09b226bff4023
IACCESSIBLE2_TARBALL := IAccessible2-1.3+git20231013.3d8c7f0.tar.gz
# three static lines
# so that git cherry-pick
# will not run into conflicts
ICU_SHA256SUM := 3e99687b5c435d4b209630e2d2ebb79906c984685e78635078b672e03c89df35
ICU_TARBALL := icu4c-78.2-sources.tgz
ICU_DATA_SHA256SUM := 582968cf174c9498b2046b4f4e7f786def5f18222bd8d98432d7a29399c38c70
ICU_DATA_TARBALL := icu4c-78.2-data.zip
# three static lines
# so that git cherry-pick
# will not run into conflicts
JAVA_WEBSOCKET_SHA256SUM := f3ce29efde338707241d47ab4784b19a1e3658bfa0564b5bc5f80c27e5118728
# please also adjust the version in ridljar/pom.libreoffice.xml
JAVA_WEBSOCKET_TARBALL := Java-WebSocket-1.6.0.tar.gz
# three static lines
# so that git cherry-pick
# will not run into conflicts
LIBJPEG_TURBO_SHA256SUM := 3a13a5ba767dc8264bc40b185e41368a80d5d5f945944d1dbaa4b2fb0099f4e5
LIBJPEG_TURBO_TARBALL := libjpeg-turbo-3.1.3.tar.gz
# three static lines
# so that git cherry-pick
# will not run into conflicts
LANGTAGREG_SHA256SUM := 9b008d21f97bbf37c5aefd07805ff5500524bccbe8c39d623e184b1ed425ff39
LANGTAGREG_TARBALL := language-subtag-registry-2025-08-25.tar.bz2
# three static lines
# so that git cherry-pick
# will not run into conflicts
LCMS2_SHA256SUM := 49e7e134e4299733dd0eda434fa468997a28ab3d33fa397c642b03644f552216
LCMS2_TARBALL := lcms2-2.19.tar.gz
# three static lines
# so that git cherry-pick
# will not run into conflicts
LIBASSUAN_SHA256SUM := d2931cdad266e633510f9970e1a2f346055e351bb19f9b78912475b8074c36f6
LIBASSUAN_TARBALL := libassuan-3.0.2.tar.bz2
# three static lines
# so that git cherry-pick
# will not run into conflicts
LIBEOT_SHA256SUM := cf5091fa8e7dcdbe667335eb90a2cfdd0a3fe8f8c7c8d1ece44d9d055736a06a
LIBEOT_TARBALL := libeot-0.01.tar.bz2
# three static lines
# so that git cherry-pick
# will not run into conflicts
LIBEXTTEXTCAT_SHA256SUM := 93eb89fd4fc8f565806354e100e778b3ac9a24e5fc04c24e6a83fb1e9b6c9d59
LIBEXTTEXTCAT_TARBALL := libexttextcat-3.4.8.tar.xz
# three static lines
# so that git cherry-pick
# will not run into conflicts
LIBFFI_SHA256SUM := f3a3082a23b37c293a4fcd1053147b371f2ff91fa7ea1b2a52e335676bac82dc
LIBFFI_TARBALL := libffi-3.5.2.tar.gz
# three static lines
# so that git cherry-pick
# will not run into conflicts
LIBGPGERROR_SHA256SUM := a19bc5087fd97026d93cb4b45d51638d1a25202a5e1fbc3905799f424cfa6134
LIBGPGERROR_TARBALL := libgpg-error-1.59.tar.bz2
# three static lines
# so that git cherry-pick
# will not run into conflicts
LIBLANGTAG_SHA256SUM := a96975b79ddd8fef6d9295c083fe3f1afa1a8898a57235d4069255ade44e5cf2
LIBLANGTAG_TARBALL := liblangtag-0.6.8.tar.bz2
# three static lines
# so that git cherry-pick
# will not run into conflicts
LIBNUMBERTEXT_SHA256SUM := 5dcb4db3b2340f81f601ce86d8d76b69e34d70f84f804192c901e4b7f84d5fb0
LIBNUMBERTEXT_TARBALL := libnumbertext-1.0.11.tar.xz
# three static lines
# so that git cherry-pick
# will not run into conflicts
LIBWEBP_SHA256SUM := e4ab7009bf0629fd11982d4c2aa83964cf244cffba7347ecd39019a9e38c4564
LIBWEBP_TARBALL := libwebp-1.6.0.tar.gz
# three static lines
# so that git cherry-pick
# will not run into conflicts
XMLSEC_SHA256SUM := 53675e98fa83b48201d24f7bfbcaeaa1b51496b8b19ff969785856bdeb196af3
XMLSEC_TARBALL := xmlsec1-1.3.11.tar.gz
# three static lines
# so that git cherry-pick
# will not run into conflicts
LIBXML_SHA256SUM := 7ce458a0affeb83f0b55f1f4f9e0e55735dbfc1a9de124ee86fb4a66b597203a
LIBXML_VERSION_MICRO := 6
LIBXML_TARBALL := libxml2-2.14.$(LIBXML_VERSION_MICRO).tar.xz
# three static lines
# so that git cherry-pick
# will not run into conflicts
LIBXSLT_SHA256SUM := 9acfe68419c4d06a45c550321b3212762d92f41465062ca4ea19e632ee5d216e
LIBXSLT_VERSION_MICRO := 45
LIBXSLT_TARBALL := libxslt-1.1.$(LIBXSLT_VERSION_MICRO).tar.xz
# three static lines
# so that git cherry-pick
# will not run into conflicts
LXML_SHA256SUM := cd79f3367bd74b317dda655dc8fcfa304d9eb6e4fb06b7168c5cf27f96e0cd62
LXML_TARBALL := lxml-6.0.2.tar.gz
# three static lines
# so that git cherry-pick
# will not run into conflicts
# three static lines
# so that git cherry-pick
# will not run into conflicts
MDDS_SHA256SUM := ca295f4c86968a7eb1f5d503ff7ae180e6605210cfb26d01658be42048c0924c
MDDS_TARBALL := mdds-3.1.0.tar.xz
# three static lines
# so that git cherry-pick
# will not run into conflicts
MDNSRESPONDER_SHA256SUM := e777b4d7dbf5eb1552cb80090ad1ede319067ab6e45e3990d68aabf6e8b3f5a0
MDNSRESPONDER_TARBALL := mDNSResponder-878.200.35.tar.gz
# three static lines
# so that git cherry-pick
# will not run into conflicts
MESON_SHA256SUM := f118aa910fc0a137cc2dd0122232dbf82153d9a12fb5b0f5bb64896f6a157abf
MESON_TARBALL := meson-1.8.3.tar.gz
# three static lines
# so that git cherry-pick
# will not run into conflicts
MSPUB_SHA256SUM := 3671095f5a10bee8a755052a30576952c5b16d8b0f2ba9f2fb998338c18cb119
MSPUB_TARBALL := libmspub-0.1.5.tar.xz
# three static lines
# so that git cherry-pick
# will not run into conflicts
MWAW_SHA256SUM := a1a39ffcea3ff2a7a7aae0c23877ddf4918b554bf82b0de5d7ce8e7f61ea8e32
MWAW_VERSION_MICRO := 22
MWAW_TARBALL := libmwaw-0.3.$(MWAW_VERSION_MICRO).tar.xz
# three static lines
# so that git cherry-pick
# will not run into conflicts
MYTHES_SHA256SUM := 97bd2ba5738aebdba1bc31f30f1be42f1404386c94105ad5990d839a1311c8a5
MYTHES_TARBALL := mythes-1.2.6.tar.xz
# three static lines
# so that git cherry-pick
# will not run into conflicts
NSS_SHA256SUM := 565fbe0e84b335e38c9a68bc6aa073e6cb9951141e02a74389ed16277321356f
NSS_TARBALL := nss-3.122.2-with-nspr-4.38.2.tar.gz
# three static lines
# so that git cherry-pick
# will not run into conflicts
ODFGEN_SHA256SUM := 55200027fd46623b9bdddd38d275e7452d1b0ff8aeddcad6f9ae6dc25f610625
ODFGEN_VERSION_MICRO := 8
ODFGEN_TARBALL := libodfgen-0.1.$(ODFGEN_VERSION_MICRO).tar.xz
# three static lines
# so that git cherry-pick
# will not run into conflicts
ODFVALIDATOR_SHA256SUM := d55495ab3a86544650587de2a72180ddf8bfc6376d14ddfa923992dbc86a06e0
ODFVALIDATOR_JAR := odfvalidator-0.9.0-RC2-SNAPSHOT-jar-with-dependencies-2726ab578664434a545f8379a01a9faffac0ae73.jar
# three static lines
# so that git cherry-pick
# will not run into conflicts
OFFICEOTRON_SHA256SUM := c72cdcb7fe7cfe917d1fb8766ddbc3f92b6124ecd5fb8c6dc0ddabb74a7e057c
OFFICEOTRON_JAR := officeotron-0.8.8.jar
# three static lines
# so that git cherry-pick
# will not run into conflicts
VERAPDF_SHA256SUM := bdeef807f7e883fe3ff4e0a4712dc216064ca670d5c857fbc94408266719f0f4
VERAPDF_JAR := verapdf-cli-1.29.0.jar
# three static lines
# so that git cherry-pick
# will not run into conflicts
OPENSSL_SHA256SUM := a8c0d28a529ca480f9f36cf5792e2cd21984552a3c8e4aa11a24aa31aeac98e8
OPENSSL_TARBALL := openssl-3.5.7.tar.gz
# three static lines
# so that git cherry-pick
# will not run into conflicts
ORCUS_SHA256SUM := 1c6e473d6b8a63d61d0e6874a1762d6f0e0e78338d763e48ac93126ecde19b37
ORCUS_TARBALL := liborcus-0.21.0.tar.xz
# three static lines
# so that git cherry-pick
# will not run into conflicts
PAGEMAKER_SHA256SUM := 66adacd705a7d19895e08eac46d1e851332adf2e736c566bef1164e7a442519d
PAGEMAKER_TARBALL := libpagemaker-0.0.4.tar.xz
# three static lines
# so that git cherry-pick
# will not run into conflicts
POCO_SHA256SUM := 562a1ba1a6db4665f81091c35e997b73f87e1b45e2ab2854cd720d2349518abc
POCO_TARBALL := poco-1.15.3-all.tar.bz2
# three static lines
# so that git cherry-pick
# will not run into conflicts
PDFIUM_SHA256SUM := 7d11b3f6e456fbdde392ec9ae1ae5588c85149116edcd1d6a986af0a977bda1f
PDFIUM_TARBALL := pdfium-7897.tar.bz2
# three static lines
# so that git cherry-pick
# will not run into conflicts
AFDKO_SHA256SUM := 083b504a1cd865e8bfbb42134a34318ce42ef5130daebfc5b0e2f2fb444326c5
AFDKO_TARBALL := afdko-5.0.1.tar.gz
# three static lines
# so that git cherry-pick
# will not run into conflicts
ANTLR4CPPRUNTIME_SHA256SUM := 0ed13668906e86dbc0dcddf30fdee68c10203dea4e83852b4edb810821bee3c4
ANTLR4CPPRUNTIME_TARBALL := antlr4-cpp-runtime-4.13.2-source.zip
# three static lines
# so that git cherry-pick
# will not run into conflicts
PIXMAN_SHA256SUM := a098c33924754ad43f981b740f6d576c70f9ed1006e12221b1845431ebce1239
PIXMAN_TARBALL := pixman-0.46.4.tar.xz
# three static lines
# so that git cherry-pick
# will not run into conflicts
LIBPNG_SHA256SUM := 28eb403f51f0f7405249132cecfe82ea5c0ef97f1b32c5a65828814ae0d34775
LIBPNG_TARBALL := libpng-1.6.58.tar.xz
# three static lines
# so that git cherry-pick
# will not run into conflicts
LIBTIFF_SHA256SUM := b92017489bdc1db3a4c97191aa4b75366673cb746de0dce5d7a749d5954681ba
LIBTIFF_TARBALL := tiff-4.7.1.tar.xz
# three static lines
# so that git cherry-pick
# will not run into conflicts
PYTHON_SHA256SUM := 67ee56f36fc22e5ada84d452430362e71081804c4f85c33dc5bf4206c27f973c
PYTHON_TARBALL := Python-3.14.5rc1.tar.xz
# three static lines
# so that git cherry-pick
# will not run into conflicts
PYTHON_BOOTSTRAP_SHA256SUM := 406856be971d957e0bee7a5cefe20a5ec78d70a495e9e33cd0e53d31faec049d
PYTHON_BOOTSTRAP_TARBALL := python.3.12.8.nupkg
# three static lines
# so that git cherry-pick
# will not run into conflicts
QUICKJS_SHA256SUM := 928e9406addd99eb8623348f2cfcd916eade9a263c60d42be79bc7aee4ee8453
QUICKJS_TARBALL := quickjs-v0.14.0.tar.gz
# three static lines
# so that git cherry-pick
# will not run into conflicts
QXP_SHA256SUM := 4687a9cc96c32d7406e5072c4da150fca696c563e5cde62b024f82fa53d32332
QXP_TARBALL := libqxp-0.0.3.tar.xz
# three static lines
# so that git cherry-pick
# will not run into conflicts
RAPTOR_SHA256SUM := 089db78d7ac982354bdbf39d973baf09581e6904ac4c92a98c5caadb3de44680
RAPTOR_TARBALL := raptor2-2.0.16.tar.gz
# three static lines
# so that git cherry-pick
# will not run into conflicts
RASQAL_SHA256SUM := 6924c9ac6570bd241a9669f83b467c728a322470bf34f4b2da4f69492ccfd97c
RASQAL_TARBALL := 1f5def51ca0026cd192958ef07228b52-rasqal-0.9.33.tar.gz
# three static lines
# so that git cherry-pick
# will not run into conflicts
REDLAND_SHA256SUM := de1847f7b59021c16bdc72abb4d8e2d9187cd6124d69156f3326dd34ee043681
REDLAND_TARBALL := e5be03eda13ef68aabab6e42aa67715e-redland-1.0.17.tar.gz
# three static lines
# so that git cherry-pick
# will not run into conflicts
REVENGE_SHA256SUM := 5892ca6796f7a2a93d580832e907e849b19d980b40d326a283b18877ab6de0c5
REVENGE_VERSION_MICRO := 5
REVENGE_TARBALL := librevenge-0.0.$(REVENGE_VERSION_MICRO).tar.bz2
# three static lines
# so that git cherry-pick
# will not run into conflicts
MD4C_SHA256SUM := 353c346f376b87c954a13f3415ede2d51264cc61dc5abcd38ff1d2aa0d059b9e
MD4C_TARBALL := md4c-release-0.5.3.tar.gz
# three static lines
# so that git cherry-pick
# will not run into conflicts
SKIA_SHA256SUM := 45ae58e84fa2d1e261bfc980e1c5b7bbfaf83887e3813795bd343d3786f4d0bc
SKIA_TARBALL := skia-m142-f4ed99d2443962782cf5f8b4dd27179f131e7cbe.tar.xz
# three static lines
# so that git cherry-pick
# will not run into conflicts
SQLITE3_SHA256SUM := 45d0fea15971dd1300e5b509f48ca134621e10d9297713b64618fbca21b325fa
SQLITE3_TARBALL := sqlite-amalgamation-3520000.zip
# three static lines
# so that git cherry-pick
# will not run into conflicts
STAROFFICE_SHA256SUM := f94fb0ad8216f97127bedef163a45886b43c62deac5e5b0f5e628e234220c8db
STAROFFICE_VERSION_MICRO := 7
STAROFFICE_TARBALL := libstaroffice-0.0.$(STAROFFICE_VERSION_MICRO).tar.xz
# three static lines
# so that git cherry-pick
# will not run into conflicts
TWAIN_DSM_SHA256SUM := 82c818be771f242388457aa8c807e4b52aa84dc22b21c6c56184a6b4cbb085e6
TWAIN_DSM_TARBALL := twaindsm_2.4.1.orig.tar.gz
# three static lines
# so that git cherry-pick
# will not run into conflicts
VISIO_SHA256SUM := 2a6efd40b6d9dbcb70fba3be53112366882ba97b57151df3698dfa478c8d8dd3
VISIO_TARBALL := libvisio-0.1.11.tar.xz
# three static lines
# so that git cherry-pick
# will not run into conflicts
WPD_SHA256SUM := 2465b0b662fdc5d4e3bebcdc9a79027713fb629ca2bff04a3c9251fdec42dd09
WPD_VERSION_MICRO := 3
WPD_TARBALL := libwpd-0.10.$(WPD_VERSION_MICRO).tar.xz
# three static lines
# so that git cherry-pick
# will not run into conflicts
WPG_SHA256SUM := b55fda9440d1e070630eb2487d8b8697cf412c214a27caee9df69cec7c004de3
WPG_VERSION_MICRO := 4
WPG_TARBALL := libwpg-0.3.$(WPG_VERSION_MICRO).tar.xz
# three static lines
# so that git cherry-pick
# will not run into conflicts
WPS_SHA256SUM := 365b968e270e85a8469c6b160aa6af5619a4e6c995dbb04c1ecc1b4dd13e80de
WPS_VERSION_MICRO := 14
WPS_TARBALL := libwps-0.4.$(WPS_VERSION_MICRO).tar.xz
# three static lines
# so that git cherry-pick
# will not run into conflicts
YRS_SHA256SUM := 67c02f1b74fda33bcc824a310028c100ce2a84b6e63ade46ae1a3258e867a225
YRS_TARBALL := y-crdt-0.23.5.tar.gz
# three static lines
# so that git cherry-pick
# will not run into conflicts
ZLIB_SHA256SUM := d7a0654783a4da529d1bb793b7ad9c3318020af77667bcae35f95d0e42a792f3
ZLIB_TARBALL := zlib-1.3.2.tar.xz
# three static lines
# so that git cherry-pick
# will not run into conflicts
ZSTD_SHA256SUM := eb33e51f49a15e023950cd7825ca74a4a2b43db8354825ac24fc1b7ee09e6fa3
ZSTD_TARBALL := zstd-1.5.7.tar.gz
# three static lines
# so that git cherry-pick
# will not run into conflicts
ZMF_SHA256SUM := 27051a30cb057fdb5d5de65a1f165c7153dc76e27fe62251cbb86639eb2caf22
ZMF_TARBALL := libzmf-0.0.2.tar.xz
# three static lines
# so that git cherry-pick
# will not run into conflicts
ZXCVBN_C_SHA256SUM := 11e39f6776f9c82c68b2acb94336e32697d4ab6cdb4ac16f9583ccbdd735113a
ZXCVBN_C_TARBALL := zxcvbn-c-2.6.tar.gz
# three static lines
# so that git cherry-pick
# will not run into conflicts
ZXING_SHA256SUM := 64e4139103fdbc57752698ee15b5f0b0f7af9a0331ecbdc492047e0772c417ba
ZXING_TARBALL := zxing-cpp-2.3.0.tar.gz
# three static lines
# so that git cherry-pick
# will not run into conflicts
OPENSYMBOL_SHA256SUM := f543e6e2d7275557a839a164941c0a86e5f2c3f2a0042bfc434c88c6dde9e140
OPENSYMBOL_TTF := f543e6e2d7275557a839a164941c0a86e5f2c3f2a0042bfc434c88c6dde9e140-opens___.ttf
