ul	unoil	::	offapi jurt NULL
ul	unoil						usr1	-	all	ul_mkout NULL
ul	unoil						nmake	-	all	ul_genall NULL
ul	unoil\com\sun\star\accessibility    nmake	-	all	ul_accessibility ul_awt NULL
ul	unoil\com\sun\star\awt				nmake	-	all	ul_awt ul_dattrans_clip ul_dattrans_dnd NULL
ul	unoil\com\sun\star\util				nmake	-	all	ul_cssutil ul_genall NULL
ul	unoil\com\sun\star\frame			nmake	-	all	ul_frame ul_awt ul_cssutil ul_ucb NULL
ul	unoil\com\sun\star\drawing			nmake	-	all	ul_drawing ul_awt NULL
ul	unoil\com\sun\star\chart			nmake	-	all	ul_chart ul_drawing ul_frame NULL
ul	unoil\com\sun\star\configuration		nmake	-	all	ul_configuration ul_cssutil NULL
ul	unoil\com\sun\star\configuration\backend		nmake	-	all	ul_configbackend ul_configuration NULL
ul	unoil\com\sun\star\datatransfer			nmake	-	all	ul_dattrans ul_genall NULL
ul	unoil\com\sun\star\datatransfer\clipboard	nmake	-	all	ul_dattrans_clip ul_dattrans NULL
ul	unoil\com\sun\star\datatransfer\dnd		nmake	-	all	ul_dattrans_dnd ul_dattrans NULL
ul	unoil\com\sun\star\document			nmake	-	all	ul_document ul_frame NULL
ul	unoil\com\sun\star\embed			nmake	-	all	ul_embed ul_genall ul_pckgs ul_awt NULL
ul	unoil\com\sun\star\task				nmake	-	all	ul_task ul_genall NULL
ul	unoil\com\sun\star\sdbc				nmake	-	all	ul_sdbc ul_cssutil ul_task NULL
ul	unoil\com\sun\star\sdbcx			nmake	-	all	ul_sdbx ul_sdbc NULL
ul	unoil\com\sun\star\sdb				nmake	-	all	ul_sdb ul_sdbx NULL
ul	unoil\com\sun\star\form				nmake	-	all	ul_form ul_awt ul_sdb NULL
ul	unoil\com\sun\star\formula			nmake	-	all	ul_formula ul_genall NULL
ul	unoil\com\sun\star\i18n				nmake	-	all	ul_i18n ul_linguistic2 NULL
ul	unoil\com\sun\star\installation			nmake	-	all	ul_installation ul_genall NULL
ul	unoil\com\sun\star\ldap 			nmake	-	all	ul_ldap ul_genall NULL
ul	unoil\com\sun\star\linguistic2			nmake	-	all	ul_linguistic2 ul_genall NULL
ul	unoil\com\sun\star\mozilla			nmake	-	all	ul_mozilla ul_genall NULL
ul	unoil\com\sun\star\packages			nmake	-	all	ul_pckgs ul_genall NULL
ul	unoil\com\sun\star\packages\zip			nmake	-	all	ul_pck_zip ul_genall NULL
ul	unoil\com\sun\star\packages\manifest		nmake	-	all	ul_pck_manifest ul_genall NULL
ul	unoil\com\sun\star\plugin			nmake	-	all	ul_plugin ul_awt NULL
ul	unoil\com\sun\star\presentation			nmake	-	all	ul_presentation ul_drawing NULL
ul	unoil\com\sun\star\resource			nmake	-	all	ul_resource ul_genall NULL
ul	unoil\com\sun\star\scanner			nmake	-	all	ul_scanner ul_awt NULL
ul	unoil\com\sun\star\setup			nmake	-	all	ul_setup ul_cssutil NULL
ul	unoil\com\sun\star\svg				nmake	-	all	ul_svg ul_xml_sax NULL
ul	unoil\com\sun\star\table			nmake	-	all	ul_table ul_awt NULL
ul	unoil\com\sun\star\text				nmake	-	all	ul_text ul_frame ul_linguistic2 ul_table NULL
ul	unoil\com\sun\star\sheet			nmake	-	all	ul_sheet ul_text NULL
ul	unoil\com\sun\star\style			nmake	-	all	ul_style ul_genall NULL
ul	unoil\com\sun\star\system			nmake	-	all	ul_system ul_genall NULL
ul	unoil\com\sun\star\ucb				nmake	-	all	ul_ucb ul_cssutil ul_sdbc ul_task NULL
ul	unoil\com\sun\star\sync				nmake	-	all	ul_sync ul_ucb NULL
ul	unoil\com\sun\star\sync2			nmake	-	all	ul_sync2 ul_genall  NULL
ul	unoil\com\sun\star\ui\dialogs			nmake	-	all	ul_ui_dialogs ul_genall NULL
ul	unoil\com\sun\star\view				nmake	-	all	ul_view ul_awt NULL
ul	unoil\com\sun\star\ui				nmake	-	all	ul_ui ul_awt ul_view NULL
ul	unoil\com\sun\star\xml				nmake	-	all	ul_xml ul_xml_sax ul_genall NULL
ul	unoil\com\sun\star\xml\input			nmake	-	all	ul_xml_input ul_xml_sax ul_genall NULL
ul	unoil\com\sun\star\xml\sax			nmake	-	all	ul_xml_sax ul_genall NULL
ul	unoil\util					nmake	-	all	ul_util ul_chart ul_configuration ul_configbackend ul_dattrans ul_dattrans_clip ul_dattrans_dnd ul_document ul_embed ul_form ul_formula ul_installation ul_linguistic2 ul_mozilla ul_plugin ul_presentation ul_resource ul_scanner ul_setup ul_sheet ul_style ul_sync ul_sync2 ul_ui_dialogs ul_view ul_ui ul_xml_sax ul_xml_input ul_i18n ul_pck_zip ul_pck_manifest ul_accessibility NULL
