mkdir: %COMMON_DEST%\bin%_EXT%\hid
mkdir: %_DEST%\xml%_EXT%\uiconfig
mkdir: %_DEST%\xml%_EXT%\uiconfig\modules
mkdir: %_DEST%\xml%_EXT%\uiconfig\modules\scalc
mkdir: %_DEST%\xml%_EXT%\uiconfig\modules\scalc\menubar
mkdir: %_DEST%\xml%_EXT%\uiconfig\modules\scalc\toolbar
mkdir: %_DEST%\xml%_EXT%\uiconfig\modules\scalc\statusbar

..\%COMMON_OUTDIR%\misc\*.hid %COMMON_DEST%\bin%_EXT%\hid\*.hid
..\inc\sc.lst %_DEST%\inc%_EXT%\sc.lst
..\%__SRC%\bin\scalc3.exe %_DEST%\bin%_EXT%\scalc3.exe
..\%__SRC%\bin\*.sym %_DEST%\bin%_EXT%\*.sym
..\%__SRC%\bin\scalc3.pdb %_DEST%\bin%_EXT%\scalc3.pdb
..\%__SRC%\bin\scslots.tlb %_DEST%\bin%_EXT%\scslots.tlb
..\%__SRC%\bin\sc*.dll %_DEST%\bin%_EXT%\sc*.dll
..\%__SRC%\bin\sc*.res %_DEST%\bin%_EXT%\sc*.res
..\%__SRC%\bin\scui?????.dll %_DEST%\bin%_EXT%\scui?????.dll
..\%__SRC%\bin\dfa?????.dll %_DEST%\bin%_EXT%\dfa?????.dll
..\%__SRC%\bin\rot?????.dll %_DEST%\bin%_EXT%\rot?????.dll
..\%__SRC%\bin\vba*.* %_DEST%\bin%_EXT%\vba*.*
..\%__SRC%\bin\addin.zip %_DEST%\bin%_EXT%\addin.zip
..\%__SRC%\misc\*.map %_DEST%\bin%_EXT%\*.map
..\%__SRC%\misc\sc.csv %_DEST%\inc%_EXT%\sc.csv
..\%__SRC%\lib\sci.lib %_DEST%\lib%_EXT%\sci.lib
..\%__SRC%\lib\vba*.* %_DEST%\lib%_EXT%\vba*.*
..\%__SRC%\slb\lib*.* %_DEST%\lib%_EXT%\lib*.*
..\%__SRC%\lib\lib*.* %_DEST%\lib%_EXT%\lib*.*
..\xml\*.xml %_DEST%\xml%_EXT%\*.xml

..\uiconfig\scalc\menubar\*.xml %_DEST%\xml%_EXT%\uiconfig\modules\scalc\menubar\*.xml
..\uiconfig\scalc\toolbar\*.xml %_DEST%\xml%_EXT%\uiconfig\modules\scalc\toolbar\*.xml
..\uiconfig\scalc\statusbar\*.xml %_DEST%\xml%_EXT%\uiconfig\modules\scalc\statusbar\*.xml

..\%__SRC%\bin\*-layout.zip %_DEST%\pck%_EXT%\*.*
..\%__SRC%\misc\sc.component %_DEST%\xml%_EXT%\sc.component
..\%__SRC%\misc\scd.component %_DEST%\xml%_EXT%\scd.component
..\%__SRC%\misc\vbaobj.component %_DEST%\xml%_EXT%\vbaobj.component
