mkdir: %_DEST%\bin%_EXT%\en-US
mkdir: %_DEST%\bin%_EXT%\pt
mkdir: %_DEST%\bin%_EXT%\ru
mkdir: %_DEST%\bin%_EXT%\el
mkdir: %_DEST%\bin%_EXT%\nl
mkdir: %_DEST%\bin%_EXT%\fr
mkdir: %_DEST%\bin%_EXT%\es
mkdir: %_DEST%\bin%_EXT%\it
mkdir: %_DEST%\bin%_EXT%\da
mkdir: %_DEST%\bin%_EXT%\sv
mkdir: %_DEST%\bin%_EXT%\pl
mkdir: %_DEST%\bin%_EXT%\de
mkdir: %_DEST%\bin%_EXT%\th
mkdir: %_DEST%\bin%_EXT%\ja
mkdir: %_DEST%\bin%_EXT%\ko
mkdir: %_DEST%\bin%_EXT%\zh-CN
mkdir: %_DEST%\bin%_EXT%\zh-TW
mkdir: %_DEST%\bin%_EXT%\tr
mkdir: %_DEST%\bin%_EXT%\ar
..\%__SRC%\bin\en-US\soreport.exe %_DEST%\bin%_EXT%\crashrep.exe
..\%__SRC%\bin\soreport.exe.manifest %_DEST%\bin%_EXT%\crashrep.exe.manifest
%_DEST%\bin%_EXT%\guistdio.com %_DEST%\bin%_EXT%\crashrep.com
..\%__SRC%\bin\crash_report.bin %_DEST%\bin%_EXT%\crash_report.bin
..\%__SRC%\bin\crash_report_with_gtk.bin %_DEST%\bin%_EXT%\crash_report_with_gtk.bin
..\%__SRC%\misc\crash_report.sh %_DEST%\bin%_EXT%\crash_report
..\%__SRC%\bin\crash_dump.res.en-US %_DEST%\bin%_EXT%\en-US\crash_dump.res
..\%__SRC%\bin\crash_dump.res.pt %_DEST%\bin%_EXT%\pt\crash_dump.res
..\%__SRC%\bin\crash_dump.res.ru %_DEST%\bin%_EXT%\ru\crash_dump.res
..\%__SRC%\bin\crash_dump.res.el %_DEST%\bin%_EXT%\el\crash_dump.res
..\%__SRC%\bin\crash_dump.res.nl %_DEST%\bin%_EXT%\nl\crash_dump.res
..\%__SRC%\bin\crash_dump.res.fr %_DEST%\bin%_EXT%\fr\crash_dump.res
..\%__SRC%\bin\crash_dump.res.es %_DEST%\bin%_EXT%\es\crash_dump.res
..\%__SRC%\bin\crash_dump.res.it %_DEST%\bin%_EXT%\it\crash_dump.res
..\%__SRC%\bin\crash_dump.res.da %_DEST%\bin%_EXT%\da\crash_dump.res
..\%__SRC%\bin\crash_dump.res.sv %_DEST%\bin%_EXT%\sv\crash_dump.res
..\%__SRC%\bin\crash_dump.res.pl %_DEST%\bin%_EXT%\pl\crash_dump.res
..\%__SRC%\bin\crash_dump.res.de %_DEST%\bin%_EXT%\de\crash_dump.res
..\%__SRC%\bin\crash_dump.res.th %_DEST%\bin%_EXT%\th\crash_dump.res
..\%__SRC%\bin\crash_dump.res.ja %_DEST%\bin%_EXT%\ja\crash_dump.res
..\%__SRC%\bin\crash_dump.res.ko %_DEST%\bin%_EXT%\ko\crash_dump.res
..\%__SRC%\bin\crash_dump.res.zh-CN %_DEST%\bin%_EXT%\zh-CN\crash_dump.res
..\%__SRC%\bin\crash_dump.res.zh-TW %_DEST%\bin%_EXT%\zh-TW\crash_dump.res
..\%__SRC%\bin\crash_dump.res.tr %_DEST%\bin%_EXT%\tr\crash_dump.res
..\%__SRC%\bin\crash_dump.res.ar %_DEST%\bin%_EXT%\ar\crash_dump.res
