mkdir: %_DEST%\inc%_EXT%\external
..\%__SRC%\lib\libgio-2.0.0.dylib %_DEST%\lib%_EXT%\libgio-2.0.0.dylib
symlink: %_DEST%\lib%_EXT%\libgio-2.0.0.dylib %_DEST%\lib%_EXT%\libgio-2.0.dylib
..\%__SRC%\lib\libgmodule-2.0.0.dylib %_DEST%\lib%_EXT%\libgmodule-2.0.0.dylib
symlink: %_DEST%\lib%_EXT%\libgmodule-2.0.0.dylib %_DEST%\lib%_EXT%\libgmodule-2.0.dylib
..\%__SRC%\lib\libgthread-2.0.0.dylib %_DEST%\lib%_EXT%\libgthread-2.0.0.dylib
symlink: %_DEST%\lib%_EXT%\libgthread-2.0.0.dylib %_DEST%\lib%_EXT%\libgthread-2.0.dylib
..\%__SRC%\lib\libglib-2.0.0.dylib %_DEST%\lib%_EXT%\libglib-2.0.0.dylib
symlink: %_DEST%\lib%_EXT%\libglib-2.0.0.dylib %_DEST%\lib%_EXT%\libglib-2.0.dylib
..\%__SRC%\lib\libgobject-2.0.0.dylib %_DEST%\lib%_EXT%\libgobject-2.0.0.dylib
symlink: %_DEST%\lib%_EXT%\libgobject-2.0.0.dylib %_DEST%\lib%_EXT%\libgobject-2.0.dylib
..\%__SRC%\bin\*.dll %_DEST%\bin%_EXT%
..\%__SRC%\bin\glib-mkenums %_DEST%\bin%_EXT%\glib-mkenums
..\%__SRC%\bin\glib-genmarshal %_DEST%\bin%_EXT%\glib-genmarshal
..\%__SRC%\bin\glib-genmarshal.exe %_DEST%\bin%_EXT%\glib-genmarshal.exe
..\%__SRC%\lib\gio-2.0.lib %_DEST%\lib%_EXT%\gio-2.0.lib
..\%__SRC%\lib\gmodule-2.0.lib %_DEST%\lib%_EXT%\gmodule-2.0.lib
..\%__SRC%\lib\gthread-2.0.lib %_DEST%\lib%_EXT%\gthread-2.0.lib
..\%__SRC%\lib\glib-2.0.lib %_DEST%\lib%_EXT%\glib-2.0.lib
..\%__SRC%\lib\gobject-2.0.lib %_DEST%\lib%_EXT%\gobject-2.0.lib

mkdir: %_DEST%\inc%_EXT%\external\gio-unix-2.0
mkdir: %_DEST%\inc%_EXT%\external\gio-unix-2.0\gio
..\%__SRC%\inc\gdesktopappinfo.h %_DEST%\inc%_EXT%\external\gio-unix-2.0\gio\gdesktopappinfo.h
..\%__SRC%\inc\gunixcredentialsmessage.h %_DEST%\inc%_EXT%\external\gio-unix-2.0\gio\gunixcredentialsmessage.h
..\%__SRC%\inc\gunixinputstream.h %_DEST%\inc%_EXT%\external\gio-unix-2.0\gio\gunixinputstream.h
..\%__SRC%\inc\gunixsocketaddress.h %_DEST%\inc%_EXT%\external\gio-unix-2.0\gio\gunixsocketaddress.h
..\%__SRC%\inc\gfiledescriptorbased.h %_DEST%\inc%_EXT%\external\gio-unix-2.0\gio\gfiledescriptorbased.h
..\%__SRC%\inc\gunixfdlist.h %_DEST%\inc%_EXT%\external\gio-unix-2.0\gio\gunixfdlist.h
..\%__SRC%\inc\gunixmounts.h %_DEST%\inc%_EXT%\external\gio-unix-2.0\gio\gunixmounts.h
..\%__SRC%\inc\gunixconnection.h %_DEST%\inc%_EXT%\external\gio-unix-2.0\gio\gunixconnection.h
..\%__SRC%\inc\gunixfdmessage.h %_DEST%\inc%_EXT%\external\gio-unix-2.0\gio\gunixfdmessage.h
..\%__SRC%\inc\gunixoutputstream.h %_DEST%\inc%_EXT%\external\gio-unix-2.0\gio\gunixoutputstream.h

mkdir: %_DEST%\inc%_EXT%\external\glib-2.0
..\%__SRC%\inc\glib-object.h %_DEST%\inc%_EXT%\external\glib-2.0\glib-object.h
..\%__SRC%\inc\glib.h %_DEST%\inc%_EXT%\external\glib-2.0\glib.h
..\%__SRC%\inc\glibconfig.h %_DEST%\inc%_EXT%\external\glib-2.0\glibconfig.h
..\%__SRC%\inc\gmodule.h %_DEST%\inc%_EXT%\external\glib-2.0\gmodule.h
..\%__SRC%\inc\make.msc %_DEST%\inc%_EXT%\external\glib-2.0\make.msc
..\%__SRC%\inc\module.defs %_DEST%\inc%_EXT%\external\glib-2.0\module.defs

mkdir: %_DEST%\inc%_EXT%\external\glib-2.0\gio
..\%__SRC%\inc\gaction.h %_DEST%\inc%_EXT%\external\glib-2.0\gio\gaction.h
..\%__SRC%\inc\gfileicon.h %_DEST%\inc%_EXT%\external\glib-2.0\gio\gfileicon.h
..\%__SRC%\inc\gproxyaddressenumerator.h %_DEST%\inc%_EXT%\external\glib-2.0\gio\gproxyaddressenumerator.h
..\%__SRC%\inc\gactiongroup.h %_DEST%\inc%_EXT%\external\glib-2.0\gio\gactiongroup.h
..\%__SRC%\inc\gfileinfo.h %_DEST%\inc%_EXT%\external\glib-2.0\gio\gfileinfo.h
..\%__SRC%\inc\gproxyresolver.h %_DEST%\inc%_EXT%\external\glib-2.0\gio\gproxyresolver.h
..\%__SRC%\inc\gappinfo.h %_DEST%\inc%_EXT%\external\glib-2.0\gio\gappinfo.h
..\%__SRC%\inc\gfileinputstream.h %_DEST%\inc%_EXT%\external\glib-2.0\gio\gfileinputstream.h
..\%__SRC%\inc\gresolver.h %_DEST%\inc%_EXT%\external\glib-2.0\gio\gresolver.h
..\%__SRC%\inc\gapplication.h %_DEST%\inc%_EXT%\external\glib-2.0\gio\gapplication.h
..\%__SRC%\inc\gfileiostream.h %_DEST%\inc%_EXT%\external\glib-2.0\gio\gfileiostream.h
..\%__SRC%\inc\gseekable.h %_DEST%\inc%_EXT%\external\glib-2.0\gio\gseekable.h
..\%__SRC%\inc\gapplicationcommandline.h %_DEST%\inc%_EXT%\external\glib-2.0\gio\gapplicationcommandline.h
..\%__SRC%\inc\gfilemonitor.h %_DEST%\inc%_EXT%\external\glib-2.0\gio\gfilemonitor.h
..\%__SRC%\inc\gsettings.h %_DEST%\inc%_EXT%\external\glib-2.0\gio\gsettings.h
..\%__SRC%\inc\gasyncinitable.h %_DEST%\inc%_EXT%\external\glib-2.0\gio\gasyncinitable.h
..\%__SRC%\inc\gfilenamecompleter.h %_DEST%\inc%_EXT%\external\glib-2.0\gio\gfilenamecompleter.h
..\%__SRC%\inc\gsettingsbackend.h %_DEST%\inc%_EXT%\external\glib-2.0\gio\gsettingsbackend.h
..\%__SRC%\inc\gasyncresult.h %_DEST%\inc%_EXT%\external\glib-2.0\gio\gasyncresult.h
..\%__SRC%\inc\gfileoutputstream.h %_DEST%\inc%_EXT%\external\glib-2.0\gio\gfileoutputstream.h
..\%__SRC%\inc\gsimpleaction.h %_DEST%\inc%_EXT%\external\glib-2.0\gio\gsimpleaction.h
..\%__SRC%\inc\gbufferedinputstream.h %_DEST%\inc%_EXT%\external\glib-2.0\gio\gbufferedinputstream.h
..\%__SRC%\inc\gfilterinputstream.h %_DEST%\inc%_EXT%\external\glib-2.0\gio\gfilterinputstream.h
..\%__SRC%\inc\gsimpleactiongroup.h %_DEST%\inc%_EXT%\external\glib-2.0\gio\gsimpleactiongroup.h
..\%__SRC%\inc\gbufferedoutputstream.h %_DEST%\inc%_EXT%\external\glib-2.0\gio\gbufferedoutputstream.h
..\%__SRC%\inc\gfilteroutputstream.h %_DEST%\inc%_EXT%\external\glib-2.0\gio\gfilteroutputstream.h
..\%__SRC%\inc\gsimpleasyncresult.h %_DEST%\inc%_EXT%\external\glib-2.0\gio\gsimpleasyncresult.h
..\%__SRC%\inc\gcancellable.h %_DEST%\inc%_EXT%\external\glib-2.0\gio\gcancellable.h
..\%__SRC%\inc\gicon.h %_DEST%\inc%_EXT%\external\glib-2.0\gio\gicon.h
..\%__SRC%\inc\gsimplepermission.h %_DEST%\inc%_EXT%\external\glib-2.0\gio\gsimplepermission.h
..\%__SRC%\inc\gcharsetconverter.h %_DEST%\inc%_EXT%\external\glib-2.0\gio\gcharsetconverter.h
..\%__SRC%\inc\ginetaddress.h %_DEST%\inc%_EXT%\external\glib-2.0\gio\ginetaddress.h
..\%__SRC%\inc\gsocket.h %_DEST%\inc%_EXT%\external\glib-2.0\gio\gsocket.h
..\%__SRC%\inc\gcontenttype.h %_DEST%\inc%_EXT%\external\glib-2.0\gio\gcontenttype.h
..\%__SRC%\inc\ginetsocketaddress.h %_DEST%\inc%_EXT%\external\glib-2.0\gio\ginetsocketaddress.h
..\%__SRC%\inc\gsocketaddress.h %_DEST%\inc%_EXT%\external\glib-2.0\gio\gsocketaddress.h
..\%__SRC%\inc\gconverter.h %_DEST%\inc%_EXT%\external\glib-2.0\gio\gconverter.h
..\%__SRC%\inc\ginitable.h %_DEST%\inc%_EXT%\external\glib-2.0\gio\ginitable.h
..\%__SRC%\inc\gsocketaddressenumerator.h %_DEST%\inc%_EXT%\external\glib-2.0\gio\gsocketaddressenumerator.h
..\%__SRC%\inc\gconverterinputstream.h %_DEST%\inc%_EXT%\external\glib-2.0\gio\gconverterinputstream.h
..\%__SRC%\inc\ginputstream.h %_DEST%\inc%_EXT%\external\glib-2.0\gio\ginputstream.h
..\%__SRC%\inc\gsocketclient.h %_DEST%\inc%_EXT%\external\glib-2.0\gio\gsocketclient.h
..\%__SRC%\inc\gconverteroutputstream.h %_DEST%\inc%_EXT%\external\glib-2.0\gio\gconverteroutputstream.h
..\%__SRC%\inc\gio.h %_DEST%\inc%_EXT%\external\glib-2.0\gio\gio.h
..\%__SRC%\inc\gsocketconnectable.h %_DEST%\inc%_EXT%\external\glib-2.0\gio\gsocketconnectable.h
..\%__SRC%\inc\gcredentials.h %_DEST%\inc%_EXT%\external\glib-2.0\gio\gcredentials.h
..\%__SRC%\inc\gioenums.h %_DEST%\inc%_EXT%\external\glib-2.0\gio\gioenums.h
..\%__SRC%\inc\gsocketconnection.h %_DEST%\inc%_EXT%\external\glib-2.0\gio\gsocketconnection.h
..\%__SRC%\inc\gdatainputstream.h %_DEST%\inc%_EXT%\external\glib-2.0\gio\gdatainputstream.h
..\%__SRC%\inc\gioenumtypes.h %_DEST%\inc%_EXT%\external\glib-2.0\gio\gioenumtypes.h
..\%__SRC%\inc\gsocketcontrolmessage.h %_DEST%\inc%_EXT%\external\glib-2.0\gio\gsocketcontrolmessage.h
..\%__SRC%\inc\gdataoutputstream.h %_DEST%\inc%_EXT%\external\glib-2.0\gio\gdataoutputstream.h
..\%__SRC%\inc\gioerror.h %_DEST%\inc%_EXT%\external\glib-2.0\gio\gioerror.h
..\%__SRC%\inc\gsocketlistener.h %_DEST%\inc%_EXT%\external\glib-2.0\gio\gsocketlistener.h
..\%__SRC%\inc\gdbusaddress.h %_DEST%\inc%_EXT%\external\glib-2.0\gio\gdbusaddress.h
..\%__SRC%\inc\giomodule.h %_DEST%\inc%_EXT%\external\glib-2.0\gio\giomodule.h
..\%__SRC%\inc\gsocketservice.h %_DEST%\inc%_EXT%\external\glib-2.0\gio\gsocketservice.h
..\%__SRC%\inc\gdbusauthobserver.h %_DEST%\inc%_EXT%\external\glib-2.0\gio\gdbusauthobserver.h
..\%__SRC%\inc\gioscheduler.h %_DEST%\inc%_EXT%\external\glib-2.0\gio\gioscheduler.h
..\%__SRC%\inc\gsrvtarget.h %_DEST%\inc%_EXT%\external\glib-2.0\gio\gsrvtarget.h
..\%__SRC%\inc\gdbusconnection.h %_DEST%\inc%_EXT%\external\glib-2.0\gio\gdbusconnection.h
..\%__SRC%\inc\giostream.h %_DEST%\inc%_EXT%\external\glib-2.0\gio\giostream.h
..\%__SRC%\inc\gtcpconnection.h %_DEST%\inc%_EXT%\external\glib-2.0\gio\gtcpconnection.h
..\%__SRC%\inc\gdbuserror.h %_DEST%\inc%_EXT%\external\glib-2.0\gio\gdbuserror.h
..\%__SRC%\inc\giotypes.h %_DEST%\inc%_EXT%\external\glib-2.0\gio\giotypes.h
..\%__SRC%\inc\gtcpwrapperconnection.h %_DEST%\inc%_EXT%\external\glib-2.0\gio\gtcpwrapperconnection.h
..\%__SRC%\inc\gdbusintrospection.h %_DEST%\inc%_EXT%\external\glib-2.0\gio\gdbusintrospection.h
..\%__SRC%\inc\gloadableicon.h %_DEST%\inc%_EXT%\external\glib-2.0\gio\gloadableicon.h
..\%__SRC%\inc\gthemedicon.h %_DEST%\inc%_EXT%\external\glib-2.0\gio\gthemedicon.h
..\%__SRC%\inc\gdbusmessage.h %_DEST%\inc%_EXT%\external\glib-2.0\gio\gdbusmessage.h
..\%__SRC%\inc\gmemoryinputstream.h %_DEST%\inc%_EXT%\external\glib-2.0\gio\gmemoryinputstream.h
..\%__SRC%\inc\gthreadedsocketservice.h %_DEST%\inc%_EXT%\external\glib-2.0\gio\gthreadedsocketservice.h
..\%__SRC%\inc\gdbusmethodinvocation.h %_DEST%\inc%_EXT%\external\glib-2.0\gio\gdbusmethodinvocation.h
..\%__SRC%\inc\gmemoryoutputstream.h %_DEST%\inc%_EXT%\external\glib-2.0\gio\gmemoryoutputstream.h
..\%__SRC%\inc\gtlsbackend.h %_DEST%\inc%_EXT%\external\glib-2.0\gio\gtlsbackend.h
..\%__SRC%\inc\gdbusnameowning.h %_DEST%\inc%_EXT%\external\glib-2.0\gio\gdbusnameowning.h
..\%__SRC%\inc\gmount.h %_DEST%\inc%_EXT%\external\glib-2.0\gio\gmount.h
..\%__SRC%\inc\gtlscertificate.h %_DEST%\inc%_EXT%\external\glib-2.0\gio\gtlscertificate.h
..\%__SRC%\inc\gdbusnamewatching.h %_DEST%\inc%_EXT%\external\glib-2.0\gio\gdbusnamewatching.h
..\%__SRC%\inc\gmountoperation.h %_DEST%\inc%_EXT%\external\glib-2.0\gio\gmountoperation.h
..\%__SRC%\inc\gtlsclientconnection.h %_DEST%\inc%_EXT%\external\glib-2.0\gio\gtlsclientconnection.h
..\%__SRC%\inc\gdbusproxy.h %_DEST%\inc%_EXT%\external\glib-2.0\gio\gdbusproxy.h
..\%__SRC%\inc\gnativevolumemonitor.h %_DEST%\inc%_EXT%\external\glib-2.0\gio\gnativevolumemonitor.h
..\%__SRC%\inc\gtlsconnection.h %_DEST%\inc%_EXT%\external\glib-2.0\gio\gtlsconnection.h
..\%__SRC%\inc\gdbusserver.h %_DEST%\inc%_EXT%\external\glib-2.0\gio\gdbusserver.h
..\%__SRC%\inc\gnetworkaddress.h %_DEST%\inc%_EXT%\external\glib-2.0\gio\gnetworkaddress.h
..\%__SRC%\inc\gtlsserverconnection.h %_DEST%\inc%_EXT%\external\glib-2.0\gio\gtlsserverconnection.h
..\%__SRC%\inc\gdbusutils.h %_DEST%\inc%_EXT%\external\glib-2.0\gio\gdbusutils.h
..\%__SRC%\inc\gnetworkservice.h %_DEST%\inc%_EXT%\external\glib-2.0\gio\gnetworkservice.h
..\%__SRC%\inc\gvfs.h %_DEST%\inc%_EXT%\external\glib-2.0\gio\gvfs.h
..\%__SRC%\inc\gdrive.h %_DEST%\inc%_EXT%\external\glib-2.0\gio\gdrive.h
..\%__SRC%\inc\goutputstream.h %_DEST%\inc%_EXT%\external\glib-2.0\gio\goutputstream.h
..\%__SRC%\inc\gvolume.h %_DEST%\inc%_EXT%\external\glib-2.0\gio\gvolume.h
..\%__SRC%\inc\gemblem.h %_DEST%\inc%_EXT%\external\glib-2.0\gio\gemblem.h
..\%__SRC%\inc\gpermission.h %_DEST%\inc%_EXT%\external\glib-2.0\gio\gpermission.h
..\%__SRC%\inc\gvolumemonitor.h %_DEST%\inc%_EXT%\external\glib-2.0\gio\gvolumemonitor.h
..\%__SRC%\inc\gemblemedicon.h %_DEST%\inc%_EXT%\external\glib-2.0\gio\gemblemedicon.h
..\%__SRC%\inc\gpollableinputstream.h %_DEST%\inc%_EXT%\external\glib-2.0\gio\gpollableinputstream.h
..\%__SRC%\inc\gzlibcompressor.h %_DEST%\inc%_EXT%\external\glib-2.0\gio\gzlibcompressor.h
..\%__SRC%\inc\gfile.h %_DEST%\inc%_EXT%\external\glib-2.0\gio\gfile.h
..\%__SRC%\inc\gpollableoutputstream.h %_DEST%\inc%_EXT%\external\glib-2.0\gio\gpollableoutputstream.h
..\%__SRC%\inc\gzlibdecompressor.h %_DEST%\inc%_EXT%\external\glib-2.0\gio\gzlibdecompressor.h
..\%__SRC%\inc\gfileattribute.h %_DEST%\inc%_EXT%\external\glib-2.0\gio\gfileattribute.h
..\%__SRC%\inc\gproxy.h %_DEST%\inc%_EXT%\external\glib-2.0\gio\gproxy.h
..\%__SRC%\inc\gfileenumerator.h %_DEST%\inc%_EXT%\external\glib-2.0\gio\gfileenumerator.h
..\%__SRC%\inc\gproxyaddress.h %_DEST%\inc%_EXT%\external\glib-2.0\gio\gproxyaddress.h

mkdir: %_DEST%\inc%_EXT%\external\glib-2.0\glib

..\%__SRC%\inc\galloca.h %_DEST%\inc%_EXT%\external\glib-2.0\glib\galloca.h
..\%__SRC%\inc\gconvert.h %_DEST%\inc%_EXT%\external\glib-2.0\glib\gconvert.h
..\%__SRC%\inc\gi18n.h %_DEST%\inc%_EXT%\external\glib-2.0\glib\gi18n.h
..\%__SRC%\inc\goption.h %_DEST%\inc%_EXT%\external\glib-2.0\glib\goption.h
..\%__SRC%\inc\gscanner.h %_DEST%\inc%_EXT%\external\glib-2.0\glib\gscanner.h
..\%__SRC%\inc\gthreadpool.h %_DEST%\inc%_EXT%\external\glib-2.0\glib\gthreadpool.h
..\%__SRC%\inc\garray.h %_DEST%\inc%_EXT%\external\glib-2.0\glib\garray.h
..\%__SRC%\inc\gdataset.h %_DEST%\inc%_EXT%\external\glib-2.0\glib\gdataset.h
..\%__SRC%\inc\giochannel.h %_DEST%\inc%_EXT%\external\glib-2.0\glib\giochannel.h
..\%__SRC%\inc\gpattern.h %_DEST%\inc%_EXT%\external\glib-2.0\glib\gpattern.h
..\%__SRC%\inc\gsequence.h %_DEST%\inc%_EXT%\external\glib-2.0\glib\gsequence.h
..\%__SRC%\inc\gtimer.h %_DEST%\inc%_EXT%\external\glib-2.0\glib\gtimer.h
..\%__SRC%\inc\gasyncqueue.h %_DEST%\inc%_EXT%\external\glib-2.0\glib\gasyncqueue.h
..\%__SRC%\inc\gdate.h %_DEST%\inc%_EXT%\external\glib-2.0\glib\gdate.h
..\%__SRC%\inc\gkeyfile.h %_DEST%\inc%_EXT%\external\glib-2.0\glib\gkeyfile.h
..\%__SRC%\inc\gpoll.h %_DEST%\inc%_EXT%\external\glib-2.0\glib\gpoll.h
..\%__SRC%\inc\gshell.h %_DEST%\inc%_EXT%\external\glib-2.0\glib\gshell.h
..\%__SRC%\inc\gtimezone.h %_DEST%\inc%_EXT%\external\glib-2.0\glib\gtimezone.h
..\%__SRC%\inc\gatomic.h %_DEST%\inc%_EXT%\external\glib-2.0\glib\gatomic.h
..\%__SRC%\inc\gdatetime.h %_DEST%\inc%_EXT%\external\glib-2.0\glib\gdatetime.h
..\%__SRC%\inc\glist.h %_DEST%\inc%_EXT%\external\glib-2.0\glib\glist.h
..\%__SRC%\inc\gprimes.h %_DEST%\inc%_EXT%\external\glib-2.0\glib\gprimes.h
..\%__SRC%\inc\gslice.h %_DEST%\inc%_EXT%\external\glib-2.0\glib\gslice.h
..\%__SRC%\inc\gtree.h %_DEST%\inc%_EXT%\external\glib-2.0\glib\gtree.h
..\%__SRC%\inc\gbacktrace.h %_DEST%\inc%_EXT%\external\glib-2.0\glib\gbacktrace.h
..\%__SRC%\inc\gdir.h %_DEST%\inc%_EXT%\external\glib-2.0\glib\gdir.h
..\%__SRC%\inc\gmacros.h %_DEST%\inc%_EXT%\external\glib-2.0\glib\gmacros.h
..\%__SRC%\inc\gprintf.h %_DEST%\inc%_EXT%\external\glib-2.0\glib\gprintf.h
..\%__SRC%\inc\gslist.h %_DEST%\inc%_EXT%\external\glib-2.0\glib\gslist.h
..\%__SRC%\inc\gtypes.h %_DEST%\inc%_EXT%\external\glib-2.0\glib\gtypes.h
..\%__SRC%\inc\gbase64.h %_DEST%\inc%_EXT%\external\glib-2.0\glib\gbase64.h
..\%__SRC%\inc\gerror.h %_DEST%\inc%_EXT%\external\glib-2.0\glib\gerror.h
..\%__SRC%\inc\gmain.h %_DEST%\inc%_EXT%\external\glib-2.0\glib\gmain.h
..\%__SRC%\inc\gqsort.h %_DEST%\inc%_EXT%\external\glib-2.0\glib\gqsort.h
..\%__SRC%\inc\gspawn.h %_DEST%\inc%_EXT%\external\glib-2.0\glib\gspawn.h
..\%__SRC%\inc\gunicode.h %_DEST%\inc%_EXT%\external\glib-2.0\glib\gunicode.h
..\%__SRC%\inc\gbitlock.h %_DEST%\inc%_EXT%\external\glib-2.0\glib\gbitlock.h
..\%__SRC%\inc\gfileutils.h %_DEST%\inc%_EXT%\external\glib-2.0\glib\gfileutils.h
..\%__SRC%\inc\gmappedfile.h %_DEST%\inc%_EXT%\external\glib-2.0\glib\gmappedfile.h
..\%__SRC%\inc\gquark.h %_DEST%\inc%_EXT%\external\glib-2.0\glib\gquark.h
..\%__SRC%\inc\gstdio.h %_DEST%\inc%_EXT%\external\glib-2.0\glib\gstdio.h
..\%__SRC%\inc\gurifuncs.h %_DEST%\inc%_EXT%\external\glib-2.0\glib\gurifuncs.h
..\%__SRC%\inc\gbookmarkfile.h %_DEST%\inc%_EXT%\external\glib-2.0\glib\gbookmarkfile.h
..\%__SRC%\inc\ghash.h %_DEST%\inc%_EXT%\external\glib-2.0\glib\ghash.h
..\%__SRC%\inc\gmarkup.h %_DEST%\inc%_EXT%\external\glib-2.0\glib\gmarkup.h
..\%__SRC%\inc\gqueue.h %_DEST%\inc%_EXT%\external\glib-2.0\glib\gqueue.h
..\%__SRC%\inc\gstrfuncs.h %_DEST%\inc%_EXT%\external\glib-2.0\glib\gstrfuncs.h
..\%__SRC%\inc\gutils.h %_DEST%\inc%_EXT%\external\glib-2.0\glib\gutils.h
..\%__SRC%\inc\gcache.h %_DEST%\inc%_EXT%\external\glib-2.0\glib\gcache.h
..\%__SRC%\inc\ghook.h %_DEST%\inc%_EXT%\external\glib-2.0\glib\ghook.h
..\%__SRC%\inc\gmem.h %_DEST%\inc%_EXT%\external\glib-2.0\glib\gmem.h
..\%__SRC%\inc\grand.h %_DEST%\inc%_EXT%\external\glib-2.0\glib\grand.h
..\%__SRC%\inc\gstring.h %_DEST%\inc%_EXT%\external\glib-2.0\glib\gstring.h
..\%__SRC%\inc\gvariant.h %_DEST%\inc%_EXT%\external\glib-2.0\glib\gvariant.h
..\%__SRC%\inc\gchecksum.h %_DEST%\inc%_EXT%\external\glib-2.0\glib\gchecksum.h
..\%__SRC%\inc\ghostutils.h %_DEST%\inc%_EXT%\external\glib-2.0\glib\ghostutils.h
..\%__SRC%\inc\gmessages.h %_DEST%\inc%_EXT%\external\glib-2.0\glib\gmessages.h
..\%__SRC%\inc\gregex.h %_DEST%\inc%_EXT%\external\glib-2.0\glib\gregex.h
..\%__SRC%\inc\gtestutils.h %_DEST%\inc%_EXT%\external\glib-2.0\glib\gtestutils.h
..\%__SRC%\inc\gvarianttype.h %_DEST%\inc%_EXT%\external\glib-2.0\glib\gvarianttype.h
..\%__SRC%\inc\gcompletion.h %_DEST%\inc%_EXT%\external\glib-2.0\glib\gcompletion.h
..\%__SRC%\inc\gi18n-lib.h %_DEST%\inc%_EXT%\external\glib-2.0\glib\gi18n-lib.h
..\%__SRC%\inc\gnode.h %_DEST%\inc%_EXT%\external\glib-2.0\glib\gnode.h
..\%__SRC%\inc\grel.h %_DEST%\inc%_EXT%\external\glib-2.0\glib\grel.h
..\%__SRC%\inc\gthread.h %_DEST%\inc%_EXT%\external\glib-2.0\glib\gthread.h
..\%__SRC%\inc\gwin32.h %_DEST%\inc%_EXT%\external\glib-2.0\glib\gwin32.h

mkdir: %_DEST%\inc%_EXT%\external\glib-2.0\gobject
..\%__SRC%\inc\gbinding.h %_DEST%\inc%_EXT%\external\glib-2.0\gobject\gbinding.h
..\%__SRC%\inc\gmarshal.h %_DEST%\inc%_EXT%\external\glib-2.0\gobject\gmarshal.h
..\%__SRC%\inc\gparamspecs.h %_DEST%\inc%_EXT%\external\glib-2.0\gobject\gparamspecs.h
..\%__SRC%\inc\gtypemodule.h %_DEST%\inc%_EXT%\external\glib-2.0\gobject\gtypemodule.h
..\%__SRC%\inc\gvaluecollector.h %_DEST%\inc%_EXT%\external\glib-2.0\gobject\gvaluecollector.h
..\%__SRC%\inc\gboxed.h %_DEST%\inc%_EXT%\external\glib-2.0\gobject\gboxed.h
..\%__SRC%\inc\gobject.h %_DEST%\inc%_EXT%\external\glib-2.0\gobject\gobject.h
..\%__SRC%\inc\gsignal.h %_DEST%\inc%_EXT%\external\glib-2.0\gobject\gsignal.h
..\%__SRC%\inc\gtypeplugin.h %_DEST%\inc%_EXT%\external\glib-2.0\gobject\gtypeplugin.h
..\%__SRC%\inc\gvaluetypes.h %_DEST%\inc%_EXT%\external\glib-2.0\gobject\gvaluetypes.h
..\%__SRC%\inc\gclosure.h %_DEST%\inc%_EXT%\external\glib-2.0\gobject\gclosure.h
..\%__SRC%\inc\gobjectnotifyqueue.c %_DEST%\inc%_EXT%\external\glib-2.0\gobject\gobjectnotifyqueue.c  
..\%__SRC%\inc\gsourceclosure.h %_DEST%\inc%_EXT%\external\glib-2.0\gobject\gsourceclosure.h
..\%__SRC%\inc\gvalue.h %_DEST%\inc%_EXT%\external\glib-2.0\gobject\gvalue.h
..\%__SRC%\inc\genums.h %_DEST%\inc%_EXT%\external\glib-2.0\gobject\genums.h
..\%__SRC%\inc\gparam.h %_DEST%\inc%_EXT%\external\glib-2.0\gobject\gparam.h
..\%__SRC%\inc\gtype.h %_DEST%\inc%_EXT%\external\glib-2.0\gobject\gtype.h
..\%__SRC%\inc\gvaluearray.h %_DEST%\inc%_EXT%\external\glib-2.0\gobject\gvaluearray.h

