mkdir: %_DEST%\inc\external
..\%__SRC%\inc\*.h %_DEST%\inc\external\*.h
..\%__SRC%\lib\libraptor-lo.so.1 %_DEST%\lib\libraptor-lo.so.1
symlink: %_DEST%\lib\libraptor-lo.so.1 %_DEST%\lib\libraptor.so
..\%__SRC%\lib\libraptor.so %_DEST%\lib\libraptor.so
..\%__SRC%\lib\libraptor-lo.1.dylib %_DEST%\lib\libraptor-lo.1.dylib
symlink: %_DEST%\lib\libraptor-lo.1.dylib %_DEST%\lib\libraptor.dylib
..\%__SRC%\lib\librasqal-lo.so.1 %_DEST%\lib\librasqal-lo.so.1
symlink: %_DEST%\lib\librasqal-lo.so.1 %_DEST%\lib\librasqal.so
..\%__SRC%\lib\librasqal.so %_DEST%\lib\librasqal.so
..\%__SRC%\lib\librasqal-lo.1.dylib %_DEST%\lib\librasqal-lo.1.dylib
symlink: %_DEST%\lib\librasqal-lo.1.dylib %_DEST%\lib\librasqal.dylib
..\%__SRC%\lib\librdf-lo.so.0 %_DEST%\lib\librdf-lo.so.0
symlink: %_DEST%\lib\librdf-lo.so.0 %_DEST%\lib\librdf.so
..\%__SRC%\lib\librdf.so %_DEST%\lib\librdf.so
..\%__SRC%\lib\librdf-lo.0.dylib %_DEST%\lib\librdf-lo.0.dylib
symlink: %_DEST%\lib\librdf-lo.0.dylib %_DEST%\lib\librdf.dylib
..\%__SRC%\lib\*.lib %_DEST%\lib
..\%__SRC%\lib\*.a %_DEST%\lib
..\%__SRC%\lib\lib*.dll.a %_DEST%\lib\lib*.a
..\%__SRC%\bin\*.dll %_DEST%\bin
..\redlandversion.mk %_DEST%\inc\redlandversion.mk
