ch	chart2	:    offapi offuh L10N:l10n comphelper cppu cppuhelper sal svtools svx tools vcl toolkit unotools sfx2 LIBXSLT:libxslt NULL
ch	chart2										usr1	-	all	ch_mkout NULL
ch	chart2\inc									nmake	-	all	ch_inc NULL
ch	chart2\source\inc							get		-	all	ch_source_inc NULL
ch	chart2\source\inc\chartview					get		-	all	ch_source_inc_chartview NULL
ch	chart2\source\tools							nmake	-	all	ch_source_tools ch_inc NULL
ch	chart2\source\model							nmake	-	all	ch_source_model ch_source_tools ch_source_model_main ch_source_model_template ch_source_model_filter ch_inc NULL
ch	chart2\source\model\main					nmake	-	all ch_source_model_main ch_inc NULL
ch	chart2\source\model\template				nmake	-	all ch_source_model_template ch_inc NULL
ch	chart2\source\model\filter					nmake	-	all ch_source_model_filter ch_inc NULL
ch	chart2\source\view							nmake	-	all	ch_source_view ch_source_tools ch_source_view_charttypes ch_source_view_axes ch_source_view_diagram ch_source_view_main ch_inc NULL
ch	chart2\source\view\inc						get		-	all	ch_source_view_inc NULL
ch	chart2\source\view\axes						nmake	-	all	ch_source_view_axes ch_source_tools ch_inc NULL
ch	chart2\source\view\charttypes				nmake	-	all	ch_source_view_charttypes ch_inc NULL
ch	chart2\source\view\diagram					nmake	-	all	ch_source_view_diagram ch_inc NULL
ch	chart2\source\view\main						nmake	-	all	ch_source_view_main ch_inc NULL
ch	chart2\source\controller					nmake	-	all	ch_source_controller ch_source_tools ch_source_view ch_source_controller_drawinglayer ch_source_controller_itemsetwrapper ch_source_controller_dialogs ch_source_controller_main ch_source_controller_chartapiwrapper ch_source_controller_accessibility ch_inc ch_source_controller_menus NULL
ch	chart2\source\controller\inc				get		-	all	ch_source_controller_inc NULL
ch	chart2\source\controller\accessibility		nmake	-	all	ch_source_controller_accessibility ch_inc NULL
ch	chart2\source\controller\dialogs			nmake	-	all	ch_source_controller_dialogs ch_inc NULL
ch	chart2\source\controller\drawinglayer		nmake	-	all	ch_source_controller_drawinglayer ch_inc NULL
ch	chart2\source\controller\itemsetwrapper		nmake	-	all	ch_source_controller_itemsetwrapper ch_inc NULL
ch  chart2\source\controller\chartapiwrapper	nmake   -   all ch_source_controller_chartapiwrapper ch_inc NULL
ch	chart2\source\controller\main				nmake	-	all	ch_source_controller_main ch_inc NULL
ch	chart2\source\controller\menus				nmake	-	all	ch_source_controller_menus ch_inc NULL
ch	chart2\prj									get		-	all	ch_prj NULL
ch	chart2\qa\unoapi                            nmake   -   all ch_qa_unoapi NULL
