mkdir: %COMMON_DEST%\bin\hid
mkdir: %_DEST%\xml\uiconfig
mkdir: %_DEST%\xml\uiconfig\modules
mkdir: %_DEST%\xml\uiconfig\modules\BasicIDE
mkdir: %_DEST%\xml\uiconfig\modules\BasicIDE\menubar
mkdir: %_DEST%\xml\uiconfig\modules\BasicIDE\toolbar
mkdir: %_DEST%\xml\uiconfig\modules\BasicIDE\statusbar

..\%COMMON_OUTDIR%\misc\*.hid %COMMON_DEST%\bin\hid\*.hid
..\%__SRC%\inc\basslots.ilb %_DEST%\inc\basslots.ilb
..\%__SRC%\lib\lib*.* %_DEST%\lib\lib*.*
..\%__SRC%\bin\basctl*.dll %_DEST%\bin\basctl*.dll
..\%__SRC%\bin\basctl*.res %_DEST%\bin\basctl*.res
..\%__SRC%\misc\basctl*.map %_DEST%\bin\basctl*.map
..\%__SRC%\misc\basctl.csv %_DEST%\inc\basctl.csv

mkdir: %_DEST%\inc\basctl

..\util\basctl.xml %_DEST%\xml\basctl.xml

..\uiconfig\basicide\menubar\*.xml %_DEST%\xml\uiconfig\modules\BasicIDE\menubar\*.xml
..\uiconfig\basicide\toolbar\*.xml %_DEST%\xml\uiconfig\modules\BasicIDE\toolbar\*.xml
..\uiconfig\basicide\statusbar\*.xml %_DEST%\xml\uiconfig\modules\BasicIDE\statusbar\*.xml
..\%__SRC%\misc\basctl.component %_DEST%\xml\basctl.component
