mkdir: %_DEST%\inc%_EXT%\external\freetype
mkdir: %_DEST%\inc%_EXT%\external\freetype\config
..\%__SRC%\bin\freetype.dll %_DEST%\bin%_EXT%\freetype.dll
..\%__SRC%\bin\freetype.lib %_DEST%\lib%_EXT%\freetype.lib
..\%__SRC%\lib\ifreetype.lib %_DEST%\lib%_EXT%\ifreetype.lib
..\%__SRC%\misc\build\freetype-2.4.4\include\ft2build.h %_DEST%\inc%_EXT%\external\freetype\ft2build.h

..\%__SRC%\misc\build\freetype-2.4.4\include\freetype\freetype.h %_DEST%\inc%_EXT%\external\freetype\freetype.h
..\%__SRC%\misc\build\freetype-2.4.4\include\freetype\ftadvanc.h %_DEST%\inc%_EXT%\external\freetype\ftadvanc.h
..\%__SRC%\misc\build\freetype-2.4.4\include\freetype\ftbbox.h %_DEST%\inc%_EXT%\external\freetype\ftbbox.h
..\%__SRC%\misc\build\freetype-2.4.4\include\freetype\ftbdf.h %_DEST%\inc%_EXT%\external\freetype\ftbdf.h
..\%__SRC%\misc\build\freetype-2.4.4\include\freetype\ftbitmap.h %_DEST%\inc%_EXT%\external\freetype\ftbitmap.h
..\%__SRC%\misc\build\freetype-2.4.4\include\freetype\ftcache.h %_DEST%\inc%_EXT%\external\freetype\ftcache.h
..\%__SRC%\misc\build\freetype-2.4.4\include\freetype\ftchapters.h %_DEST%\inc%_EXT%\external\freetype\ftchapters.h
..\%__SRC%\misc\build\freetype-2.4.4\include\freetype\ftcid.h %_DEST%\inc%_EXT%\external\freetype\ftcid.h
..\%__SRC%\misc\build\freetype-2.4.4\include\freetype\fterrdef.h %_DEST%\inc%_EXT%\external\freetype\fterrdef.h
..\%__SRC%\misc\build\freetype-2.4.4\include\freetype\fterrors.h %_DEST%\inc%_EXT%\external\freetype\fterrors.h
..\%__SRC%\misc\build\freetype-2.4.4\include\freetype\ftgasp.h %_DEST%\inc%_EXT%\external\freetype\ftgasp.h
..\%__SRC%\misc\build\freetype-2.4.4\include\freetype\ftglyph.h %_DEST%\inc%_EXT%\external\freetype\ftglyph.h
..\%__SRC%\misc\build\freetype-2.4.4\include\freetype\ftgxval.h %_DEST%\inc%_EXT%\external\freetype\ftgxval.h
..\%__SRC%\misc\build\freetype-2.4.4\include\freetype\ftgzip.h %_DEST%\inc%_EXT%\external\freetype\ftgzip.h
..\%__SRC%\misc\build\freetype-2.4.4\include\freetype\ftimage.h %_DEST%\inc%_EXT%\external\freetype\ftimage.h
..\%__SRC%\misc\build\freetype-2.4.4\include\freetype\ftincrem.h %_DEST%\inc%_EXT%\external\freetype\ftincrem.h
..\%__SRC%\misc\build\freetype-2.4.4\include\freetype\ftlcdfil.h %_DEST%\inc%_EXT%\external\freetype\ftlcdfil.h
..\%__SRC%\misc\build\freetype-2.4.4\include\freetype\ftlist.h %_DEST%\inc%_EXT%\external\freetype\ftlist.h
..\%__SRC%\misc\build\freetype-2.4.4\include\freetype\ftlzw.h %_DEST%\inc%_EXT%\external\freetype\ftlzw.h
..\%__SRC%\misc\build\freetype-2.4.4\include\freetype\ftmac.h %_DEST%\inc%_EXT%\external\freetype\ftmac.h
..\%__SRC%\misc\build\freetype-2.4.4\include\freetype\ftmm.h %_DEST%\inc%_EXT%\external\freetype\ftmm.h
..\%__SRC%\misc\build\freetype-2.4.4\include\freetype\ftmodapi.h %_DEST%\inc%_EXT%\external\freetype\ftmodapi.h
..\%__SRC%\misc\build\freetype-2.4.4\include\freetype\ftmoderr.h %_DEST%\inc%_EXT%\external\freetype\ftmoderr.h
..\%__SRC%\misc\build\freetype-2.4.4\include\freetype\ftotval.h %_DEST%\inc%_EXT%\external\freetype\ftotval.h
..\%__SRC%\misc\build\freetype-2.4.4\include\freetype\ftoutln.h %_DEST%\inc%_EXT%\external\freetype\ftoutln.h
..\%__SRC%\misc\build\freetype-2.4.4\include\freetype\ftpfr.h %_DEST%\inc%_EXT%\external\freetype\ftpfr.h
..\%__SRC%\misc\build\freetype-2.4.4\include\freetype\ftrender.h %_DEST%\inc%_EXT%\external\freetype\ftrender.h
..\%__SRC%\misc\build\freetype-2.4.4\include\freetype\ftsizes.h %_DEST%\inc%_EXT%\external\freetype\ftsizes.h
..\%__SRC%\misc\build\freetype-2.4.4\include\freetype\ftsnames.h %_DEST%\inc%_EXT%\external\freetype\ftsnames.h
..\%__SRC%\misc\build\freetype-2.4.4\include\freetype\ftstroke.h %_DEST%\inc%_EXT%\external\freetype\ftstroke.h
..\%__SRC%\misc\build\freetype-2.4.4\include\freetype\ftsynth.h %_DEST%\inc%_EXT%\external\freetype\ftsynth.h
..\%__SRC%\misc\build\freetype-2.4.4\include\freetype\ftsystem.h %_DEST%\inc%_EXT%\external\freetype\ftsystem.h
..\%__SRC%\misc\build\freetype-2.4.4\include\freetype\fttrigon.h %_DEST%\inc%_EXT%\external\freetype\fttrigon.h
..\%__SRC%\misc\build\freetype-2.4.4\include\freetype\fttypes.h %_DEST%\inc%_EXT%\external\freetype\fttypes.h
..\%__SRC%\misc\build\freetype-2.4.4\include\freetype\ftwinfnt.h %_DEST%\inc%_EXT%\external\freetype\ftwinfnt.h
..\%__SRC%\misc\build\freetype-2.4.4\include\freetype\ftxf86.h %_DEST%\inc%_EXT%\external\freetype\ftxf86.h
..\%__SRC%\misc\build\freetype-2.4.4\include\freetype\t1tables.h %_DEST%\inc%_EXT%\external\freetype\t1tables.h
..\%__SRC%\misc\build\freetype-2.4.4\include\freetype\ttnameid.h %_DEST%\inc%_EXT%\external\freetype\ttnameid.h
..\%__SRC%\misc\build\freetype-2.4.4\include\freetype\tttables.h %_DEST%\inc%_EXT%\external\freetype\tttables.h
..\%__SRC%\misc\build\freetype-2.4.4\include\freetype\tttags.h %_DEST%\inc%_EXT%\external\freetype\tttags.h
..\%__SRC%\misc\build\freetype-2.4.4\include\freetype\ttunpat.h %_DEST%\inc%_EXT%\external\freetype\ttunpat.h

..\%__SRC%\misc\build\freetype-2.4.4\include\freetype\config\ftconfig.h %_DEST%\inc%_EXT%\external\freetype\config\ftconfig.h
..\%__SRC%\misc\build\freetype-2.4.4\include\freetype\config\ftheader.h %_DEST%\inc%_EXT%\external\freetype\config\ftheader.h
..\%__SRC%\misc\build\freetype-2.4.4\include\freetype\config\ftmodule.h %_DEST%\inc%_EXT%\external\freetype\config\ftmodule.h
..\%__SRC%\misc\build\freetype-2.4.4\include\freetype\config\ftoption.h %_DEST%\inc%_EXT%\external\freetype\config\ftoption.h
..\%__SRC%\misc\build\freetype-2.4.4\include\freetype\config\ftstdlib.h %_DEST%\inc%_EXT%\external\freetype\config\ftstdlib.h