ba      dbaccess        :       TRANSLATIONS:translations BOOST:boost connectivity svx stoc qadevOOo xmlscript LIBXSLT:libxslt test NULL
ba	dbaccess								usr1	-	all	ba_mkout NULL
ba	dbaccess\inc							nmake	-	all	ba_inc NULL
ba	dbaccess\source\ui\inc					nmake	-	all	ba_uiinc ba_inc NULL
ba	dbaccess\source\core\api				nmake	-	all	ba_capi ba_inc NULL
ba	dbaccess\source\core\dataaccess			nmake	-	all	ba_cdaccess ba_inc NULL
ba	dbaccess\source\core\recovery           nmake	-	all	ba_crecovery ba_inc NULL
ba	dbaccess\source\core\misc				nmake	-	all	ba_cmisc ba_inc NULL
ba	dbaccess\source\core\resource			nmake	-	all	ba_cres ba_inc NULL
ba	dbaccess\source\filter\xml				nmake	-	all	ba_ffilter ba_shared ba_util ba_inc NULL
ba	dbaccess\source\shared					nmake	-	all	ba_shared ba_cres ba_inc NULL
ba  dbaccess\source\sdbtools\connection     nmake   -   all ba_conntools ba_inc NULL
ba  dbaccess\source\sdbtools\misc           nmake   -   all ba_misctools ba_inc NULL
ba  dbaccess\source\sdbtools\resource       nmake   -   all ba_miscres ba_inc NULL
ba  dbaccess\source\ext\macromigration      nmake   -   all ba_extmm ba_inc NULL
ba  dbaccess\source\ext\adabas  			nmake   -   all ba_ext_adabasui ba_inc NULL
ba	dbaccess\source\ui\app					nmake	-	all	ba_uiapp ba_uiinc ba_inc NULL
ba	dbaccess\source\ui\browser				nmake	-	all	ba_uibrowser ba_uiinc ba_inc NULL
ba	dbaccess\source\ui\dlg					nmake	-	all	ba_uidlg ba_uiinc ba_inc NULL
ba	dbaccess\source\ui\control				nmake	-	all	ba_uicontrol ba_uiinc ba_inc NULL
ba	dbaccess\source\ui\misc					nmake	-	all	ba_uimisc ba_inc NULL
ba	dbaccess\source\ui\querydesign			nmake	-	all	ba_uiquery ba_uiinc ba_inc NULL
ba	dbaccess\source\ui\relationdesign		nmake	-	all	ba_uirelationdesign ba_uiinc ba_inc NULL
ba	dbaccess\source\ui\tabledesign			nmake	-	all	ba_uitabledesign ba_uiinc ba_inc NULL
ba	dbaccess\source\ui\uno					nmake	-	all	ba_uiuno ba_inc NULL
ba	dbaccess\source\ui\imagelists			nmake	-	all	ba_uiimglst ba_inc NULL
ba  dbaccess\util                           nmake   -   all ba_util ba_uiimglst ba_capi ba_cdaccess ba_cmisc ba_crecovery ba_shared ba_uibrowser ba_uiapp ba_uicontrol ba_uidlg ba_uimisc ba_uiquery ba_uitabledesign ba_uirelationdesign ba_uiuno ba_conntools ba_misctools ba_miscres ba_ext_adabasui NULL
ba  dbaccess\win32\source\odbcconfig        nmake   -   w ba_odbcconfig ba_inc NULL

# fd#35693 disabled because it hangs on exit
#ba dbaccess\qa\unoapi nmake - all ba_q_unoapi NULL

# complex tests doesn't work
# ba dbaccess\qa\complex\dbaccess           nmake   -   all ba_qa_complex NULL

