mkdir: %COMMON_DEST%\bin%_EXT%\hid
mkdir: %_DEST%\xml%_EXT%\uiconfig
mkdir: %_DEST%\xml%_EXT%\uiconfig\dbapp
mkdir: %_DEST%\xml%_EXT%\uiconfig\dbbrowser
mkdir: %_DEST%\xml%_EXT%\uiconfig\dbquery
mkdir: %_DEST%\xml%_EXT%\uiconfig\dbrelation
mkdir: %_DEST%\xml%_EXT%\uiconfig\dbtable
mkdir: %_DEST%\xml%_EXT%\uiconfig\dbapp\menubar
mkdir: %_DEST%\xml%_EXT%\uiconfig\dbapp\toolbar
mkdir: %_DEST%\xml%_EXT%\uiconfig\dbbrowser\menubar
mkdir: %_DEST%\xml%_EXT%\uiconfig\dbbrowser\toolbar
mkdir: %_DEST%\xml%_EXT%\uiconfig\dbquery\menubar
mkdir: %_DEST%\xml%_EXT%\uiconfig\dbquery\toolbar
mkdir: %_DEST%\xml%_EXT%\uiconfig\dbrelation\menubar
mkdir: %_DEST%\xml%_EXT%\uiconfig\dbrelation\toolbar
mkdir: %_DEST%\xml%_EXT%\uiconfig\dbtable\menubar
mkdir: %_DEST%\xml%_EXT%\uiconfig\dbtable\toolbar

..\%COMMON_OUTDIR%\misc\*.hid %COMMON_DEST%\bin%_EXT%\hid\*.hid
..\%__SRC%\bin\*.dll %_DEST%\bin%_EXT%\*.dll
..\%__SRC%\lib\lib*.so %_DEST%\lib%_EXT%
..\%__SRC%\lib\lib*.dylib %_DEST%\lib%_EXT%
..\%__SRC%\lib\*.sl %_DEST%\lib%_EXT%\*.sl
..\%__SRC%\bin\*.bin %_DEST%\bin%_EXT%\*.bin
..\%__SRC%\bin\*.res %_DEST%\bin%_EXT%\*.res
..\%__SRC%\bin\*.exe %_DEST%\bin%_EXT%\*.exe
*.xml %_DEST%\xml%_EXT%\*.xml

touch: ..\%__SRC%\misc\dbaccess.hid %_DEST%\bin%_EXT%\dba.hid

..\uiconfig\dbapp\menubar\*.xml %_DEST%\xml%_EXT%\uiconfig\dbapp\menubar\*.xml
..\uiconfig\dbbrowser\menubar\*.xml %_DEST%\xml%_EXT%\uiconfig\dbbrowser\menubar\*.xml
..\uiconfig\dbquery\menubar\*.xml %_DEST%\xml%_EXT%\uiconfig\dbquery\menubar\*.xml
..\uiconfig\dbrelation\menubar\*.xml %_DEST%\xml%_EXT%\uiconfig\dbrelation\menubar\*.xml
..\uiconfig\dbtable\menubar\*.xml %_DEST%\xml%_EXT%\uiconfig\dbtable\menubar\*.xml

..\uiconfig\dbapp\toolbar\*.xml %_DEST%\xml%_EXT%\uiconfig\dbapp\toolbar\*.xml
..\uiconfig\dbbrowser\toolbar\*.xml %_DEST%\xml%_EXT%\uiconfig\dbbrowser\toolbar\*.xml
..\uiconfig\dbquery\toolbar\*.xml %_DEST%\xml%_EXT%\uiconfig\dbquery\toolbar\*.xml
..\uiconfig\dbrelation\toolbar\*.xml %_DEST%\xml%_EXT%\uiconfig\dbrelation\toolbar\*.xml
..\uiconfig\dbtable\toolbar\*.xml %_DEST%\xml%_EXT%\uiconfig\dbtable\toolbar\*.xml

dos: sh -c "if test %OS% = MACOSX; then create-bundle %_DEST%\lib%_EXT%\*.dylib; fi"
