mkdir: %COMMON_DEST%\bin%_EXT%\hid
mkdir: %_DEST%\bin%_EXT%\local
mkdir: %_DEST%\bin%_EXT%\remote
mkdir: %_DEST%\bin%_EXT%\remote2

..\%COMMON_OUTDIR%\misc\*.hid %COMMON_DEST%\bin%_EXT%\hid\*.hid
..\%__SRC%\bin\soffice.bin %_DEST%\bin%_EXT%\soffice.bin
..\%__SRC%\bin\officeloader.exe %_DEST%\bin%_EXT%\soffice.exe
..\%__SRC%\bin\soffice %_DEST%\bin%_EXT%\soffice.bin

..\%__SRC%\bin\soffice_oo.exe %_DEST%\bin%_EXT%\soffice_oo.exe
..\%__SRC%\bin\soffice_so.exe %_DEST%\bin%_EXT%\soffice_so.exe
..\%__SRC%\bin\soffice_oo %_DEST%\bin%_EXT%\soffice_oo.bin
..\%__SRC%\bin\soffice_so %_DEST%\bin%_EXT%\soffice_so.bin

..\%__SRC%\bin\scalc.exe %_DEST%\bin%_EXT%\scalc.exe
..\%__SRC%\bin\sdraw.exe %_DEST%\bin%_EXT%\sdraw.exe
..\%__SRC%\bin\simpress.exe %_DEST%\bin%_EXT%\simpress.exe
..\%__SRC%\bin\smath.exe %_DEST%\bin%_EXT%\smath.exe
..\%__SRC%\bin\swriter.exe %_DEST%\bin%_EXT%\swriter.exe
..\%__SRC%\bin\sbase.exe %_DEST%\bin%_EXT%\sbase.exe

..\%__SRC%\bin\*.exe.manifest %_DEST%\bin%_EXT%\*.exe.manifest
..\%__SRC%\bin\wrp*.dll %_DEST%\bin%_EXT%\wrp*.dll
..\%__SRC%\bin\spl*.dll %_DEST%\bin%_EXT%\spl*.dll
..\%__SRC%\bin\socomp.dll %_DEST%\bin%_EXT%\socomp.dll
..\%__SRC%\lib\libwrp*.so %_DEST%\lib%_EXT%\libwrp*.so
..\%__SRC%\lib\libwrp*.dylib %_DEST%\lib%_EXT%\libwrp*.dylib
..\%__SRC%\lib\libspl*.so %_DEST%\lib%_EXT%\libspl*.so
..\%__SRC%\lib\libspl*.dylib %_DEST%\lib%_EXT%\libspl*.dylib
..\%__SRC%\lib\libsocomp.so %_DEST%\lib%_EXT%\libsocomp.so
..\%__SRC%\lib\libsocomp.dylib %_DEST%\lib%_EXT%\libsocomp.dylib
..\%__SRC%\bin\offacc*.dll %_DEST%\bin%_EXT%\offacc*.dll
..\%__SRC%\lib\liboffacc*.so %_DEST%\lib%_EXT%\liboffacc*.so
..\%__SRC%\lib\liboffacc*.dylib %_DEST%\lib%_EXT%\liboffacc*.dylib
..\%__SRC%\bin\migrationoo2.uno.dll %_DEST%\bin%_EXT%\migrationoo2.uno.dll
..\%__SRC%\lib\migrationoo2.uno.so %_DEST%\lib%_EXT%\migrationoo2.uno.so
..\%__SRC%\lib\migrationoo2.uno.dylib %_DEST%\lib%_EXT%\migrationoo2.uno.dylib

..\%__SRC%\bin\sweb %_DEST%\bin%_EXT%\sweb.bin

..\%__SRC%\bin\loader2.ex? %_DEST%\bin%_EXT%\loader2.ex?

..\%__SRC%\bin\deployment*.uno.dll %_DEST%\bin%_EXT%\deployment*.uno.dll
..\%__SRC%\lib\deployment*.uno.so %_DEST%\lib%_EXT%\deployment*.uno.so
..\%__SRC%\lib\deployment*.uno.dylib %_DEST%\lib%_EXT%\deployment*.uno.dylib
..\%__SRC%\bin\unopkg.exe %_DEST%\bin%_EXT%\unopkg.exe
..\%__SRC%\bin\unopkg %_DEST%\bin%_EXT%\unopkg.bin
..\%__SRC%\misc\unopkg.sh %_DEST%\bin%_EXT%\unopkg
..\%__SRC%\bin\pkgchk.exe %_DEST%\bin%_EXT%\pkgchk.exe
..\%__SRC%\bin\msi-pkgchk.exe %_DEST%\bin%_EXT%\msi-pkgchk.exe
..\%__SRC%\bin\pkgchk %_DEST%\bin%_EXT%\pkgchk.bin

..\%__SRC%\bin\pagein %_DEST%\bin%_EXT%\pagein
..\%__SRC%\misc\pagein-* %_DEST%\bin%_EXT%\pagein-*

..\%__SRC%\bin\*.res %_DEST%\bin%_EXT%\*.res

..\%__SRC%\misc\soffice.sh %_DEST%\bin%_EXT%\soffice
..\%__SRC%\misc\so\soffice.sh %_DEST%\bin%_EXT%\so\soffice
..\%__SRC%\misc\sbase.sh %_DEST%\bin%_EXT%\sbase
..\%__SRC%\misc\scalc.sh %_DEST%\bin%_EXT%\scalc
..\%__SRC%\misc\sdraw.sh %_DEST%\bin%_EXT%\sdraw
..\%__SRC%\misc\simpress.sh %_DEST%\bin%_EXT%\simpress
..\%__SRC%\misc\smaster.sh %_DEST%\bin%_EXT%\smaster
..\%__SRC%\misc\smath.sh %_DEST%\bin%_EXT%\smath
..\%__SRC%\misc\sweb.sh %_DEST%\bin%_EXT%\sweb
..\%__SRC%\misc\swriter.sh %_DEST%\bin%_EXT%\swriter
..\%__SRC%\misc\nswrapper.sh %_DEST%\bin%_EXT%\nswrapper
..\%__SRC%\misc\mozwrapper.sh %_DEST%\bin%_EXT%\mozwrapper

mkdir: %COMMON_DEST%\pck%_EXT%\starsuite_bitmap
mkdir: %COMMON_DEST%\pck%_EXT%\staroffice_bitmap
..\res\so_login_image.bmp %COMMON_DEST%\pck%_EXT%\staroffice_bitmap\ssologin.bmp
..\res\ssu_login_image.bmp %COMMON_DEST%\pck%_EXT%\starsuite_bitmap\ssologin.bmp
..\res\open_login_image.bmp %COMMON_DEST%\pck%_EXT%\ssologin.bmp

dos: sh -c "if test %OS% = MACOSX; then create-bundle %_DEST%\lib%_EXT%\*.dylib; fi"
