mkdir: %_DEST%\res%_EXT%\icons
mkdir: %_DEST%\inc%_EXT%\icons

..\%__SRC%\misc\*.ico %_DEST%\res%_EXT%\icons\*.ico
..\%__SRC%\bin\*.zip %_DEST%\pck%_EXT%\*.zip
..\%__SRC%\misc\dtint.sh %_DEST%\bin%_EXT%\dtint
..\%__SRC%\misc\soffice.sh %_DEST%\bin%_EXT%\soffice
..\%__SRC%\misc\sagenda.sh %_DEST%\bin%_EXT%\sagenda
..\%__SRC%\misc\scalc.sh %_DEST%\bin%_EXT%\scalc
..\%__SRC%\misc\sdraw.sh %_DEST%\bin%_EXT%\sdraw
..\%__SRC%\misc\sfax.sh %_DEST%\bin%_EXT%\sfax
..\%__SRC%\misc\simpress.sh %_DEST%\bin%_EXT%\simpress
..\%__SRC%\misc\slabel.sh %_DEST%\bin%_EXT%\slabel
..\%__SRC%\misc\sletter.sh %_DEST%\bin%_EXT%\sletter
..\%__SRC%\misc\smaster.sh %_DEST%\bin%_EXT%\smaster
..\%__SRC%\misc\smath.sh %_DEST%\bin%_EXT%\smath
..\%__SRC%\misc\smemo.sh %_DEST%\bin%_EXT%\smemo
..\%__SRC%\misc\svcard.sh %_DEST%\bin%_EXT%\svcard
..\%__SRC%\misc\sweb.sh %_DEST%\bin%_EXT%\sweb
..\%__SRC%\misc\swriter.sh %_DEST%\bin%_EXT%\swriter
..\%__SRC%\misc\fromTemplate.sh %_DEST%\bin%_EXT%\fromTemplate
..\unix\office\icons\*.xpm %_DEST%\inc%_EXT%\icons\*.xpm

..\%__SRC%\bin\*.dll %_DEST%\bin%_EXT%\*.dll
..\%__SRC%\bin\01\quickstart.exe %_DEST%\bin%_EXT%\quickstart.exe

..\source\win32\filepicker\fps.xml %_DEST%\xml%_EXT%\fps.xml
..\source\win32\folderpicker\fop.xml %_DEST%\xml%_EXT%\fop.xml
