tl	tools	:	cppu external offuh ZLIB:zlib EXPAT:expat basegfx comphelper i18npool NULL
tl	tools								usr1	-	all	tl_mkout NULL
tl	tools\bootstrp\isdll				get		-	all	tl_bsisdll NULL
tl	tools\bootstrp\addexes				get		-	all	tl_bsexes NULL
tl	tools\inc							nmake	-	all	tl_inc NULL
tl	tools\prj							get		-	all	tl_prj NULL
tl	tools\prj							usr7	-	all	tl_deliver NULL
tl	tools\prj							usr42	-	all	tl_zn NULL
tl	tools\workben						get		-	all	tl_wben NULL
tl	tools\source\testtoolloader			nmake	-	all	tl_ttloader tl_inc NULL
tl	tools\source\generic				nmake	-	all	tl_gen tl_fsys tl_inc NULL
tl	tools\source\memtools				nmake	-	all	tl_mem tl_fsys tl_inc NULL
tl	tools\source\debug					nmake	-	all	tl_deb tl_fsys tl_inc NULL
tl	tools\source\datetime				nmake	-	all	tl_dat tl_fsys tl_inc NULL
tl	tools\source\stream					nmake	-	all	tl_str tl_fsys tl_inc NULL
tl	tools\source\rc						nmake	-	all	tl_rc tl_fsys tl_inc NULL
tl	tools\source\ref					nmake	-	all	tl_ref tl_fsys tl_inc NULL
tl	tools\source\fsys					nmake	-	all	tl_fsys tl_inc NULL
tl	tools\source\zcodec					nmake	-	all	tl_zco tl_fsys tl_inc NULL
tl	tools\source\communi				nmake	-	all	tl_com tl_fsys tl_inc NULL
tl	tools\source\inet					nmake	-	all	tl_inet tl_fsys tl_inc NULL
tl	tools\source\reversemap				nmake	-	all	tl_reversemap NULL
tl	tools\source\string					nmake	-	all	tl_string tl_reversemap tl_fsys tl_inc NULL
tl  tools\source\misc                   nmake   -   all tl_misc tl_inc NULL
tl	tools\win\source\dll				nmake	-	w	tl_dllw tl_inc NULL
tl	tools\os2\source\dll				nmake	-	p	tl_dllp tl_inc NULL
tl	tools\unx\source\dll				nmake	-	u	tl_dllu tl_inc NULL
tl	tools\util							nmake	-	all	tl_utl tl_com tl_dat tl_deb tl_dllu.u tl_dllp.p tl_dllw.w tl_fsys tl_gen tl_inet tl_mem tl_rc tl_ref tl_str tl_string tl_misc tl_zco tl_ttloader NULL
tl	tools\bootstrp						nmake	-	all	tl_bstrp tl_utl tl_inc NULL
tl	tools\qa					nmake	-	all	tl_qa tl_utl NULL
