OpenOffice
{
	Settings
	{
		variables
		{
			PRODUCTNAME OpenOffice.org
			PRODUCTVERSION 2.0
			PRODUCTEXTENSION
			LONG_PRODUCTEXTENSION
			USERDIRPRODUCTVERSION 2
			REGISTRATIONURL http://www.openoffice.org/welcome/registration20.html
			UPDATEURL http://update.services.openoffice.org/ProductUpdateService/check.Update
			ADD_INCLUDE_FILES cliureversion.mk
			EVAL
			FILEFORMATNAME OpenOffice.org
			FILEFORMATVERSION 1.0
			WRITERCOMPATIBILITYVERSIONOOO11 OpenOffice.org 1.1
			PACKAGEVERSION 2.0.4
			PACKAGEREVISION {milestone}
			LICENSENAME LGPL
			SERVICESPROJEKT 1
			GLOBALFILEGID gid_File_Lib_Vcl
			GLOBALPATCHFILEGID gid_File_Txt_Patchfiles
			OPENSOURCE 1
			OOODOWNLOADNAME 1
			SUNDIR 0
			BETAUPGRADECODE {8BC2B4E7-74CA-4A3A-B431-585A1ABEFA66}
			CHANGETARGETDIR 1
			USE_FILEVERSION 1
			LIBRARYVERSION 8.0.4
			PATCHCODEFILE ooo_patchcodes.txt
			DOWNLOADBANNER	ooobanner.bmp
			DOWNLOADBITMAP	ooobitmap.bmp
			DOWNLOADSETUPICO	ooosetup.ico
		}
		active			1
		compression		5
		script			setup_osl
		downloadname	OOo_{productversion}_{os}_install_{languages}
		langpackdownloadname	OOo_{productversion}_languagepack_{os}_install_{languages}
		include			.,{localcommonpath}/bin,{localpath}/bin,{solarpath}/bin.{minor}/osl,{solarpath}/bin.{minor}/desktop-integration/{pkgtype},{solarpath}/bin.{minor},{solarpath}/lib.{minor},{solarpath}/bin.{minor}/$(LANG),{solarpath}/bin.{minor}/osl,{solarpath}/bin.{minor}/en-US/,{solarpath}/pck.{minor}/openoffice,{solarpath}/pck.{minor},{solarpath}/xml.{minor}/office/instance,{solarpath}/xml.{minor},{solarcommonpath}/bin.{minor},{solarcommonpath}/bin.{minor}/$(LANG),{solarpath}/bin.{minor}/$(LANG)/osl,{solarcommonpath}/bin.{minor}/$(LANG)/fat,{solarcommonpath}/bin.{minor}/en-US/,{solarcommonpath}/pck.{minor}/openoffice,{solarcommonpath}/pck.{minor},{solarcommonpath}/xml.{minor}/office/instance,{solarcommonpath}/xml,../../external/common,{solarenvpath}/{os}/OOo_external,.
		fail sun.star.releng.pack.errors@staroffice-news.germany.sun.com
		mailinfo ms-eham02-01,packager,packager
	}
}

OpenOffice_wJRE
{
	Settings
	{
		variables
		{
			PRODUCTNAME OpenOffice.org
			PRODUCTVERSION 2.0
			PRODUCTEXTENSION
			LONG_PRODUCTEXTENSION
			USERDIRPRODUCTVERSION 2
			REGISTRATIONURL http://www.openoffice.org/welcome/registration20.html
			UPDATEURL http://update.services.openoffice.org/ProductUpdateService/check.Update
			ADD_INCLUDE_FILES cliureversion.mk
			EVAL
			FILEFORMATNAME OpenOffice.org
			FILEFORMATVERSION 1.0
			WRITERCOMPATIBILITYVERSIONOOO11 OpenOffice.org 1.1
			PACKAGEVERSION 2.0.4
			PACKAGEREVISION {milestone}
			LICENSENAME LGPL
			SERVICESPROJEKT 1
			GLOBALFILEGID gid_File_Lib_Vcl
			GLOBALPATCHFILEGID gid_File_Txt_Patchfiles
			OPENSOURCE 1
			OOODOWNLOADNAME 1
			SUNDIR 0
			BETAUPGRADECODE {8BC2B4E7-74CA-4A3A-B431-585A1ABEFA66}
			CHANGETARGETDIR 1
			USE_FILEVERSION 1
			LIBRARYVERSION 8.0.4
			PATCHCODEFILE ooo_patchcodes.txt
			JAVAPRODUCT 1
			DOWNLOADBANNER	ooobanner.bmp
			DOWNLOADBITMAP	ooobitmap.bmp
			DOWNLOADSETUPICO	ooosetup.ico
		}
		active			1
		compression		5
		script			setup_osljre
		downloadname	OOo_{productversion}_{os}_installwjre_{languages}
		include			.,{localcommonpath}/bin,{localpath}/bin,{solarpath}/bin.{minor}/osl,{solarpath}/bin.{minor}/desktop-integration/{pkgtype},{solarpath}/bin.{minor},{solarpath}/lib.{minor},{solarpath}/bin.{minor}/$(LANG),{solarpath}/bin.{minor}/osl,{solarpath}/bin.{minor}/en-US/,{solarpath}/pck.{minor}/openoffice,{solarpath}/pck.{minor},{solarpath}/xml.{minor}/office/instance,{solarpath}/xml.{minor},{solarcommonpath}/bin.{minor},{solarcommonpath}/bin.{minor}/$(LANG),{solarpath}/bin.{minor}/$(LANG)/osl,{solarcommonpath}/bin.{minor}/$(LANG)/fat,{solarcommonpath}/bin.{minor}/en-US/,{solarcommonpath}/pck.{minor}/openoffice,{solarcommonpath}/pck.{minor},{solarcommonpath}/xml.{minor}/office/instance,{solarcommonpath}/xml,../../external/common,{solarenvpath}/{os}/OOo_external,.
		fail sun.star.releng.pack.errors@staroffice-news.germany.sun.com
		mailinfo ms-eham02-01,packager,packager
	}
}

OpenOffice_Dev
{
	Settings
	{
		variables
		{
			PRODUCTNAME OOo-dev
			PRODUCTVERSION 2.0
			PRODUCTEXTENSION
			LONG_PRODUCTEXTENSION
			USERDIRPRODUCTVERSION 2
			REGISTRATIONURL http://www.openoffice.org/welcome/registration20.html
			UPDATEURL http://update.services.openoffice.org/ProductUpdateService/check.Update
			ADD_INCLUDE_FILES cliureversion.mk
			EVAL
			FILEFORMATNAME OpenOffice.org
			FILEFORMATVERSION 1.0
			WRITERCOMPATIBILITYVERSIONOOO11 OpenOffice.org 1.1
			PACKAGEVERSION 2.0.4
			PACKAGEREVISION {milestone}
			LICENSENAME LGPL
			SERVICESPROJEKT 1
			GLOBALFILEGID gid_File_Lib_Vcl
			GLOBALPATCHFILEGID gid_File_Txt_Patchfiles
			OPENSOURCE 1
			OOODOWNLOADNAME 1
			SUNDIR 0
			BETAUPGRADECODE {8BC2B4E7-74CA-4A3A-B431-585A1ABEFA66}
			CHANGETARGETDIR 1
			USE_FILEVERSION 1
			LIBRARYVERSION 8.0.4
			PATCHCODEFILE ooo_patchcodes.txt
			CODEFILENAME codes_ooodev.txt
			DOWNLOADBANNER	ooobanner.bmp
			DOWNLOADBITMAP	ooobitmap.bmp
			DOWNLOADSETUPICO	ooosetup.ico
		}
		active			1
		compression		5
		script			setup_osl
		downloadname	OOo-dev_{productversion}_{os}_install_{languages}
		langpackdownloadname	OOo_{productversion}_languagepack_{os}_install_{languages}
		include			.,{localcommonpath}/bin,{localpath}/bin,{solarpath}/bin.{minor}/osl,{solarpath}/bin.{minor},{solarpath}/lib.{minor},{solarpath}/bin.{minor}/$(LANG),{solarpath}/bin.{minor}/osl,{solarpath}/bin.{minor}/en-US/,{solarpath}/pck.{minor}/openoffice,{solarpath}/pck.{minor},{solarpath}/xml.{minor}/office/instance,{solarpath}/xml.{minor},{solarcommonpath}/bin.{minor},{solarcommonpath}/bin.{minor}/$(LANG),{solarpath}/bin.{minor}/$(LANG)/osl,{solarcommonpath}/bin.{minor}/$(LANG)/fat,{solarcommonpath}/bin.{minor}/en-US/,{solarcommonpath}/pck.{minor}/openoffice_dev,{solarcommonpath}/pck.{minor}/openoffice,{solarcommonpath}/pck.{minor},{solarcommonpath}/xml.{minor}/office/instance,{solarcommonpath}/xml,../../external/common,{solarenvpath}/{os}/OOo_external,.
		fail sun.star.releng.pack.errors@staroffice-news.germany.sun.com
		mailinfo ms-eham02-01,packager,packager
	}
}

URE
{
    Settings
    {
        downloadname URE_{productversion}_{os}_install_{languages}
        variables
        {
            PRODUCTNAME URE
            PRODUCTVERSION 1.1
            PACKAGEVERSION 1.1
            PACKAGEREVISION 1
            LICENSENAME LGPL
            NOVERSIONINDIRNAME 1
            DOWNLOADBANNER urebanner.bmp
            DOWNLOADBITMAP urebitmap.bmp
            DOWNLOADSETUPICO ooosetup.ico
        }
        active 1
        compression 5
        script ure
        include {localpath}/misc/ure,{solarenvpath}/{os}/gcc3.4.1_glibc2.2.4_bits,{solarpath}/bin.{minor}/ure,{solarpath}/bin.{minor},{solarpath}/lib.{minor},{solarenvpath}/{os}/MS
        fail sun.star.releng.pack.errors@staroffice-news.germany.sun.com
        mailinfo ms-eham02-01,packager,packager
    }
}

OpenOffice_SDK
{
    Settings
    {
        downloadname OOo-SDK_{productversion}_{os}_install_{languages}
        variables
        {
            PRODUCTNAME OpenOffice.org
            PRODUCTVERSION 2.0
            POSTVERSIONEXTENSION SDK
            PACKAGEVERSION 2.0.4
            PACKAGEREVISION {milestone}
            LICENSENAME LGPL, SISSL
            NOVERSIONINDIRNAME 0
            NOSPACEINDIRECTORYNAME 1
			CHANGETARGETDIR 1
            DOWNLOADBANNER ooobanner.bmp
            DOWNLOADBITMAP ooobitmap.bmp
            DOWNLOADSETUPICO ooosetup.ico
            RELATIVE_PATHES_IN_DDF 1
        }
        active 1
        compression 5
        script sdkoo
        include {solarpath}/bin.{minor}/sdkoo,{solarpath}/bin.{minor}/osl,{solarpath}/bin.{minor},{solarpath}/lib.{minor},{solarcommonpath}/bin.{minor},{solarenvpath}/{os}/MS
        fail sun.star.releng.pack.errors@staroffice-news.germany.sun.com
        mailinfo ms-eham02-01,packager,packager
    }
}
