# Comment line
# Pack.lst: Contains the packaging information for the update packaging process.
# Syntax: Product, list of platforms, list of languages, target	(Separator: spaces)
# Syntax for list of languages: One multilingual installation set uses separator ","
# (Example: "en-US,de" creates english-german multilingual installation set)  
# Different installation sets use the "|" as separator

# Product       List_of_platforms                                                   List_of_languages   Target

OpenOffice      unxlngi4.pro,unxlngi5.pro,unxlngi6.pro,unxsoli4.pro,unxsols4.pro,wntmsci10.pro,unxlngi4,unxlngi5,unxlngi6,unxsols4,wntmsci10   en-US   openoffice
BrOffice                                                                                                                                       pt-BR   broffice
OpenOffice_wJRE wntmsci10.pro,wntmsci10                                                                                                        en-US   openofficewithjre
BrOffice_wJRE                                                                                                                                  pt-BR   brofficewithjre
OpenOffice_Dev  unxlngi4.pro,unxlngi5.pro,unxlngi6.pro,unxsoli4.pro,unxsols4.pro,wntmsci10.pro,unxlngi4,unxlngi5,unxlngi6,unxsols4,wntmsci10   en-US   openofficedev
BrOffice_Dev                                                                                                                                   pt-BR   brofficedev
OpenOffice_Dev_Archive  unxlngi4.pro,unxlngi5.pro,unxlngi6.pro,unxsoli4.pro,unxsols4.pro,wntmsci10.pro   en-US   openofficedevarchive
OpenOfficeLanguagepack   unxlngi4.pro,unxlngi5.pro,unxlngi6.pro,unxsoli4.pro,unxsols4.pro,wntmsci10.pro   de|es|fr|it|nl|sv|zh-CN|zh-TW|ko|ja|ru|pl|hu|tr   ooolanguagepack
BrOfficeLanguagepack     unxlngi6.pro,unxsoli4.pro,unxsols4.pro,wntmsci10.pro       pt-BR  broolanguagepack
OpenOfficeLanguagepack   unxlngi6,unxsols4,wntmsci10                                    de   ooolanguagepack
URE             unxlngi6.pro,unxsoli4.pro,unxsols4.pro,wntmsci10.pro,unxlngi6,unxsols4,wntmsci10  en-US  ure
OpenOffice_SDK  unxlngi6.pro,unxsoli4.pro,unxsols4.pro,wntmsci10.pro,unxlngi6,unxsols4,wntmsci10  en-US  sdkoo
BrOffice_SDK                                                                                      pt-BR  sdkbro

