mkdir: %COMMON_DEST%\bin%_EXT%\hid
..\%COMMON_OUTDIR%\misc\*.hid %COMMON_DEST%\bin%_EXT%\hid\*.hid
..\%__SRC%\lib\mail.lib %_DEST%\lib%_EXT%\mail.lib
..\%__SRC%\lib\crypt.lib %_DEST%\lib%_EXT%\crypt.lib
..\%__SRC%\lib\icrp.lib %_DEST%\lib%_EXT%\icrp.lib
..\%__SRC%\lib\igo.lib %_DEST%\lib%_EXT%\go.lib
..\%__SRC%\lib\igo.lib %_DEST%\lib%_EXT%\igo.lib
..\%__SRC%\slb\go.lib %_DEST%\lib%_EXT%\xgo.lib
..\%__SRC%\slb\gol.lib %_DEST%\lib%_EXT%\gol.lib
..\%__SRC%\bin\ma?????.* %_DEST%\bin%_EXT%\ma?????.*
..\%__SRC%\bin\tfu?????.dll %_DEST%\bin%_EXT%\tfu?????.dll
..\%__SRC%\bin\tfu?????.sym %_DEST%\bin%_EXT%\tfu?????.sym
..\%__SRC%\bin\crp?????.dll %_DEST%\bin%_EXT%\crp?????.dll
..\%__SRC%\bin\crp?????.sym %_DEST%\bin%_EXT%\crp?????.sym
..\%__SRC%\bin\solarvim.dll %_DEST%\bin%_EXT%\solarvim.dll
..\%__SRC%\misc\*.map %_DEST%\bin%_EXT%\*.map
..\%__SRC%\bin\ept?????.dll %_DEST%\bin%_EXT%\ept?????.dll
..\%__SRC%\bin\ept?????.sym %_DEST%\bin%_EXT%\ept?????.sym
..\%__SRC%\bin\eme?????.dll %_DEST%\bin%_EXT%\eme?????.dll
..\%__SRC%\bin\eme?????.sym %_DEST%\bin%_EXT%\eme?????.sym
..\%__SRC%\bin\egi?????.dll %_DEST%\bin%_EXT%\egi?????.dll
..\%__SRC%\bin\egi?????.sym %_DEST%\bin%_EXT%\egi?????.sym
..\%__SRC%\bin\epn?????.dll %_DEST%\bin%_EXT%\epn?????.dll
..\%__SRC%\bin\epn?????.sym %_DEST%\bin%_EXT%\epn?????.sym
..\%__SRC%\bin\eti?????.dll %_DEST%\bin%_EXT%\eti?????.dll
..\%__SRC%\bin\eti?????.sym %_DEST%\bin%_EXT%\eti?????.sym
..\%__SRC%\bin\era?????.dll %_DEST%\bin%_EXT%\era?????.dll
..\%__SRC%\bin\era?????.sym %_DEST%\bin%_EXT%\era?????.sym
..\%__SRC%\bin\eps?????.dll %_DEST%\bin%_EXT%\eps?????.dll
..\%__SRC%\bin\eps?????.sym %_DEST%\bin%_EXT%\eps?????.sym
..\%__SRC%\bin\exp?????.dll %_DEST%\bin%_EXT%\exp?????.dll
..\%__SRC%\bin\exp?????.sym %_DEST%\bin%_EXT%\exp?????.sym
..\%__SRC%\bin\epb?????.dll %_DEST%\bin%_EXT%\epb?????.dll
..\%__SRC%\bin\epb?????.sym %_DEST%\bin%_EXT%\epb?????.sym
..\%__SRC%\bin\epg?????.dll %_DEST%\bin%_EXT%\epg?????.dll
..\%__SRC%\bin\epg?????.sym %_DEST%\bin%_EXT%\epg?????.sym
..\%__SRC%\bin\epp?????.dll %_DEST%\bin%_EXT%\epp?????.dll
..\%__SRC%\bin\epp?????.sym %_DEST%\bin%_EXT%\epp?????.sym
..\%__SRC%\bin\ime?????.dll %_DEST%\bin%_EXT%\ime?????.dll
..\%__SRC%\bin\ime?????.sym %_DEST%\bin%_EXT%\ime?????.sym
..\%__SRC%\bin\ipt?????.dll %_DEST%\bin%_EXT%\ipt?????.dll
..\%__SRC%\bin\ipt?????.sym %_DEST%\bin%_EXT%\ipt?????.sym
..\%__SRC%\bin\icd?????.dll %_DEST%\bin%_EXT%\icd?????.dll
..\%__SRC%\bin\icd?????.sym %_DEST%\bin%_EXT%\icd?????.sym
..\%__SRC%\bin\ipx?????.dll %_DEST%\bin%_EXT%\ipx?????.dll
..\%__SRC%\bin\ipx?????.sym %_DEST%\bin%_EXT%\ipx?????.sym
..\%__SRC%\bin\icg?????.dll %_DEST%\bin%_EXT%\icg?????.dll
..\%__SRC%\bin\icg?????.sym %_DEST%\bin%_EXT%\icg?????.sym
..\%__SRC%\bin\ira?????.dll %_DEST%\bin%_EXT%\ira?????.dll
..\%__SRC%\bin\ira?????.sym %_DEST%\bin%_EXT%\ira?????.sym
..\%__SRC%\bin\itg?????.dll %_DEST%\bin%_EXT%\itg?????.dll
..\%__SRC%\bin\itg?????.sym %_DEST%\bin%_EXT%\itg?????.sym
..\%__SRC%\bin\ipd?????.dll %_DEST%\bin%_EXT%\ipd?????.dll
..\%__SRC%\bin\ipd?????.sym %_DEST%\bin%_EXT%\ipd?????.sym
..\%__SRC%\bin\ips?????.dll %_DEST%\bin%_EXT%\ips?????.dll
..\%__SRC%\bin\ips?????.sym %_DEST%\bin%_EXT%\ips?????.sym
..\%__SRC%\bin\ipb?????.dll %_DEST%\bin%_EXT%\ipb?????.dll
..\%__SRC%\bin\ipb?????.sym %_DEST%\bin%_EXT%\ipb?????.sym
..\%__SRC%\bin\iti?????.dll %_DEST%\bin%_EXT%\iti?????.dll
..\%__SRC%\bin\iti?????.sym %_DEST%\bin%_EXT%\iti?????.sym
..\%__SRC%\bin\igi?????.dll %_DEST%\bin%_EXT%\igi?????.dll
..\%__SRC%\bin\igi?????.sym %_DEST%\bin%_EXT%\igi?????.sym
..\%__SRC%\bin\idx?????.dll %_DEST%\bin%_EXT%\idx?????.dll
..\%__SRC%\bin\idx?????.sym %_DEST%\bin%_EXT%\idx?????.sym
..\%__SRC%\bin\ixb?????.dll %_DEST%\bin%_EXT%\ixb?????.dll
..\%__SRC%\bin\ixb?????.sym %_DEST%\bin%_EXT%\ixb?????.sym
..\%__SRC%\bin\jpg?????.dll %_DEST%\bin%_EXT%\jpg?????.dll
..\%__SRC%\bin\jpg?????.sym %_DEST%\bin%_EXT%\jpg?????.sym
..\%__SRC%\bin\go?????.dll %_DEST%\bin%_EXT%\go?????.dll
..\%__SRC%\bin\go?????.sym %_DEST%\bin%_EXT%\go?????.sym
..\%__SRC%\bin\gol?????.dll %_DEST%\bin%_EXT%\gol?????.dll
..\%__SRC%\bin\gol?????.sym %_DEST%\bin%_EXT%\gol?????.sym

..\%__SRC%\lib\lib*.* %_DEST%\lib%_EXT%\lib*.*
..\%__SRC%\lib\*.a %_DEST%\lib%_EXT%\*.a
..\%__SRC%\bin\*.res %_DEST%\bin%_EXT%\*.res
..\%__SRC%\lib\*.dylib %_DEST%\lib%_EXT%\*.dylib

mkdir: %_DEST%\inc%_EXT%\goodies
hedabu: ..\inc\grfmgr.hxx %_DEST%\inc%_EXT%\goodies\grfmgr.hxx
hedabu: ..\inc\mailenum.hxx %_DEST%\inc%_EXT%\goodies\mailenum.hxx
hedabu: ..\inc\mailbook.hxx %_DEST%\inc%_EXT%\goodies\mailbook.hxx
hedabu: ..\inc\mailbody.hxx %_DEST%\inc%_EXT%\goodies\mailbody.hxx
hedabu: ..\inc\mailsrv.hxx %_DEST%\inc%_EXT%\goodies\mailsrv.hxx
hedabu: ..\inc\mailread.hxx %_DEST%\inc%_EXT%\goodies\mailread.hxx
hedabu: ..\inc\mailbrw.hxx %_DEST%\inc%_EXT%\goodies\mailbrw.hxx
hedabu: ..\inc\mailfmgr.hxx %_DEST%\inc%_EXT%\goodies\mailfmgr.hxx
hedabu: ..\inc\maillog.hxx %_DEST%\inc%_EXT%\goodies\maillog.hxx
hedabu: ..\inc\vector3d.hxx %_DEST%\inc%_EXT%\goodies\vector3d.hxx
hedabu: ..\inc\point3d.hxx %_DEST%\inc%_EXT%\goodies\point3d.hxx
hedabu: ..\inc\hmatrix.hxx %_DEST%\inc%_EXT%\goodies\hmatrix.hxx
hedabu: ..\inc\matrix3d.hxx %_DEST%\inc%_EXT%\goodies\matrix3d.hxx
hedabu: ..\inc\point4d.hxx %_DEST%\inc%_EXT%\goodies\point4d.hxx
hedabu: ..\inc\base3d.hxx %_DEST%\inc%_EXT%\goodies\base3d.hxx
hedabu: ..\inc\b3dlight.hxx %_DEST%\inc%_EXT%\goodies\b3dlight.hxx
hedabu: ..\inc\vector3d.hxx %_DEST%\inc%_EXT%\goodies\vector3d.hxx
hedabu: ..\inc\matril3d.hxx %_DEST%\inc%_EXT%\goodies\matril3d.hxx
hedabu: ..\inc\bucket.hxx %_DEST%\inc%_EXT%\goodies\bucket.hxx
hedabu: ..\inc\point3d.hxx %_DEST%\inc%_EXT%\goodies\point3d.hxx
hedabu: ..\inc\b3dentty.hxx %_DEST%\inc%_EXT%\goodies\b3dentty.hxx
hedabu: ..\inc\b3dcolor.hxx %_DEST%\inc%_EXT%\goodies\b3dcolor.hxx
hedabu: ..\inc\b3dcompo.hxx %_DEST%\inc%_EXT%\goodies\b3dcompo.hxx
hedabu: ..\inc\b3dtex.hxx %_DEST%\inc%_EXT%\goodies\b3dtex.hxx
hedabu: ..\inc\b3dgeom.hxx %_DEST%\inc%_EXT%\goodies\b3dgeom.hxx
hedabu: ..\inc\b3dvolum.hxx %_DEST%\inc%_EXT%\goodies\b3dvolum.hxx
hedabu: ..\inc\b3dtrans.hxx %_DEST%\inc%_EXT%\goodies\b3dtrans.hxx
hedabu: ..\inc\b2dmbase.hxx %_DEST%\inc%_EXT%\goodies\b2dmbase.hxx
hedabu: ..\inc\b2dmbmp.hxx %_DEST%\inc%_EXT%\goodies\b2dmbmp.hxx
hedabu: ..\inc\b2dmline.hxx %_DEST%\inc%_EXT%\goodies\b2dmline.hxx
hedabu: ..\inc\b2dmpnt.hxx %_DEST%\inc%_EXT%\goodies\b2dmpnt.hxx
hedabu: ..\inc\b2dmtri.hxx %_DEST%\inc%_EXT%\goodies\b2dmtri.hxx
hedabu: ..\inc\bxdintpo.hxx %_DEST%\inc%_EXT%\goodies\bxdintpo.hxx
hedabu: ..\inc\agsdkdll.hxx %_DEST%\inc%_EXT%\goodies\agsdkdll.hxx
hedabu: ..\inc\vdevcache.hxx %_DEST%\inc%_EXT%\goodies\vdevcache.hxx
hedabu: ..\inc\b2drascon.hxx %_DEST%\inc%_EXT%\goodies\b2drascon.hxx
