..\%__SRC%\lib\lib*.so %_DEST%\lib%_EXT%
..\%__SRC%\lib\lib*.dylib %_DEST%\lib%_EXT%
..\%__SRC%\lib\ivbahelper.lib %_DEST%\lib%_EXT%\vbahelper.lib
..\%__SRC%\lib\vbahelp*.* %_DEST%\lib%_EXT%\vba*.*
..\%__SRC%\bin\vbahelper*.* %_DEST%\bin%_EXT%\vbahelper*.*
..\%__SRC%\bin\msforms*.* %_DEST%\bin%_EXT%\msforms*.*

mkdir: %_DEST%\inc%_EXT%\basic
..\inc\vbahelper\vbacollectionimpl.hxx %_DEST%\inc%_EXT%\vbahelper\vbacollectionimpl.hxx
..\inc\vbahelper\vbahelper.hxx %_DEST%\inc%_EXT%\vbahelper\vbahelper.hxx
..\inc\vbahelper\vbaaccesshelper.hxx %_DEST%\inc%_EXT%\vbahelper\vbaaccesshelper.hxx
..\inc\vbahelper\helperdecl.hxx %_DEST%\inc%_EXT%\vbahelper\helperdecl.hxx
..\inc\vbahelper\vbahelperinterface.hxx %_DEST%\inc%_EXT%\vbahelper\vbahelperinterface.hxx
..\inc\vbahelper\vbaapplicationbase.hxx %_DEST%\inc%_EXT%\vbahelper\vbaapplicationbase.hxx
..\inc\vbahelper\vbafontbase.hxx %_DEST%\inc%_EXT%\vbahelper\vbafontbase.hxx
..\inc\vbahelper\vbadllapi.h %_DEST%\inc%_EXT%\vbahelper\vbadllapi.h
..\inc\vbahelper\vbawindowbase.hxx %_DEST%\inc%_EXT%\vbahelper\vbawindowbase.hxx
..\inc\vbahelper\vbadocumentbase.hxx %_DEST%\inc%_EXT%\vbahelper\vbadocumentbase.hxx
..\inc\vbahelper\vbadocumentsbase.hxx %_DEST%\inc%_EXT%\vbahelper\vbadocumentsbase.hxx
..\inc\vbahelper\vbapropvalue.hxx %_DEST%\inc%_EXT%\vbahelper\vbapropvalue.hxx
..\inc\vbahelper\vbaglobalbase.hxx %_DEST%\inc%_EXT%\vbahelper\vbaglobalbase.hxx
..\inc\vbahelper\vbadialogbase.hxx %_DEST%\inc%_EXT%\vbahelper\vbadialogbase.hxx
..\inc\vbahelper\vbadialogsbase.hxx %_DEST%\inc%_EXT%\vbahelper\vbadialogsbase.hxx
..\inc\vbahelper\vbashape.hxx %_DEST%\inc%_EXT%\vbahelper\vbashape.hxx
..\inc\vbahelper\vbashapes.hxx %_DEST%\inc%_EXT%\vbahelper\vbashapes.hxx
..\inc\vbahelper\vbatextframe.hxx %_DEST%\inc%_EXT%\vbahelper\vbatextframe.hxx
..\inc\vbahelper\vbashaperange.hxx %_DEST%\inc%_EXT%\vbahelper\vbashaperange.hxx
..\inc\vbahelper\vbapagesetupbase.hxx %_DEST%\inc%_EXT%\vbahelper\vbapagesetupbase.hxx
..\%__SRC%\misc\msforms.component %_DEST%\xml%_EXT%\msforms.component
..\inc\vbahelper\vbaeventshelperbase.hxx %_DEST%\inc%_EXT%\vbahelper\vbaeventshelperbase.hxx
