od	odk	::	cppuhelper cpputools io jurt jut javaunohelper sandbox remotebridges stoc udkapi ridljar offapi unoil autodoc netbeans_integration NULL
od	odk					usr1	-	all	od_mkout NULL
od	odk\source\bean\com\sun\star\beans	nmake	-	all	od_beanjava NULL
od	odk\source\bean\native\win32	nmake	-	n	od_beanwin32 NULL
od	odk\source\bean\native\unix		nmake	-	u	od_beanunix NULL
od	odk\pack\unzip_udk			nmake	-	all	od_unzip_udk NULL
od	odk\examples\cpp			nmake	-	all	od_cpp od_unzip_udk NULL
od	odk\examples\java			nmake	-	all	od_java od_unzip_udk NULL
od	odk\examples\basic			nmake	-	all	od_basic od_unzip_udk NULL
od	odk\examples\OLE			nmake	-	all	od_ole od_unzip_udk NULL
od	odk\examples\DevelopersGuide\Accessibility		nmake	-	all	od_access od_unzip_udk NULL
od	odk\examples\DevelopersGuide\BasicAndDialogs	nmake	-	all	od_basics od_unzip_udk NULL
od	odk\examples\DevelopersGuide\Charts		nmake	-	all	od_charts od_unzip_udk NULL
od	odk\examples\DevelopersGuide\Components		nmake	-	all	od_comp od_unzip_udk NULL
od	odk\examples\DevelopersGuide\Config		nmake	-	all	od_config od_unzip_udk NULL
od	odk\examples\DevelopersGuide\Database		nmake	-	all	od_data od_unzip_udk NULL
od	odk\examples\DevelopersGuide\Drawing		nmake	-	all	od_drawing od_unzip_udk NULL
od	odk\examples\DevelopersGuide\FirstSteps		nmake	-	all	od_first od_unzip_udk NULL
od	odk\examples\DevelopersGuide\Forms		nmake	-	all	od_forms od_unzip_udk NULL
od	odk\examples\DevelopersGuide\OfficeBean		nmake	-	all	od_offbean od_unzip_udk NULL
od	odk\examples\DevelopersGuide\OfficeDev		nmake	-	all	od_offdev od_unzip_udk NULL
od	odk\examples\DevelopersGuide\ProfUNO		nmake	-	all	od_profuno od_unzip_udk NULL
od	odk\examples\DevelopersGuide\Spreadsheet		nmake	-	all	od_spread od_unzip_udk NULL
od	odk\examples\DevelopersGuide\Text		nmake	-	all	od_text od_unzip_udk NULL
od	odk\examples\DevelopersGuide\UCB		nmake	-	all	od_ucb od_unzip_udk NULL
od	odk\pack\copying			nmake	-	all	od_copying od_unzip_udk od_beanjava od_beanwin32.n od_beanunix.u od_cpp od_java od_basic od_ole od_access od_basics od_charts od_comp od_config od_data od_drawing od_first od_forms od_offbean od_offdev od_profuno od_spread od_text od_ucb NULL
od	odk\pack\checkinc			nmake	-	all	od_checkinc od_copying NULL
od	odk\pack\checkinc2			nmake	-	all	od_checkinc2 od_copying NULL
od	odk\pack\checkidl			nmake	-	all	od_checkidl od_copying NULL
od	odk\pack\gendocu			nmake	-	all	od_gendocu od_copying NULL
od	odk\pack\checkbin			nmake	-	all	od_checkbin od_copying od_gendocu NULL
od	odk\util				nmake	-	all	od_util od_checkbin od_checkinc od_checkinc2 od_checkidl NULL
