mkdir: %COMMON_DEST%\bin%_EXT%\hid
mkdir: %COMMON_DEST%\res%_EXT%
mkdir: %_DEST%\inc%_EXT%\svtools

..\%COMMON_OUTDIR%\misc\*.hid %COMMON_DEST%\bin%_EXT%\hid\*.hid
..\%__SRC%\srs\ehdl.srs %_DEST%\res%_EXT%\svtools.srs
..\%COMMON_OUTDIR%\srs\ehdl_srs.hid %COMMON_DEST%\res%_EXT%\svtools_srs.hid
..\%__SRC%\lib\isvl.lib %_DEST%\lib%_EXT%\isvl.lib
..\%__SRC%\lib\svtool.lib %_DEST%\lib%_EXT%\svtool.lib
..\%__SRC%\slb\svt.lib %_DEST%\lib%_EXT%\xsvtool.lib
..\%__SRC%\bin\dllver.exe %_DEST%\bin%_EXT%\dllver.exe
..\%__SRC%\bin\dllver %_DEST%\bin%_EXT%\dllver
..\%__SRC%\bin\*.dll %_DEST%\bin%_EXT%\*
..\%__SRC%\bin\*.res %_DEST%\bin%_EXT%\*
..\%__SRC%\bin\bmp.* %_DEST%\bin%_EXT%\bmp.*
..\%__SRC%\bin\bmpsum.* %_DEST%\bin%_EXT%\bmpsum.*
..\%__SRC%\bin\bmpgui.* %_DEST%\bin%_EXT%\bmpgui.*
..\%__SRC%\bin\g2g.* %_DEST%\bin%_EXT%\g2g.*
..\%__SRC%\bin\bmp %_DEST%\bin%_EXT%\bmp
..\%__SRC%\bin\bmpsum %_DEST%\bin%_EXT%\bmpsum
..\%__SRC%\bin\bmpgui %_DEST%\bin%_EXT%\bmpgui
..\%__SRC%\bin\g2g %_DEST%\bin%_EXT%\g2g
..\%__SRC%\res\bmp.* %_DEST%\bin%_EXT%\bmp.*
..\%__SRC%\res\bmpgui.* %_DEST%\bin%_EXT%\bmpgui.*
..\%__SRC%\lib\*.so %_DEST%\lib%_EXT%\*
..\%__SRC%\lib\*.dylib %_DEST%\lib%_EXT%\*

..\inc\svtools\*.hxx %_DEST%\inc%_EXT%\svtools\*.hxx
..\inc\svtools\*.h %_DEST%\inc%_EXT%\svtools\*.h
..\inc\svtools\*.hrc %_DEST%\inc%_EXT%\svtools\*.hrc

..\inc\imagemgr.hxx %_DEST%\inc%_EXT%\svtools\imagemgr.hxx
..\inc\imagemgr.hrc %_DEST%\inc%_EXT%\svtools\imagemgr.hrc
..\inc\testtool.hxx %_DEST%\inc%_EXT%\svtools\testtool.hxx
..\inc\flbytes.hxx %_DEST%\inc%_EXT%\svtools\flbytes.hxx
..\inc\adrparse.hxx %_DEST%\inc%_EXT%\svtools\adrparse.hxx
..\inc\broadcast.hxx %_DEST%\inc%_EXT%\svtools\broadcast.hxx
..\inc\calendar.hxx %_DEST%\inc%_EXT%\svtools\calendar.hxx
..\inc\cntnrsrt.hxx %_DEST%\inc%_EXT%\svtools\cntnrsrt.hxx
..\inc\ctrlbox.hxx %_DEST%\inc%_EXT%\svtools\ctrlbox.hxx
..\inc\ctrltool.hxx %_DEST%\inc%_EXT%\svtools\ctrltool.hxx
..\inc\collatorres.hxx %_DEST%\inc%_EXT%\svtools\collatorres.hxx
..\inc\indexentryres.hxx %_DEST%\inc%_EXT%\svtools\indexentryres.hxx
..\inc\cntwids.hrc %_DEST%\inc%_EXT%\svtools\cntwids.hrc
..\inc\itemdel.hxx %_DEST%\inc%_EXT%\svtools\itemdel.hxx
..\inc\wallitem.hxx %_DEST%\inc%_EXT%\svtools\wallitem.hxx
..\inc\stylepool.hxx %_DEST%\inc%_EXT%\svtools\stylepool.hxx
..\inc\dialogcontrolling.hxx %_DEST%\inc%_EXT%\svtools\dialogcontrolling.hxx
..\inc\filedlg.hxx %_DEST%\inc%_EXT%\svtools\filedlg.hxx
..\inc\fltdefs.hxx %_DEST%\inc%_EXT%\svtools\fltdefs.hxx
..\inc\imgdef.hxx %_DEST%\inc%_EXT%\svtools\imgdef.hxx
..\inc\inetdef.hxx %_DEST%\inc%_EXT%\svtools\inetdef.hxx
..\inc\inetmsg.hxx %_DEST%\inc%_EXT%\svtools\inetmsg.hxx
..\inc\inetstrm.hxx %_DEST%\inc%_EXT%\svtools\inetstrm.hxx
..\inc\listener.hxx %_DEST%\inc%_EXT%\svtools\listener.hxx
..\inc\listeneriter.hxx %_DEST%\inc%_EXT%\svtools\listeneriter.hxx
..\inc\memberid.hrc %_DEST%\inc%_EXT%\svtools\memberid.hrc
..\inc\prgsbar.hxx %_DEST%\inc%_EXT%\svtools\prgsbar.hxx
..\inc\poolcach.hxx %_DEST%\inc%_EXT%\svtools\poolcach.hxx
..\inc\ruler.hxx %_DEST%\inc%_EXT%\svtools\ruler.hxx
..\inc\scrwin.hxx %_DEST%\inc%_EXT%\svtools\scrwin.hxx
..\inc\scriptedtext.hxx %_DEST%\inc%_EXT%\svtools\scriptedtext.hxx
..\inc\tabbar.hxx %_DEST%\inc%_EXT%\svtools\tabbar.hxx
..\inc\taskbar.hxx %_DEST%\inc%_EXT%\svtools\taskbar.hxx
..\inc\whiter.hxx %_DEST%\inc%_EXT%\svtools\whiter.hxx
..\inc\stdmenu.hxx %_DEST%\inc%_EXT%\svtools\stdmenu.hxx
..\inc\tooltiplbox.hxx %_DEST%\inc%_EXT%\svtools\tooltiplbox.hxx
..\inc\txtattr.hxx %_DEST%\inc%_EXT%\svtools\txtattr.hxx
..\inc\sychconv.hxx %_DEST%\inc%_EXT%\svtools\sychconv.hxx
..\inc\cliplistener.hxx %_DEST%\inc%_EXT%\svtools\cliplistener.hxx
..\inc\txtcmp.hxx %_DEST%\inc%_EXT%\svtools\txtcmp.hxx
..\inc\urlbmk.hxx %_DEST%\inc%_EXT%\svtools\urlbmk.hxx
..\inc\inetimg.hxx %_DEST%\inc%_EXT%\svtools\inetimg.hxx
..\inc\nfsymbol.hxx %_DEST%\inc%_EXT%\svtools\nfsymbol.hxx
..\inc\numuno.hxx %_DEST%\inc%_EXT%\svtools\numuno.hxx
..\inc\imageresourceaccess.hxx %_DEST%\inc%_EXT%\svtools\imageresourceaccess.hxx
..\inc\addresstemplate.hxx %_DEST%\inc%_EXT%\svtools\addresstemplate.hxx
..\inc\templatefoldercache.hxx %_DEST%\inc%_EXT%\svtools\templatefoldercache.hxx
..\inc\folderrestriction.hxx %_DEST%\inc%_EXT%\svtools\folderrestriction.hxx
..\inc\filenotation.hxx %_DEST%\inc%_EXT%\svtools\filenotation.hxx
..\inc\framestatuslistener.hxx %_DEST%\inc%_EXT%\svtools\framestatuslistener.hxx
..\inc\statusbarcontroller.hxx %_DEST%\inc%_EXT%\svtools\statusbarcontroller.hxx
..\inc\htmltokn.h %_DEST%\inc%_EXT%\svtools\htmltokn.h
..\inc\htmlkywd.hxx %_DEST%\inc%_EXT%\svtools\htmlkywd.hxx
..\source\svrtf\rtfout.hxx %_DEST%\inc%_EXT%\svtools\rtfout.hxx
..\source\svrtf\rtftoken.h %_DEST%\inc%_EXT%\svtools\rtftoken.h
..\source\svrtf\rtfkeywd.hxx %_DEST%\inc%_EXT%\svtools\rtfkeywd.hxx
..\inc\strmadpt.hxx %_DEST%\inc%_EXT%\svtools\strmadpt.hxx
..\inc\instrm.hxx %_DEST%\inc%_EXT%\svtools\instrm.hxx
..\inc\outstrm.hxx %_DEST%\inc%_EXT%\svtools\outstrm.hxx
..\inc\sectctr.hxx %_DEST%\inc%_EXT%\svtools\sectctr.hxx
..\inc\privsplt.hxx %_DEST%\inc%_EXT%\svtools\privsplt.hxx
..\inc\expander.hxx %_DEST%\inc%_EXT%\svtools\expander.hxx
..\source\svsql\converter.hxx %_DEST%\inc%_EXT%\svtools\converter.hxx
..\inc\filectrl.hxx %_DEST%\inc%_EXT%\svtools\filectrl.hxx
..\inc\sfxecode.hxx %_DEST%\inc%_EXT%\svtools\sfxecode.hxx
..\source\dialogs\filedlg2.hrc %_DEST%\inc%_EXT%\svtools\filedlg2.hrc
..\inc\xmlement.hxx %_DEST%\inc%_EXT%\svtools\xmlement.hxx
..\inc\urihelper.hxx %_DEST%\inc%_EXT%\svtools\urihelper.hxx
..\inc\reginfo.hxx %_DEST%\inc%_EXT%\svtools\reginfo.hxx
..\inc\fstathelper.hxx %_DEST%\inc%_EXT%\svtools\fstathelper.hxx
..\inc\localresaccess.hxx %_DEST%\inc%_EXT%\svtools\localresaccess.hxx
..\inc\roadmap.hxx %_DEST%\inc%_EXT%\svtools\roadmap.hxx
..\inc\helpagentwindow.hxx %_DEST%\inc%_EXT%\svtools\helpagentwindow.hxx
..\inc\pickerhistory.hxx %_DEST%\inc%_EXT%\svtools\pickerhistory.hxx
..\inc\pickerhistoryaccess.hxx %_DEST%\inc%_EXT%\svtools\pickerhistoryaccess.hxx
..\inc\pickerhelper.hxx %_DEST%\inc%_EXT%\svtools\pickerhelper.hxx
..\inc\lngmisc.hxx %_DEST%\inc%_EXT%\svtools\lngmisc.hxx
..\inc\PasswordHelper.hxx %_DEST%\inc%_EXT%\svtools\PasswordHelper.hxx
..\inc\unoimap.hxx %_DEST%\inc%_EXT%\svtools\unoimap.hxx
..\inc\unoevent.hxx %_DEST%\inc%_EXT%\svtools\unoevent.hxx
..\inc\ivctrl.hxx %_DEST%\inc%_EXT%\svtools\ivctrl.hxx
..\inc\fileview.hxx %_DEST%\inc%_EXT%\svtools\fileview.hxx
..\inc\templdlg.hxx %_DEST%\inc%_EXT%\svtools\templdlg.hxx
..\inc\asynclink.hxx %_DEST%\inc%_EXT%\svtools\asynclink.hxx
..\inc\controldims.hrc %_DEST%\inc%_EXT%\svtools\controldims.hrc
..\inc\soerr.hxx %_DEST%\inc%_EXT%\svtools\soerr.hxx
..\inc\sores.hxx %_DEST%\inc%_EXT%\svtools\sores.hxx
..\inc\textwindowaccessibility.hxx %_DEST%\inc%_EXT%\svtools\textwindowaccessibility.hxx
..\inc\fontsubstconfig.hxx %_DEST%\inc%_EXT%\svtools\fontsubstconfig.hxx
..\inc\apearcfg.hxx %_DEST%\inc%_EXT%\svtools\apearcfg.hxx
..\inc\misccfg.hxx %_DEST%\inc%_EXT%\svtools\misccfg.hxx
..\inc\acceleratorexecute.hxx %_DEST%\inc%_EXT%\svtools\acceleratorexecute.hxx
..\inc\QueryFolderName.hxx %_DEST%\inc%_EXT%\svtools\QueryFolderName.hxx
..\inc\DocumentInfoPreview.hxx %_DEST%\inc%_EXT%\svtools\DocumentInfoPreview.hxx
..\inc\dialogclosedlistener.hxx %_DEST%\inc%_EXT%\svtools\dialogclosedlistener.hxx
..\inc\contextmenuhelper.hxx %_DEST%\inc%_EXT%\svtools\contextmenuhelper.hxx
..\inc\extcolorcfg.hxx %_DEST%\inc%_EXT%\svtools\extcolorcfg.hxx

dos: sh -c "if test %OS% = MACOSX; then macosx-create-bundle %_DEST%\bin%_EXT%\bmp=%__PRJROOT%\%__SRC%\bin%_EXT%; fi"

*.xml %_DEST%\xml%_EXT%\*.xml

