sd	bf_sd	:	bf_offmgr bf_sc NULL
sd	bf_sd										usr1	-	all	sd_mkout NULL
sd	bf_sd\inc									get		-	all	sd_inc NULL
sd	bf_sd\prj									get		-	all	sd_prj NULL
sd	bf_sd\jobs									get		-	all	sd_jobs NULL
sd	bf_sd\source\ui\inc						get		-	all	sd_sinc NULL
sd	bf_sd\res									get		-	all	sd_res NULL
sd	bf_sd\res\imagelst							get		-	all	sd_resil NULL
sd	bf_sd\sdi									nmake	-	all	sd_sdi NULL
sd	bf_sd\source\ui\func						nmake	-	all	sd_func sd_sdi NULL
sd	bf_sd\source\ui\view						nmake	-	all	sd_view sd_sdi NULL
sd	bf_sd\source\ui\app						nmake	-	all	sd_app sd_sdi NULL
sd	bf_sd\source\ui\dlg						nmake	-	all	sd_dlg sd_sdi NULL
sd	bf_sd\source\core							nmake	-	all	sd_core sd_sdi NULL
sd	bf_sd\source\ui\docshell					nmake	-	all	sd_docsh sd_sdi NULL
sd	bf_sd\source\ui\unoidl						nmake	-	all	sd_unid sd_sdi NULL
sd	bf_sd\source\filter						nmake	-	all	sd_filt sd_sdi NULL
sd	bf_sd\source\filter\bin					nmake	-	all	sd_bin NULL
sd	bf_sd\source\filter\xml					nmake	-	all	sd_xml NULL
sd	bf_sd\util									nmake	-	all	sd_util sd_app sd_bin sd_core sd_dlg sd_docsh sd_filt sd_func sd_unid sd_view sd_xml NULL
