mkdir: %_DEST%\inc%_EXT%\icu
mkdir: %_DEST%\inc%_EXT%\external\icu
mkdir: %_DEST%\inc%_EXT%\external\layout
mkdir: %_DEST%\inc%_EXT%\external\unicode
..\%__SRC%\misc\build\icu\source\layout\*.h %_DEST%\inc%_EXT%\external\layout\*.h
..\%__SRC%\misc\build\icu\source\common\unicode\*.h %_DEST%\inc%_EXT%\external\unicode\*.h
..\%__SRC%\misc\build\icu\source\i18n\unicode\*.h %_DEST%\inc%_EXT%\external\unicode\*.h

..\%__SRC%\lib\*.dylib %_DEST%\lib%_EXT%\*.dylib
..\%__SRC%\lib\*.a %_DEST%\lib%_EXT%\*.a
..\%__SRC%\lib\*.lib %_DEST%\lib%_EXT%\*.lib

..\%__SRC%\bin\*.dll %_DEST%\bin%_EXT%\*.dll

..\%__SRC%\bin\genccode     %_DEST%\bin%_EXT%\genccode
..\%__SRC%\bin\genccode.exe %_DEST%\bin%_EXT%\genccode.exe
..\%__SRC%\bin\genbrk       %_DEST%\bin%_EXT%\genbrk
..\%__SRC%\bin\genbrk.exe   %_DEST%\bin%_EXT%\genbrk.exe
..\%__SRC%\bin\gencmn       %_DEST%\bin%_EXT%\gencmn
..\%__SRC%\bin\gencmn.exe   %_DEST%\bin%_EXT%\gencmn.exe

..\%__SRC%\lib\libicudata.so.*.*     %_DEST%\lib%_EXT%\
..\%__SRC%\lib\libicui18n.so.*.*     %_DEST%\lib%_EXT%\libicui18n.*
..\%__SRC%\lib\libicule.so.*.*       %_DEST%\lib%_EXT%\libicule.*
..\%__SRC%\lib\libicuuc.so.*.*       %_DEST%\lib%_EXT%\libicuuc.*
..\%__SRC%\lib\libicutoolutil.so.*.* %_DEST%\lib%_EXT%\libicutoolutil.*
..\icuversion.mk %_DEST%\inc%_EXT%\icuversion.mk

linklib: libicudata.so.*.*
linklib: libicui18n.so.*.*
linklib: libicule.so.*.*
linklib: libicuuc.so.*.*
linklib: libicutoolutil.so.*.*
