mkdir: %_DEST%\inc%_EXT%\xmloff

..\%__SRC%\misc\*.map %_DEST%\bin%_EXT%\*.map
..\%__SRC%\lib\ixo.lib %_DEST%\lib%_EXT%\ixo.lib
..\%__SRC%\lib\xol.lib %_DEST%\lib%_EXT%\xol.lib
..\%__SRC%\lib\libxol.a %_DEST%\lib%_EXT%\libxol.a
..\%__SRC%\bin\*.dll %_DEST%\bin%_EXT%\*.dll
..\%__SRC%\lib\lib*.so %_DEST%\lib%_EXT%\lib*.so
..\%__SRC%\lib\*.dylib %_DEST%\lib%_EXT%\*.dylib

..\dtd\* %_DEST%\bin%_EXT%

..\inc\xmloff\odffields.hxx %_DEST%\inc%_EXT%\xmloff\odffields.hxx
..\inc\xmloff\dllapi.h %_DEST%\inc%_EXT%\xmloff\dllapi.h
..\inc\xmloff\attrlist.hxx %_DEST%\inc%_EXT%\xmloff\attrlist.hxx
..\inc\i18nmap.hxx %_DEST%\inc%_EXT%\xmloff\i18nmap.hxx
..\inc\unoatrcn.hxx %_DEST%\inc%_EXT%\xmloff\unoatrcn.hxx
..\inc\xmlkywd.hxx %_DEST%\inc%_EXT%\xmloff\xmlkywd.hxx
..\inc\xmlcnitm.hxx %_DEST%\inc%_EXT%\xmloff\xmlcnitm.hxx
..\inc\xmlnmspe.hxx %_DEST%\inc%_EXT%\xmloff\xmlnmspe.hxx
..\inc\xmlreg.hxx %_DEST%\inc%_EXT%\xmloff\xmlreg.hxx
..\inc\xmltabe.hxx %_DEST%\inc%_EXT%\xmloff\xmltabe.hxx
..\inc\numehelp.hxx %_DEST%\inc%_EXT%\xmloff\numehelp.hxx
..\inc\XMLTextListAutoStylePool.hxx %_DEST%\inc%_EXT%\xmloff\XMLTextListAutoStylePool.hxx
..\inc\functional.hxx %_DEST%\inc%_EXT%\xmloff\functional.hxx
..\inc\VisAreaExport.hxx %_DEST%\inc%_EXT%\xmloff\VisAreaExport.hxx
..\inc\VisAreaContext.hxx %_DEST%\inc%_EXT%\xmloff\VisAreaContext.hxx
..\inc\DashStyle.hxx %_DEST%\inc%_EXT%\xmloff\DashStyle.hxx
..\inc\GradientStyle.hxx %_DEST%\inc%_EXT%\xmloff\GradientStyle.hxx
..\inc\MarkerStyle.hxx %_DEST%\inc%_EXT%\xmloff\MarkerStyle.hxx
..\inc\HatchStyle.hxx %_DEST%\inc%_EXT%\xmloff\HatchStyle.hxx
..\inc\ImageStyle.hxx %_DEST%\inc%_EXT%\xmloff\ImageStyle.hxx
..\source\text\XMLTextShapeImportHelper.hxx %_DEST%\inc%_EXT%\xmloff\XMLTextShapeImportHelper.hxx
..\inc\xmloff\SettingsExportHelper.hxx %_DEST%\inc%_EXT%\xmloff\SettingsExportHelper.hxx
..\inc\xmloff\XMLSettingsExportContext.hxx %_DEST%\inc%_EXT%\xmloff\XMLSettingsExportContext.hxx
..\inc\xmloff\DocumentSettingsContext.hxx %_DEST%\inc%_EXT%\xmloff\DocumentSettingsContext.hxx
..\inc\xmloff\XMLGraphicsDefaultStyle.hxx %_DEST%\inc%_EXT%\xmloff\XMLGraphicsDefaultStyle.hxx
..\inc\XMLEmbeddedObjectExportFilter.hxx %_DEST%\inc%_EXT%\xmloff\XMLEmbeddedObjectExportFilter.hxx
..\inc\XMLFilterServiceNames.h %_DEST%\inc%_EXT%\xmloff\XMLFilterServiceNames.h
..\inc\xmlerror.hxx %_DEST%\inc%_EXT%\xmloff\xmlerror.hxx
..\inc\xformsimport.hxx %_DEST%\inc%_EXT%\xmloff\xformsimport.hxx
..\inc\xformsexport.hxx %_DEST%\inc%_EXT%\xmloff\xformsexport.hxx
..\inc\txtimppr.hxx %_DEST%\inc%_EXT%\xmloff\txtimppr.hxx

..\inc\xmloff\*.hxx %_DEST%\inc%_EXT%\xmloff\*.hxx
..\inc\xmloff\*.h %_DEST%\inc%_EXT%\xmloff\*.h

..\xml\components.xml %_DEST%\xml%_EXT%\components.xml

mkdir: %_DEST%\inc%_EXT%\xmloff\table
..\inc\xmloff\table\XMLTableExport.hxx %_DEST%\inc%_EXT%\xmloff\table\XMLTableExport.hxx
..\inc\xmloff\table\XMLTableImport.hxx %_DEST%\inc%_EXT%\xmloff\table\XMLTableImport.hxx

..\%__SRC%\lib\*.dylib %_DEST%\lib%_EXT%\*.dylib
..\%__SRC%\misc\xo.component %_DEST%\xml%_EXT%\xo.component
..\%__SRC%\misc\xof.component %_DEST%\xml%_EXT%\xof.component
