mkdir: %COMMON_DEST%\bin%_EXT%\hid
mkdir: %COMMON_DEST%\res%_EXT%
mkdir: %_DEST%\inc%_EXT%\sfx2

..\%COMMON_OUTDIR%\misc\*.hid %COMMON_DEST%\bin%_EXT%\hid\*.hid
..\%__SRC%\inc\sfxslots.ilb %_DEST%\inc%_EXT%\sfxslots.ilb
..\%__SRC%\inc\sfxslots.ilb* %_DEST%\inc%_EXT%\sfxslots.ilb*
..\%__SRC%\lib\sfx.lib %_DEST%\lib%_EXT%\sfx.lib
..\%__SRC%\lib\lib*.so %_DEST%\lib%_EXT%
..\%__SRC%\lib\*.a %_DEST%\lib%_EXT%\*.a
..\%__SRC%\lib\*.dylib %_DEST%\lib%_EXT%\*.dylib
..\%__SRC%\slb\sfx.lib %_DEST%\lib%_EXT%\xsfx.lib
..\%__SRC%\lib\isfx.lib %_DEST%\lib%_EXT%\isfx.lib
..\%__SRC%\lib\debug.lib %_DEST%\lib%_EXT%\sfxdebug.lib
..\%__SRC%\bin\sfx?????.sym %_DEST%\bin%_EXT%\sfx?????.sym
..\%__SRC%\bin\sfx?????.dll %_DEST%\bin%_EXT%\sfx?????.dll
..\%__SRC%\bin\sfx*.res %_DEST%\bin%_EXT%\sfx*.res
..\%__SRC%\bin\sfx?????.sym %_DEST%\bin%_EXT%\sfx?????.sym
..\%__SRC%\misc\sfx?????.map %_DEST%\bin%_EXT%\sfx?????.map
..\%__SRC%\bin\elc?????.dll %_DEST%\bin%_EXT%\elc?????.dll
..\%__SRC%\srs\sfx.srs %_DEST%\res%_EXT%\sfx.srs
..\%COMMON_OUTDIR%\srs\sfx_srs.hid %COMMON_DEST%\res%_EXT%\sfx_srs.hid
..\%__SRC%\srs\sfxslots.srs %_DEST%\res%_EXT%\sfxslots.srs
..\%COMMON_OUTDIR%\srs\sfxslots_srs.hid %COMMON_DEST%\res%_EXT%\sfxslots_srs.hid
..\util\sfx.xml %_DEST%\xml%_EXT%\sfx.xml
..\%__SRC%\misc\sfx2.csv %_DEST%\inc%_EXT%\sfx2.csv
..\%__SRC%\inc\macropg.hxx %_DEST%\inc%_EXT%\macropg.hxx
..\inc\sfx2\dllapi.h %_DEST%\inc%_EXT%\sfx2\dllapi.h

..\inc\sfx2\app.hxx %_DEST%\inc%_EXT%\sfx2\app.hxx
..\inc\sfx2\basedlgs.hxx %_DEST%\inc%_EXT%\sfx2\basedlgs.hxx
..\inc\sfx2\bindings.hxx %_DEST%\inc%_EXT%\sfx2\bindings.hxx
..\inc\brokenpackageint.hxx %_DEST%\inc%_EXT%\sfx2\brokenpackageint.hxx
..\inc\sfx2\chalign.hxx %_DEST%\inc%_EXT%\sfx2\chalign.hxx
..\inc\sfx2\childwin.hxx %_DEST%\inc%_EXT%\sfx2\childwin.hxx
..\inc\sfx2\ctrlitem.hxx %_DEST%\inc%_EXT%\sfx2\ctrlitem.hxx
..\inc\sfx2\dispatch.hxx %_DEST%\inc%_EXT%\sfx2\dispatch.hxx
..\inc\sfx2\dinfdlg.hxx %_DEST%\inc%_EXT%\sfx2\dinfdlg.hxx
..\inc\dinfedt.hxx %_DEST%\inc%_EXT%\sfx2\dinfedt.hxx
..\inc\sfx2\docinf.hxx %_DEST%\inc%_EXT%\sfx2\docinf.hxx
..\inc\sfx2\docfac.hxx %_DEST%\inc%_EXT%\sfx2\docfac.hxx
..\inc\sfx2\docfile.hxx %_DEST%\inc%_EXT%\sfx2\docfile.hxx
..\inc\sfx2\docfilt.hxx %_DEST%\inc%_EXT%\sfx2\docfilt.hxx
..\inc\sfx2\dockwin.hxx %_DEST%\inc%_EXT%\sfx2\dockwin.hxx
..\inc\sfx2\doctempl.hxx %_DEST%\inc%_EXT%\sfx2\doctempl.hxx
..\inc\sfx2\doctdlg.hxx %_DEST%\inc%_EXT%\sfx2\doctdlg.hxx
..\inc\sfx2\event.hxx %_DEST%\inc%_EXT%\sfx2\event.hxx
..\inc\sfx2\evntconf.hxx %_DEST%\inc%_EXT%\sfx2\evntconf.hxx
..\inc\sfx2\filedlghelper.hxx %_DEST%\inc%_EXT%\sfx2\filedlghelper.hxx
..\inc\sfx2\fcontnr.hxx %_DEST%\inc%_EXT%\sfx2\fcontnr.hxx
..\inc\sfx2\frame.hxx %_DEST%\inc%_EXT%\sfx2\frame.hxx
..\inc\sfx2\frmdescr.hxx %_DEST%\inc%_EXT%\sfx2\frmdescr.hxx
..\inc\sfx2\frmhtml.hxx %_DEST%\inc%_EXT%\sfx2\frmhtml.hxx
..\inc\sfx2\frmhtmlw.hxx %_DEST%\inc%_EXT%\sfx2\frmhtmlw.hxx
..\inc\sfx2\genlink.hxx %_DEST%\inc%_EXT%\sfx2\genlink.hxx
..\inc\sfx2\hintpost.hxx %_DEST%\inc%_EXT%\sfx2\hintpost.hxx
..\inc\imgmgr.hxx %_DEST%\inc%_EXT%\sfx2\imgmgr.hxx
..\inc\sfx2\imgdef.hxx %_DEST%\inc%_EXT%\sfx2\imgdef.hxx
..\inc\sfx2\ipclient.hxx %_DEST%\inc%_EXT%\sfx2\ipclient.hxx
..\inc\sfx2\macrconf.hxx %_DEST%\inc%_EXT%\sfx2\macrconf.hxx
..\inc\sfx2\macropg.hxx %_DEST%\inc%_EXT%\sfx2\macropg.hxx
..\inc\sfx2\topfrm.hxx %_DEST%\inc%_EXT%\sfx2\topfrm.hxx
..\inc\sfx2\mgetempl.hxx %_DEST%\inc%_EXT%\sfx2\mgetempl.hxx
..\inc\mieclip.hxx %_DEST%\inc%_EXT%\sfx2\mieclip.hxx
..\inc\sfx2\minarray.hxx %_DEST%\inc%_EXT%\sfx2\minarray.hxx
..\inc\minfitem.hxx %_DEST%\inc%_EXT%\sfx2\minfitem.hxx
..\inc\sfx2\minstack.hxx %_DEST%\inc%_EXT%\sfx2\minstack.hxx
..\inc\sfx2\mnuitem.hxx %_DEST%\inc%_EXT%\sfx2\mnuitem.hxx
..\inc\sfx2\module.hxx %_DEST%\inc%_EXT%\sfx2\module.hxx
..\inc\sfx2\msg.hxx %_DEST%\inc%_EXT%\sfx2\msg.hxx
..\inc\sfx2\mnumgr.hxx %_DEST%\inc%_EXT%\sfx2\mnumgr.hxx
..\inc\sfx2\newstyle.hxx %_DEST%\inc%_EXT%\sfx2\newstyle.hxx
..\inc\sfx2\new.hxx %_DEST%\inc%_EXT%\sfx2\new.hxx
..\inc\sfx2\navigat.hxx %_DEST%\inc%_EXT%\sfx2\navigat.hxx
..\inc\sfx2\msgpool.hxx %_DEST%\inc%_EXT%\sfx2\msgpool.hxx
..\inc\sfx2\passwd.hxx %_DEST%\inc%_EXT%\sfx2\passwd.hxx
..\inc\sfx2\prnmon.hxx %_DEST%\inc%_EXT%\sfx2\prnmon.hxx
..\inc\sfx2\objface.hxx %_DEST%\inc%_EXT%\sfx2\objface.hxx
..\inc\sfx2\objitem.hxx %_DEST%\inc%_EXT%\sfx2\objitem.hxx
..\inc\sfx2\signaturestate.hxx %_DEST%\inc%_EXT%\sfx2\signaturestate.hxx
..\inc\sfx2\docmacromode.hxx %_DEST%\inc%_EXT%\sfx2\docmacromode.hxx
..\inc\sfx2\docstoragemodifylistener.hxx %_DEST%\inc%_EXT%\sfx2\docstoragemodifylistener.hxx
..\inc\sfx2\sfxmodelfactory.hxx %_DEST%\inc%_EXT%\sfx2\sfxmodelfactory.hxx
..\inc\sfx2\objsh.hxx %_DEST%\inc%_EXT%\sfx2\objsh.hxx
..\inc\sfx2\printer.hxx %_DEST%\inc%_EXT%\sfx2\printer.hxx
..\inc\sfx2\printopt.hxx %_DEST%\inc%_EXT%\sfx2\printopt.hxx
..\inc\sfx2\progress.hxx %_DEST%\inc%_EXT%\sfx2\progress.hxx
..\inc\sfx2\request.hxx %_DEST%\inc%_EXT%\sfx2\request.hxx
..\inc\sfx2\sfx.hrc %_DEST%\inc%_EXT%\sfx2\sfx.hrc
..\inc\sfx2\sfxdefs.hxx %_DEST%\inc%_EXT%\sfx2\sfxdefs.hxx
..\inc\sfxhelp.hxx %_DEST%\inc%_EXT%\sfx2\sfxhelp.hxx
..\inc\sfx2\sfxhtml.hxx %_DEST%\inc%_EXT%\sfx2\sfxhtml.hxx
..\inc\sfx2\sfxsids.hrc %_DEST%\inc%_EXT%\sfx2\sfxsids.hrc
..\inc\sfx2\shell.hxx %_DEST%\inc%_EXT%\sfx2\shell.hxx
..\inc\stbitem.hxx %_DEST%\inc%_EXT%\sfx2\stbitem.hxx
..\inc\sfx2\styfitem.hxx %_DEST%\inc%_EXT%\sfx2\styfitem.hxx
..\inc\sfx2\styledlg.hxx %_DEST%\inc%_EXT%\sfx2\styledlg.hxx
..\inc\sfx2\tabdlg.hxx %_DEST%\inc%_EXT%\sfx2\tabdlg.hxx
..\inc\sfx2\tbxctrl.hxx %_DEST%\inc%_EXT%\sfx2\tbxctrl.hxx
..\inc\sfx2\templdlg.hxx %_DEST%\inc%_EXT%\sfx2\templdlg.hxx
..\inc\tplpitem.hxx %_DEST%\inc%_EXT%\sfx2\tplpitem.hxx
..\inc\sfx2\viewfrm.hxx %_DEST%\inc%_EXT%\sfx2\viewfrm.hxx
..\inc\sfx2\viewsh.hxx %_DEST%\inc%_EXT%\sfx2\viewsh.hxx
..\inc\viewfac.hxx %_DEST%\inc%_EXT%\sfx2\viewfac.hxx
..\inc\sfx2\appuno.hxx %_DEST%\inc%_EXT%\sfx2\appuno.hxx
..\inc\sfx2\sfxuno.hxx %_DEST%\inc%_EXT%\sfx2\sfxuno.hxx
..\inc\sfx2\sfxbasemodel.hxx %_DEST%\inc%_EXT%\sfx2\sfxbasemodel.hxx
..\inc\sfx2\sfxbasecontroller.hxx %_DEST%\inc%_EXT%\sfx2\sfxbasecontroller.hxx
..\inc\sfx2\unoctitm.hxx %_DEST%\inc%_EXT%\sfx2\unoctitm.hxx
..\inc\sfx2\srchitem.hxx %_DEST%\inc%_EXT%\sfx2\srchitem.hxx
..\inc\sfx2\srchdefs.hxx %_DEST%\inc%_EXT%\sfx2\srchdefs.hxx
..\inc\sfx2\cntids.hrc %_DEST%\inc%_EXT%\sfx2\cntids.hrc
..\inc\basmgr.hxx %_DEST%\inc%_EXT%\sfx2\basmgr.hxx
..\inc\imagemgr.hxx %_DEST%\inc%_EXT%\sfx2\imagemgr.hxx
..\inc\sfx2\sfxdlg.hxx %_DEST%\inc%_EXT%\sfx2\sfxdlg.hxx
..\inc\sfx2\dialogs.hrc %_DEST%\inc%_EXT%\sfx2\dialogs.hrc
..\inc\sfx2\itemwrapper.hxx %_DEST%\inc%_EXT%\sfx2\itemwrapper.hxx
..\inc\sfx2\controlwrapper.hxx %_DEST%\inc%_EXT%\sfx2\controlwrapper.hxx
..\inc\sfx2\itemconnect.hxx %_DEST%\inc%_EXT%\sfx2\itemconnect.hxx
..\inc\sfx2\lnkbase.hxx %_DEST%\inc%_EXT%\sfx2\lnkbase.hxx
..\inc\sfx2\linkmgr.hxx %_DEST%\inc%_EXT%\sfx2\linkmgr.hxx
..\inc\sfx2\linksrc.hxx %_DEST%\inc%_EXT%\sfx2\linksrc.hxx
..\inc\sfx2\querystatus.hxx %_DEST%\inc%_EXT%\sfx2\querystatus.hxx
..\inc\sfx2\sfxstatuslistener.hxx %_DEST%\inc%_EXT%\sfx2\sfxstatuslistener.hxx
..\inc\QuerySaveDocument.hxx %_DEST%\inc%_EXT%\sfx2\QuerySaveDocument.hxx
..\inc\mailmodelapi.hxx %_DEST%\inc%_EXT%\sfx2\mailmodelapi.hxx
..\inc\docinsert.hxx %_DEST%\inc%_EXT%\sfx2\docinsert.hxx
