mkdir: %_DEST%\inc\scripting
mkdir: %_DEST%\lib\pyuno
mkdir: %_DEST%\bin\pyuno

..\%__SRC%\bin\*.dll %_DEST%\bin\*
..\%__SRC%\bin\*.zip %COMMON_DEST%\pck\*
..\%__SRC%\class\*.jar %_DEST%\bin\*
..\%__SRC%\lib\*.so %_DEST%\lib\*
..\%__SRC%\bin\*.py %_DEST%\bin\pyuno\*
..\%__SRC%\lib\*.py %_DEST%\lib\pyuno\*
..\%__SRC%\lib\*.dylib %_DEST%\lib\*.dylib

..\%__SRC%\bin\*.rdb %_DEST%\rdb\*

..\source\storage\storage.xml %_DEST%\xml\storage.xml

..\%__SRC%\lib\lib*static*.dylib %_DEST%\lib\lib*static*.dylib
..\%__SRC%\misc\mailmerge.component %_DEST%\xml\mailmerge.component
..\%__SRC%\misc\ScriptFramework.component %_DEST%\xml\ScriptFramework.component
..\%__SRC%\misc\ScriptProviderForJava.component %_DEST%\xml\ScriptProviderForJava.component
..\%__SRC%\misc\basprov.component %_DEST%\xml\basprov.component
..\%__SRC%\misc\dlgprov.component %_DEST%\xml\dlgprov.component
..\%__SRC%\misc\protocolhandler.component %_DEST%\xml\protocolhandler.component
..\%__SRC%\misc\scriptframe.component %_DEST%\xml\scriptframe.component
..\%__SRC%\misc\stringresource.component %_DEST%\xml\stringresource.component
..\%__SRC%\misc\vbaevents.component %_DEST%\xml\vbaevents.component

# Extensions
..\%__SRC%\bin\*.oxt %_DEST%\bin\*.oxt
