sw      sw      :    filter l10n connectivity writerperfect lotuswordpro vbahelper svx stoc writerfilter unoxml fileaccess package comphelper NULL
sw	sw										usr1	-	all	sw_mkout NULL
sw	sw\inc									nmake		-	all	sw_inc NULL
sw	sw\uiconfig\layout									nmake	-	all	sw_layout NULL
sw	sw\prj									get		-	all	sw_prj NULL
sw	sw\source\ui\inc						nmake	-	all	sw_uinc NULL
sw	sw\source\core\inc						get		-	all	sw_cinc NULL
sw	sw\source\filter\inc					get		-	all	sw_finc NULL
sw	sw\res									get		-	all	sw_res NULL
sw	sw\win\res								get		-	all	sw_wres NULL
sw	sw\win\imglst							get		-	all	sw_wimg NULL
sw	sw\sdi									nmake	-	all	sw_sdi NULL
sw  sw\source\core\bastyp                   nmake   -   all sw_bast sw_inc NULL
sw	sw\source\ui\app						nmake	-	all	sw_app sw_sdi sw_uinc sw_inc NULL
sw	sw\source\ui\cctrl						nmake	-	all	sw_cctrl sw_inc NULL
sw	sw\source\ui\chrdlg						nmake	-	all	sw_chrdl sw_inc NULL
sw	sw\source\ui\config						nmake	-	all	sw_conf sw_inc NULL
sw	sw\source\ui\dbui						nmake	-	all	sw_dbui sw_inc NULL
sw	sw\source\ui\dialog						nmake	-	all	sw_dlg sw_inc NULL
sw	sw\source\ui\dochdl						nmake	-	all	sw_dchdl sw_inc NULL
sw	sw\source\ui\docvw						nmake	-	all	sw_dcvw sw_inc NULL
sw	sw\source\ui\envelp						nmake	-	all	sw_envlp sw_inc NULL
sw	sw\source\ui\fldui						nmake	-	all	sw_fldui sw_inc NULL
sw	sw\source\ui\fmtui						nmake	-	all	sw_fmtui sw_inc NULL
sw	sw\source\ui\frmdlg						nmake	-	all	sw_frmdl sw_inc NULL
sw	sw\source\ui\globdoc					nmake	-	all	sw_globd sw_uinc sw_inc NULL
sw	sw\source\ui\index						nmake	-	all	sw_index sw_inc NULL
sw	sw\source\ui\lingu						nmake	-	all	sw_ling sw_inc NULL
sw	sw\source\ui\misc						nmake	-	all	sw_misc sw_sdi sw_inc NULL
sw	sw\source\ui\ribbar						nmake	-	all	sw_rbbar sw_inc NULL
sw	sw\source\ui\shells						nmake	-	all	sw_shell sw_uinc sw_sdi sw_inc NULL
sw      sw\source\ui\smartmenu                                          nmake   -       all     sw_smartmenu sw_inc NULL
sw      sw\source\ui\table                                              nmake   -       all     sw_table sw_inc NULL
sw	sw\source\ui\uiview						nmake	-	all	sw_uivw sw_sdi sw_inc NULL
sw	sw\source\ui\uno						nmake	-	all	sw_uiuno sw_sdi sw_inc NULL
sw	sw\source\ui\vba						nmake	-	all	sw_vba sw_inc NULL
sw	sw\source\ui\utlui						nmake	-	all	sw_utlui sw_inc NULL
sw	sw\source\ui\web						nmake	-	all	sw_web sw_uinc sw_sdi sw_inc NULL
sw	sw\source\ui\wrtsh						nmake	-	all	sw_wrtsh sw_inc NULL
sw	sw\source\core\attr						nmake	-	all	sw_attr sw_inc NULL
sw	sw\source\core\crsr						nmake	-	all	sw_crsr sw_inc NULL
sw	sw\source\core\doc						nmake	-	all	sw_doc sw_inc NULL
sw	sw\source\core\docnode					nmake	-	all	sw_dcnd sw_inc NULL
sw	sw\source\core\draw						nmake	-	all	sw_draw sw_inc NULL
sw	sw\source\core\edit						nmake	-	all	sw_edit sw_inc NULL
sw	sw\source\core\fields					nmake	-	all	sw_fld sw_inc NULL
sw	sw\source\core\frmedt					nmake	-	all	sw_frmed sw_inc NULL
sw	sw\source\core\graphic					nmake	-	all	sw_grph sw_inc NULL
sw	sw\source\core\layout					nmake	-	all	sw_layo sw_inc NULL
sw	sw\source\core\ole						nmake	-	all	sw_ole sw_inc NULL
sw	sw\source\core\para						nmake	-	all	sw_para sw_inc NULL
sw      sw\source\core\sw3io                                    nmake   -       all     sw_sw3io sw_inc NULL
sw	sw\source\core\swg						nmake	-	all	sw_swg sw_inc NULL
sw	sw\source\core\text						nmake	-	all	sw_text sw_inc NULL
sw	sw\source\core\tox						nmake	-	all	sw_tox sw_inc NULL
sw	sw\source\core\txtnode					nmake	-	all	sw_txtnd sw_inc NULL
sw	sw\source\core\undo						nmake	-	all	sw_undo sw_inc NULL
sw	sw\source\core\view						nmake	-	all	sw_view sw_inc NULL
sw	sw\source\core\unocore					nmake	-	all	sw_uco sw_inc NULL
sw      sw\source\core\objectpositioning                                nmake   -       all     sw_objpos sw_inc NULL
sw  sw\source\core\access                   nmake   -   all sw_acc sw_inc NULL
sw  sw\source\core\SwNumberTree             nmake   -   all sw_NumberTree sw_inc NULL
sw  sw\source\core\table                    nmake   -   all sw_tablecore sw_inc NULL
sw  sw\source\filter\ascii                  nmake   -   all sw_ascii sw_inc NULL
sw      sw\source\filter\basflt             nmake   -       all     sw_bsflt sw_inc NULL
sw      sw\source\filter\html               nmake   -       all     sw_html sw_inc NULL
sw      sw\source\filter\rtf                nmake   -       all     sw_rtf sw_inc NULL
sw      sw\source\filter\writer             nmake   -       all     sw_wrtr sw_inc NULL
sw      sw\source\filter\ww1                nmake   -       all     sw_ww1 sw_inc NULL
sw      sw\source\filter\ww8                nmake   -       all     sw_ww8 sw_inc NULL
sw      sw\source\filter\xml                nmake   -       all     sw_xml sw_inc NULL
sw      sw\source\ui                        nmake   -       all     sw_ui sw_app sw_cctrl sw_chrdl sw_conf sw_dbui sw_dchdl sw_dcvw sw_dlg sw_envlp sw_fldui sw_fmtui sw_frmdl sw_globd sw_index sw_ling sw_misc sw_rbbar sw_shell sw_table sw_uiuno sw_uivw sw_utlui sw_web sw_wrtsh sw_smartmenu sw_vba NULL
sw      sw\source\core                      nmake   -       all     sw_core sw_attr sw_bast sw_crsr sw_dcnd sw_doc sw_draw sw_edit sw_fld sw_frmed sw_grph sw_layo sw_ole sw_para sw_sw3io sw_swg sw_text sw_tox sw_txtnd sw_uco sw_undo sw_view sw_acc sw_objpos sw_NumberTree sw_tablecore NULL
sw      sw\source\filter                    nmake   -       all     sw_flt sw_ascii sw_bsflt sw_html sw_rtf sw_wrtr sw_ww1 sw_ww8 sw_xml NULL
sw      sw\util                             nmake   -       all     sw_util sw_core sw_flt sw_sdi sw_ui NULL
sw sw\qa\unoapi nmake - all sw_qa_unoapi NULL
sw sw\qa\core	nmake - all sw_qa_cppunit sw_util NULL
