mkdir: %COMMON_DEST%\bin%_EXT%\hid
mkdir: %_DEST%\inc%_EXT%\sw
mkdir: %_DEST%\xml%_EXT%\uiconfig
mkdir: %_DEST%\xml%_EXT%\uiconfig\modules
mkdir: %_DEST%\xml%_EXT%\uiconfig\modules\swriter
mkdir: %_DEST%\xml%_EXT%\uiconfig\modules\swxform
mkdir: %_DEST%\xml%_EXT%\uiconfig\modules\sweb
mkdir: %_DEST%\xml%_EXT%\uiconfig\modules\sglobal
mkdir: %_DEST%\xml%_EXT%\uiconfig\modules\swform
mkdir: %_DEST%\xml%_EXT%\uiconfig\modules\swreport
mkdir: %_DEST%\xml%_EXT%\uiconfig\modules\swriter\menubar
mkdir: %_DEST%\xml%_EXT%\uiconfig\modules\swxform\menubar
mkdir: %_DEST%\xml%_EXT%\uiconfig\modules\sweb\menubar
mkdir: %_DEST%\xml%_EXT%\uiconfig\modules\sglobal\menubar
mkdir: %_DEST%\xml%_EXT%\uiconfig\modules\swform\menubar
mkdir: %_DEST%\xml%_EXT%\uiconfig\modules\swreport\menubar
mkdir: %_DEST%\xml%_EXT%\uiconfig\modules\swriter\toolbar
mkdir: %_DEST%\xml%_EXT%\uiconfig\modules\swxform\toolbar
mkdir: %_DEST%\xml%_EXT%\uiconfig\modules\sweb\toolbar
mkdir: %_DEST%\xml%_EXT%\uiconfig\modules\sglobal\toolbar
mkdir: %_DEST%\xml%_EXT%\uiconfig\modules\swform\toolbar
mkdir: %_DEST%\xml%_EXT%\uiconfig\modules\swreport\toolbar
mkdir: %_DEST%\xml%_EXT%\uiconfig\modules\swriter\accelerator
mkdir: %_DEST%\xml%_EXT%\uiconfig\modules\swxform\accelerator
mkdir: %_DEST%\xml%_EXT%\uiconfig\modules\sweb\accelerator
mkdir: %_DEST%\xml%_EXT%\uiconfig\modules\sglobal\accelerator
mkdir: %_DEST%\xml%_EXT%\uiconfig\modules\swform\accelerator
mkdir: %_DEST%\xml%_EXT%\uiconfig\modules\swreport\accelerator
mkdir: %_DEST%\xml%_EXT%\uiconfig\modules\swriter\accelerator\en-US
mkdir: %_DEST%\xml%_EXT%\uiconfig\modules\swriter\accelerator\de
mkdir: %_DEST%\xml%_EXT%\uiconfig\modules\swriter\accelerator\es
mkdir: %_DEST%\xml%_EXT%\uiconfig\modules\swriter\accelerator\fr
mkdir: %_DEST%\xml%_EXT%\uiconfig\modules\swxform\accelerator\en-US
mkdir: %_DEST%\xml%_EXT%\uiconfig\modules\swxform\accelerator\de
mkdir: %_DEST%\xml%_EXT%\uiconfig\modules\swxform\accelerator\es
mkdir: %_DEST%\xml%_EXT%\uiconfig\modules\swxform\accelerator\fr
mkdir: %_DEST%\xml%_EXT%\uiconfig\modules\sweb\accelerator\en-US
mkdir: %_DEST%\xml%_EXT%\uiconfig\modules\sweb\accelerator\de
mkdir: %_DEST%\xml%_EXT%\uiconfig\modules\sweb\accelerator\es
mkdir: %_DEST%\xml%_EXT%\uiconfig\modules\sweb\accelerator\fr
mkdir: %_DEST%\xml%_EXT%\uiconfig\modules\sglobal\accelerator\en-US
mkdir: %_DEST%\xml%_EXT%\uiconfig\modules\sglobal\accelerator\de
mkdir: %_DEST%\xml%_EXT%\uiconfig\modules\sglobal\accelerator\es
mkdir: %_DEST%\xml%_EXT%\uiconfig\modules\sglobal\accelerator\fr
mkdir: %_DEST%\xml%_EXT%\uiconfig\modules\swform\accelerator\en-US
mkdir: %_DEST%\xml%_EXT%\uiconfig\modules\swform\accelerator\de
mkdir: %_DEST%\xml%_EXT%\uiconfig\modules\swform\accelerator\es
mkdir: %_DEST%\xml%_EXT%\uiconfig\modules\swform\accelerator\fr
mkdir: %_DEST%\xml%_EXT%\uiconfig\modules\swreport\accelerator\en-US
mkdir: %_DEST%\xml%_EXT%\uiconfig\modules\swreport\accelerator\de
mkdir: %_DEST%\xml%_EXT%\uiconfig\modules\swreport\accelerator\es
mkdir: %_DEST%\xml%_EXT%\uiconfig\modules\swreport\accelerator\fr
mkdir: %_DEST%\xml%_EXT%\uiconfig\modules\swriter\statusbar
mkdir: %_DEST%\xml%_EXT%\uiconfig\modules\swxform\statusbar
mkdir: %_DEST%\xml%_EXT%\uiconfig\modules\sweb\statusbar
mkdir: %_DEST%\xml%_EXT%\uiconfig\modules\sglobal\statusbar
mkdir: %_DEST%\xml%_EXT%\uiconfig\modules\swform\statusbar
mkdir: %_DEST%\xml%_EXT%\uiconfig\modules\swreport\statusbar

..\%COMMON_OUTDIR%\misc\*.hid %COMMON_DEST%\bin%_EXT%\hid\*.hid
..\xml\*.xml %_DEST%\xml%_EXT%\*.xml
..\%__SRC%\bin\sw?????.dll %_DEST%\bin%_EXT%\sw?????.dll
..\%__SRC%\bin\swd?????.dll %_DEST%\bin%_EXT%\swd?????.dll
..\%__SRC%\bin\swui?????.dll %_DEST%\bin%_EXT%\swui?????.dll
..\%__SRC%\bin\msword?????.dll %_DEST%\bin%_EXT%\msword?????.dll
..\%__SRC%\bin\sw*.res %_DEST%\bin%_EXT%\sw*.res
..\%__SRC%\lib\lib*.* %_DEST%\lib%_EXT%\lib*.*

..\uiconfig\swriter\menubar\*.xml %_DEST%\xml%_EXT%\uiconfig\modules\swriter\menubar\*.xml
..\uiconfig\swxform\menubar\*.xml %_DEST%\xml%_EXT%\uiconfig\modules\swxform\menubar\*.xml
..\uiconfig\sweb\menubar\*.xml %_DEST%\xml%_EXT%\uiconfig\modules\sweb\menubar\*.xml
..\uiconfig\sglobal\menubar\*.xml %_DEST%\xml%_EXT%\uiconfig\modules\sglobal\menubar\*.xml
..\uiconfig\swform\menubar\*.xml %_DEST%\xml%_EXT%\uiconfig\modules\swform\menubar\*.xml
..\uiconfig\swreport\menubar\*.xml %_DEST%\xml%_EXT%\uiconfig\modules\swreport\menubar\*.xml
..\uiconfig\swriter\toolbar\*.xml %_DEST%\xml%_EXT%\uiconfig\modules\swriter\toolbar\*.xml
..\uiconfig\swxform\toolbar\*.xml %_DEST%\xml%_EXT%\uiconfig\modules\swxform\toolbar\*.xml
..\uiconfig\sweb\toolbar\*.xml %_DEST%\xml%_EXT%\uiconfig\modules\sweb\toolbar\*.xml
..\uiconfig\sglobal\toolbar\*.xml %_DEST%\xml%_EXT%\uiconfig\modules\sglobal\toolbar\*.xml
..\uiconfig\swform\toolbar\*.xml %_DEST%\xml%_EXT%\uiconfig\modules\swform\toolbar\*.xml
..\uiconfig\swreport\toolbar\*.xml %_DEST%\xml%_EXT%\uiconfig\modules\swreport\toolbar\*.xml
..\uiconfig\swriter\accelerator\en-US\*.xml %_DEST%\xml%_EXT%\uiconfig\modules\swriter\accelerator\en-US\*.xml
..\uiconfig\swriter\accelerator\de\*.xml %_DEST%\xml%_EXT%\uiconfig\modules\swriter\accelerator\de\*.xml
..\uiconfig\swriter\accelerator\es\*.xml %_DEST%\xml%_EXT%\uiconfig\modules\swriter\accelerator\es\*.xml
..\uiconfig\swriter\accelerator\fr\*.xml %_DEST%\xml%_EXT%\uiconfig\modules\swriter\accelerator\fr\*.xml
..\uiconfig\swxform\accelerator\en-US\*.xml %_DEST%\xml%_EXT%\uiconfig\modules\swxform\accelerator\en-US\*.xml
..\uiconfig\swxform\accelerator\de\*.xml %_DEST%\xml%_EXT%\uiconfig\modules\swxform\accelerator\de\*.xml
..\uiconfig\swxform\accelerator\es\*.xml %_DEST%\xml%_EXT%\uiconfig\modules\swxform\accelerator\es\*.xml
..\uiconfig\swxform\accelerator\fr\*.xml %_DEST%\xml%_EXT%\uiconfig\modules\swxform\accelerator\fr\*.xml
..\uiconfig\sweb\accelerator\en-US\*.xml %_DEST%\xml%_EXT%\uiconfig\modules\sweb\accelerator\en-US\*.xml
..\uiconfig\sweb\accelerator\de\*.xml %_DEST%\xml%_EXT%\uiconfig\modules\sweb\accelerator\de\*.xml
..\uiconfig\sweb\accelerator\es\*.xml %_DEST%\xml%_EXT%\uiconfig\modules\sweb\accelerator\es\*.xml
..\uiconfig\sweb\accelerator\fr\*.xml %_DEST%\xml%_EXT%\uiconfig\modules\sweb\accelerator\fr\*.xml
..\uiconfig\sglobal\accelerator\en-US\*.xml %_DEST%\xml%_EXT%\uiconfig\modules\sglobal\accelerator\en-US\*.xml
..\uiconfig\sglobal\accelerator\de\*.xml %_DEST%\xml%_EXT%\uiconfig\modules\sglobal\accelerator\de\*.xml
..\uiconfig\sglobal\accelerator\es\*.xml %_DEST%\xml%_EXT%\uiconfig\modules\sglobal\accelerator\es\*.xml
..\uiconfig\sglobal\accelerator\fr\*.xml %_DEST%\xml%_EXT%\uiconfig\modules\sglobal\accelerator\fr\*.xml
..\uiconfig\swform\accelerator\en-US\*.xml %_DEST%\xml%_EXT%\uiconfig\modules\swform\accelerator\en-US\*.xml
..\uiconfig\swform\accelerator\de\*.xml %_DEST%\xml%_EXT%\uiconfig\modules\swform\accelerator\de\*.xml
..\uiconfig\swform\accelerator\es\*.xml %_DEST%\xml%_EXT%\uiconfig\modules\swform\accelerator\es\*.xml
..\uiconfig\swform\accelerator\fr\*.xml %_DEST%\xml%_EXT%\uiconfig\modules\swform\accelerator\fr\*.xml
..\uiconfig\swreport\accelerator\en-US\*.xml %_DEST%\xml%_EXT%\uiconfig\modules\swreport\accelerator\en-US\*.xml
..\uiconfig\swreport\accelerator\de\*.xml %_DEST%\xml%_EXT%\uiconfig\modules\swreport\accelerator\de\*.xml
..\uiconfig\swreport\accelerator\es\*.xml %_DEST%\xml%_EXT%\uiconfig\modules\swreport\accelerator\es\*.xml
..\uiconfig\swreport\accelerator\fr\*.xml %_DEST%\xml%_EXT%\uiconfig\modules\swreport\accelerator\fr\*.xml
..\uiconfig\swriter\statusbar\*.xml %_DEST%\xml%_EXT%\uiconfig\modules\swriter\statusbar\*.xml
..\uiconfig\swxform\statusbar\*.xml %_DEST%\xml%_EXT%\uiconfig\modules\swxform\statusbar\*.xml
..\uiconfig\sweb\statusbar\*.xml %_DEST%\xml%_EXT%\uiconfig\modules\sweb\statusbar\*.xml
..\uiconfig\sglobal\statusbar\*.xml %_DEST%\xml%_EXT%\uiconfig\modules\sglobal\statusbar\*.xml
..\uiconfig\swform\statusbar\*.xml %_DEST%\xml%_EXT%\uiconfig\modules\swform\statusbar\*.xml
..\uiconfig\swreport\statusbar\*.xml %_DEST%\xml%_EXT%\uiconfig\modules\swreport\statusbar\*.xml

..\%__SRC%\bin\*-layout.zip %_DEST%\pck%_EXT%\*.*
