mkdir: %_DEST%\inc\l10ntools
mkdir: %_DEST%\bin
mkdir: %_DEST%\bin\help
mkdir: %_DEST%\bin\help\com
mkdir: %_DEST%\bin\help\com\sun
mkdir: %_DEST%\bin\help\com\sun\star
mkdir: %_DEST%\bin\help\com\sun\star\help

..\%__SRC%\bin\cfgex.exe %_DEST%\bin\cfgex.exe
..\%__SRC%\bin\cfgex %_DEST%\bin\cfgex
..\%__SRC%\bin\transex3.exe %_DEST%\bin\transex3.exe
..\%__SRC%\bin\transex3 %_DEST%\bin\transex3
..\%__SRC%\bin\lngex.exe %_DEST%\bin\lngex.exe
..\%__SRC%\bin\lngex %_DEST%\bin\lngex
..\%__SRC%\bin\localize_sl.exe %_DEST%\bin\localize_sl.exe
..\%__SRC%\bin\localize_sl %_DEST%\bin\localize_sl
..\%__SRC%\bin\xrmex.exe %_DEST%\bin\xrmex.exe
..\%__SRC%\bin\xrmex %_DEST%\bin\xrmex
..\%__SRC%\bin\gsicheck.exe %_DEST%\bin\gsicheck.exe
..\%__SRC%\bin\gsicheck %_DEST%\bin\gsicheck
..\%__SRC%\bin\helpex.exe %_DEST%\bin\helpex.exe
..\%__SRC%\bin\helpex %_DEST%\bin\helpex
..\%__SRC%\bin\ulfex.exe %_DEST%\bin\ulfex.exe
..\%__SRC%\bin\ulfex %_DEST%\bin\ulfex
..\%__SRC%\bin\txtconv.exe %_DEST%\bin\txtconv.exe
..\%__SRC%\bin\txtconv %_DEST%\bin\txtconv
..\%__SRC%\bin\tralay.exe %_DEST%\bin\tralay.exe
..\%__SRC%\bin\tralay %_DEST%\bin\tralay
..\%__SRC%\bin\ulfconv %_DEST%\bin\ulfconv
..\%__SRC%\class\FCFGMerge.jar %_DEST%\bin\FCFGMerge.jar
..\%__SRC%\class\HelpIndexerTool.jar %_DEST%\bin\HelpIndexerTool.jar
..\%__SRC%\class\jpropex\jpropex.jar %_DEST%\bin\jpropex.jar
..\%__SRC%\bin\HelpLinker %_DEST%\bin\HelpLinker
..\%__SRC%\bin\HelpCompiler %_DEST%\bin\HelpCompiler
..\%__SRC%\bin\HelpCompiler.exe %_DEST%\bin\HelpCompiler.exe
..\%__SRC%\bin\HelpLinker.exe %_DEST%\bin\HelpLinker.exe
..\%__SRC%\bin\HelpLinker* %_DEST%\bin

..\scripts\localize.pl %_DEST%\bin\localize.pl
..\scripts\localize %_DEST%\bin\localize
..\scripts\fast_merge.pl %_DEST%\bin\fast_merge.pl
..\scripts\keyidGen.pl %_DEST%\bin\keyidGen.pl
..\inc\export.hxx %_DEST%\inc\l10ntools\export.hxx
..\inc\l10ntools\directory.hxx %_DEST%\inc\l10ntools\directory.hxx
..\inc\l10ntools\file.hxx %_DEST%\inc\l10ntools\file.hxx
..\inc\l10ntools\vosapp.hxx %_DEST%\inc\l10ntools\vosapp.hxx
..\source\filter\merge\FCFGMerge.cfg  %_DEST%\inc\l10ntools\FCFGMerge.cfg

..\%__SRC%\lib\transex.lib %_DEST%\lib\transex.lib
..\%__SRC%\lib\libtransex.a %_DEST%\lib\libtransex.a

..\source\help\compilehelp.hxx %_DEST%\inc\l10ntools\compilehelp.hxx
..\%__SRC%\lib\* %_DEST%\lib\*
..\%__SRC%\class\com\sun\star\help\* %_DEST%\bin\help\com\sun\star\help\*
