mkdir: %_DEST%\inc%_EXT%\offuh
mkdir: %_DEST%\inc%_EXT%\offuh\com
mkdir: %_DEST%\inc%_EXT%\offuh\com\sun
mkdir: %_DEST%\inc%_EXT%\offuh\com\sun\star

mkdir: %_DEST%\inc%_EXT%\offuh\com\sun\star\auth
mkdir: %_DEST%\inc%_EXT%\offuh\com\sun\star\accessibility
mkdir: %_DEST%\inc%_EXT%\offuh\com\sun\star\awt
mkdir: %_DEST%\inc%_EXT%\offuh\com\sun\star\awt\tree
mkdir: %_DEST%\inc%_EXT%\offuh\com\sun\star\awt\grid
mkdir: %_DEST%\inc%_EXT%\offuh\com\sun\star\awt\tab
mkdir: %_DEST%\inc%_EXT%\offuh\com\sun\star\beans
mkdir: %_DEST%\inc%_EXT%\offuh\com\sun\star\bridge
mkdir: %_DEST%\inc%_EXT%\offuh\com\sun\star\bridge\oleautomation
mkdir: %_DEST%\inc%_EXT%\offuh\com\sun\star\chart
mkdir: %_DEST%\inc%_EXT%\offuh\com\sun\star\chart2
mkdir: %_DEST%\inc%_EXT%\offuh\com\sun\star\chart2\data
mkdir: %_DEST%\inc%_EXT%\offuh\com\sun\star\container
mkdir: %_DEST%\inc%_EXT%\offuh\com\sun\star\configuration
mkdir: %_DEST%\inc%_EXT%\offuh\com\sun\star\configuration\backend
mkdir: %_DEST%\inc%_EXT%\offuh\com\sun\star\connection
mkdir: %_DEST%\inc%_EXT%\offuh\com\sun\star\data
mkdir: %_DEST%\inc%_EXT%\offuh\com\sun\star\deployment
mkdir: %_DEST%\inc%_EXT%\offuh\com\sun\star\deployment\ui
mkdir: %_DEST%\inc%_EXT%\offuh\com\sun\star\datatransfer
mkdir: %_DEST%\inc%_EXT%\offuh\com\sun\star\datatransfer\clipboard
mkdir: %_DEST%\inc%_EXT%\offuh\com\sun\star\datatransfer\dnd
mkdir: %_DEST%\inc%_EXT%\offuh\com\sun\star\daemons
mkdir: %_DEST%\inc%_EXT%\offuh\com\sun\star\document
mkdir: %_DEST%\inc%_EXT%\offuh\com\sun\star\drawing
mkdir: %_DEST%\inc%_EXT%\offuh\com\sun\star\drawing\framework
mkdir: %_DEST%\inc%_EXT%\offuh\com\sun\star\geometry
mkdir: %_DEST%\inc%_EXT%\offuh\com\sun\star\rendering
mkdir: %_DEST%\inc%_EXT%\offuh\com\sun\star\embed
mkdir: %_DEST%\inc%_EXT%\offuh\com\sun\star\form
mkdir: %_DEST%\inc%_EXT%\offuh\com\sun\star\xforms
mkdir: %_DEST%\inc%_EXT%\offuh\com\sun\star\form\binding
mkdir: %_DEST%\inc%_EXT%\offuh\com\sun\star\form\validation
mkdir: %_DEST%\inc%_EXT%\offuh\com\sun\star\form\submission
mkdir: %_DEST%\inc%_EXT%\offuh\com\sun\star\form\runtime
mkdir: %_DEST%\inc%_EXT%\offuh\com\sun\star\form\inspection
mkdir: %_DEST%\inc%_EXT%\offuh\com\sun\star\formula
mkdir: %_DEST%\inc%_EXT%\offuh\com\sun\star\frame
mkdir: %_DEST%\inc%_EXT%\offuh\com\sun\star\frame\status
mkdir: %_DEST%\inc%_EXT%\offuh\com\sun\star\gallery
mkdir: %_DEST%\inc%_EXT%\offuh\com\sun\star\graphic
mkdir: %_DEST%\inc%_EXT%\offuh\com\sun\star\i18n
mkdir: %_DEST%\inc%_EXT%\offuh\com\sun\star\installation
mkdir: %_DEST%\inc%_EXT%\offuh\com\sun\star\io
mkdir: %_DEST%\inc%_EXT%\offuh\com\sun\star\java
mkdir: %_DEST%\inc%_EXT%\offuh\com\sun\star\lang
mkdir: %_DEST%\inc%_EXT%\offuh\com\sun\star\linguistic2
mkdir: %_DEST%\inc%_EXT%\offuh\com\sun\star\logging
mkdir: %_DEST%\inc%_EXT%\offuh\com\sun\star\oooimprovement
mkdir: %_DEST%\inc%_EXT%\offuh\com\sun\star\office
mkdir: %_DEST%\inc%_EXT%\offuh\com\sun\star\mail
mkdir: %_DEST%\inc%_EXT%\offuh\com\sun\star\media
mkdir: %_DEST%\inc%_EXT%\offuh\com\sun\star\packages
mkdir: %_DEST%\inc%_EXT%\offuh\com\sun\star\packages\manifest
mkdir: %_DEST%\inc%_EXT%\offuh\com\sun\star\packages\zip
mkdir: %_DEST%\inc%_EXT%\offuh\com\sun\star\presentation
mkdir: %_DEST%\inc%_EXT%\offuh\com\sun\star\animations
mkdir: %_DEST%\inc%_EXT%\offuh\com\sun\star\reflection
mkdir: %_DEST%\inc%_EXT%\offuh\com\sun\star\registry
mkdir: %_DEST%\inc%_EXT%\offuh\com\sun\star\report
mkdir: %_DEST%\inc%_EXT%\offuh\com\sun\star\report\inspection
mkdir: %_DEST%\inc%_EXT%\offuh\com\sun\star\report\meta
mkdir: %_DEST%\inc%_EXT%\offuh\com\sun\star\resource
mkdir: %_DEST%\inc%_EXT%\offuh\com\sun\star\sdb
mkdir: %_DEST%\inc%_EXT%\offuh\com\sun\star\sdb\tools
mkdir: %_DEST%\inc%_EXT%\offuh\com\sun\star\sdb\application
mkdir: %_DEST%\inc%_EXT%\offuh\com\sun\star\sdbc
mkdir: %_DEST%\inc%_EXT%\offuh\com\sun\star\sdbcx
mkdir: %_DEST%\inc%_EXT%\offuh\com\sun\star\scanner
mkdir: %_DEST%\inc%_EXT%\offuh\com\sun\star\script
mkdir: %_DEST%\inc%_EXT%\offuh\com\sun\star\script\vba
mkdir: %_DEST%\inc%_EXT%\offuh\com\sun\star\sheet
mkdir: %_DEST%\inc%_EXT%\offuh\com\sun\star\smarttags
mkdir: %_DEST%\inc%_EXT%\offuh\com\sun\star\style
mkdir: %_DEST%\inc%_EXT%\offuh\com\sun\star\svg
mkdir: %_DEST%\inc%_EXT%\offuh\com\sun\star\sync2
mkdir: %_DEST%\inc%_EXT%\offuh\com\sun\star\system
mkdir: %_DEST%\inc%_EXT%\offuh\com\sun\star\table
mkdir: %_DEST%\inc%_EXT%\offuh\com\sun\star\telephony
mkdir: %_DEST%\inc%_EXT%\offuh\com\sun\star\telephony\DIALER
mkdir: %_DEST%\inc%_EXT%\offuh\com\sun\star\text
mkdir: %_DEST%\inc%_EXT%\offuh\com\sun\star\xsd
mkdir: %_DEST%\inc%_EXT%\offuh\com\sun\star\inspection
mkdir: %_DEST%\inc%_EXT%\offuh\com\sun\star\ui
mkdir: %_DEST%\inc%_EXT%\offuh\com\sun\star\ui\dialogs
mkdir: %_DEST%\inc%_EXT%\offuh\com\sun\star\uno
mkdir: %_DEST%\inc%_EXT%\offuh\com\sun\star\uri
mkdir: %_DEST%\inc%_EXT%\offuh\com\sun\star\util
mkdir: %_DEST%\inc%_EXT%\offuh\com\sun\star\util\logging
mkdir: %_DEST%\inc%_EXT%\offuh\com\sun\star\view
mkdir: %_DEST%\inc%_EXT%\offuh\com\sun\star\linguistic2
mkdir: %_DEST%\inc%_EXT%\offuh\com\sun\star\xml
mkdir: %_DEST%\inc%_EXT%\offuh\com\sun\star\xml\input
mkdir: %_DEST%\inc%_EXT%\offuh\com\sun\star\xml\sax
mkdir: %_DEST%\inc%_EXT%\offuh\com\sun\star\xml\dom
mkdir: %_DEST%\inc%_EXT%\offuh\com\sun\star\xml\xpath
mkdir: %_DEST%\inc%_EXT%\offuh\com\sun\star\xml\dom\events
mkdir: %_DEST%\inc%_EXT%\offuh\com\sun\star\xml\dom\views
mkdir: %_DEST%\inc%_EXT%\offuh\com\sun\star\loader
mkdir: %_DEST%\inc%_EXT%\offuh\com\sun\star\task
mkdir: %_DEST%\inc%_EXT%\offuh\com\sun\star\ucb
mkdir: %_DEST%\inc%_EXT%\offuh\com\sun\star\plugin
mkdir: %_DEST%\inc%_EXT%\offuh\com\sun\star\setup
mkdir: %_DEST%\inc%_EXT%\offuh\com\sun\star\portal
mkdir: %_DEST%\inc%_EXT%\offuh\com\sun\star\portal\client
mkdir: %_DEST%\inc%_EXT%\offuh\com\sun\star\portal\daemons
mkdir: %_DEST%\inc%_EXT%\offuh\com\sun\star\portal\daemons\sadmind
mkdir: %_DEST%\inc%_EXT%\offuh\com\sun\star\portal\daemons\sofficed
mkdir: %_DEST%\inc%_EXT%\offuh\com\sun\star\portal\system
mkdir: %_DEST%\inc%_EXT%\offuh\com\sun\star\mozilla
mkdir: %_DEST%\inc%_EXT%\offuh\com\sun\star\ldap

mkdir: %_DEST%\inc%_EXT%\offuh\drafts\com
mkdir: %_DEST%\inc%_EXT%\offuh\drafts\com\sun
mkdir: %_DEST%\inc%_EXT%\offuh\drafts\com\sun\star

mkdir: %_DEST%\inc%_EXT%\offuh\drafts\com\sun\star\i18n
mkdir: %_DEST%\inc%_EXT%\offuh\drafts\com\sun\star\ui
mkdir: %_DEST%\inc%_EXT%\offuh\drafts\com\sun\star\form
mkdir: %_DEST%\inc%_EXT%\offuh\drafts\com\sun\star\script
mkdir: %_DEST%\inc%_EXT%\offuh\com\sun\star\script\browse
mkdir: %_DEST%\inc%_EXT%\offuh\com\sun\star\script\provider
#i20156 - add xmlsecurity module related
mkdir: %_DEST%\inc%_EXT%\offuh\com\sun\star\security
mkdir: %_DEST%\inc%_EXT%\offuh\com\sun\star\xml
mkdir: %_DEST%\inc%_EXT%\offuh\com\sun\star\xml\crypto
mkdir: %_DEST%\inc%_EXT%\offuh\com\sun\star\xml\crypto\sax
mkdir: %_DEST%\inc%_EXT%\offuh\com\sun\star\xml\csax
mkdir: %_DEST%\inc%_EXT%\offuh\com\sun\star\xml\wrapper
#i20156 - end
mkdir: %_DEST%\inc%_EXT%\offuh\com\sun\star\rdf

mkdir: %_DEST%\inc%_EXT%\offuh\ooo
mkdir: %_DEST%\inc%_EXT%\offuh\ooo\vba
mkdir: %_DEST%\inc%_EXT%\offuh\ooo\vba\access
mkdir: %_DEST%\inc%_EXT%\offuh\ooo\vba\adodb
mkdir: %_DEST%\inc%_EXT%\offuh\ooo\vba\dao
mkdir: %_DEST%\inc%_EXT%\offuh\ooo\vba\excel
mkdir: %_DEST%\inc%_EXT%\offuh\ooo\vba\msforms
mkdir: %_DEST%\inc%_EXT%\offuh\ooo\vba\office
mkdir: %_DEST%\inc%_EXT%\offuh\ooo\vba\powerpoint
mkdir: %_DEST%\inc%_EXT%\offuh\ooo\vba\stdole
mkdir: %_DEST%\inc%_EXT%\offuh\ooo\vba\word
mkdir: %_DEST%\inc%_EXT%\offuh\msforms



..\%__SRC%\inc\offuh\com\sun\star\auth\*.hdl %_DEST%\inc%_EXT%\offuh\com\sun\star\auth\*.hdl
..\%__SRC%\inc\offuh\com\sun\star\auth\*.hpp %_DEST%\inc%_EXT%\offuh\com\sun\star\auth\*.hpp
..\%__SRC%\inc\offuh\com\sun\star\accessibility\*.hpp %_DEST%\inc%_EXT%\offuh\com\sun\star\accessibility\*.hpp
..\%__SRC%\inc\offuh\com\sun\star\accessibility\*.hdl %_DEST%\inc%_EXT%\offuh\com\sun\star\accessibility\*.hdl
..\%__SRC%\inc\offuh\com\sun\star\awt\*.hdl %_DEST%\inc%_EXT%\offuh\com\sun\star\awt\*.hdl
..\%__SRC%\inc\offuh\com\sun\star\awt\*.hpp %_DEST%\inc%_EXT%\offuh\com\sun\star\awt\*.hpp
..\%__SRC%\inc\offuh\com\sun\star\awt\tree\*.hdl %_DEST%\inc%_EXT%\offuh\com\sun\star\awt\tree\*.hdl
..\%__SRC%\inc\offuh\com\sun\star\awt\tree\*.hpp %_DEST%\inc%_EXT%\offuh\com\sun\star\awt\tree\*.hpp
..\%__SRC%\inc\offuh\com\sun\star\awt\grid\*.hdl %_DEST%\inc%_EXT%\offuh\com\sun\star\awt\grid\*.hdl
..\%__SRC%\inc\offuh\com\sun\star\awt\grid\*.hpp %_DEST%\inc%_EXT%\offuh\com\sun\star\awt\grid\*.hpp
..\%__SRC%\inc\offuh\com\sun\star\awt\tab\*.hdl %_DEST%\inc%_EXT%\offuh\com\sun\star\awt\tab\*.hdl
..\%__SRC%\inc\offuh\com\sun\star\awt\tab\*.hpp %_DEST%\inc%_EXT%\offuh\com\sun\star\awt\tab\*.hpp
..\%__SRC%\inc\offuh\com\sun\star\beans\*.hdl %_DEST%\inc%_EXT%\offuh\com\sun\star\beans\*.hdl
..\%__SRC%\inc\offuh\com\sun\star\beans\*.hpp %_DEST%\inc%_EXT%\offuh\com\sun\star\beans\*.hpp
..\%__SRC%\inc\offuh\com\sun\star\bridge\*.hdl %_DEST%\inc%_EXT%\offuh\com\sun\star\bridge\*.hdl
..\%__SRC%\inc\offuh\com\sun\star\bridge\*.hpp %_DEST%\inc%_EXT%\offuh\com\sun\star\bridge\*.hpp
..\%__SRC%\inc\offuh\com\sun\star\bridge\oleautomation\*.hdl %_DEST%\inc%_EXT%\offuh\com\sun\star\bridge\oleautomation\*.hdl
..\%__SRC%\inc\offuh\com\sun\star\bridge\oleautomation\*.hpp %_DEST%\inc%_EXT%\offuh\com\sun\star\bridge\oleautomation\*.hpp
..\%__SRC%\inc\offuh\com\sun\star\chart\*.hdl %_DEST%\inc%_EXT%\offuh\com\sun\star\chart\*.hdl
..\%__SRC%\inc\offuh\com\sun\star\chart\*.hpp %_DEST%\inc%_EXT%\offuh\com\sun\star\chart\*.hpp
..\%__SRC%\inc\offuh\com\sun\star\chart2\*.hpp %_DEST%\inc%_EXT%\offuh\com\sun\star\chart2\*.hpp
..\%__SRC%\inc\offuh\com\sun\star\chart2\*.hdl %_DEST%\inc%_EXT%\offuh\com\sun\star\chart2\*.hdl
..\%__SRC%\inc\offuh\com\sun\star\chart2\data\*.hpp %_DEST%\inc%_EXT%\offuh\com\sun\star\chart2\data\*.hpp
..\%__SRC%\inc\offuh\com\sun\star\chart2\data\*.hdl %_DEST%\inc%_EXT%\offuh\com\sun\star\chart2\data\*.hdl
..\%__SRC%\inc\offuh\com\sun\star\configuration\*.hdl %_DEST%\inc%_EXT%\offuh\com\sun\star\configuration\*.hdl
..\%__SRC%\inc\offuh\com\sun\star\configuration\*.hpp %_DEST%\inc%_EXT%\offuh\com\sun\star\configuration\*.hpp
..\%__SRC%\inc\offuh\com\sun\star\configuration\backend\*.hdl %_DEST%\inc%_EXT%\offuh\com\sun\star\configuration\backend\*.hdl
..\%__SRC%\inc\offuh\com\sun\star\configuration\backend\*.hpp %_DEST%\inc%_EXT%\offuh\com\sun\star\configuration\backend\*.hpp
..\%__SRC%\inc\offuh\com\sun\star\container\*.hdl %_DEST%\inc%_EXT%\offuh\com\sun\star\container\*.hdl
..\%__SRC%\inc\offuh\com\sun\star\container\*.hpp %_DEST%\inc%_EXT%\offuh\com\sun\star\container\*.hpp
..\%__SRC%\inc\offuh\com\sun\star\connection\*.hdl %_DEST%\inc%_EXT%\offuh\com\sun\star\connection\*.hdl
..\%__SRC%\inc\offuh\com\sun\star\connection\*.hpp %_DEST%\inc%_EXT%\offuh\com\sun\star\connection\*.hpp
..\%__SRC%\inc\offuh\com\sun\star\data\*.hdl %_DEST%\inc%_EXT%\offuh\com\sun\star\data\*.hdl
..\%__SRC%\inc\offuh\com\sun\star\data\*.hpp %_DEST%\inc%_EXT%\offuh\com\sun\star\data\*.hpp
..\%__SRC%\inc\offuh\com\sun\star\deployment\*.hpp %_DEST%\inc%_EXT%\offuh\com\sun\star\deployment\*.hpp
..\%__SRC%\inc\offuh\com\sun\star\deployment\*.hdl %_DEST%\inc%_EXT%\offuh\com\sun\star\deployment\*.hdl
..\%__SRC%\inc\offuh\com\sun\star\deployment\ui\*.hpp %_DEST%\inc%_EXT%\offuh\com\sun\star\deployment\ui\*.hpp
..\%__SRC%\inc\offuh\com\sun\star\deployment\ui\*.hdl %_DEST%\inc%_EXT%\offuh\com\sun\star\deployment\ui\*.hdl
..\%__SRC%\inc\offuh\com\sun\star\datatransfer\*.hpp %_DEST%\inc%_EXT%\offuh\com\sun\star\datatransfer\*.hpp
..\%__SRC%\inc\offuh\com\sun\star\datatransfer\*.hdl %_DEST%\inc%_EXT%\offuh\com\sun\star\datatransfer\*.hdl
..\%__SRC%\inc\offuh\com\sun\star\datatransfer\clipboard\*.hpp %_DEST%\inc%_EXT%\offuh\com\sun\star\datatransfer\clipboard\*.hpp
..\%__SRC%\inc\offuh\com\sun\star\datatransfer\clipboard\*.hdl %_DEST%\inc%_EXT%\offuh\com\sun\star\datatransfer\clipboard\*.hdl
..\%__SRC%\inc\offuh\com\sun\star\datatransfer\dnd\*.hpp %_DEST%\inc%_EXT%\offuh\com\sun\star\datatransfer\dnd\*.hpp
..\%__SRC%\inc\offuh\com\sun\star\datatransfer\dnd\*.hdl %_DEST%\inc%_EXT%\offuh\com\sun\star\datatransfer\dnd\*.hdl
..\%__SRC%\inc\offuh\com\sun\star\daemons\*.hdl %_DEST%\inc%_EXT%\offuh\com\sun\star\daemons\*.hdl
..\%__SRC%\inc\offuh\com\sun\star\daemons\*.hpp %_DEST%\inc%_EXT%\offuh\com\sun\star\daemons\*.hpp
..\%__SRC%\inc\offuh\com\sun\star\document\*.hdl %_DEST%\inc%_EXT%\offuh\com\sun\star\document\*.hdl
..\%__SRC%\inc\offuh\com\sun\star\document\*.hpp %_DEST%\inc%_EXT%\offuh\com\sun\star\document\*.hpp
..\%__SRC%\inc\offuh\com\sun\star\drawing\*.hdl %_DEST%\inc%_EXT%\offuh\com\sun\star\drawing\*.hdl
..\%__SRC%\inc\offuh\com\sun\star\drawing\*.hpp %_DEST%\inc%_EXT%\offuh\com\sun\star\drawing\*.hpp
..\%__SRC%\inc\offuh\com\sun\star\drawing\framework\*.hdl %_DEST%\inc%_EXT%\offuh\com\sun\star\drawing\framework\*.hdl
..\%__SRC%\inc\offuh\com\sun\star\drawing\framework\*.hpp %_DEST%\inc%_EXT%\offuh\com\sun\star\drawing\framework\*.hpp
..\%__SRC%\inc\offuh\com\sun\star\geometry\*.hdl %_DEST%\inc%_EXT%\offuh\com\sun\star\geometry\*.hdl
..\%__SRC%\inc\offuh\com\sun\star\geometry\*.hpp %_DEST%\inc%_EXT%\offuh\com\sun\star\geometry\*.hpp
..\%__SRC%\inc\offuh\com\sun\star\rendering\*.hdl %_DEST%\inc%_EXT%\offuh\com\sun\star\rendering\*.hdl
..\%__SRC%\inc\offuh\com\sun\star\rendering\*.hpp %_DEST%\inc%_EXT%\offuh\com\sun\star\rendering\*.hpp
..\%__SRC%\inc\offuh\com\sun\star\embed\*.hdl %_DEST%\inc%_EXT%\offuh\com\sun\star\embed\*.hdl
..\%__SRC%\inc\offuh\com\sun\star\embed\*.hpp %_DEST%\inc%_EXT%\offuh\com\sun\star\embed\*.hpp
..\%__SRC%\inc\offuh\com\sun\star\form\*.hdl %_DEST%\inc%_EXT%\offuh\com\sun\star\form\*.hdl
..\%__SRC%\inc\offuh\com\sun\star\form\*.hpp %_DEST%\inc%_EXT%\offuh\com\sun\star\form\*.hpp
..\%__SRC%\inc\offuh\com\sun\star\xforms\*.hdl %_DEST%\inc%_EXT%\offuh\com\sun\star\xforms\*.hdl
..\%__SRC%\inc\offuh\com\sun\star\xforms\*.hpp %_DEST%\inc%_EXT%\offuh\com\sun\star\xforms\*.hpp
..\%__SRC%\inc\offuh\com\sun\star\form\binding\*.hdl %_DEST%\inc%_EXT%\offuh\com\sun\star\form\binding\*.hdl
..\%__SRC%\inc\offuh\com\sun\star\form\binding\*.hpp %_DEST%\inc%_EXT%\offuh\com\sun\star\form\binding\*.hpp
..\%__SRC%\inc\offuh\com\sun\star\form\validation\*.hdl %_DEST%\inc%_EXT%\offuh\com\sun\star\form\validation\*.hdl
..\%__SRC%\inc\offuh\com\sun\star\form\validation\*.hpp %_DEST%\inc%_EXT%\offuh\com\sun\star\form\validation\*.hpp
..\%__SRC%\inc\offuh\com\sun\star\form\submission\*.hdl %_DEST%\inc%_EXT%\offuh\com\sun\star\form\submission\*.hdl
..\%__SRC%\inc\offuh\com\sun\star\form\submission\*.hpp %_DEST%\inc%_EXT%\offuh\com\sun\star\form\submission\*.hpp
..\%__SRC%\inc\offuh\com\sun\star\form\runtime\*.hdl %_DEST%\inc%_EXT%\offuh\com\sun\star\form\runtime\*.hdl
..\%__SRC%\inc\offuh\com\sun\star\form\runtime\*.hpp %_DEST%\inc%_EXT%\offuh\com\sun\star\form\runtime\*.hpp
..\%__SRC%\inc\offuh\com\sun\star\form\inspection\*.hdl %_DEST%\inc%_EXT%\offuh\com\sun\star\form\inspection\*.hdl
..\%__SRC%\inc\offuh\com\sun\star\form\inspection\*.hpp %_DEST%\inc%_EXT%\offuh\com\sun\star\form\inspection\*.hpp
..\%__SRC%\inc\offuh\com\sun\star\formula\*.hdl %_DEST%\inc%_EXT%\offuh\com\sun\star\formula\*.hdl
..\%__SRC%\inc\offuh\com\sun\star\formula\*.hpp %_DEST%\inc%_EXT%\offuh\com\sun\star\formula\*.hpp
..\%__SRC%\inc\offuh\com\sun\star\frame\*.hdl %_DEST%\inc%_EXT%\offuh\com\sun\star\frame\*.hdl
..\%__SRC%\inc\offuh\com\sun\star\frame\*.hpp %_DEST%\inc%_EXT%\offuh\com\sun\star\frame\*.hpp
..\%__SRC%\inc\offuh\com\sun\star\frame\status\*.hdl %_DEST%\inc%_EXT%\offuh\com\sun\star\frame\status\*.hdl
..\%__SRC%\inc\offuh\com\sun\star\frame\status\*.hpp %_DEST%\inc%_EXT%\offuh\com\sun\star\frame\status\*.hpp
..\%__SRC%\inc\offuh\com\sun\star\gallery\*.hdl %_DEST%\inc%_EXT%\offuh\com\sun\star\gallery\*.hdl
..\%__SRC%\inc\offuh\com\sun\star\gallery\*.hpp %_DEST%\inc%_EXT%\offuh\com\sun\star\gallery\*.hpp
..\%__SRC%\inc\offuh\com\sun\star\graphic\*.hdl %_DEST%\inc%_EXT%\offuh\com\sun\star\graphic\*.hdl
..\%__SRC%\inc\offuh\com\sun\star\graphic\*.hpp %_DEST%\inc%_EXT%\offuh\com\sun\star\graphic\*.hpp
..\%__SRC%\inc\offuh\com\sun\star\i18n\*.hdl %_DEST%\inc%_EXT%\offuh\com\sun\star\i18n\*.hdl
..\%__SRC%\inc\offuh\com\sun\star\i18n\*.hpp %_DEST%\inc%_EXT%\offuh\com\sun\star\i18n\*.hpp
..\%__SRC%\inc\offuh\com\sun\star\installation\*.hdl %_DEST%\inc%_EXT%\offuh\com\sun\star\installation\*.hdl
..\%__SRC%\inc\offuh\com\sun\star\installation\*.hpp %_DEST%\inc%_EXT%\offuh\com\sun\star\installation\*.hpp
..\%__SRC%\inc\offuh\com\sun\star\io\*.hdl %_DEST%\inc%_EXT%\offuh\com\sun\star\io\*.hdl
..\%__SRC%\inc\offuh\com\sun\star\io\*.hpp %_DEST%\inc%_EXT%\offuh\com\sun\star\io\*.hpp
..\%__SRC%\inc\offuh\com\sun\star\java\*.hdl %_DEST%\inc%_EXT%\offuh\com\sun\star\java\*.hdl
..\%__SRC%\inc\offuh\com\sun\star\java\*.hpp %_DEST%\inc%_EXT%\offuh\com\sun\star\java\*.hpp
..\%__SRC%\inc\offuh\com\sun\star\lang\*.hdl %_DEST%\inc%_EXT%\offuh\com\sun\star\lang\*.hdl
..\%__SRC%\inc\offuh\com\sun\star\lang\*.hpp %_DEST%\inc%_EXT%\offuh\com\sun\star\lang\*.hpp
..\%__SRC%\inc\offuh\com\sun\star\linguistic2\*.hdl %_DEST%\inc%_EXT%\offuh\com\sun\star\linguistic2\*.hdl
..\%__SRC%\inc\offuh\com\sun\star\linguistic2\*.hpp %_DEST%\inc%_EXT%\offuh\com\sun\star\linguistic2\*.hpp
..\%__SRC%\inc\offuh\com\sun\star\logging\*.hdl %_DEST%\inc%_EXT%\offuh\com\sun\star\logging\*.hdl
..\%__SRC%\inc\offuh\com\sun\star\logging\*.hpp %_DEST%\inc%_EXT%\offuh\com\sun\star\logging\*.hpp
..\%__SRC%\inc\offuh\com\sun\star\office\*.hpp %_DEST%\inc%_EXT%\offuh\com\sun\star\office\*.hpp
..\%__SRC%\inc\offuh\com\sun\star\office\*.hdl %_DEST%\inc%_EXT%\offuh\com\sun\star\office\*.hdl
..\%__SRC%\inc\offuh\com\sun\star\oooimprovement\*.hdl %_DEST%\inc%_EXT%\offuh\com\sun\star\oooimprovement\*.hdl
..\%__SRC%\inc\offuh\com\sun\star\oooimprovement\*.hpp %_DEST%\inc%_EXT%\offuh\com\sun\star\oooimprovement\*.hpp
..\%__SRC%\inc\offuh\com\sun\star\mail\*.hpp %_DEST%\inc%_EXT%\offuh\com\sun\star\mail\*.hpp
..\%__SRC%\inc\offuh\com\sun\star\mail\*.hdl %_DEST%\inc%_EXT%\offuh\com\sun\star\mail\*.hdl
..\%__SRC%\inc\offuh\com\sun\star\media\*.hdl %_DEST%\inc%_EXT%\offuh\com\sun\star\media\*.hdl
..\%__SRC%\inc\offuh\com\sun\star\media\*.hpp %_DEST%\inc%_EXT%\offuh\com\sun\star\media\*.hpp
..\%__SRC%\inc\offuh\com\sun\star\packages\*.hdl %_DEST%\inc%_EXT%\offuh\com\sun\star\packages\*.hdl
..\%__SRC%\inc\offuh\com\sun\star\packages\*.hpp %_DEST%\inc%_EXT%\offuh\com\sun\star\packages\*.hpp
..\%__SRC%\inc\offuh\com\sun\star\packages\manifest\*.hdl %_DEST%\inc%_EXT%\offuh\com\sun\star\packages\manifest\*.hdl
..\%__SRC%\inc\offuh\com\sun\star\packages\manifest\*.hpp %_DEST%\inc%_EXT%\offuh\com\sun\star\packages\manifest\*.hpp
..\%__SRC%\inc\offuh\com\sun\star\packages\zip\*.hdl %_DEST%\inc%_EXT%\offuh\com\sun\star\packages\zip\*.hdl
..\%__SRC%\inc\offuh\com\sun\star\packages\zip\*.hpp %_DEST%\inc%_EXT%\offuh\com\sun\star\packages\zip\*.hpp
..\%__SRC%\inc\offuh\com\sun\star\presentation\*.hdl %_DEST%\inc%_EXT%\offuh\com\sun\star\presentation\*.hdl
..\%__SRC%\inc\offuh\com\sun\star\presentation\*.hpp %_DEST%\inc%_EXT%\offuh\com\sun\star\presentation\*.hpp
..\%__SRC%\inc\offuh\com\sun\star\animations\*.hdl %_DEST%\inc%_EXT%\offuh\com\sun\star\animations\*.hdl
..\%__SRC%\inc\offuh\com\sun\star\animations\*.hpp %_DEST%\inc%_EXT%\offuh\com\sun\star\animations\*.hpp
..\%__SRC%\inc\offuh\com\sun\star\reflection\*.hdl %_DEST%\inc%_EXT%\offuh\com\sun\star\reflection\*.hdl
..\%__SRC%\inc\offuh\com\sun\star\reflection\*.hpp %_DEST%\inc%_EXT%\offuh\com\sun\star\reflection\*.hpp
..\%__SRC%\inc\offuh\com\sun\star\registry\*.hpp %_DEST%\inc%_EXT%\offuh\com\sun\star\registry\*.hpp
..\%__SRC%\inc\offuh\com\sun\star\registry\*.hdl %_DEST%\inc%_EXT%\offuh\com\sun\star\registry\*.hdl
..\%__SRC%\inc\offuh\com\sun\star\report\*.hpp %_DEST%\inc%_EXT%\offuh\com\sun\star\report\*.hpp
..\%__SRC%\inc\offuh\com\sun\star\report\*.hdl %_DEST%\inc%_EXT%\offuh\com\sun\star\report\*.hdl
..\%__SRC%\inc\offuh\com\sun\star\report\inspection\*.hpp %_DEST%\inc%_EXT%\offuh\com\sun\star\report\inspection\*.hpp
..\%__SRC%\inc\offuh\com\sun\star\report\inspection\*.hdl %_DEST%\inc%_EXT%\offuh\com\sun\star\report\inspection\*.hdl
..\%__SRC%\inc\offuh\com\sun\star\report\meta\*.hpp %_DEST%\inc%_EXT%\offuh\com\sun\star\report\meta\*.hpp
..\%__SRC%\inc\offuh\com\sun\star\report\meta\*.hdl %_DEST%\inc%_EXT%\offuh\com\sun\star\report\meta\*.hdl
..\%__SRC%\inc\offuh\com\sun\star\resource\*.hpp %_DEST%\inc%_EXT%\offuh\com\sun\star\resource\*.hpp
..\%__SRC%\inc\offuh\com\sun\star\resource\*.hdl %_DEST%\inc%_EXT%\offuh\com\sun\star\resource\*.hdl
..\%__SRC%\inc\offuh\com\sun\star\sdb\*.hdl %_DEST%\inc%_EXT%\offuh\com\sun\star\sdb\*.hdl
..\%__SRC%\inc\offuh\com\sun\star\sdb\*.hpp %_DEST%\inc%_EXT%\offuh\com\sun\star\sdb\*.hpp
..\%__SRC%\inc\offuh\com\sun\star\sdb\tools\*.hdl %_DEST%\inc%_EXT%\offuh\com\sun\star\sdb\tools\*.hdl
..\%__SRC%\inc\offuh\com\sun\star\sdb\tools\*.hpp %_DEST%\inc%_EXT%\offuh\com\sun\star\sdb\tools\*.hpp
..\%__SRC%\inc\offuh\com\sun\star\sdb\application\*.hdl %_DEST%\inc%_EXT%\offuh\com\sun\star\sdb\application\*.hdl
..\%__SRC%\inc\offuh\com\sun\star\sdb\application\*.hpp %_DEST%\inc%_EXT%\offuh\com\sun\star\sdb\application\*.hpp
..\%__SRC%\inc\offuh\com\sun\star\sdbc\*.hdl %_DEST%\inc%_EXT%\offuh\com\sun\star\sdbc\*.hdl
..\%__SRC%\inc\offuh\com\sun\star\sdbc\*.hpp %_DEST%\inc%_EXT%\offuh\com\sun\star\sdbc\*.hpp
..\%__SRC%\inc\offuh\com\sun\star\sdbcx\*.hdl %_DEST%\inc%_EXT%\offuh\com\sun\star\sdbcx\*.hdl
..\%__SRC%\inc\offuh\com\sun\star\sdbcx\*.hpp %_DEST%\inc%_EXT%\offuh\com\sun\star\sdbcx\*.hpp
..\%__SRC%\inc\offuh\com\sun\star\scanner\*.hdl %_DEST%\inc%_EXT%\offuh\com\sun\star\scanner\*.hdl
..\%__SRC%\inc\offuh\com\sun\star\scanner\*.hpp %_DEST%\inc%_EXT%\offuh\com\sun\star\scanner\*.hpp
..\%__SRC%\inc\offuh\com\sun\star\script\*.hdl %_DEST%\inc%_EXT%\offuh\com\sun\star\script\*.hdl
..\%__SRC%\inc\offuh\com\sun\star\script\*.hpp %_DEST%\inc%_EXT%\offuh\com\sun\star\script\*.hpp
..\%__SRC%\inc\offuh\com\sun\star\script\vba\*.hdl %_DEST%\inc%_EXT%\offuh\com\sun\star\script\vba\*.hdl
..\%__SRC%\inc\offuh\com\sun\star\script\vba\*.hpp %_DEST%\inc%_EXT%\offuh\com\sun\star\script\vba\*.hpp
..\%__SRC%\inc\offuh\com\sun\star\sheet\*.hdl %_DEST%\inc%_EXT%\offuh\com\sun\star\sheet\*.hdl
..\%__SRC%\inc\offuh\com\sun\star\sheet\*.hpp %_DEST%\inc%_EXT%\offuh\com\sun\star\sheet\*.hpp
..\%__SRC%\inc\offuh\com\sun\star\smarttags\*.hdl %_DEST%\inc%_EXT%\offuh\com\sun\star\smarttags\*.hdl
..\%__SRC%\inc\offuh\com\sun\star\smarttags\*.hpp %_DEST%\inc%_EXT%\offuh\com\sun\star\smarttags\*.hpp
..\%__SRC%\inc\offuh\com\sun\star\svg\*.hdl %_DEST%\inc%_EXT%\offuh\com\sun\star\svg\*.hdl
..\%__SRC%\inc\offuh\com\sun\star\svg\*.hpp %_DEST%\inc%_EXT%\offuh\com\sun\star\svg\*.hpp
..\%__SRC%\inc\offuh\com\sun\star\style\*.hdl %_DEST%\inc%_EXT%\offuh\com\sun\star\style\*.hdl
..\%__SRC%\inc\offuh\com\sun\star\style\*.hpp %_DEST%\inc%_EXT%\offuh\com\sun\star\style\*.hpp
..\%__SRC%\inc\offuh\com\sun\star\sync2\*.hdl %_DEST%\inc%_EXT%\offuh\com\sun\star\sync2\*.hdl
..\%__SRC%\inc\offuh\com\sun\star\sync2\*.hpp %_DEST%\inc%_EXT%\offuh\com\sun\star\sync2\*.hpp
..\%__SRC%\inc\offuh\com\sun\star\system\*.hdl %_DEST%\inc%_EXT%\offuh\com\sun\star\system\*.hdl
..\%__SRC%\inc\offuh\com\sun\star\system\*.hpp %_DEST%\inc%_EXT%\offuh\com\sun\star\system\*.hpp
..\%__SRC%\inc\offuh\com\sun\star\table\*.hdl %_DEST%\inc%_EXT%\offuh\com\sun\star\table\*.hdl
..\%__SRC%\inc\offuh\com\sun\star\table\*.hpp %_DEST%\inc%_EXT%\offuh\com\sun\star\table\*.hpp
..\%__SRC%\inc\offuh\com\sun\star\telephony\*.hdl %_DEST%\inc%_EXT%\offuh\com\sun\star\telephony\*.hdl
..\%__SRC%\inc\offuh\com\sun\star\telephony\*.hpp %_DEST%\inc%_EXT%\offuh\com\sun\star\telephony\*.hpp
..\%__SRC%\inc\offuh\com\sun\star\telephony\DIALER\*.hdl %_DEST%\inc%_EXT%\offuh\com\sun\star\telephony\DIALER\*.hdl
..\%__SRC%\inc\offuh\com\sun\star\telephony\DIALER\*.hpp %_DEST%\inc%_EXT%\offuh\com\sun\star\telephony\DIALER\*.hpp
..\%__SRC%\inc\offuh\com\sun\star\text\*.hdl %_DEST%\inc%_EXT%\offuh\com\sun\star\text\*.hdl
..\%__SRC%\inc\offuh\com\sun\star\text\*.hpp %_DEST%\inc%_EXT%\offuh\com\sun\star\text\*.hpp
..\%__SRC%\inc\offuh\com\sun\star\xsd\*.hdl %_DEST%\inc%_EXT%\offuh\com\sun\star\xsd\*.hdl
..\%__SRC%\inc\offuh\com\sun\star\xsd\*.hpp %_DEST%\inc%_EXT%\offuh\com\sun\star\xsd\*.hpp
..\%__SRC%\inc\offuh\com\sun\star\inspection\*.hdl %_DEST%\inc%_EXT%\offuh\com\sun\star\inspection\*.hdl
..\%__SRC%\inc\offuh\com\sun\star\inspection\*.hpp %_DEST%\inc%_EXT%\offuh\com\sun\star\inspection\*.hpp
..\%__SRC%\inc\offuh\com\sun\star\ui\*.hdl %_DEST%\inc%_EXT%\offuh\com\sun\star\ui\*.hdl
..\%__SRC%\inc\offuh\com\sun\star\ui\*.hpp %_DEST%\inc%_EXT%\offuh\com\sun\star\ui\*.hpp
..\%__SRC%\inc\offuh\com\sun\star\ui\dialogs\*.hdl %_DEST%\inc%_EXT%\offuh\com\sun\star\ui\dialogs\*.hdl
..\%__SRC%\inc\offuh\com\sun\star\ui\dialogs\*.hpp %_DEST%\inc%_EXT%\offuh\com\sun\star\ui\dialogs\*.hpp
..\%__SRC%\inc\offuh\com\sun\star\uno\*.hdl %_DEST%\inc%_EXT%\offuh\com\sun\star\uno\*.hdl
..\%__SRC%\inc\offuh\com\sun\star\uno\*.hpp %_DEST%\inc%_EXT%\offuh\com\sun\star\uno\*.hpp
..\%__SRC%\inc\offuh\com\sun\star\uri\*.hdl %_DEST%\inc%_EXT%\offuh\com\sun\star\uri\*.hdl
..\%__SRC%\inc\offuh\com\sun\star\uri\*.hpp %_DEST%\inc%_EXT%\offuh\com\sun\star\uri\*.hpp
..\%__SRC%\inc\offuh\com\sun\star\util\*.hdl %_DEST%\inc%_EXT%\offuh\com\sun\star\util\*.hdl
..\%__SRC%\inc\offuh\com\sun\star\util\*.hpp %_DEST%\inc%_EXT%\offuh\com\sun\star\util\*.hpp
..\%__SRC%\inc\offuh\com\sun\star\util\logging\*.hdl %_DEST%\inc%_EXT%\offuh\com\sun\star\util\logging\*.hdl
..\%__SRC%\inc\offuh\com\sun\star\util\logging\*.hpp %_DEST%\inc%_EXT%\offuh\com\sun\star\util\logging\*.hpp
..\%__SRC%\inc\offuh\com\sun\star\view\*.hdl %_DEST%\inc%_EXT%\offuh\com\sun\star\view\*.hdl
..\%__SRC%\inc\offuh\com\sun\star\view\*.hpp %_DEST%\inc%_EXT%\offuh\com\sun\star\view\*.hpp
..\%__SRC%\inc\offuh\com\sun\star\linguistic2\*.hdl %_DEST%\inc%_EXT%\offuh\com\sun\star\linguistic2\*.hdl
..\%__SRC%\inc\offuh\com\sun\star\linguistic2\*.hpp %_DEST%\inc%_EXT%\offuh\com\sun\star\linguistic2\*.hpp
..\%__SRC%\inc\offuh\com\sun\star\xml\*.hdl %_DEST%\inc%_EXT%\offuh\com\sun\star\xml\*.hdl
..\%__SRC%\inc\offuh\com\sun\star\xml\*.hpp %_DEST%\inc%_EXT%\offuh\com\sun\star\xml\*.hpp
..\%__SRC%\inc\offuh\com\sun\star\xml\input\*.hdl %_DEST%\inc%_EXT%\offuh\com\sun\star\xml\input\*.hdl
..\%__SRC%\inc\offuh\com\sun\star\xml\input\*.hpp %_DEST%\inc%_EXT%\offuh\com\sun\star\xml\input\*.hpp
..\%__SRC%\inc\offuh\com\sun\star\xml\sax\*.hdl %_DEST%\inc%_EXT%\offuh\com\sun\star\xml\sax\*.hdl
..\%__SRC%\inc\offuh\com\sun\star\xml\sax\*.hpp %_DEST%\inc%_EXT%\offuh\com\sun\star\xml\sax\*.hpp
..\%__SRC%\inc\offuh\com\sun\star\xml\dom\*.hdl %_DEST%\inc%_EXT%\offuh\com\sun\star\xml\dom\*.hdl
..\%__SRC%\inc\offuh\com\sun\star\xml\dom\*.hpp %_DEST%\inc%_EXT%\offuh\com\sun\star\xml\dom\*.hpp
..\%__SRC%\inc\offuh\com\sun\star\xml\dom\events\*.hdl %_DEST%\inc%_EXT%\offuh\com\sun\star\xml\dom\events\*.hdl
..\%__SRC%\inc\offuh\com\sun\star\xml\dom\events\*.hpp %_DEST%\inc%_EXT%\offuh\com\sun\star\xml\dom\events\*.hpp
..\%__SRC%\inc\offuh\com\sun\star\xml\dom\views\*.hdl %_DEST%\inc%_EXT%\offuh\com\sun\star\xml\dom\views\*.hdl
..\%__SRC%\inc\offuh\com\sun\star\xml\dom\views\*.hpp %_DEST%\inc%_EXT%\offuh\com\sun\star\xml\dom\views\*.hpp
..\%__SRC%\inc\offuh\com\sun\star\xml\xpath\*.hdl %_DEST%\inc%_EXT%\offuh\com\sun\star\xml\xpath\*.hdl
..\%__SRC%\inc\offuh\com\sun\star\xml\xpath\*.hpp %_DEST%\inc%_EXT%\offuh\com\sun\star\xml\xpath\*.hpp
..\%__SRC%\inc\offuh\com\sun\star\loader\*.hdl %_DEST%\inc%_EXT%\offuh\com\sun\star\loader\*.hdl
..\%__SRC%\inc\offuh\com\sun\star\loader\*.hpp %_DEST%\inc%_EXT%\offuh\com\sun\star\loader\*.hpp
..\%__SRC%\inc\offuh\com\sun\star\task\*.hdl %_DEST%\inc%_EXT%\offuh\com\sun\star\task\*.hdl
..\%__SRC%\inc\offuh\com\sun\star\task\*.hpp %_DEST%\inc%_EXT%\offuh\com\sun\star\task\*.hpp
..\%__SRC%\inc\offuh\com\sun\star\ucb\*.hpp %_DEST%\inc%_EXT%\offuh\com\sun\star\ucb\*.hpp
..\%__SRC%\inc\offuh\com\sun\star\ucb\*.hdl %_DEST%\inc%_EXT%\offuh\com\sun\star\ucb\*.hdl
..\%__SRC%\inc\offuh\com\sun\star\plugin\*.hpp %_DEST%\inc%_EXT%\offuh\com\sun\star\plugin\*.hpp
..\%__SRC%\inc\offuh\com\sun\star\plugin\*.hdl %_DEST%\inc%_EXT%\offuh\com\sun\star\plugin\*.hdl
..\%__SRC%\inc\offuh\com\sun\star\setup\*.hpp %_DEST%\inc%_EXT%\offuh\com\sun\star\setup\*.hpp
..\%__SRC%\inc\offuh\com\sun\star\setup\*.hdl %_DEST%\inc%_EXT%\offuh\com\sun\star\setup\*.hdl
..\%__SRC%\inc\offuh\com\sun\star\portal\client\*.hpp %_DEST%\inc%_EXT%\offuh\com\sun\star\portal\client\*.hpp
..\%__SRC%\inc\offuh\com\sun\star\portal\client\*.hdl %_DEST%\inc%_EXT%\offuh\com\sun\star\portal\client\*.hdl
..\%__SRC%\inc\offuh\com\sun\star\portal\daemons\sadmind\*.hpp %_DEST%\inc%_EXT%\offuh\com\sun\star\portal\daemons\sadmind\*.hpp
..\%__SRC%\inc\offuh\com\sun\star\portal\daemons\sadmind\*.hdl %_DEST%\inc%_EXT%\offuh\com\sun\star\portal\daemons\sadmind\*.hdl
..\%__SRC%\inc\offuh\com\sun\star\portal\daemons\sofficed\*.hpp %_DEST%\inc%_EXT%\offuh\com\sun\star\portal\daemons\sofficed\*.hpp
..\%__SRC%\inc\offuh\com\sun\star\portal\daemons\sofficed\*.hdl %_DEST%\inc%_EXT%\offuh\com\sun\star\portal\daemons\sofficed\*.hdl
..\%__SRC%\inc\offuh\com\sun\star\portal\system\*.hpp %_DEST%\inc%_EXT%\offuh\com\sun\star\portal\system\*.hpp
..\%__SRC%\inc\offuh\com\sun\star\portal\system\*.hdl %_DEST%\inc%_EXT%\offuh\com\sun\star\portal\system\*.hdl
..\%__SRC%\inc\offuh\com\sun\star\mozilla\*.hpp %_DEST%\inc%_EXT%\offuh\com\sun\star\mozilla\*.hpp
..\%__SRC%\inc\offuh\com\sun\star\mozilla\*.hdl %_DEST%\inc%_EXT%\offuh\com\sun\star\mozilla\*.hdl
..\%__SRC%\inc\offuh\com\sun\star\ldap\*.hpp %_DEST%\inc%_EXT%\offuh\com\sun\star\ldap\*.hpp
..\%__SRC%\inc\offuh\com\sun\star\ldap\*.hdl %_DEST%\inc%_EXT%\offuh\com\sun\star\ldap\*.hdl

..\%__SRC%\inc\offuh\drafts\com\sun\star\i18n\*.hpp %_DEST%\inc%_EXT%\offuh\drafts\com\sun\star\i18n\*.hpp
..\%__SRC%\inc\offuh\drafts\com\sun\star\i18n\*.hdl %_DEST%\inc%_EXT%\offuh\drafts\com\sun\star\i18n\*.hdl

..\%__SRC%\inc\offuh\com\sun\star\script\browse\*.hpp %_DEST%\inc%_EXT%\offuh\com\sun\star\script\browse\*.hpp
..\%__SRC%\inc\offuh\com\sun\star\script\browse\*.hdl %_DEST%\inc%_EXT%\offuh\com\sun\star\script\browse\*.hdl
..\%__SRC%\inc\offuh\com\sun\star\script\provider\*.hpp %_DEST%\inc%_EXT%\offuh\com\sun\star\script\provider\*.hpp
..\%__SRC%\inc\offuh\com\sun\star\script\provider\*.hdl %_DEST%\inc%_EXT%\offuh\com\sun\star\script\provider\*.hdl

..\%__SRC%\inc\offuh\drafts\com\sun\star\form\*.hpp %_DEST%\inc%_EXT%\offuh\drafts\com\sun\star\form\*.hpp
..\%__SRC%\inc\offuh\drafts\com\sun\star\form\*.hdl %_DEST%\inc%_EXT%\offuh\drafts\com\sun\star\form\*.hdl

#i20156 - add xmlsecurity module related
..\%__SRC%\inc\offuh\com\sun\star\security\*.hpp %_DEST%\inc%_EXT%\offuh\com\sun\star\security\*.hpp
..\%__SRC%\inc\offuh\com\sun\star\security\*.hdl %_DEST%\inc%_EXT%\offuh\com\sun\star\security\*.hdl
..\%__SRC%\inc\offuh\com\sun\star\xml\crypto\*.hpp %_DEST%\inc%_EXT%\offuh\com\sun\star\xml\crypto\*.hpp
..\%__SRC%\inc\offuh\com\sun\star\xml\crypto\*.hdl %_DEST%\inc%_EXT%\offuh\com\sun\star\xml\crypto\*.hdl
..\%__SRC%\inc\offuh\com\sun\star\xml\crypto\sax\*.hpp %_DEST%\inc%_EXT%\offuh\com\sun\star\xml\crypto\sax\*.hpp
..\%__SRC%\inc\offuh\com\sun\star\xml\crypto\sax\*.hdl %_DEST%\inc%_EXT%\offuh\com\sun\star\xml\crypto\sax\*.hdl
..\%__SRC%\inc\offuh\com\sun\star\xml\csax\*.hpp %_DEST%\inc%_EXT%\offuh\com\sun\star\xml\csax\*.hpp
..\%__SRC%\inc\offuh\com\sun\star\xml\csax\*.hdl %_DEST%\inc%_EXT%\offuh\com\sun\star\xml\csax\*.hdl
..\%__SRC%\inc\offuh\com\sun\star\xml\wrapper\*.hpp %_DEST%\inc%_EXT%\offuh\com\sun\star\xml\wrapper\*.hpp
..\%__SRC%\inc\offuh\com\sun\star\xml\wrapper\*.hdl %_DEST%\inc%_EXT%\offuh\com\sun\star\xml\wrapper\*.hdl
#i20156 - end

..\%__SRC%\inc\offuh\com\sun\star\rdf\*.hpp %_DEST%\inc%_EXT%\offuh\com\sun\star\rdf\*.hpp
..\%__SRC%\inc\offuh\com\sun\star\rdf\*.hdl %_DEST%\inc%_EXT%\offuh\com\sun\star\rdf\*.hdl

..\%__SRC%\inc\offuh\ooo\vba\*.hpp %_DEST%\inc%_EXT%\offuh\ooo\vba\*.hpp
..\%__SRC%\inc\offuh\ooo\vba\*.hdl %_DEST%\inc%_EXT%\offuh\ooo\vba\*.hdl
..\%__SRC%\inc\offuh\ooo\vba\*.hpp %_DEST%\inc%_EXT%\offuh\ooo\vba\*.hpp
..\%__SRC%\inc\offuh\ooo\vba\*.hdl %_DEST%\inc%_EXT%\offuh\ooo\vba\*.hdl
..\%__SRC%\inc\offuh\ooo\vba\access\*.hpp %_DEST%\inc%_EXT%\offuh\ooo\vba\access\*.hpp
..\%__SRC%\inc\offuh\ooo\vba\access\*.hdl %_DEST%\inc%_EXT%\offuh\ooo\vba\access\*.hdl
..\%__SRC%\inc\offuh\ooo\vba\adodb\*.hpp %_DEST%\inc%_EXT%\offuh\ooo\vba\adodb\*.hpp
..\%__SRC%\inc\offuh\ooo\vba\adodb\*.hdl %_DEST%\inc%_EXT%\offuh\ooo\vba\adodb\*.hdl
..\%__SRC%\inc\offuh\ooo\vba\dao\*.hpp %_DEST%\inc%_EXT%\offuh\ooo\vba\dao\*.hpp
..\%__SRC%\inc\offuh\ooo\vba\dao\*.hdl %_DEST%\inc%_EXT%\offuh\ooo\vba\dao\*.hdl
..\%__SRC%\inc\offuh\ooo\vba\excel\*.hpp %_DEST%\inc%_EXT%\offuh\ooo\vba\excel\*.hpp
..\%__SRC%\inc\offuh\ooo\vba\excel\*.hdl %_DEST%\inc%_EXT%\offuh\ooo\vba\excel\*.hdl
..\%__SRC%\inc\offuh\ooo\vba\msforms\*.hpp %_DEST%\inc%_EXT%\offuh\ooo\vba\msforms\*.hpp
..\%__SRC%\inc\offuh\ooo\vba\msforms\*.hdl %_DEST%\inc%_EXT%\offuh\ooo\vba\msforms\*.hdl
..\%__SRC%\inc\offuh\ooo\vba\office\*.hpp %_DEST%\inc%_EXT%\offuh\ooo\vba\office\*.hpp
..\%__SRC%\inc\offuh\ooo\vba\office\*.hdl %_DEST%\inc%_EXT%\offuh\ooo\vba\office\*.hdl
..\%__SRC%\inc\offuh\ooo\vba\powerpoint\*.hpp %_DEST%\inc%_EXT%\offuh\ooo\vba\powerpoint\*.hpp
..\%__SRC%\inc\offuh\ooo\vba\powerpoint\*.hdl %_DEST%\inc%_EXT%\offuh\ooo\vba\powerpoint\*.hdl
..\%__SRC%\inc\offuh\ooo\vba\stdole\*.hpp %_DEST%\inc%_EXT%\offuh\ooo\vba\stdole\*.hpp
..\%__SRC%\inc\offuh\ooo\vba\stdole\*.hdl %_DEST%\inc%_EXT%\offuh\ooo\vba\stdole\*.hdl
..\%__SRC%\inc\offuh\ooo\vba\word\*.hpp %_DEST%\inc%_EXT%\offuh\ooo\vba\word\*.hpp
..\%__SRC%\inc\offuh\ooo\vba\word\*.hdl %_DEST%\inc%_EXT%\offuh\ooo\vba\word\*.hdl
..\%__SRC%\inc\offuh\msforms\*.hpp %_DEST%\inc%_EXT%\offuh\msforms\*.hpp
..\%__SRC%\inc\offuh\msforms\*.hdl %_DEST%\inc%_EXT%\offuh\msforms\*.hdl

