pk	setup_native	:	soltools xml2cmp sal unoil NULL
pk  setup_native                                          usr1    - all  sn_mkout NULL
pk  setup_native\scripts\source                           nmake   -  u   sn_source NULL
pk  setup_native\scripts                                  nmake   -  u   sn_scripts sn_source.u NULL
pk  setup_native\source\win32\customactions\tools         nmake   -  w   sn_tools NULL
pk  setup_native\source\win32\customactions\relnotes      nmake   -  w   sn_relnotes NULL
pk  setup_native\source\win32\customactions\regactivex    nmake   -  w   sn_regactivex NULL
pk  setup_native\source\win32\customactions\regpatchactivex nmake -  w   sn_regpatchactivex NULL
pk  setup_native\source\win32\customactions\reg4allmsdoc  nmake   -  w   sn_reg4allmsdoc NULL
pk  setup_native\source\win32\customactions\javafilter    nmake   -  w   sn_javafilter NULL
pk  setup_native\source\win32\customactions\quickstarter  nmake   -  w   sn_quickstarter NULL
pk  setup_native\source\win32\customactions\shellextensions nmake   -  w   sn_shellextensions sn_tools.w NULL
pk  setup_native\source\win32\customactions\indexingfilter nmake   -  w   sn_indexingfilter NULL
pk  setup_native\source\win32\customactions\languagepacks nmake   -  w   sn_languagepacks sn_shellextensions.w sn_tools.w NULL
pk  setup_native\source\win32\customactions\patch         nmake   -  w   sn_patch sn_languagepacks.w sn_shellextensions.w sn_quickstarter.w sn_tools.w NULL
pk  setup_native\source\win32\stwrapper                   nmake   -  w   sn_stwrapper NULL
pk  setup_native\source\ulfconv                           nmake   -  all sn_ulfconv NULL
pk  setup_native\registry\data\org\openoffice\Office                     nmake   -  all sn_regconfig NULL
pk  setup_native\source\registration\com\sun\star\servicetag\resources   get     -  all sn_svctagres NULL
pk  setup_native\source\registration\com\sun\star\servicetag             nmake   -  all sn_svctag NULL
pk  setup_native\source\registration\com\sun\star\registration           nmake   -  all sn_regjob sn_svctag NULL

