MENU_CLIENT 256
IDM_FILE 1
IDM_FILE_OPEN_TEST 2
IDM_FILE_EXIT 3
IDM_FILE_EXIT_HELP 0
IDM_FILE_OPEN_TEST_HELP 1
IDM_FILE_HELP 3
GROSSER_TEST_DLG 256
IDM_TEST 5
IDM_TEST_GROSS 6
IDM_SYS_DLG 7
IDM_TEST_WINTREE 8



UID_GROSSER_TEST_DLG    101
UID_CheckBox                    202
UID_TriStateBox                 303
UID_OKButton                    404
UID_TimeField                   505
UID_MultiLineEdit               606
UID_RadioButton1                707
UID_RadioButton2                708
UID_MultiListBox                809
UID_ComboBox                    910
UID_DateBox                             1011

