mkdir: %COMMON_DEST%\bin%_EXT%\hid
mkdir: %_DEST%\xml%_EXT%\uiconfig
mkdir: %_DEST%\xml%_EXT%\uiconfig\modules
mkdir: %_DEST%\xml%_EXT%\uiconfig\modules\sbibliography
mkdir: %_DEST%\xml%_EXT%\uiconfig\modules\sbibliography\menubar
mkdir: %_DEST%\bin%_EXT%\odf4ms
mkdir: %_DEST%\bin%_EXT%\so

..\%COMMON_OUTDIR%\misc\*.hid %COMMON_DEST%\bin%_EXT%\hid\*.hid
..\%__SRC%\bin\*.dll %_DEST%\bin%_EXT%\*.dll
..\%__SRC%\lib\lib*.so %_DEST%\lib%_EXT%
..\%__SRC%\lib\ldapbe2.uno.so %_DEST%\lib%_EXT%\ldapbe2.uno.so
..\%__SRC%\lib\updchk.uno.so %_DEST%\lib%_EXT%\updchk.uno.so
..\%__SRC%\lib\updatefeed.uno.so %_DEST%\lib%_EXT%\updatefeed.uno.so
..\%__SRC%\bin\oleautobridge2.uno.dll %_DEST%\bin%_EXT%\odf4ms\oleautobridge.uno.dll
..\%__SRC%\lib\*.dylib %_DEST%\lib%_EXT%\*.dylib
..\%__SRC%\bin\pluginapp.bin %_DEST%\bin%_EXT%\pluginapp.bin
..\%__SRC%\bin\*.res %_DEST%\bin%_EXT%\*.res
..\%__SRC%\bin\nsplugin.exe %_DEST%\bin%_EXT%\nsplugin.exe
..\%__SRC%\bin\nsplugin %_DEST%\bin%_EXT%\nsplugin
..\%__SRC%\bin\npsoplugin.dll %_DEST%\bin%_EXT%\npsoplugin.dll
..\%__SRC%\bin\npsoplugin_so.dll %_DEST%\bin%_EXT%\so\npsoplugin.dll
..\%__SRC%\bin\mdibundle.zip %_DEST%\bin%_EXT%\mdibundle.zip

..\source\bibliography\uiconfig\sbibliography\menubar\*.xml %_DEST%\xml%_EXT%\uiconfig\modules\sbibliography\menubar\*.xml

..\source\propctrlr\pcr.xml %_DEST%\xml%_EXT%\pcr.xml

mkdir: %_DEST%\xml%_EXT%\registry\spool
mkdir: %_DEST%\xml%_EXT%\registry\spool\org
mkdir: %_DEST%\xml%_EXT%\registry\spool\org\openoffice
mkdir: %_DEST%\xml%_EXT%\registry\spool\org\openoffice\Office
mkdir: %_DEST%\xml%_EXT%\registry\spool\org\openoffice\Office\Addons
mkdir: %_DEST%\xml%_EXT%\registry\spool\org\openoffice\Office\Jobs

..\%__SRC%\misc\registry\spool\org\openoffice\Office\Addons\*.xcu %_DEST%\xml%_EXT%\registry\spool\org\openoffice\Office\Addons
..\%__SRC%\misc\registry\spool\org\openoffice\Office\Jobs\*.xcu %_DEST%\xml%_EXT%\registry\spool\org\openoffice\Office\Jobs

