mkdir: %COMMON_DEST%\bin%_EXT%\hid
mkdir: %_DEST%\inc%_EXT%\toolkit
mkdir: %_DEST%\inc%_EXT%\toolkit\helper
mkdir: %_DEST%\inc%_EXT%\toolkit\awt
mkdir: %_DEST%\inc%_EXT%\toolkit\controls

..\%COMMON_OUTDIR%\misc\*.hid %COMMON_DEST%\bin%_EXT%\hid\*.hid
..\%__SRC%\lib\itk.lib %_DEST%\lib%_EXT%\itk.lib
..\%__SRC%\lib\lib*.so %_DEST%\lib%_EXT%
..\%__SRC%\lib\*.sl %_DEST%\lib%_EXT%\*.sl
..\%__SRC%\lib\*.a %_DEST%\lib%_EXT%\*.a
..\%__SRC%\lib\*.dylib %_DEST%\lib%_EXT%\*.dylib
..\%__SRC%\bin\tk*.res %_DEST%\bin%_EXT%\tk*res
..\%__SRC%\bin\tk?????.sym %_DEST%\bin%_EXT%\tk?????.sym
..\%__SRC%\bin\tk?????.dll %_DEST%\bin%_EXT%\tk?????.dll
..\%__SRC%\misc\tk?????.map %_DEST%\bin%_EXT%\tk?????.map

..\util\toolkit.xml %_DEST%\xml%_EXT%\toolkit.xml

..\inc\toolkit\awt\vclxaccessiblecomponent.hxx %_DEST%\inc%_EXT%\toolkit\awt\vclxaccessiblecomponent.hxx
..\inc\toolkit\awt\vclxcontainer.hxx %_DEST%\inc%_EXT%\toolkit\awt\vclxcontainer.hxx
..\inc\toolkit\awt\vclxdevice.hxx %_DEST%\inc%_EXT%\toolkit\awt\vclxdevice.hxx
..\inc\toolkit\awt\vclxfont.hxx %_DEST%\inc%_EXT%\toolkit\awt\vclxfont.hxx
..\inc\toolkit\awt\vclxtopwindow.hxx %_DEST%\inc%_EXT%\toolkit\awt\vclxtopwindow.hxx
..\inc\toolkit\awt\vclxwindow.hxx %_DEST%\inc%_EXT%\toolkit\awt\vclxwindow.hxx
..\inc\toolkit\awt\vclxwindows.hxx %_DEST%\inc%_EXT%\toolkit\awt\vclxwindows.hxx
..\inc\toolkit\awt\vclxmenu.hxx %_DEST%\inc%_EXT%\toolkit\awt\vclxmenu.hxx

..\inc\toolkit\controls\unocontrol.hxx %_DEST%\inc%_EXT%\toolkit\controls\unocontrol.hxx
..\inc\toolkit\controls\unocontrols.hxx %_DEST%\inc%_EXT%\toolkit\controls\unocontrols.hxx
..\inc\toolkit\controls\unocontrolmodel.hxx %_DEST%\inc%_EXT%\toolkit\controls\unocontrolmodel.hxx
..\inc\toolkit\controls\unocontrolbase.hxx %_DEST%\inc%_EXT%\toolkit\controls\unocontrolbase.hxx
..\inc\toolkit\helper\servicenames.hxx %_DEST%\inc%_EXT%\toolkit\helper\servicenames.hxx

..\inc\toolkit\helper\emptyfontdescriptor.hxx %_DEST%\inc%_EXT%\toolkit\helper\emptyfontdescriptor.hxx
..\inc\toolkit\helper\vclunohelper.hxx %_DEST%\inc%_EXT%\toolkit\helper\vclunohelper.hxx
..\inc\toolkit\helper\convert.hxx %_DEST%\inc%_EXT%\toolkit\helper\convert.hxx
..\inc\toolkit\helper\property.hxx %_DEST%\inc%_EXT%\toolkit\helper\property.hxx
..\inc\toolkit\helper\macros.hxx %_DEST%\inc%_EXT%\toolkit\helper\macros.hxx
..\inc\toolkit\helper\mutexhelper.hxx %_DEST%\inc%_EXT%\toolkit\helper\mutexhelper.hxx
..\inc\toolkit\helper\mutexandbroadcasthelper.hxx %_DEST%\inc%_EXT%\toolkit\helper\mutexandbroadcasthelper.hxx
..\inc\toolkit\helper\listenermultiplexer.hxx %_DEST%\inc%_EXT%\toolkit\helper\listenermultiplexer.hxx
..\inc\toolkit\helper\unowrapper.hxx %_DEST%\inc%_EXT%\toolkit\helper\unowrapper.hxx
..\inc\toolkit\helper\externallock.hxx %_DEST%\inc%_EXT%\toolkit\helper\externallock.hxx
..\inc\toolkit\helper\accessiblefactory.hxx %_DEST%\inc%_EXT%\toolkit\helper\accessiblefactory.hxx
..\inc\toolkit\helper\fixedhyperbase.hxx %_DEST%\inc%_EXT%\toolkit\helper\fixedhyperbase.hxx

..\inc\toolkit\helper\vclunohelper.hxx %_DEST%\inc%_EXT%\toolkit\unohlp.hxx
..\inc\toolkit\dllapi.h %_DEST%\inc%_EXT%\toolkit\dllapi.h

mkdir: %_DEST%\inc%_EXT%\layout
..\%__SRC%\lib\*.dylib %_DEST%\lib%_EXT%\*.dylib
..\%__SRC%\lib\layout.lib %_DEST%\lib%_EXT%\tklayout.lib
..\%__SRC%\bin\layout*.dll %_DEST%\bin%_EXT%\tklayout*.dll
..\%__SRC%\misc\layout*.map %_DEST%\bin%_EXT%\tklayout*.map

..\%__SRC%\lib\*.xml %_DEST%\lib%_EXT%\*.xml
mkdir: %_DEST%\lib%_EXT%\de
..\%__SRC%\lib\de\*.xml %_DEST%\lib%_EXT%\de\*.xml
mkdir: %_DEST%\lib%_EXT%\nl
..\%__SRC%\lib\nl\*.xml %_DEST%\lib%_EXT%\nl\*.xml

..\inc\layout\*.hxx %_DEST%\inc%_EXT%\layout\*.hxx
