mkdir: %_DEST%\inc%_EXT%\soldep
mkdir: %_DEST%\inc%_EXT%\bootstrp2
hedabu: ..\inc\sdtresid.hxx %_DEST%\inc%_EXT%\soldep\sdtresid.hxx
..\%__SRC%\bin\soldepl.exe %_DEST%\bin%_EXT%\soldepl.exe
..\%__SRC%\bin\bootstrpdt?????.dll %_DEST%\bin%_EXT%\bootstrpdt?????.dll
..\%__SRC%\bin\soldep?????.dll %_DEST%\bin%_EXT%\soldep?????.dll
..\%__SRC%\lib\libbootstrpdt?????.so %_DEST%\lib%_EXT%\libbootstrpdt?????.so
..\%__SRC%\lib\libsoldep?????.so %_DEST%\lib%_EXT%\libsoldep?????.so
..\%__SRC%\slb\*.a %_DEST%\lib%_EXT%\*.a

..\util\perl.mk  %_DEST%\inc%_EXT%\soldep\perl.mk

hedabu: ..\inc\soldep.hxx %_DEST%\inc%_EXT%\soldep\soldep.hxx
hedabu: ..\inc\soldlg.hxx %_DEST%\inc%_EXT%\soldep\soldlg.hxx
hedabu: ..\inc\hashtbl.hxx %_DEST%\inc%_EXT%\soldep\hashtbl.hxx
hedabu: ..\inc\depper.hxx %_DEST%\inc%_EXT%\soldep\depper.hxx
hedabu: ..\inc\objwin.hxx %_DEST%\inc%_EXT%\soldep\objwin.hxx
hedabu: ..\inc\connctr.hxx %_DEST%\inc%_EXT%\soldep\connctr.hxx
hedabu: ..\inc\depwin.hxx %_DEST%\inc%_EXT%\soldep\depwin.hxx
hedabu: ..\inc\graphwin.hxx %_DEST%\inc%_EXT%\soldep\graphwin.hxx
hedabu: ..\inc\tbox.hxx %_DEST%\inc%_EXT%\soldep\tbox.hxx
hedabu: ..\inc\hashobj.hxx %_DEST%\inc%_EXT%\soldep\hashobj.hxx
hedabu: ..\inc\minormk.hxx %_DEST%\inc%_EXT%\soldep\minormk.hxx
hedabu: ..\inc\prj.hxx %_DEST%\inc%_EXT%\soldep\prj.hxx
hedabu: ..\inc\dep.hxx %_DEST%\inc%_EXT%\soldep\dep.hxx
hedabu: ..\inc\prodmap.hxx %_DEST%\inc%_EXT%\soldep\prodmap.hxx
hedabu: ..\inc\XmlBuildList.hxx %_DEST%\inc%_EXT%\soldep\XmlBuildList.hxx
hedabu: ..\inc\appdef.hxx %_DEST%\inc%_EXT%\soldep\appdef.hxx
hedabu: ..\inc\soldlg.hrc %_DEST%\inc%_EXT%\soldep\soldlg.hrc

..\%__SRC%\lib\soldep.lib %_DEST%\lib%_EXT%\soldep.lib
..\%__SRC%\lib\bootstrpdt.lib %_DEST%\lib%_EXT%\bootstrpdt.lib

..\%__SRC%\lib\lib*static*.dylib %_DEST%\lib%_EXT%\lib*static*.dylib
..\%__SRC%\misc\*staticdatamembers.cxx %_DEST%\inc%_EXT%\*staticdatamembers.cxx
..\%__SRC%\misc\*staticdatamembers.h* %_DEST%\inc%_EXT%\*staticdatamembers.h*
..\%__SRC%\bin\dep*.res %_DEST%\bin%_EXT%\additional\dep*.res

