job1=cached.CachedContentResultSetFactory
job2=cached.CachedContentResultSetStubFactory
job3=cached.CachedDynamicResultSetFactory
job4=cached.CachedDynamicResultSetStubFactory
job5=cmdmail.SimpleCommandMail
job6=corereflection.uno.CoreReflection
job7=dbaccess.DBContentLoader
job8=dbaccess.OCommandDefinition
job9=dbaccess.ODatabaseContext
job10=dbaccess.ODatabaseSource
job11=dbaccess.ODatasourceAdministrationDialog
job12=dbaccess.OInteractionHandler
job13=dbaccess.OQueryDesign
job14=dbaccess.OSQLMessageDialog
job15=dbaccess.SbaXGridControl
job16=fileacc.SimpleFileAccess
job17=fop.FolderPicker
job18=forms.OButtonControl
job19=forms.OCheckBoxControl
job20=forms.OCheckBoxModel
job21=forms.OComboBoxControl
job22=forms.OComboBoxModel
job23=forms.OCurrencyControl
job24=forms.OCurrencyModel
job25=forms.ODateControl
job26=forms.ODateModel
job27=forms.OEditControl
job28=forms.OFileControlModel
job29=forms.OFixedTextModel
job30=forms.OFormattedControl
job31=forms.OFormattedFieldWrapper
job32=forms.OGroupBoxControl
job33=forms.OGroupBoxModel
job34=forms.OHiddenModel
job35=forms.OImageButtonControl
job36=forms.OImageButtonModel
job37=forms.OImageControlControl
job38=forms.OImageControlModel
job39=forms.OListBoxControl
job40=forms.OListBoxModel
job41=forms.ONumericControl
job42=forms.ONumericModel
job43=forms.OPatternControl
job44=forms.OPatternModel
job45=forms.ORadioButtonControl
job46=forms.ORadioButtonModel
job47=forms.OTimeControl
job48=forms.OTimeModel
job49=fwk.MailToDispatcher
job50=fwk.ServiceHandler
job51=fwl.PathSettings
job52=i18n.ChapterCollator
job53=i18n.Collator
job54=i18n.LocaleData
job55=i18n.NumberFormatCodeMapper
job56=i18n.TextSearch
job57=implreg.uno.ImplementationRegistration
job58=introspection.uno.Introspection
job59=invocadapt.uno.InvocationAdapterFactory
job60=invocation.uno.Invocation
job61=javavm.uno.JavaVirtualMachine
job62=lng.LinguProps
job63=mcnttype.MimeContentTypeFactory
job64=namingservice.uno.NamingService
job65=nestedreg.uno.NestedRegistry
job66=proxyfac.uno.ProxyFactory
job68=regtypeprov.uno.RegistryTypeDescriptionProvider
job69=remotebridge.uno.various
job70=sc.AccessibleEditableTextPara_HeaderFooter
job71=sc.ScAccessibleCell
job72=sc.ScAccessiblePageHeader
job73=sc.ScAccessiblePreviewTable
job74=sc.ScAccessibleSpreadsheet
job78=sc.ScAutoFormatFieldObj
job79=sc.ScAutoFormatObj
job81=sc.ScCellFieldObj
job85=sc.ScCellSearchObj
job88=sc.ScDatabaseRangeObj
job98=sc.ScHeaderFieldObj
job99=sc.ScHeaderFieldsObj
job126=sc.ScSheetLinkObj
job132=sc.ScStyleObj
job134=sc.ScTableColumnObj
job138=sc.ScTableRowObj
job140=sc.XMLContentExporter
job141=sc.XMLContentImporter
job142=sc.XMLImporter
job143=sc.XMLMetaExporter
job144=sc.XMLMetaImporter
job145=sc.XMLSettingsExporter
job146=sc.XMLSettingsImporter
job147=sc.XMLStylesExporter
job148=sc.XMLStylesImporter
job149=sd.AccessibleDrawDocumentView
job150=sd.AccessibleOutlineView
job151=sd.AccessibleSlideView
job152=sd.SdDocLinkTargets
job153=sd.SdDrawPagesAccess
job154=sd.SdLayer
job155=sd.SdLayerManager
job156=sd.SdMasterPagesAccess
job157=sd.SdXCustomPresentation
job158=sd.SdXPresentation
job159=servicemgr.uno.OServiceManager
job160=sfx.SfxMacroLoader
job161=simplereg.uno.SimpleRegistry
job162=sm.SmEditAccessible
job163=sm.SmModel
job164=sm.XMLExporter
job165=sm.XMLMetaExporter
job166=sm.XMLSettingsExporter
job167=sm.XMLSettingsImporter
job168=srtrs.SortedDynamicResultSetFactory
job169=streams.uno.DataInputStream
job170=streams.uno.DataOutputStream
job171=streams.uno.MarkableInputStream
job172=streams.uno.MarkableOutputStream
job173=streams.uno.ObjectInputStream
job174=streams.uno.ObjectOutputStream
job175=streams.uno.Pipe
job176=streams.uno.Pump
job177=svtools.AccessibleBrowseBoxHeaderBar
job178=svtools.AccessibleBrowseBoxHeaderCell
job179=svtools.AccessibleBrowseBoxTable
job180=svtools.AccessibleBrowseBoxTableCell
job181=svtools.AccessibleTabBar
job182=svtools.AccessibleTabBarPageList
job183=svx.AccessibleControlShape
job184=svx.AccessibleGraphicShape
job185=svx.AccessiblePresentationGraphicShape
job186=svx.AccessiblePresentationShape
job187=svx.AccessibleShape
job188=svx.SvxShapeCollection
job189=svx.SvxUnoTextContent
job190=svx.SvxUnoTextContentEnum
job191=svx.SvxUnoTextField
job192=svx.SvxUnoTextRangeEnumeration
job193=sw.SwAccessibleDocumentPageView
job194=sw.SwAccessibleDocumentView
job195=sw.SwAccessibleEndnoteView
job196=sw.SwAccessibleFooterView
job197=sw.SwAccessibleFootnoteView
job198=sw.SwAccessibleHeaderView
job199=sw.SwAccessibleParagraphView
job200=sw.SwAccessibleTableCellView
job201=sw.SwAccessibleTextFrameView
job202=sw.SwAccessibleTextGraphicObject
job203=sw.SwXBodyText
job204=sw.SwXBookmark
job205=sw.SwXBookmarks
job206=sw.SwXCell
job207=sw.SwXDocumentIndexes
job208=sw.SwXDocumentIndexMark
job209=sw.SwXEndnoteProperties
job210=sw.SwXFieldEnumeration
job211=sw.SwXFieldMaster
job212=sw.SwXFootnote
job213=sw.SwXFootnoteProperties
job214=sw.SwXFootnotes
job215=sw.SwXFootnoteText
job216=sw.SwXFrames
job217=sw.SwXHeadFootText
job218=sw.SwXLineNumberingProperties
job219=sw.SwXModule
job220=sw.SwXParagraphEnumeration
job221=sw.SwXPrintSettings
job222=sw.SwXPropertySet
job223=sw.SwXPropertySetInfo
job224=sw.SwXReferenceMark
job225=sw.SwXReferenceMarks
job226=sw.SwXStyle
job227=sw.SwXStyleFamilies
job228=sw.SwXStyleFamily
job229=sw.SwXTableCellText
job230=sw.SwXTableRows
job231=sw.SwXTextColumns
job232=sw.SwXTextDefaults
job233=sw.SwXTextEmbeddedObjects
job234=sw.SwXTextField
job235=sw.SwXTextFieldMasters
job236=sw.SwXTextFieldTypes
job237=sw.SwXTextFrameText
job238=sw.SwXTextGraphicObjects
job239=sw.SwXTextPortionEnumeration
job240=sw.SwXTextRanges
job241=sw.SwXTextSearch
job242=sw.SwXTextSection
job243=sw.SwXTextSections
job244=sw.SwXTextTableRow
job245=sw.SwXTextTables
job246=sw.SwXViewSettings
job247=sw.XMLContentExporter
job248=sw.XMLExporter
job249=sw.XMLImporter
job250=sw.XMLMetaExporter
job251=sw.XMLSettingsExporter
job252=sw.XMLSettingsImporter
job253=sw.XMLStylesExporter
job254=sysdtrans.SystemClipboard
job255=syssh.SystemShellExecute
job256=text.DefaultNumberingProvider
job257=toolkit.AccessibleComboBox
job258=toolkit.AccessibleList
job259=toolkit.AccessibleListBox
job260=toolkit.AccessibleMenuSeparator
job261=toolkit.AccessibleStatusBar
job262=toolkit.AccessibleTabControl
job263=toolkit.AccessibleWindow
job264=toolkit.TabControllerModel
job265=toolkit.UnoControlCheckBox
job266=toolkit.UnoControlCheckBoxModel
job267=toolkit.UnoControlComboBox
job268=toolkit.UnoControlComboBoxModel
job269=toolkit.UnoControlContainerModel
job270=toolkit.UnoControlCurrencyField
job271=toolkit.UnoControlCurrencyFieldModel
job272=toolkit.UnoControlDateField
job273=toolkit.UnoControlDateFieldModel
job274=toolkit.UnoControlEdit
job275=toolkit.UnoControlEditModel
job276=toolkit.UnoControlFileControlModel
job277=toolkit.UnoControlFixedText
job278=toolkit.UnoControlFixedTextModel
job279=toolkit.UnoControlFormattedField
job280=toolkit.UnoControlFormattedFieldModel
job281=toolkit.UnoControlGroupBox
job282=toolkit.UnoControlGroupBoxModel
job283=toolkit.UnoControlImageControl
job284=toolkit.UnoControlImageControlModel
job285=toolkit.UnoControlListBox
job286=toolkit.UnoControlListBoxModel
job287=toolkit.UnoControlNumericFieldModel
job288=toolkit.UnoControlPatternField
job289=toolkit.UnoControlPatternFieldModel
job290=toolkit.UnoControlProgressBarModel
job291=toolkit.UnoControlRadioButton
job292=toolkit.UnoControlRadioButtonModel
job293=toolkit.UnoControlScrollBarModel
job294=toolkit.UnoControlTimeField
job295=toolkit.UnoControlTimeFieldModel
job296=typeconverter.uno.TypeConverter
job297=typemgr.uno.TypeDescriptionManager
job298=ucb.UcbContentProviderProxyFactory
job299=ucb.UcbPropertiesManager
job300=ucb.UcbStore
job301=ucb.UniversalContentBroker
job302=ucpchelp.CHelpContentProvider
job303=ucpdav.WebDAVContentProvider
job304=ucpfile.FileProvider
job305=ucpftp.FTPContentProvider
job306=ucphier.HierarchyContentProvider
job307=ucphier.HierarchyDataSource
job308=ucppkg.PackageContentProvider
job309=uui.UUIInteractionHandler
job310=xmloff.Draw.XMLContentExporter
job311=xmloff.Draw.XMLExporter
job312=xmloff.Draw.XMLMetaExporter
job313=xmloff.Draw.XMLSettingsExporter
job314=xmloff.Draw.XMLSettingsImporter
job315=xmloff.Draw.XMLStylesExporter
job316=xmloff.Impress.XMLContentExporter
job317=xmloff.Impress.XMLExporter
job318=xmloff.Impress.XMLMetaExporter
job319=xmloff.Impress.XMLSettingsExporter
job320=xmloff.Impress.XMLSettingsImporter
job321=xmloff.Impress.XMLStylesExporter
job322=cfgmgr2.AdministrationProvider
job323=cfgmgr2.ConfigurationProvider
job324=cfgmgr2.ConfigurationProviderWrapper
job325=cfgmgr2.OConfigurationRegistry
