mkdir: %_DEST%\inc%_EXT%\external
mkdir: %_DEST%\inc%_EXT%\external\boost

..\%__SRC%\misc\build\boost-1.30.2\boost\mem_fn.hpp %_DEST%\inc%_EXT%\external\boost\mem_fn.hpp
..\%__SRC%\misc\build\boost-1.30.2\boost\get_pointer.hpp %_DEST%\inc%_EXT%\external\boost\get_pointer.hpp
..\%__SRC%\misc\build\boost-1.30.2\boost\bind.hpp %_DEST%\inc%_EXT%\external\boost\bind.hpp
mkdir: %_DEST%\inc%_EXT%\external\boost\bind
..\%__SRC%\misc\build\boost-1.30.2\boost\bind\*.*pp %_DEST%\inc%_EXT%\external\boost\bind\*.*pp

..\%__SRC%\misc\build\spirit-1.6.1\miniboost\boost\*.*pp %_DEST%\inc%_EXT%\external\boost\*.*pp

mkdir: %_DEST%\inc%_EXT%\external\boost\config
..\%__SRC%\misc\build\spirit-1.6.1\miniboost\boost\config\*.*pp %_DEST%\inc%_EXT%\external\boost\config\*.*pp
mkdir: %_DEST%\inc%_EXT%\external\boost\config\compiler
..\%__SRC%\misc\build\spirit-1.6.1\miniboost\boost\config\compiler\*.*pp %_DEST%\inc%_EXT%\external\boost\config\compiler\*.*pp
mkdir: %_DEST%\inc%_EXT%\external\boost\config\platform
..\%__SRC%\misc\build\spirit-1.6.1\miniboost\boost\config\platform\*.*pp %_DEST%\inc%_EXT%\external\boost\config\platform\*.*pp
mkdir: %_DEST%\inc%_EXT%\external\boost\config\stdlib
..\%__SRC%\misc\build\spirit-1.6.1\miniboost\boost\config\stdlib\*.*pp %_DEST%\inc%_EXT%\external\boost\config\stdlib\*.*pp

mkdir: %_DEST%\inc%_EXT%\external\boost\detail
..\%__SRC%\misc\build\spirit-1.6.1\miniboost\boost\detail\*.*pp %_DEST%\inc%_EXT%\external\boost\detail\*.*pp

mkdir: %_DEST%\inc%_EXT%\external\boost\mpl
..\%__SRC%\misc\build\spirit-1.6.1\miniboost\boost\mpl\*.*pp %_DEST%\inc%_EXT%\external\boost\mpl\*.*pp
mkdir: %_DEST%\inc%_EXT%\external\boost\mpl\aux_
..\%__SRC%\misc\build\spirit-1.6.1\miniboost\boost\mpl\aux_\*.*pp %_DEST%\inc%_EXT%\external\boost\mpl\aux_\*.*pp
mkdir: %_DEST%\inc%_EXT%\external\boost\mpl\aux_\config
..\%__SRC%\misc\build\spirit-1.6.1\miniboost\boost\mpl\aux_\config\*.*pp %_DEST%\inc%_EXT%\external\boost\mpl\aux_\config\*.*pp
mkdir: %_DEST%\inc%_EXT%\external\boost\mpl\aux_\preprocessed
..\%__SRC%\misc\build\spirit-1.6.1\miniboost\boost\mpl\aux_\preprocessed\*.*pp %_DEST%\inc%_EXT%\external\boost\mpl\aux_\preprocessed\*.*pp
mkdir: %_DEST%\inc%_EXT%\external\boost\mpl\aux_\preprocessed\bcc
..\%__SRC%\misc\build\spirit-1.6.1\miniboost\boost\mpl\aux_\preprocessed\bcc\*.*pp %_DEST%\inc%_EXT%\external\boost\mpl\aux_\preprocessed\bcc\*.*pp
mkdir: %_DEST%\inc%_EXT%\external\boost\mpl\aux_\preprocessed\bcc551
..\%__SRC%\misc\build\spirit-1.6.1\miniboost\boost\mpl\aux_\preprocessed\bcc551\*.*pp %_DEST%\inc%_EXT%\external\boost\mpl\aux_\preprocessed\bcc551\*.*pp
mkdir: %_DEST%\inc%_EXT%\external\boost\mpl\aux_\preprocessed\gcc
..\%__SRC%\misc\build\spirit-1.6.1\miniboost\boost\mpl\aux_\preprocessed\gcc\*.*pp %_DEST%\inc%_EXT%\external\boost\mpl\aux_\preprocessed\gcc\*.*pp
mkdir: %_DEST%\inc%_EXT%\external\boost\mpl\aux_\preprocessed\msvc60
..\%__SRC%\misc\build\spirit-1.6.1\miniboost\boost\mpl\aux_\preprocessed\msvc60\*.*pp %_DEST%\inc%_EXT%\external\boost\mpl\aux_\preprocessed\msvc60\*.*pp
mkdir: %_DEST%\inc%_EXT%\external\boost\mpl\aux_\preprocessed\msvc70
..\%__SRC%\misc\build\spirit-1.6.1\miniboost\boost\mpl\aux_\preprocessed\msvc70\*.*pp %_DEST%\inc%_EXT%\external\boost\mpl\aux_\preprocessed\msvc70\*.*pp
mkdir: %_DEST%\inc%_EXT%\external\boost\mpl\aux_\preprocessed\mwcw
..\%__SRC%\misc\build\spirit-1.6.1\miniboost\boost\mpl\aux_\preprocessed\mwcw\*.*pp %_DEST%\inc%_EXT%\external\boost\mpl\aux_\preprocessed\mwcw\*.*pp
mkdir: %_DEST%\inc%_EXT%\external\boost\mpl\aux_\preprocessed\no_ctps
..\%__SRC%\misc\build\spirit-1.6.1\miniboost\boost\mpl\aux_\preprocessed\no_ctps\*.*pp %_DEST%\inc%_EXT%\external\boost\mpl\aux_\preprocessed\no_ctps\*.*pp
mkdir: %_DEST%\inc%_EXT%\external\boost\mpl\aux_\preprocessed\no_ttp
..\%__SRC%\misc\build\spirit-1.6.1\miniboost\boost\mpl\aux_\preprocessed\no_ttp\*.*pp %_DEST%\inc%_EXT%\external\boost\mpl\aux_\preprocessed\no_ttp\*.*pp
mkdir: %_DEST%\inc%_EXT%\external\boost\mpl\aux_\preprocessed\plain
..\%__SRC%\misc\build\spirit-1.6.1\miniboost\boost\mpl\aux_\preprocessed\plain\*.*pp %_DEST%\inc%_EXT%\external\boost\mpl\aux_\preprocessed\plain\*.*pp
mkdir: %_DEST%\inc%_EXT%\external\boost\mpl\aux_\preprocessor
..\%__SRC%\misc\build\spirit-1.6.1\miniboost\boost\mpl\aux_\preprocessor\*.*pp %_DEST%\inc%_EXT%\external\boost\mpl\aux_\preprocessor\*.*pp
mkdir: %_DEST%\inc%_EXT%\external\boost\mpl\aux_\range_c
..\%__SRC%\misc\build\spirit-1.6.1\miniboost\boost\mpl\aux_\range_c\*.*pp %_DEST%\inc%_EXT%\external\boost\mpl\aux_\range_c\*.*pp
mkdir: %_DEST%\inc%_EXT%\external\boost\mpl\limits
..\%__SRC%\misc\build\spirit-1.6.1\miniboost\boost\mpl\limits\*.*pp %_DEST%\inc%_EXT%\external\boost\mpl\limits\*.*pp
mkdir: %_DEST%\inc%_EXT%\external\boost\mpl\list
..\%__SRC%\misc\build\spirit-1.6.1\miniboost\boost\mpl\list\*.*pp %_DEST%\inc%_EXT%\external\boost\mpl\list\*.*pp
mkdir: %_DEST%\inc%_EXT%\external\boost\mpl\list\aux_
..\%__SRC%\misc\build\spirit-1.6.1\miniboost\boost\mpl\list\aux_\*.*pp %_DEST%\inc%_EXT%\external\boost\mpl\list\aux_\*.*pp
mkdir: %_DEST%\inc%_EXT%\external\boost\mpl\list\aux_\preprocessed
..\%__SRC%\misc\build\spirit-1.6.1\miniboost\boost\mpl\list\aux_\preprocessed\*.*pp %_DEST%\inc%_EXT%\external\boost\mpl\list\aux_\preprocessed\*.*pp
mkdir: %_DEST%\inc%_EXT%\external\boost\mpl\list\aux_\preprocessed\plain
..\%__SRC%\misc\build\spirit-1.6.1\miniboost\boost\mpl\list\aux_\preprocessed\plain\*.*pp %_DEST%\inc%_EXT%\external\boost\mpl\list\aux_\preprocessed\plain\*.*pp
mkdir: %_DEST%\inc%_EXT%\external\boost\mpl\math
..\%__SRC%\misc\build\spirit-1.6.1\miniboost\boost\mpl\math\*.*pp %_DEST%\inc%_EXT%\external\boost\mpl\math\*.*pp
mkdir: %_DEST%\inc%_EXT%\external\boost\mpl\vector
..\%__SRC%\misc\build\spirit-1.6.1\miniboost\boost\mpl\vector\*.*pp %_DEST%\inc%_EXT%\external\boost\mpl\vector\*.*pp
mkdir: %_DEST%\inc%_EXT%\external\boost\mpl\vector\aux_
..\%__SRC%\misc\build\spirit-1.6.1\miniboost\boost\mpl\vector\aux_\*.*pp %_DEST%\inc%_EXT%\external\boost\mpl\vector\aux_\*.*pp
mkdir: %_DEST%\inc%_EXT%\external\boost\mpl\vector\aux_\preprocessed
..\%__SRC%\misc\build\spirit-1.6.1\miniboost\boost\mpl\vector\aux_\preprocessed\*.*pp %_DEST%\inc%_EXT%\external\boost\mpl\vector\aux_\preprocessed\*.*pp
mkdir: %_DEST%\inc%_EXT%\external\boost\mpl\vector\aux_\preprocessed\no_ctps
..\%__SRC%\misc\build\spirit-1.6.1\miniboost\boost\mpl\vector\aux_\preprocessed\no_ctps\*.*pp %_DEST%\inc%_EXT%\external\boost\mpl\vector\aux_\preprocessed\no_ctps\*.*pp
mkdir: %_DEST%\inc%_EXT%\external\boost\mpl\vector\aux_\preprocessed\plain
..\%__SRC%\misc\build\spirit-1.6.1\miniboost\boost\mpl\vector\aux_\preprocessed\plain\*.*pp %_DEST%\inc%_EXT%\external\boost\mpl\vector\aux_\preprocessed\plain\*.*pp
mkdir: %_DEST%\inc%_EXT%\external\boost\mpl\vector\aux_\preprocessed\typeof_based
..\%__SRC%\misc\build\spirit-1.6.1\miniboost\boost\mpl\vector\aux_\preprocessed\typeof_based\*.*pp %_DEST%\inc%_EXT%\external\boost\mpl\vector\aux_\preprocessed\typeof_based\*.*pp

mkdir: %_DEST%\inc%_EXT%\external\boost\preprocessor
..\%__SRC%\misc\build\spirit-1.6.1\miniboost\boost\preprocessor\*.*pp %_DEST%\inc%_EXT%\external\boost\preprocessor\*.*pp
mkdir: %_DEST%\inc%_EXT%\external\boost\preprocessor\arithmetic
..\%__SRC%\misc\build\spirit-1.6.1\miniboost\boost\preprocessor\arithmetic\*.*pp %_DEST%\inc%_EXT%\external\boost\preprocessor\arithmetic\*.*pp
mkdir: %_DEST%\inc%_EXT%\external\boost\preprocessor\arithmetic\detail
..\%__SRC%\misc\build\spirit-1.6.1\miniboost\boost\preprocessor\arithmetic\detail\*.*pp %_DEST%\inc%_EXT%\external\boost\preprocessor\arithmetic\detail\*.*pp
mkdir: %_DEST%\inc%_EXT%\external\boost\preprocessor\array
..\%__SRC%\misc\build\spirit-1.6.1\miniboost\boost\preprocessor\array\*.*pp %_DEST%\inc%_EXT%\external\boost\preprocessor\array\*.*pp
mkdir: %_DEST%\inc%_EXT%\external\boost\preprocessor\comparison
..\%__SRC%\misc\build\spirit-1.6.1\miniboost\boost\preprocessor\comparison\*.*pp %_DEST%\inc%_EXT%\external\boost\preprocessor\comparison\*.*pp
mkdir: %_DEST%\inc%_EXT%\external\boost\preprocessor\config
..\%__SRC%\misc\build\spirit-1.6.1\miniboost\boost\preprocessor\config\*.*pp %_DEST%\inc%_EXT%\external\boost\preprocessor\config\*.*pp
mkdir: %_DEST%\inc%_EXT%\external\boost\preprocessor\control
..\%__SRC%\misc\build\spirit-1.6.1\miniboost\boost\preprocessor\control\*.*pp %_DEST%\inc%_EXT%\external\boost\preprocessor\control\*.*pp
mkdir: %_DEST%\inc%_EXT%\external\boost\preprocessor\control\detail
..\%__SRC%\misc\build\spirit-1.6.1\miniboost\boost\preprocessor\control\detail\*.*pp %_DEST%\inc%_EXT%\external\boost\preprocessor\control\detail\*.*pp
mkdir: %_DEST%\inc%_EXT%\external\boost\preprocessor\control\detail\edg
..\%__SRC%\misc\build\spirit-1.6.1\miniboost\boost\preprocessor\control\detail\edg\*.*pp %_DEST%\inc%_EXT%\external\boost\preprocessor\control\detail\edg\*.*pp
mkdir: %_DEST%\inc%_EXT%\external\boost\preprocessor\control\detail\msvc
..\%__SRC%\misc\build\spirit-1.6.1\miniboost\boost\preprocessor\control\detail\msvc\*.*pp %_DEST%\inc%_EXT%\external\boost\preprocessor\control\detail\msvc\*.*pp
mkdir: %_DEST%\inc%_EXT%\external\boost\preprocessor\debug
..\%__SRC%\misc\build\spirit-1.6.1\miniboost\boost\preprocessor\debug\*.*pp %_DEST%\inc%_EXT%\external\boost\preprocessor\debug\*.*pp
mkdir: %_DEST%\inc%_EXT%\external\boost\preprocessor\detail
..\%__SRC%\misc\build\spirit-1.6.1\miniboost\boost\preprocessor\detail\*.*pp %_DEST%\inc%_EXT%\external\boost\preprocessor\detail\*.*pp
mkdir: %_DEST%\inc%_EXT%\external\boost\preprocessor\facilities
..\%__SRC%\misc\build\spirit-1.6.1\miniboost\boost\preprocessor\facilities\*.*pp %_DEST%\inc%_EXT%\external\boost\preprocessor\facilities\*.*pp
mkdir: %_DEST%\inc%_EXT%\external\boost\preprocessor\iteration
..\%__SRC%\misc\build\spirit-1.6.1\miniboost\boost\preprocessor\iteration\*.*pp %_DEST%\inc%_EXT%\external\boost\preprocessor\iteration\*.*pp
mkdir: %_DEST%\inc%_EXT%\external\boost\preprocessor\iteration\detail
..\%__SRC%\misc\build\spirit-1.6.1\miniboost\boost\preprocessor\iteration\detail\*.*pp %_DEST%\inc%_EXT%\external\boost\preprocessor\iteration\detail\*.*pp
mkdir: %_DEST%\inc%_EXT%\external\boost\preprocessor\iteration\detail\bounds
..\%__SRC%\misc\build\spirit-1.6.1\miniboost\boost\preprocessor\iteration\detail\bounds\*.*pp %_DEST%\inc%_EXT%\external\boost\preprocessor\iteration\detail\bounds\*.*pp
mkdir: %_DEST%\inc%_EXT%\external\boost\preprocessor\iteration\detail\iter
..\%__SRC%\misc\build\spirit-1.6.1\miniboost\boost\preprocessor\iteration\detail\iter\*.*pp %_DEST%\inc%_EXT%\external\boost\preprocessor\iteration\detail\iter\*.*pp
mkdir: %_DEST%\inc%_EXT%\external\boost\preprocessor\list
..\%__SRC%\misc\build\spirit-1.6.1\miniboost\boost\preprocessor\list\*.*pp %_DEST%\inc%_EXT%\external\boost\preprocessor\list\*.*pp
mkdir: %_DEST%\inc%_EXT%\external\boost\preprocessor\list\detail
..\%__SRC%\misc\build\spirit-1.6.1\miniboost\boost\preprocessor\list\detail\*.*pp %_DEST%\inc%_EXT%\external\boost\preprocessor\list\detail\*.*pp
mkdir: %_DEST%\inc%_EXT%\external\boost\preprocessor\list\detail\edg
..\%__SRC%\misc\build\spirit-1.6.1\miniboost\boost\preprocessor\list\detail\edg\*.*pp %_DEST%\inc%_EXT%\external\boost\preprocessor\list\detail\edg\*.*pp
mkdir: %_DEST%\inc%_EXT%\external\boost\preprocessor\logical
..\%__SRC%\misc\build\spirit-1.6.1\miniboost\boost\preprocessor\logical\*.*pp %_DEST%\inc%_EXT%\external\boost\preprocessor\logical\*.*pp
mkdir: %_DEST%\inc%_EXT%\external\boost\preprocessor\punctuation
..\%__SRC%\misc\build\spirit-1.6.1\miniboost\boost\preprocessor\punctuation\*.*pp %_DEST%\inc%_EXT%\external\boost\preprocessor\punctuation\*.*pp
mkdir: %_DEST%\inc%_EXT%\external\boost\preprocessor\repetition
..\%__SRC%\misc\build\spirit-1.6.1\miniboost\boost\preprocessor\repetition\*.*pp %_DEST%\inc%_EXT%\external\boost\preprocessor\repetition\*.*pp
mkdir: %_DEST%\inc%_EXT%\external\boost\preprocessor\repetition\detail
..\%__SRC%\misc\build\spirit-1.6.1\miniboost\boost\preprocessor\repetition\detail\*.*pp %_DEST%\inc%_EXT%\external\boost\preprocessor\repetition\detail\*.*pp
mkdir: %_DEST%\inc%_EXT%\external\boost\preprocessor\repetition\detail\edg
..\%__SRC%\misc\build\spirit-1.6.1\miniboost\boost\preprocessor\repetition\detail\edg\*.*pp %_DEST%\inc%_EXT%\external\boost\preprocessor\repetition\detail\edg\*.*pp
mkdir: %_DEST%\inc%_EXT%\external\boost\preprocessor\repetition\detail\msvc
..\%__SRC%\misc\build\spirit-1.6.1\miniboost\boost\preprocessor\repetition\detail\msvc\*.*pp %_DEST%\inc%_EXT%\external\boost\preprocessor\repetition\detail\msvc\*.*pp
mkdir: %_DEST%\inc%_EXT%\external\boost\preprocessor\selection
..\%__SRC%\misc\build\spirit-1.6.1\miniboost\boost\preprocessor\selection\*.*pp %_DEST%\inc%_EXT%\external\boost\preprocessor\selection\*.*pp
mkdir: %_DEST%\inc%_EXT%\external\boost\preprocessor\seq
..\%__SRC%\misc\build\spirit-1.6.1\miniboost\boost\preprocessor\seq\*.*pp %_DEST%\inc%_EXT%\external\boost\preprocessor\seq\*.*pp
mkdir: %_DEST%\inc%_EXT%\external\boost\preprocessor\seq\detail
..\%__SRC%\misc\build\spirit-1.6.1\miniboost\boost\preprocessor\seq\detail\*.*pp %_DEST%\inc%_EXT%\external\boost\preprocessor\seq\detail\*.*pp
mkdir: %_DEST%\inc%_EXT%\external\boost\preprocessor\slot
..\%__SRC%\misc\build\spirit-1.6.1\miniboost\boost\preprocessor\slot\*.*pp %_DEST%\inc%_EXT%\external\boost\preprocessor\slot\*.*pp
mkdir: %_DEST%\inc%_EXT%\external\boost\preprocessor\slot\detail
..\%__SRC%\misc\build\spirit-1.6.1\miniboost\boost\preprocessor\slot\detail\*.*pp %_DEST%\inc%_EXT%\external\boost\preprocessor\slot\detail\*.*pp
mkdir: %_DEST%\inc%_EXT%\external\boost\preprocessor\tuple
..\%__SRC%\misc\build\spirit-1.6.1\miniboost\boost\preprocessor\tuple\*.*pp %_DEST%\inc%_EXT%\external\boost\preprocessor\tuple\*.*pp

mkdir: %_DEST%\inc%_EXT%\external\boost\type_traits
..\%__SRC%\misc\build\spirit-1.6.1\miniboost\boost\type_traits\*.*pp %_DEST%\inc%_EXT%\external\boost\type_traits\*.*pp
mkdir: %_DEST%\inc%_EXT%\external\boost\type_traits\detail
..\%__SRC%\misc\build\spirit-1.6.1\miniboost\boost\type_traits\detail\*.*pp %_DEST%\inc%_EXT%\external\boost\type_traits\detail\*.*pp

mkdir: %_DEST%\inc%_EXT%\external\boost\utility
..\%__SRC%\misc\build\spirit-1.6.1\miniboost\boost\utility\*.*pp %_DEST%\inc%_EXT%\external\boost\utility\*.*pp


..\%__SRC%\misc\build\spirit-1.6.1\boost\*.*pp %_DEST%\inc%_EXT%\external\boost\*.*pp
mkdir: %_DEST%\inc%_EXT%\external\boost\spirit
..\%__SRC%\misc\build\spirit-1.6.1\boost\spirit\*.*pp %_DEST%\inc%_EXT%\external\boost\spirit\*.*pp

mkdir: %_DEST%\inc%_EXT%\external\boost\spirit\attribute
..\%__SRC%\misc\build\spirit-1.6.1\boost\spirit\attribute\*.*pp %_DEST%\inc%_EXT%\external\boost\spirit\attribute\*.*pp

mkdir: %_DEST%\inc%_EXT%\external\boost\spirit\core
..\%__SRC%\misc\build\spirit-1.6.1\boost\spirit\core\*.*pp %_DEST%\inc%_EXT%\external\boost\spirit\core\*.*pp
mkdir: %_DEST%\inc%_EXT%\external\boost\spirit\core\composite
..\%__SRC%\misc\build\spirit-1.6.1\boost\spirit\core\composite\*.*pp %_DEST%\inc%_EXT%\external\boost\spirit\core\composite\*.*pp
mkdir: %_DEST%\inc%_EXT%\external\boost\spirit\core\composite\impl
..\%__SRC%\misc\build\spirit-1.6.1\boost\spirit\core\composite\impl\*.*pp %_DEST%\inc%_EXT%\external\boost\spirit\core\composite\impl\*.*pp
mkdir: %_DEST%\inc%_EXT%\external\boost\spirit\core\impl
..\%__SRC%\misc\build\spirit-1.6.1\boost\spirit\core\impl\*.*pp %_DEST%\inc%_EXT%\external\boost\spirit\core\impl\*.*pp
mkdir: %_DEST%\inc%_EXT%\external\boost\spirit\core\meta
..\%__SRC%\misc\build\spirit-1.6.1\boost\spirit\core\meta\*.*pp %_DEST%\inc%_EXT%\external\boost\spirit\core\meta\*.*pp
mkdir: %_DEST%\inc%_EXT%\external\boost\spirit\core\meta\impl
..\%__SRC%\misc\build\spirit-1.6.1\boost\spirit\core\meta\impl\*.*pp %_DEST%\inc%_EXT%\external\boost\spirit\core\meta\impl\*.*pp
mkdir: %_DEST%\inc%_EXT%\external\boost\spirit\core\non_terminal
..\%__SRC%\misc\build\spirit-1.6.1\boost\spirit\core\non_terminal\*.*pp %_DEST%\inc%_EXT%\external\boost\spirit\core\non_terminal\*.*pp
mkdir: %_DEST%\inc%_EXT%\external\boost\spirit\core\non_terminal\impl
..\%__SRC%\misc\build\spirit-1.6.1\boost\spirit\core\non_terminal\impl\*.*pp %_DEST%\inc%_EXT%\external\boost\spirit\core\non_terminal\impl\*.*pp
mkdir: %_DEST%\inc%_EXT%\external\boost\spirit\core\primitives
..\%__SRC%\misc\build\spirit-1.6.1\boost\spirit\core\primitives\*.*pp %_DEST%\inc%_EXT%\external\boost\spirit\core\primitives\*.*pp
mkdir: %_DEST%\inc%_EXT%\external\boost\spirit\core\primitives\impl
..\%__SRC%\misc\build\spirit-1.6.1\boost\spirit\core\primitives\impl\*.*pp %_DEST%\inc%_EXT%\external\boost\spirit\core\primitives\impl\*.*pp
mkdir: %_DEST%\inc%_EXT%\external\boost\spirit\core\scanner
..\%__SRC%\misc\build\spirit-1.6.1\boost\spirit\core\scanner\*.*pp %_DEST%\inc%_EXT%\external\boost\spirit\core\scanner\*.*pp
mkdir: %_DEST%\inc%_EXT%\external\boost\spirit\core\scanner\impl
..\%__SRC%\misc\build\spirit-1.6.1\boost\spirit\core\scanner\impl\*.*pp %_DEST%\inc%_EXT%\external\boost\spirit\core\scanner\impl\*.*pp

mkdir: %_DEST%\inc%_EXT%\external\boost\spirit\debug
..\%__SRC%\misc\build\spirit-1.6.1\boost\spirit\debug\*.*pp %_DEST%\inc%_EXT%\external\boost\spirit\debug\*.*pp
mkdir: %_DEST%\inc%_EXT%\external\boost\spirit\debug\impl
..\%__SRC%\misc\build\spirit-1.6.1\boost\spirit\debug\impl\*.*pp %_DEST%\inc%_EXT%\external\boost\spirit\debug\impl\*.*pp

mkdir: %_DEST%\inc%_EXT%\external\boost\spirit\dynamic
..\%__SRC%\misc\build\spirit-1.6.1\boost\spirit\dynamic\*.*pp %_DEST%\inc%_EXT%\external\boost\spirit\dynamic\*.*pp
mkdir: %_DEST%\inc%_EXT%\external\boost\spirit\dynamic\impl
..\%__SRC%\misc\build\spirit-1.6.1\boost\spirit\dynamic\impl\*.*pp %_DEST%\inc%_EXT%\external\boost\spirit\dynamic\impl\*.*pp

mkdir: %_DEST%\inc%_EXT%\external\boost\spirit\error_handling
..\%__SRC%\misc\build\spirit-1.6.1\boost\spirit\error_handling\*.*pp %_DEST%\inc%_EXT%\external\boost\spirit\error_handling\*.*pp
mkdir: %_DEST%\inc%_EXT%\external\boost\spirit\error_handling\impl
..\%__SRC%\misc\build\spirit-1.6.1\boost\spirit\error_handling\impl\*.*pp %_DEST%\inc%_EXT%\external\boost\spirit\error_handling\impl\*.*pp

mkdir: %_DEST%\inc%_EXT%\external\boost\spirit\iterator
..\%__SRC%\misc\build\spirit-1.6.1\boost\spirit\iterator\*.*pp %_DEST%\inc%_EXT%\external\boost\spirit\iterator\*.*pp
mkdir: %_DEST%\inc%_EXT%\external\boost\spirit\iterator\impl
..\%__SRC%\misc\build\spirit-1.6.1\boost\spirit\iterator\impl\*.*pp %_DEST%\inc%_EXT%\external\boost\spirit\iterator\impl\*.*pp

mkdir: %_DEST%\inc%_EXT%\external\boost\spirit\phoenix
..\%__SRC%\misc\build\spirit-1.6.1\boost\spirit\phoenix\*.*pp %_DEST%\inc%_EXT%\external\boost\spirit\phoenix\*.*pp

mkdir: %_DEST%\inc%_EXT%\external\boost\spirit\symbols
..\%__SRC%\misc\build\spirit-1.6.1\boost\spirit\symbols\*.*pp %_DEST%\inc%_EXT%\external\boost\spirit\symbols\*.*pp
mkdir: %_DEST%\inc%_EXT%\external\boost\spirit\symbols\impl
..\%__SRC%\misc\build\spirit-1.6.1\boost\spirit\symbols\impl\*.*pp %_DEST%\inc%_EXT%\external\boost\spirit\symbols\impl\*.*pp

mkdir: %_DEST%\inc%_EXT%\external\boost\spirit\tree
..\%__SRC%\misc\build\spirit-1.6.1\boost\spirit\tree\*.*pp %_DEST%\inc%_EXT%\external\boost\spirit\tree\*.*pp
mkdir: %_DEST%\inc%_EXT%\external\boost\spirit\tree\impl
..\%__SRC%\misc\build\spirit-1.6.1\boost\spirit\tree\impl\*.*pp %_DEST%\inc%_EXT%\external\boost\spirit\tree\impl\*.*pp

mkdir: %_DEST%\inc%_EXT%\external\boost\spirit\utility
..\%__SRC%\misc\build\spirit-1.6.1\boost\spirit\utility\*.*pp %_DEST%\inc%_EXT%\external\boost\spirit\utility\*.*pp
mkdir: %_DEST%\inc%_EXT%\external\boost\spirit\utility\impl
..\%__SRC%\misc\build\spirit-1.6.1\boost\spirit\utility\impl\*.*pp %_DEST%\inc%_EXT%\external\boost\spirit\utility\impl\*.*pp
mkdir: %_DEST%\inc%_EXT%\external\boost\spirit\utility\impl\chset
..\%__SRC%\misc\build\spirit-1.6.1\boost\spirit\utility\impl\chset\*.*pp %_DEST%\inc%_EXT%\external\boost\spirit\utility\impl\chset\*.*pp

