This file contains any messages produced by compilers while
running configure, to aid debugging if configure makes a mistake.

It was created by LibreOffice configure 3.7, which was
generated by GNU Autoconf 2.69.  Invocation command line was

  $ ./configure --disable-mozilla --disable-build-mozilla --disable-zenity --with-num-cpus= --with-max-jobs= --without-doxygen --without-junit --with-macosx-version-min-required=10.6

## --------- ##
## Platform. ##
## --------- ##

hostname = Iains-MacBook-Pro.local
uname -m = x86_64
uname -r = 11.3.0
uname -s = Darwin
uname -v = Darwin Kernel Version 11.3.0: Thu Jan 12 18:47:41 PST 2012; root:xnu-1699.24.23~1/RELEASE_X86_64

/usr/bin/uname -p = i386
/bin/uname -X     = unknown

/bin/arch              = unknown
/usr/bin/arch -k       = unknown
/usr/convex/getsysinfo = unknown
/usr/bin/hostinfo      = Mach kernel version:
	 Darwin Kernel Version 11.3.0: Thu Jan 12 18:47:41 PST 2012; root:xnu-1699.24.23~1/RELEASE_X86_64
Kernel configured for up to 4 processors.
2 processors are physically available.
4 processors are logically available.
Processor type: i486 (Intel 80486)
Processors active: 0 1 2 3
Primary memory available: 8.00 gigabytes
Default processor set: 123 tasks, 779 threads, 4 processors
Load average: 1.31, Mach factor: 2.67
/bin/machine           = unknown
/usr/bin/oslevel       = unknown
/bin/universe          = unknown

PATH: /Users/Iain/android-sdks/platform-tools
PATH: /Users/Iain/android-sdks/tools
PATH: /usr/local/share/python
PATH: /usr/local/bin
PATH: /usr/bin
PATH: /bin
PATH: /usr/sbin
PATH: /sbin
PATH: /usr/local/bin
PATH: /opt/X11/bin
PATH: /usr/X11/bin
PATH: /usr/local/MacGPG2/bin
PATH: /usr/texbin
PATH: /Users/Iain/android-sdks/platform-tools
PATH: /Users/Iain/android-ndk-r7b
PATH: /Users/Iain/android-sdks/tools


## ----------- ##
## Core tests. ##
## ----------- ##

configure:4872: checking build system type
configure:4886: result: i386-apple-darwin11.3.0
configure:4906: checking host system type
configure:4919: result: i386-apple-darwin11.3.0
configure:4948: checking for grep that handles long lines and -e
configure:5006: result: /usr/bin/grep
configure:5011: checking for egrep
configure:5073: result: /usr/bin/grep -E
configure:5081: checking for grep
configure:5111: result: /usr/bin/grep

## ---------------- ##
## Cache variables. ##
## ---------------- ##

ac_cv_build=i386-apple-darwin11.3.0
ac_cv_env_CAIRO_CFLAGS_set=
ac_cv_env_CAIRO_CFLAGS_value=
ac_cv_env_CAIRO_LIBS_set=
ac_cv_env_CAIRO_LIBS_value=
ac_cv_env_CCC_set=
ac_cv_env_CCC_value=
ac_cv_env_CC_set=set
ac_cv_env_CC_value='ccache clang -arch i386 -mmacosx-version-min=10.6'
ac_cv_env_CDR_CFLAGS_set=
ac_cv_env_CDR_CFLAGS_value=
ac_cv_env_CDR_LIBS_set=
ac_cv_env_CDR_LIBS_value=
ac_cv_env_CFLAGS_set=
ac_cv_env_CFLAGS_value=
ac_cv_env_CLUCENE_CFLAGS_set=
ac_cv_env_CLUCENE_CFLAGS_value=
ac_cv_env_CLUCENE_LIBS_set=
ac_cv_env_CLUCENE_LIBS_value=
ac_cv_env_CPPFLAGS_set=
ac_cv_env_CPPFLAGS_value=
ac_cv_env_CPPUNIT_CFLAGS_set=
ac_cv_env_CPPUNIT_CFLAGS_value=
ac_cv_env_CPPUNIT_LIBS_set=
ac_cv_env_CPPUNIT_LIBS_value=
ac_cv_env_CPP_set=
ac_cv_env_CPP_value=
ac_cv_env_CURL_CFLAGS_set=
ac_cv_env_CURL_CFLAGS_value=
ac_cv_env_CURL_LIBS_set=
ac_cv_env_CURL_LIBS_value=
ac_cv_env_CXXCPP_set=
ac_cv_env_CXXCPP_value=
ac_cv_env_CXXFLAGS_set=
ac_cv_env_CXXFLAGS_value=
ac_cv_env_CXX_set=set
ac_cv_env_CXX_value='ccache clang++ -arch i386 -mmacosx-version-min=10.6'
ac_cv_env_DBUSMENUGTK_CFLAGS_set=
ac_cv_env_DBUSMENUGTK_CFLAGS_value=
ac_cv_env_DBUSMENUGTK_LIBS_set=
ac_cv_env_DBUSMENUGTK_LIBS_value=
ac_cv_env_DBUS_CFLAGS_set=
ac_cv_env_DBUS_CFLAGS_value=
ac_cv_env_DBUS_LIBS_set=
ac_cv_env_DBUS_LIBS_value=
ac_cv_env_FONTCONFIG_CFLAGS_set=
ac_cv_env_FONTCONFIG_CFLAGS_value=
ac_cv_env_FONTCONFIG_LIBS_set=
ac_cv_env_FONTCONFIG_LIBS_value=
ac_cv_env_FREETYPE_CFLAGS_set=
ac_cv_env_FREETYPE_CFLAGS_value=
ac_cv_env_FREETYPE_LIBS_set=
ac_cv_env_FREETYPE_LIBS_value=
ac_cv_env_GCONF_CFLAGS_set=
ac_cv_env_GCONF_CFLAGS_value=
ac_cv_env_GCONF_LIBS_set=
ac_cv_env_GCONF_LIBS_value=
ac_cv_env_GIO_CFLAGS_set=
ac_cv_env_GIO_CFLAGS_value=
ac_cv_env_GIO_LIBS_set=
ac_cv_env_GIO_LIBS_value=
ac_cv_env_GLIB_CFLAGS_set=
ac_cv_env_GLIB_CFLAGS_value=
ac_cv_env_GLIB_LIBS_set=
ac_cv_env_GLIB_LIBS_value=
ac_cv_env_GNOMEVFS_CFLAGS_set=
ac_cv_env_GNOMEVFS_CFLAGS_value=
ac_cv_env_GNOMEVFS_LIBS_set=
ac_cv_env_GNOMEVFS_LIBS_value=
ac_cv_env_GOBJECT_CFLAGS_set=
ac_cv_env_GOBJECT_CFLAGS_value=
ac_cv_env_GOBJECT_LIBS_set=
ac_cv_env_GOBJECT_LIBS_value=
ac_cv_env_GRAPHITE_CFLAGS_set=
ac_cv_env_GRAPHITE_CFLAGS_value=
ac_cv_env_GRAPHITE_LIBS_set=
ac_cv_env_GRAPHITE_LIBS_value=
ac_cv_env_GSTREAMER_CFLAGS_set=
ac_cv_env_GSTREAMER_CFLAGS_value=
ac_cv_env_GSTREAMER_LIBS_set=
ac_cv_env_GSTREAMER_LIBS_value=
ac_cv_env_GTHREAD_CFLAGS_set=
ac_cv_env_GTHREAD_CFLAGS_value=
ac_cv_env_GTHREAD_LIBS_set=
ac_cv_env_GTHREAD_LIBS_value=
ac_cv_env_GTK210_CFLAGS_set=
ac_cv_env_GTK210_CFLAGS_value=
ac_cv_env_GTK210_LIBS_set=
ac_cv_env_GTK210_LIBS_value=
ac_cv_env_GTK3_CFLAGS_set=
ac_cv_env_GTK3_CFLAGS_value=
ac_cv_env_GTK3_LIBS_set=
ac_cv_env_GTK3_LIBS_value=
ac_cv_env_GTK_CFLAGS_set=
ac_cv_env_GTK_CFLAGS_value=
ac_cv_env_GTK_LIBS_set=
ac_cv_env_GTK_LIBS_value=
ac_cv_env_GTK_PRINT_CFLAGS_set=
ac_cv_env_GTK_PRINT_CFLAGS_value=
ac_cv_env_GTK_PRINT_LIBS_set=
ac_cv_env_GTK_PRINT_LIBS_value=
ac_cv_env_HUNSPELL_CFLAGS_set=
ac_cv_env_HUNSPELL_CFLAGS_value=
ac_cv_env_HUNSPELL_LIBS_set=
ac_cv_env_HUNSPELL_LIBS_value=
ac_cv_env_KDE_GLIB_CFLAGS_set=
ac_cv_env_KDE_GLIB_CFLAGS_value=
ac_cv_env_KDE_GLIB_LIBS_set=
ac_cv_env_KDE_GLIB_LIBS_value=
ac_cv_env_LCMS2_CFLAGS_set=
ac_cv_env_LCMS2_CFLAGS_value=
ac_cv_env_LCMS2_LIBS_set=
ac_cv_env_LCMS2_LIBS_value=
ac_cv_env_LDFLAGS_set=
ac_cv_env_LDFLAGS_value=
ac_cv_env_LIBCMIS_CFLAGS_set=
ac_cv_env_LIBCMIS_CFLAGS_value=
ac_cv_env_LIBCMIS_LIBS_set=
ac_cv_env_LIBCMIS_LIBS_value=
ac_cv_env_LIBEXTTEXTCAT_CFLAGS_set=
ac_cv_env_LIBEXTTEXTCAT_CFLAGS_value=
ac_cv_env_LIBEXTTEXTCAT_LIBS_set=
ac_cv_env_LIBEXTTEXTCAT_LIBS_value=
ac_cv_env_LIBPNG_CFLAGS_set=
ac_cv_env_LIBPNG_CFLAGS_value=
ac_cv_env_LIBPNG_LIBS_set=
ac_cv_env_LIBPNG_LIBS_value=
ac_cv_env_LIBRSVG_CFLAGS_set=
ac_cv_env_LIBRSVG_CFLAGS_value=
ac_cv_env_LIBRSVG_LIBS_set=
ac_cv_env_LIBRSVG_LIBS_value=
ac_cv_env_LIBS_set=
ac_cv_env_LIBS_value=
ac_cv_env_LIBXML_CFLAGS_set=
ac_cv_env_LIBXML_CFLAGS_value=
ac_cv_env_LIBXML_LIBS_set=
ac_cv_env_LIBXML_LIBS_value=
ac_cv_env_LIBXSLT_CFLAGS_set=
ac_cv_env_LIBXSLT_CFLAGS_value=
ac_cv_env_LIBXSLT_LIBS_set=
ac_cv_env_LIBXSLT_LIBS_value=
ac_cv_env_MINGW_BOOST_DATE_TIME_DLL_set=
ac_cv_env_MINGW_BOOST_DATE_TIME_DLL_value=
ac_cv_env_MINGW_CAIRO_DLL_set=
ac_cv_env_MINGW_CAIRO_DLL_value=
ac_cv_env_MINGW_CRYPTO_DLL_set=
ac_cv_env_MINGW_CRYPTO_DLL_value=
ac_cv_env_MINGW_CURL_DLL_set=
ac_cv_env_MINGW_CURL_DLL_value=
ac_cv_env_MINGW_DB_DLL_set=
ac_cv_env_MINGW_DB_DLL_value=
ac_cv_env_MINGW_EXPAT_DLL_set=
ac_cv_env_MINGW_EXPAT_DLL_value=
ac_cv_env_MINGW_FONTCONFIG_DLL_set=
ac_cv_env_MINGW_FONTCONFIG_DLL_value=
ac_cv_env_MINGW_FREETYPE_DLL_set=
ac_cv_env_MINGW_FREETYPE_DLL_value=
ac_cv_env_MINGW_GCRYPT_DLL_set=
ac_cv_env_MINGW_GCRYPT_DLL_value=
ac_cv_env_MINGW_GNUTLS_DLL_set=
ac_cv_env_MINGW_GNUTLS_DLL_value=
ac_cv_env_MINGW_GPG_ERROR_DLL_set=
ac_cv_env_MINGW_GPG_ERROR_DLL_value=
ac_cv_env_MINGW_GRAPHITE2_DLL_set=
ac_cv_env_MINGW_GRAPHITE2_DLL_value=
ac_cv_env_MINGW_HUNSPELL_DLL_set=
ac_cv_env_MINGW_HUNSPELL_DLL_value=
ac_cv_env_MINGW_HYPHEN_DLL_set=
ac_cv_env_MINGW_HYPHEN_DLL_value=
ac_cv_env_MINGW_ICONV_DLL_set=
ac_cv_env_MINGW_ICONV_DLL_value=
ac_cv_env_MINGW_ICUDATA_DLL_set=
ac_cv_env_MINGW_ICUDATA_DLL_value=
ac_cv_env_MINGW_ICUI18N_DLL_set=
ac_cv_env_MINGW_ICUI18N_DLL_value=
ac_cv_env_MINGW_ICUUC_DLL_set=
ac_cv_env_MINGW_ICUUC_DLL_value=
ac_cv_env_MINGW_IDN_DLL_set=
ac_cv_env_MINGW_IDN_DLL_value=
ac_cv_env_MINGW_INTL_DLL_set=
ac_cv_env_MINGW_INTL_DLL_value=
ac_cv_env_MINGW_JPEG_DLL_set=
ac_cv_env_MINGW_JPEG_DLL_value=
ac_cv_env_MINGW_LCMS2_DLL_set=
ac_cv_env_MINGW_LCMS2_DLL_value=
ac_cv_env_MINGW_LIBXML_DLL_set=
ac_cv_env_MINGW_LIBXML_DLL_value=
ac_cv_env_MINGW_LIBXSLT_DLL_set=
ac_cv_env_MINGW_LIBXSLT_DLL_value=
ac_cv_env_MINGW_LPSOLVE_DLL_set=
ac_cv_env_MINGW_LPSOLVE_DLL_value=
ac_cv_env_MINGW_MINIZIP_DLL_set=
ac_cv_env_MINGW_MINIZIP_DLL_value=
ac_cv_env_MINGW_MYTHES_DLL_set=
ac_cv_env_MINGW_MYTHES_DLL_value=
ac_cv_env_MINGW_NEON_DLL_set=
ac_cv_env_MINGW_NEON_DLL_value=
ac_cv_env_MINGW_NSPR4_DLL_set=
ac_cv_env_MINGW_NSPR4_DLL_value=
ac_cv_env_MINGW_NSS3_DLL_set=
ac_cv_env_MINGW_NSS3_DLL_value=
ac_cv_env_MINGW_NSSUTIL3_DLL_set=
ac_cv_env_MINGW_NSSUTIL3_DLL_value=
ac_cv_env_MINGW_PIXMAN_DLL_set=
ac_cv_env_MINGW_PIXMAN_DLL_value=
ac_cv_env_MINGW_PLC4_DLL_set=
ac_cv_env_MINGW_PLC4_DLL_value=
ac_cv_env_MINGW_PLDS4_DLL_set=
ac_cv_env_MINGW_PLDS4_DLL_value=
ac_cv_env_MINGW_PNG15_DLL_set=
ac_cv_env_MINGW_PNG15_DLL_value=
ac_cv_env_MINGW_PYTHON_DLL_set=
ac_cv_env_MINGW_PYTHON_DLL_value=
ac_cv_env_MINGW_RAPTOR_DLL_set=
ac_cv_env_MINGW_RAPTOR_DLL_value=
ac_cv_env_MINGW_RASQAL_DLL_set=
ac_cv_env_MINGW_RASQAL_DLL_value=
ac_cv_env_MINGW_READLINE_DLL_set=
ac_cv_env_MINGW_READLINE_DLL_value=
ac_cv_env_MINGW_REDLAND_DLL_set=
ac_cv_env_MINGW_REDLAND_DLL_value=
ac_cv_env_MINGW_SQLITE3_DLL_set=
ac_cv_env_MINGW_SQLITE3_DLL_value=
ac_cv_env_MINGW_SSH2_DLL_set=
ac_cv_env_MINGW_SSH2_DLL_value=
ac_cv_env_MINGW_SSL3_DLL_set=
ac_cv_env_MINGW_SSL3_DLL_value=
ac_cv_env_MINGW_SSL_DLL_set=
ac_cv_env_MINGW_SSL_DLL_value=
ac_cv_env_MINGW_TASN1_DLL_set=
ac_cv_env_MINGW_TASN1_DLL_value=
ac_cv_env_MINGW_TERMCAP_DLL_set=
ac_cv_env_MINGW_TERMCAP_DLL_value=
ac_cv_env_MINGW_ZLIB_DLL_set=
ac_cv_env_MINGW_ZLIB_DLL_value=
ac_cv_env_MINIZIP_CFLAGS_set=
ac_cv_env_MINIZIP_CFLAGS_value=
ac_cv_env_MINIZIP_LIBS_set=
ac_cv_env_MINIZIP_LIBS_value=
ac_cv_env_MOZILLAXPCOM_CFLAGS_set=
ac_cv_env_MOZILLAXPCOM_CFLAGS_value=
ac_cv_env_MOZILLAXPCOM_LIBS_set=
ac_cv_env_MOZILLAXPCOM_LIBS_value=
ac_cv_env_MOZILLA_HEADERS_CFLAGS_set=
ac_cv_env_MOZILLA_HEADERS_CFLAGS_value=
ac_cv_env_MOZILLA_HEADERS_LIBS_set=
ac_cv_env_MOZILLA_HEADERS_LIBS_value=
ac_cv_env_MOZLIBREQ_CFLAGS_set=
ac_cv_env_MOZLIBREQ_CFLAGS_value=
ac_cv_env_MOZLIBREQ_LIBS_set=
ac_cv_env_MOZLIBREQ_LIBS_value=
ac_cv_env_MSPUB_CFLAGS_set=
ac_cv_env_MSPUB_CFLAGS_value=
ac_cv_env_MSPUB_LIBS_set=
ac_cv_env_MSPUB_LIBS_value=
ac_cv_env_MYTHES_CFLAGS_set=
ac_cv_env_MYTHES_CFLAGS_value=
ac_cv_env_MYTHES_LIBS_set=
ac_cv_env_MYTHES_LIBS_value=
ac_cv_env_NEON_CFLAGS_set=
ac_cv_env_NEON_CFLAGS_value=
ac_cv_env_NEON_LIBS_set=
ac_cv_env_NEON_LIBS_value=
ac_cv_env_NSS_CFLAGS_set=
ac_cv_env_NSS_CFLAGS_value=
ac_cv_env_NSS_LIBS_set=
ac_cv_env_NSS_LIBS_value=
ac_cv_env_OPENSSL_CFLAGS_set=
ac_cv_env_OPENSSL_CFLAGS_value=
ac_cv_env_OPENSSL_LIBS_set=
ac_cv_env_OPENSSL_LIBS_value=
ac_cv_env_PKG_CONFIG_set=
ac_cv_env_PKG_CONFIG_value=
ac_cv_env_POPPLER_CFLAGS_set=
ac_cv_env_POPPLER_CFLAGS_value=
ac_cv_env_POPPLER_LIBS_set=
ac_cv_env_POPPLER_LIBS_value=
ac_cv_env_PYTHON_set=
ac_cv_env_PYTHON_value=
ac_cv_env_REDLAND_CFLAGS_set=
ac_cv_env_REDLAND_CFLAGS_value=
ac_cv_env_REDLAND_LIBS_set=
ac_cv_env_REDLAND_LIBS_value=
ac_cv_env_VISIO_CFLAGS_set=
ac_cv_env_VISIO_CFLAGS_value=
ac_cv_env_VISIO_LIBS_set=
ac_cv_env_VISIO_LIBS_value=
ac_cv_env_WPD_CFLAGS_set=
ac_cv_env_WPD_CFLAGS_value=
ac_cv_env_WPD_LIBS_set=
ac_cv_env_WPD_LIBS_value=
ac_cv_env_WPG_CFLAGS_set=
ac_cv_env_WPG_CFLAGS_value=
ac_cv_env_WPG_LIBS_set=
ac_cv_env_WPG_LIBS_value=
ac_cv_env_WPS_CFLAGS_set=
ac_cv_env_WPS_CFLAGS_value=
ac_cv_env_WPS_LIBS_set=
ac_cv_env_WPS_LIBS_value=
ac_cv_env_XMKMF_set=
ac_cv_env_XMKMF_value=
ac_cv_env_XRANDR_CFLAGS_set=
ac_cv_env_XRANDR_CFLAGS_value=
ac_cv_env_XRANDR_LIBS_set=
ac_cv_env_XRANDR_LIBS_value=
ac_cv_env_build_alias_set=
ac_cv_env_build_alias_value=
ac_cv_env_host_alias_set=
ac_cv_env_host_alias_value=
ac_cv_env_target_alias_set=
ac_cv_env_target_alias_value=
ac_cv_host=i386-apple-darwin11.3.0
ac_cv_path_EGREP='/usr/bin/grep -E'
ac_cv_path_GREP=/usr/bin/grep

## ----------------- ##
## Output variables. ##
## ----------------- ##

ABOUT_BACKGROUND_SVG=''
ALIGNOF_DOUBLE=''
ALIGNOF_INT=''
ALIGNOF_LONG=''
ALIGNOF_SHORT=''
ALLOC=''
ALL_LANGS=''
ANCIENT_BISON=''
ANDROID_NDK_HOME=''
ANDROID_SDK_HOME=''
ANT=''
ANT_HOME=''
ANT_LIB=''
AR=''
ATL_INCLUDE=''
ATL_LIB=''
AWK=''
AWTLIB=''
BARCODE_EXTENSION_PACK=''
BASH='/bin/sh'
BISON=''
BOOST_CPPFLAGS=''
BOOST_DATE_TIME_LIB=''
BOOST_LDFLAGS=''
BSH_JAR=''
BUILD_DMAKE=''
BUILD_EPM=''
BUILD_MAX_JOBS=''
BUILD_MOZAB=''
BUILD_NCPUS=''
BUILD_POSTGRESQL_SDBC=''
BUILD_STAX=''
BUILD_TYPE='LibO NATIVE'
BUILD_UNOWINREG=''
BUILD_VER_STRING=''
BUILD_X64=''
BZIP2=''
CAIRO_CFLAGS=''
CAIRO_LIBS=''
CC='ccache clang -arch i386 -mmacosx-version-min=10.6'
CCACHE=''
CC_FOR_BUILD='ccache clang -arch i386 -mmacosx-version-min=10.6'
CDR_CFLAGS=''
CDR_LIBS=''
CFLAGS=''
CLASSPATH=''
CLUCENE_CFLAGS=''
CLUCENE_LIBS=''
CL_X64=''
COM=''
COMEX=''
COMMONS_CODEC_JAR=''
COMMONS_HTTPCLIENT_JAR=''
COMMONS_LANG_JAR=''
COMMONS_LOGGING_JAR=''
COMPATH=''
COM_FOR_BUILD=''
COM_GCC_IS_CLANG=''
CPP=''
CPPFLAGS=''
CPPUNIT_CFLAGS=''
CPPUNIT_LIBS=''
CPU=''
CPUNAME=''
CPUNAME_FOR_BUILD=''
CPU_FOR_BUILD=''
CROSS_COMPILING=''
CSC_PATH=''
CT2N_EXTENSION_PACK=''
CURLCONFIG=''
CURL_CFLAGS=''
CURL_LIBS=''
CXX='ccache clang++ -arch i386 -mmacosx-version-min=10.6'
CXXCPP=''
CXXFLAGS=''
CXX_FOR_BUILD='ccache clang++ -arch i386 -mmacosx-version-min=10.6'
CXX_X64_BINARY=''
DATADIR=''
DBUSMENUGTK_CFLAGS=''
DBUSMENUGTK_LIBS=''
DBUS_CFLAGS=''
DBUS_LIBS=''
DB_CPPLIB=''
DB_LIB=''
DEFS=''
DEVINSTALLDIR=''
DIAGRAM_EXTENSION_PACK=''
DICT_SYSTEM_DIR=''
DIRECTXSDK_HOME=''
DIRECTXSDK_LIB=''
DISABLE_ACTIVEX=''
DISABLE_ATL=''
DISABLE_DBCONNECTIVITY=''
DISABLE_DYNLOADING=''
DISABLE_EXTENSIONS=''
DISABLE_LINKOO=''
DISABLE_NEON=''
DISABLE_PYTHON=''
DISABLE_SCRIPTING=''
DLLTOOL=''
DMAKE=''
DOCDIR=''
DOXYGEN=''
DO_FETCH_TARBALLS=''
DPKG=''
DYNAMIC_CRT=''
ECHO_C='\c'
ECHO_N=''
ECHO_T=''
EGREP='/usr/bin/grep -E'
ENABLE_CAIRO_CANVAS=''
ENABLE_CRASHDUMP=''
ENABLE_CUPS=''
ENABLE_DBUS=''
ENABLE_DEBUG=''
ENABLE_DEBUG_FOR=''
ENABLE_DIRECTX=''
ENABLE_EVOAB2=''
ENABLE_GCONF=''
ENABLE_GIO=''
ENABLE_GNOMEVFS=''
ENABLE_GRAPHITE=''
ENABLE_GSTREAMER=''
ENABLE_GTK3=''
ENABLE_GTK=''
ENABLE_GTK_PRINT=''
ENABLE_HEADLESS=''
ENABLE_KAB=''
ENABLE_KDE4=''
ENABLE_KDE=''
ENABLE_LIBRSVG=''
ENABLE_LOCKDOWN=''
ENABLE_LOMENUBAR=''
ENABLE_LTO=''
ENABLE_MEDIAWIKI=''
ENABLE_MINIMIZER=''
ENABLE_MYSQLC=''
ENABLE_NSPLUGIN=''
ENABLE_ONLINE_UPDATE=''
ENABLE_OPENGL=''
ENABLE_OXYGENOFFICE=''
ENABLE_PDFIMPORT=''
ENABLE_PRESENTER_SCREEN=''
ENABLE_QUICKSTART_LIBPNG=''
ENABLE_RANDR=''
ENABLE_RELEASE_BUILD=''
ENABLE_REPORTBUILDER=''
ENABLE_SCRIPTING_BEANSHELL=''
ENABLE_SCRIPTING_JAVASCRIPT=''
ENABLE_SCRIPTING_PYTHON=''
ENABLE_SILENT_MSI=''
ENABLE_SYMBOLS=''
ENABLE_SYSTRAY_GTK=''
ENABLE_TDE=''
ENABLE_TDEAB=''
ENABLE_XMLSEC=''
ENABLE_ZENITY=''
EPM=''
EPM_FLAGS=''
EXCEPTIONS=''
EXEEXT=''
EXEEXT_FOR_BUILD=''
EXTERNAL_WARNINGS_NOT_ERRORS=''
FLAT_LOGO_SVG=''
FLEX=''
FLUTE_JAR=''
FONTCONFIG_CFLAGS=''
FONTCONFIG_LIBS=''
FONTCONFIG_TARBALL=''
FRAMEWORKSHOME=''
FREETYPE_CFLAGS=''
FREETYPE_LIBS=''
FREETYPE_TARBALL=''
GAWK=''
GCC_HOME=''
GCONF_CFLAGS=''
GCONF_LIBS=''
GIO_CFLAGS=''
GIO_LIBS=''
GIT_LINK_SRC=''
GIT_REPO_NAMES=''
GLIB_CFLAGS=''
GLIB_LIBS=''
GMAKE_MODULE_PARALLELISM=''
GMAKE_PARALLELISM=''
GNOMEVFS_CFLAGS=''
GNOMEVFS_LIBS=''
GNUCP=''
GNUMAKE=''
GNUPATCH=''
GNUTAR=''
GOBJECT_CFLAGS=''
GOBJECT_LIBS=''
GOOGLE_DOCS_EXTENSION_PACK=''
GPERF=''
GRAPHITE_CFLAGS=''
GRAPHITE_LIBS=''
GREP='/usr/bin/grep'
GSTREAMER_CFLAGS=''
GSTREAMER_LIBS=''
GTHREAD_CFLAGS=''
GTHREAD_LIBS=''
GTK210_CFLAGS=''
GTK210_LIBS=''
GTK3_CFLAGS=''
GTK3_LIBS=''
GTK_CFLAGS=''
GTK_LIBS=''
GTK_PRINT_CFLAGS=''
GTK_PRINT_LIBS=''
GUI=''
GUIBASE=''
GUIBASE_FOR_BUILD=''
GUI_FOR_BUILD=''
GXX_INCLUDE_PATH=''
HAVE_BOOST_UNORDERED_MAP=''
HAVE_CXX0X=''
HAVE_GCC_AVX=''
HAVE_GCC_FINLINE_LIMIT=''
HAVE_GCC_FNO_DEFAULT_INLINE=''
HAVE_GCC_FNO_ENFORCE_EH_SPECS=''
HAVE_GCC_FNO_INLINE=''
HAVE_GCC_GGDB2=''
HAVE_GCC_NO_LONG_DOUBLE=''
HAVE_GCC_VISIBILITY_BROKEN=''
HAVE_GCC_VISIBILITY_FEATURE=''
HAVE_GETOPT=''
HAVE_GNUMAKE_FILE_FUNC=''
HAVE_LD_BSYMBOLIC_FUNCTIONS=''
HAVE_LD_HASH_STYLE=''
HAVE_NON_CONST_NPP_GETMIMEDESCRIPTION=''
HAVE_POSIX_FALLOCATE=''
HAVE_READDIR_R=''
HAVE_SFINAE_ANONYMOUS_BROKEN=''
HAVE_THREADSAFE_STATICS=''
HSQLDB_JAR=''
HUNART_EXTENSION_PACK=''
HUNSPELL_CFLAGS=''
HUNSPELL_LIBS=''
HYPHEN_LIB=''
HYPH_SYSTEM_DIR=''
ICUCONFIG=''
ICUCONFIG_FOR_BUILD=''
ICU_MAJOR=''
ICU_MICRO=''
ICU_MINOR=''
ICU_RECLASSIFIED_CLOSE_PARENTHESIS=''
ICU_RECLASSIFIED_CONDITIONAL_JAPANESE_STARTER=''
ICU_RECLASSIFIED_HEBREW_LETTER=''
ICU_RECLASSIFIED_PREPEND_SET_EMPTY=''
ILIB=''
INPATH=''
INPATH_FOR_BUILD=''
INSTALLDIR=''
INSTALLDIRNAME=''
INTRO_BITMAP=''
JAVACISGCJ=''
JAVACISKAFFE=''
JAVACOMPILER=''
JAVADOC=''
JAVAFLAGS=''
JAVAIFLAGS=''
JAVAINTERPRETER=''
JAVALIB=''
JAVA_HOME=''
JAVA_SOURCE_VER=''
JAVA_TARGET_VER=''
JDK=''
JDKLIB=''
JFREEREPORT_JAR=''
JITC_PROCESSOR_TYPE=''
JVM_ONE_PATH_CHECK=''
KDE4_CFLAGS=''
KDE4_LIBS=''
KDE_CFLAGS=''
KDE_GLIB_CFLAGS=''
KDE_GLIB_LIBS=''
KDE_HAVE_GLIB=''
KDE_LIBS=''
L10N_MODULE=''
LCMS2_CFLAGS=''
LCMS2_LIBS=''
LDFLAGS=''
LFS_CFLAGS=''
LIBBASE_JAR=''
LIBCMIS_CFLAGS=''
LIBCMIS_LIBS=''
LIBDIR=''
LIBEXTTEXTCAT_CFLAGS=''
LIBEXTTEXTCAT_LIBS=''
LIBFONTS_JAR=''
LIBFORMULA_JAR=''
LIBLAYOUT_JAR=''
LIBLOADER_JAR=''
LIBMGR_X64_BINARY=''
LIBMYSQL_PATH=''
LIBOBJS=''
LIBPNG_CFLAGS=''
LIBPNG_LIBS=''
LIBREPOSITORY_JAR=''
LIBRSVG_CFLAGS=''
LIBRSVG_LIBS=''
LIBS=''
LIBSERIALIZER_JAR=''
LIBXML_CFLAGS=''
LIBXML_JAR=''
LIBXML_LIBS=''
LIBXSLT_CFLAGS=''
LIBXSLT_LIBS=''
LINK_X64_BINARY=''
LO_PATH=''
LTLIBOBJS=''
MACOSX_DEPLOYMENT_TARGET=''
MACOSX_DEPLOYMENT_TARGET_FOR_BUILD=''
MACOSX_SDK_PATH=''
MAC_OS_X_VERSION_MAX_ALLOWED=''
MAC_OS_X_VERSION_MIN_REQUIRED=''
MANDIR=''
MDDS_CPPFLAGS=''
MERGELIBS=''
MFC_INCLUDE=''
MFC_LIB=''
MIDL_PATH=''
MINGWCXX=''
MINGWSTRIP=''
MINGW_BOOST_DATE_TIME_DLL=''
MINGW_CAIRO_DLL=''
MINGW_CLIB_DIR=''
MINGW_CRYPTO_DLL=''
MINGW_CURL_DLL=''
MINGW_DB_DLL=''
MINGW_EXPAT_DLL=''
MINGW_FONTCONFIG_DLL=''
MINGW_FREETYPE_DLL=''
MINGW_GCCDLL=''
MINGW_GCRYPT_DLL=''
MINGW_GNUTLS_DLL=''
MINGW_GPG_ERROR_DLL=''
MINGW_GRAPHITE2_DLL=''
MINGW_GXXDLL=''
MINGW_HUNSPELL_DLL=''
MINGW_HYPHEN_DLL=''
MINGW_ICONV_DLL=''
MINGW_ICUDATA_DLL=''
MINGW_ICUI18N_DLL=''
MINGW_ICUUC_DLL=''
MINGW_IDN_DLL=''
MINGW_INTL_DLL=''
MINGW_JPEG_DLL=''
MINGW_LCMS2_DLL=''
MINGW_LIBXML_DLL=''
MINGW_LIBXSLT_DLL=''
MINGW_LIB_INCLUDE_PATH=''
MINGW_LPSOLVE_DLL=''
MINGW_MINIZIP_DLL=''
MINGW_MYTHES_DLL=''
MINGW_NEON_DLL=''
MINGW_NSPR4_DLL=''
MINGW_NSS3_DLL=''
MINGW_NSSUTIL3_DLL=''
MINGW_PIXMAN_DLL=''
MINGW_PLC4_DLL=''
MINGW_PLDS4_DLL=''
MINGW_PNG15_DLL=''
MINGW_PYTHON_DLL=''
MINGW_PYTHON_EXE=''
MINGW_PYTHON_MAJOR_VERSION=''
MINGW_PYVERSION=''
MINGW_RAPTOR_DLL=''
MINGW_RASQAL_DLL=''
MINGW_READLINE_DLL=''
MINGW_REDLAND_DLL=''
MINGW_SHARED_GCCLIB=''
MINGW_SHARED_GXXLIB=''
MINGW_SHARED_LIBSTDCPP=''
MINGW_SQLITE3_DLL=''
MINGW_SSH2_DLL=''
MINGW_SSL3_DLL=''
MINGW_SSL_DLL=''
MINGW_SYSROOT=''
MINGW_TASN1_DLL=''
MINGW_TERMCAP_DLL=''
MINGW_ZLIB_DLL=''
MINIZIP_CFLAGS=''
MINIZIP_LIBS=''
ML_EXE=''
MOC4=''
MOC=''
MOCQT4=''
MOZILLABUILD=''
MOZILLAXPCOM_CFLAGS=''
MOZILLAXPCOM_LIBS=''
MOZILLA_HEADERS_CFLAGS=''
MOZILLA_HEADERS_LIBS=''
MOZILLA_TOOLKIT=''
MOZILLA_VERSION=''
MOZLIBREQ_CFLAGS=''
MOZLIBREQ_LIBS=''
MOZ_FLAVOUR=''
MOZ_INC=''
MOZ_LDAP_CFLAGS=''
MOZ_LIB=''
MOZ_LIB_XPCOM=''
MSPDB_PATH=''
MSPUB_CFLAGS=''
MSPUB_LIBS=''
MYSQLCONFIG=''
MYSQL_DEFINES=''
MYSQL_INC=''
MYSQL_LIB=''
MYTHES_CFLAGS=''
MYTHES_LIBS=''
NEON_CFLAGS=''
NEON_LIBS=''
NEON_VERSION=''
NM=''
NSS_CFLAGS=''
NSS_LIBS=''
NUMBERTEXT_EXTENSION_PACK=''
OBJDUMP=''
OBJEXT=''
OOOBLOGGER_EXTENSION_PACK=''
OOOP_FONTS_PACK=''
OOOP_GALLERY_PACK=''
OOOP_SAMPLES_PACK=''
OOOP_TEMPLATES_PACK=''
OOO_JUNIT_JAR=''
OOO_VENDOR=''
OPENSSL_CFLAGS=''
OPENSSL_LIBS=''
OS=''
OSVERSION=''
OS_FOR_BUILD=''
OUTDIR=''
OUTDIR_FOR_BUILD=''
OUTPATH=''
OUTPATH_FOR_BUILD=''
OXYGENOFFICE_PACK=''
PACKAGE_BUGREPORT=''
PACKAGE_NAME='LibreOffice'
PACKAGE_STRING='LibreOffice 3.7'
PACKAGE_TARNAME='libreoffice'
PACKAGE_URL='http://documentfoundation.org/'
PACKAGE_VERSION='3.7'
PATCH=''
PATH_SEPARATOR=':'
PERL=''
PGCONFIG=''
PKGFORMAT=''
PKGMK=''
PKG_CONFIG=''
POPPLER_CFLAGS=''
POPPLER_LIBS=''
POSTGRESQL_INC=''
POSTGRESQL_LIB=''
PREBUILD_MOZAB=''
PREFIXDIR=''
PRODUCT=''
PRODUCTNAME=''
PRODUCTVERSION=''
PROEXT=''
PROGRESSBARCOLOR=''
PROGRESSFRAMECOLOR=''
PROGRESSPOSITION=''
PROGRESSSIZE=''
PTHREAD_CFLAGS=''
PTHREAD_LIBS=''
PYTHON=''
PYTHON_CFLAGS=''
PYTHON_EXEC_PREFIX=''
PYTHON_FOR_BUILD=''
PYTHON_LIBS=''
PYTHON_PLATFORM=''
PYTHON_PREFIX=''
PYTHON_VERSION=''
P_SEP=''
QMAKE4=''
QMAKEQT4=''
RANLIB=''
REDLAND_CFLAGS=''
REDLAND_LIBS=''
RHINO_JAR=''
RPM=''
RTL_ARCH=''
RTL_OS=''
SAC_JAR=''
SAXON_JAR=''
SCPDEFS=''
SED=''
SERIALIZER_JAR=''
SERVLETAPI_JAR=''
SHA1SUM=''
SHELL='/bin/sh'
SHOWINCLUDES_PREFIX=''
SIZEOF_DOUBLE=''
SIZEOF_INT=''
SIZEOF_LONG=''
SIZEOF_LONGLONG=''
SIZEOF_POINTER=''
SIZEOF_SHORT=''
SOLARINC=''
SOLARINC_FOR_BUILD=''
SOLARLIB=''
SOLARLIB_FOR_BUILD=''
SOLARVER=''
SOLAR_JAVA=''
SOURCEVERSION=''
SPLIT_APP_MODULES=''
SPLIT_OPT_FEATURES=''
SRC_ROOT='/LibreOfficeDev/gsoc/CONF-FOR-BUILD'
STARTCENTER_LEFT_BITMAP=''
STARTCENTER_RIGHT_BITMAP=''
STARTCENTER_RTL_LEFT_BITMAP=''
STARTCENTER_RTL_RIGHT_BITMAP=''
STARTCENTER_SPACE_BITMAP=''
STRIP=''
STRIP_COMPONENTS=''
SUNTEMPLATES_DE_PACK=''
SUNTEMPLATES_EN_US_PACK=''
SUNTEMPLATES_ES_PACK=''
SUNTEMPLATES_FR_PACK=''
SUNTEMPLATES_HU_PACK=''
SUNTEMPLATES_IT_PACK=''
SYSBASE=''
SYSTEM_APACHE_COMMONS=''
SYSTEM_BOOST=''
SYSTEM_BSH=''
SYSTEM_CAIRO=''
SYSTEM_CLUCENE=''
SYSTEM_CPPUNIT=''
SYSTEM_CURL=''
SYSTEM_DB=''
SYSTEM_DB_CFLAGS=''
SYSTEM_DICTS=''
SYSTEM_EXPAT=''
SYSTEM_GDKPIXBUF=''
SYSTEM_GENBRK=''
SYSTEM_GENCCODE=''
SYSTEM_GENCMN=''
SYSTEM_GETTEXT=''
SYSTEM_GLIB=''
SYSTEM_GRAPHITE=''
SYSTEM_HSQLDB=''
SYSTEM_HUNSPELL=''
SYSTEM_HYPH=''
SYSTEM_ICU=''
SYSTEM_JFREEREPORT=''
SYSTEM_JPEG=''
SYSTEM_LCMS2=''
SYSTEM_LIBC=''
SYSTEM_LIBCDR=''
SYSTEM_LIBCMIS=''
SYSTEM_LIBCROCO=''
SYSTEM_LIBEXTTEXTCAT=''
SYSTEM_LIBEXTTEXTCAT_DATA=''
SYSTEM_LIBGSF=''
SYSTEM_LIBMSPUB=''
SYSTEM_LIBPNG=''
SYSTEM_LIBRSVG=''
SYSTEM_LIBVISIO=''
SYSTEM_LIBWPD=''
SYSTEM_LIBWPG=''
SYSTEM_LIBWPS=''
SYSTEM_LIBXML=''
SYSTEM_LIBXSLT=''
SYSTEM_LIBXSLT_FOR_BUILD=''
SYSTEM_LPSOLVE=''
SYSTEM_MDDS=''
SYSTEM_MESA_HEADERS=''
SYSTEM_MINIZIP=''
SYSTEM_MOZILLA=''
SYSTEM_MOZILLA_HEADERS=''
SYSTEM_MYSQL=''
SYSTEM_MYSQL_CPPCONN=''
SYSTEM_MYTHES=''
SYSTEM_NEON=''
SYSTEM_NSS=''
SYSTEM_ODBC_HEADERS=''
SYSTEM_OPENSSL=''
SYSTEM_PANGO=''
SYSTEM_POPPLER=''
SYSTEM_POSTGRESQL=''
SYSTEM_PYTHON=''
SYSTEM_REDLAND=''
SYSTEM_RHINO=''
SYSTEM_SAXON=''
SYSTEM_SERVLETAPI=''
SYSTEM_STDLIBS=''
SYSTEM_VIGRA=''
SYSTEM_ZLIB=''
TARFILE_LOCATION=''
TDE_CFLAGS=''
TDE_LIBS=''
TEMP_DIRECTORY=''
THES_SYSTEM_DIR=''
TMP_DIRECTORY=''
TYPO_EXTENSION_PACK=''
UNIXWRAPPERNAME=''
UNZIP=''
UPD=''
USE_FT_EMBOLDEN=''
USE_XINERAMA=''
UUIDGEN=''
VALGRIND_CFLAGS=''
VALIDATOR_EXTENSION_PACK=''
VERBOSE=''
VISIO_CFLAGS=''
VISIO_LIBS=''
WATCH_WINDOW_EXTENSION_PACK=''
WINDOWS_SDK_HOME=''
WINDRES=''
WIN_FIND=''
WIN_GREP=''
WIN_LS=''
WIN_TOUCH=''
WITHOUT_AFMS=''
WITHOUT_PPDS=''
WITH_AGFA_MONOTYPE_FONTS=''
WITH_BINFILTER=''
WITH_COMPAT_OOWRAPPERS=''
WITH_EXTENSION_INTEGRATION=''
WITH_EXTRA_FONT=''
WITH_EXTRA_GALLERY=''
WITH_EXTRA_SAMPLE=''
WITH_EXTRA_TEMPLATE=''
WITH_FONTS=''
WITH_GSSAPI=''
WITH_HELPPACK_INTEGRATION=''
WITH_KRB5=''
WITH_LANG=''
WITH_LANG_LIST=''
WITH_LDAP=''
WITH_LINKER_HASH_STYLE=''
WITH_MINGW=''
WITH_MOZILLA=''
WITH_MYSPELL_DICTS=''
WITH_OPENLDAP=''
WITH_POOR_HELP_LOCALIZATIONS=''
WITH_STLPORT=''
WITH_THEMES=''
WITH_VC_REDIST=''
WORDS_BIGENDIAN=''
WORKDIR=''
WORKDIR_FOR_BUILD=''
WPD_CFLAGS=''
WPD_LIBS=''
WPG_CFLAGS=''
WPG_LIBS=''
WPS_CFLAGS=''
WPS_LIBS=''
XCLASSPATH=''
XINC=''
XINERAMA_LINK=''
XLIB=''
XMKMF=''
XMLLINT=''
XRANDR_CFLAGS=''
XRANDR_DLOPEN=''
XRANDR_LIBS=''
XSLTPROC=''
X_CFLAGS=''
X_EXTRA_LIBS=''
X_LIBS=''
X_PRE_LIBS=''
ZIP=''
ZNTY=''
_cc=''
ac_ct_CC=''
ac_ct_CXX=''
bindir='${exec_prefix}/bin'
build='i386-apple-darwin11.3.0'
build_alias=''
build_cpu='i386'
build_os='darwin11.3.0'
build_vendor='apple'
datadir='${datarootdir}'
datarootdir='${prefix}/share'
docdir='${datarootdir}/doc/${PACKAGE_TARNAME}'
dvidir='${docdir}'
exec_prefix='NONE'
host='i386-apple-darwin11.3.0'
host_alias=''
host_cpu='i386'
host_os='darwin11.3.0'
host_vendor='apple'
htmldir='${docdir}'
includedir='${prefix}/include'
infodir='${datarootdir}/info'
libdir='${exec_prefix}/lib'
libexecdir='${exec_prefix}/libexec'
localedir='${datarootdir}/locale'
localstatedir='${prefix}/var'
mandir='${datarootdir}/man'
nodep=''
oldincludedir='/usr/include'
pdfdir='${docdir}'
pkgpyexecdir=''
pkgpythondir=''
prefix='NONE'
program_transform_name='s,x,x,'
psdir='${docdir}'
pyexecdir=''
pythondir=''
sbindir='${exec_prefix}/sbin'
sharedstatedir='${prefix}/com'
sysconfdir='${prefix}/etc'
target_alias=''
use_shl_version=''
x_Cygwin='#'
x_GNUCP=''
x_JAVALIB=''
x_JDKLIB=''

## ----------- ##
## confdefs.h. ##
## ----------- ##

/* confdefs.h */
#define PACKAGE_NAME "LibreOffice"
#define PACKAGE_TARNAME "libreoffice"
#define PACKAGE_VERSION "3.7"
#define PACKAGE_STRING "LibreOffice 3.7"
#define PACKAGE_BUGREPORT ""
#define PACKAGE_URL "http://documentfoundation.org/"

configure: caught signal 2
configure: exit 1
