sx	svx	:	sfx2 l10n oovbaapi connectivity xmloff linguistic jvmfwk avmedia drawinglayer editeng LIBXSLT:libxslt NULL
sx	svx										usr1	-	all	sx_mkout NULL
sx	svx\inc									nmake	-	all	sx_inc NULL
sx	svx\uiconfig\layout						nmake	-	all	sx_layout NULL
sx	svx\source\unodialogs\textconversiondlgs   	nmake	-	all	sx_textconversiondlgs sx_inc NULL
sx	svx\sdi									nmake	-	all	sx_sdi sx_inc NULL
sx	svx\source\src							nmake	-	all	sx_src sx_inc sx_sdi NULL
sx	svx\source\intro						nmake	-	all	sx_intro sx_inc NULL
sx	svx\source\items						nmake	-	all	sx_items sx_inc sx_sdi NULL
sx	svx\source\xoutdev						nmake	-	all	sx_xout sx_items sx_inc NULL
sx	svx\source\svdraw						nmake	-	all	sx_draw sx_inc NULL
sx	svx\source\sdr\attribute				nmake	-	all	sx_attribute sx_inc NULL
sx	svx\source\sdr\primitive2d				nmake	-	all	sx_primitive2d sx_inc NULL
sx	svx\source\sdr\primitive3d				nmake	-	all	sx_primitive3d sx_inc NULL
sx  svx\source\table						nmake	-	all sx_table sx_inc NULL
sx	svx\source\sdr\properties				nmake	-	all	sx_properties sx_inc NULL
sx	svx\source\sdr\contact					nmake	-	all	sx_contact sx_inc NULL
sx	svx\source\sdr\event					nmake	-	all	sx_event sx_inc NULL
sx	svx\source\sdr\animation				nmake	-	all	sx_animation sx_inc NULL
sx	svx\source\sdr\overlay					nmake	-	all	sx_overlay sx_inc NULL
sx	svx\source\smarttags					nmake	-	all	sx_smarttags sx_inc NULL
sx	svx\source\stbctrls						nmake	-	all	sx_stbc sx_inc NULL
sx	svx\source\mnuctrls						nmake	-	all	sx_mnuc sx_inc NULL
sx	svx\source\engine3d						nmake	-	all	sx_3deng sx_inc NULL
sx	svx\source\form							nmake	-	all	sx_form sx_sdi sx_inc NULL
sx	svx\source\fmcomp						nmake	-	all	sx_fmcmp sx_sdi sx_inc NULL
sx	svx\source\tbxctrls						nmake	-	all	sx_tbxc sx_inc NULL
sx  svx\source\dialog                                               nmake   -       all     sx_dlg sx_inc NULL
sx	svx\source\unodraw						nmake	-	all	sx_undrw sx_inc NULL
sx	svx\source\unogallery					nmake	-	all	sx_ungal sx_inc NULL
sx	svx\source\gallery2						nmake	-	all	sx_gall sx_inc NULL
sx	svx\source\xml							nmake	-	all	sx_xml sx_inc NULL
sx	svx\source\core							nmake	-	all	sx_core sx_inc NULL
sx	svx\source\accessibility				nmake	-	all	sx_accessibility sx_inc NULL
sx	svx\source\customshapes					nmake	-	all sx_customshapes sx_inc NULL
sx	svx\source\toolbars						nmake	-	all sx_toolbars sx_inc NULL
sx      svx\util                                                                nmake   -       all     sx_util sx_3deng sx_dlg sx_draw sx_attribute sx_properties sx_contact sx_event sx_animation sx_primitive2d sx_primitive3d sx_overlay sx_fmcmp sx_form sx_gall sx_items sx_mnuc sx_sdi sx_stbc sx_tbxc sx_undrw sx_ungal sx_xml sx_core sx_xout sx_accessibility sx_intro sx_customshapes sx_toolbars sx_table sx_smarttags NULL
sx	svx\source\gengal						nmake	-	all	sx_gengal sx_util NULL
sx svx\qa\unoapi nmake - all sx_qa_unoapi NULL
