mkdir: %COMMON_DEST%\bin%_EXT%\hid
mkdir: %COMMON_DEST%\res%_EXT%
mkdir: %_DEST%\xml%_EXT%\uiconfig
mkdir: %_DEST%\xml%_EXT%\uiconfig\modules
mkdir: %_DEST%\xml%_EXT%\uiconfig\modules\sdraw
mkdir: %_DEST%\xml%_EXT%\uiconfig\modules\simpress
mkdir: %_DEST%\xml%_EXT%\uiconfig\modules\sdraw\menubar
mkdir: %_DEST%\xml%_EXT%\uiconfig\modules\simpress\menubar
mkdir: %_DEST%\xml%_EXT%\uiconfig\modules\sdraw\toolbar
mkdir: %_DEST%\xml%_EXT%\uiconfig\modules\simpress\toolbar
mkdir: %_DEST%\xml%_EXT%\uiconfig\modules\sdraw\accelerator
mkdir: %_DEST%\xml%_EXT%\uiconfig\modules\simpress\accelerator
mkdir: %_DEST%\xml%_EXT%\uiconfig\modules\sdraw\accelerator\en-US
mkdir: %_DEST%\xml%_EXT%\uiconfig\modules\simpress\accelerator\en-US
mkdir: %_DEST%\xml%_EXT%\uiconfig\modules\sdraw\statusbar
mkdir: %_DEST%\xml%_EXT%\uiconfig\modules\simpress\statusbar

..\%COMMON_OUTDIR%\misc\*.hid %COMMON_DEST%\bin%_EXT%\hid\*.hid
..\%COMMON_OUTDIR%\srs\core_srs.hid %COMMON_DEST%\res%_EXT%\sdcore_srs.hid

..\%__SRC%\misc\*.map %_DEST%\bin%_EXT%\*.map
..\%__SRC%\lib\sdi.lib %_DEST%\lib%_EXT%\sdi.lib
..\%__SRC%\slb\lib*.* %_DEST%\lib%_EXT%\lib*.*
..\%__SRC%\lib\lib*.* %_DEST%\lib%_EXT%\lib*.*
..\%__SRC%\bin\sdraw3.exe %_DEST%\bin%_EXT%\sdraw3.exe
..\%__SRC%\bin\sd?????.dll %_DEST%\bin%_EXT%\sd?????.dll
..\%__SRC%\bin\sd??????.dll %_DEST%\bin%_EXT%\sd??????.dll
..\%__SRC%\bin\sd*.res %_DEST%\bin%_EXT%\sd*.res
..\%__SRC%\bin\sd???????.dll %_DEST%\bin%_EXT%\sd???????.dll
..\%__SRC%\bin\emp?????.* %_DEST%\bin%_EXT%\emp?????.*

mkdir: %_DEST%\pck%_EXT%
..\res\webview\common.inc %_DEST%\pck%_EXT%\common.inc
..\res\webview\common.pl %_DEST%\pck%_EXT%\common.pl
..\res\webview\edit.asp %_DEST%\pck%_EXT%\edit.asp
..\res\webview\edit.pl %_DEST%\pck%_EXT%\edit.pl
..\res\webview\editpic.asp %_DEST%\pck%_EXT%\editpic.asp
..\res\webview\editpic.pl %_DEST%\pck%_EXT%\editpic.pl
..\res\webview\index.pl %_DEST%\pck%_EXT%\index.pl
..\res\webview\poll.asp %_DEST%\pck%_EXT%\poll.asp
..\res\webview\poll.pl %_DEST%\pck%_EXT%\poll.pl
..\res\webview\savepic.asp %_DEST%\pck%_EXT%\savepic.asp
..\res\webview\savepic.pl %_DEST%\pck%_EXT%\savepic.pl
..\res\webview\show.asp %_DEST%\pck%_EXT%\show.asp
..\res\webview\show.pl %_DEST%\pck%_EXT%\show.pl
..\res\webview\webview.asp %_DEST%\pck%_EXT%\webcast.asp
..\res\webview\webview.pl %_DEST%\pck%_EXT%\webcast.pl

mkdir: %_DEST%\inc%_EXT%\sd
..\inc\sddll.hxx %_DEST%\inc%_EXT%\sd\sddll.hxx

..\xml\SdDocLinkTargets.xml %_DEST%\xml%_EXT%\SdDocLinkTargets.xml
..\xml\SdDrawPage.xml %_DEST%\xml%_EXT%\SdDrawPage.xml
..\xml\SdDrawPagesAccess.xml %_DEST%\xml%_EXT%\SdDrawPagesAccess.xml
..\xml\SdGenericDrawPage.xml %_DEST%\xml%_EXT%\SdGenericDrawPage.xml
..\xml\SdLayer.xml %_DEST%\xml%_EXT%\SdLayer.xml
..\xml\SdLayerManager.xml %_DEST%\xml%_EXT%\SdLayerManager.xml
..\xml\SdMasterPage.xml %_DEST%\xml%_EXT%\SdMasterPage.xml
..\xml\SdMasterPagesAccess.xml %_DEST%\xml%_EXT%\SdMasterPagesAccess.xml
..\xml\SdPageLinkTargets.xml %_DEST%\xml%_EXT%\SdPageLinkTargets.xml
..\xml\SdXCustomPresentation.xml %_DEST%\xml%_EXT%\SdXCustomPresentation.xml
..\xml\SdXCustomPresentationAccess.xml %_DEST%\xml%_EXT%\SdXCustomPresentationAccess.xml
..\xml\SdXImpressDocument.xml %_DEST%\xml%_EXT%\SdXImpressDocument.xml
..\xml\SdXPresentation.xml %_DEST%\xml%_EXT%\SdXPresentation.xml
..\xml\SdXShape.xml %_DEST%\xml%_EXT%\SdXShape.xml

..\xml\PreviewView.xml %_DEST%\xml%_EXT%\PreviewView.xml
..\xml\DrawingView.xml %_DEST%\xml%_EXT%\DrawingView.xml
..\xml\HandoutView.xml %_DEST%\xml%_EXT%\HandoutView.xml
..\xml\NotesView.xml %_DEST%\xml%_EXT%\NotesView.xml
..\xml\OutlineView.xml %_DEST%\xml%_EXT%\OutlineView.xml
..\xml\OutlineView.xml %_DEST%\xml%_EXT%\OutlineView.xml
..\xml\PresentationView.xml %_DEST%\xml%_EXT%\PresentationView.xml

..\xml\AccessibleDrawDocumentView.xml %_DEST%\xml%_EXT%\AccessibleDrawDocumentView.xml
..\xml\AccessibleOutlineView.xml %_DEST%\xml%_EXT%\AccessibleOutlineView.xml
..\xml\AccessibleSlideView.xml %_DEST%\xml%_EXT%\AccessibleSlideView.xml
..\xml\AccessiblePresentationShape.xml %_DEST%\xml%_EXT%\AccessiblePresentationShape.xml
..\xml\AccessiblePresentationGraphicShape.xml %_DEST%\xml%_EXT%\AccessiblePresentationGraphicShape.xml
..\xml\AccessiblePresentationOLEShape.xml %_DEST%\xml%_EXT%\AccessiblePresentationOLEShape.xml
..\xml\AccessiblePageShape.xml %_DEST%\xml%_EXT%\AccessiblePageShape.xml

..\uiconfig\sdraw\menubar\*.xml %_DEST%\xml%_EXT%\uiconfig\modules\sdraw\menubar\*.xml
..\uiconfig\simpress\menubar\*.xml %_DEST%\xml%_EXT%\uiconfig\modules\simpress\menubar\*.xml
..\uiconfig\sdraw\toolbar\*.xml %_DEST%\xml%_EXT%\uiconfig\modules\sdraw\toolbar\*.xml
..\uiconfig\simpress\toolbar\*.xml %_DEST%\xml%_EXT%\uiconfig\modules\simpress\toolbar\*.xml
..\uiconfig\sdraw\accelerator\en-US\*.xml %_DEST%\xml%_EXT%\uiconfig\modules\sdraw\accelerator\en-US\*.xml
..\uiconfig\simpress\accelerator\en-US\*.xml %_DEST%\xml%_EXT%\uiconfig\modules\simpress\accelerator\en-US\*.xml
..\uiconfig\sdraw\statusbar\*.xml %_DEST%\xml%_EXT%\uiconfig\modules\sdraw\statusbar\*.xml
..\uiconfig\simpress\statusbar\*.xml %_DEST%\xml%_EXT%\uiconfig\modules\simpress\statusbar\*.xml

dos: sh -c "if test %OS% = MACOSX; then create-bundle %_DEST%\lib%_EXT%\*.dylib; fi"
