vc	vcl	:	BOOST:boost NAS:nas FREETYPE:freetype psprint rsc sot ucbhelper unotools icu i18npool unoil ridljar X11_EXTENSIONS:x11_extensions offuh basegfx SNDFILE:sndfile PORTAUDIO:portaudio transex3 SO:officenames NULL
vc	vcl										usr1	-	all	vc_mkout NULL
vc	vcl\source\glyphs						nmake	-	all	vc_glyphs NULL
vc	vcl\source\app							nmake	-	all	vc_app NULL
vc	vcl\source\gdi							nmake	-	all	vc_gdi NULL
vc	vcl\source\window						nmake	-	all	vc_win NULL
vc	vcl\source\control						nmake	-	all	vc_ctrl NULL
vc	vcl\source\src							nmake	-	all	vc_src NULL
vc	vcl\source\helper						nmake	-	all	vc_hlp NULL
vc  vcl\source\components					nmake	-	all	vc_components NULL
vc	vcl\win\source\app						nmake	-	w	vc__appw NULL
vc	vcl\win\source\gdi						nmake	-	w	vc__gdiw NULL
vc	vcl\win\source\window					nmake	-	w	vc__winw NULL
vc	vcl\win\source\src						nmake	-	w	vc__srcw NULL
vc  vcl\unx\source\plugadapt				nmake	-	u	vc__plug NULL
vc	vcl\unx\source\app						nmake	-	u	vc__appu NULL
vc	vcl\unx\source\gdi						nmake	-	u	vc__gdiu NULL
vc	vcl\unx\source\window					nmake	-	u	vc__winu NULL
vc  vcl\unx\dummy							nmake   -   u   vc__du   NULL
vc  vcl\unx\gtk\a11y							nmake   -   u   vc__gtky NULL
vc  vcl\unx\gtk\app							nmake   -   u   vc__gtka NULL
vc  vcl\unx\gtk\window						nmake   -   u   vc__gtkw NULL
vc  vcl\unx\gtk\gdi 						nmake   -   u   vc__gtkg NULL
vc  vcl\unx\kde							nmake   -   u   vc__kde  NULL
vc	vcl\aqua\source\app						nmake	-	u	vc__appa NULL
vc	vcl\aqua\source\gdi						nmake	-	u	vc__gdia NULL
vc	vcl\aqua\source\window					nmake	-	u	vc__wina NULL
vc	vcl\mac\source\app						nmake	-	m	vc__appm NULL
vc	vcl\mac\source\gdi						nmake	-	m	vc__gdim NULL
vc	vcl\mac\source\window					nmake	-	m	vc__winm NULL
vc	vcl\mac\source\src						nmake	-	m	vc__srcm NULL
vc	vcl\util								nmake	-	all	vc_util vc__plug.u vc__appa.u vc__appm.m vc__appu.u vc__appw.w vc__gdim.m vc__gdiu.u vc__gdiw.w vc__srcm.m vc__srcw.w vc__wina.u vc__winm.m vc__winu.u vc__winw.w vc__du.u vc__gtka.u vc__gtky.u vc__gtkw.u vc__gtkg.u vc__kde.u vc_app vc_ctrl vc_gdi vc_hlp vc_src vc_win vc_glyphs vc_components NULL
vc	vcl\workben								nmake	-	all	vc_wrkb vc_util NULL
