mkdir: %COMMON_DEST%\bin%_EXT%\hid
mkdir: %_DEST%\inc%_EXT%\vcl
mkdir: %_DEST%\inc%_EXT%\vcl\plug
mkdir: %_DEST%\inc%_EXT%\vcl\plug\vcl

..\%COMMON_OUTDIR%\misc\*.hid %COMMON_DEST%\bin%_EXT%\hid\*.hid
..\%__SRC%\bin\vcl*.res %_DEST%\bin%_EXT%\vcl*.res
..\%__SRC%\bin\vcl?????.dll %_DEST%\bin%_EXT%\vcl?????.dll
..\%__SRC%\bin\vcl?????.sym %_DEST%\bin%_EXT%\vcl?????.sym
..\%__SRC%\lib\libvcl*.so %_DEST%\lib%_EXT%\libvcl*.so
..\%__SRC%\lib\*.dylib %_DEST%\lib%_EXT%\*.dylib
..\%__SRC%\lib\ivcl.lib %_DEST%\lib%_EXT%\ivcl.lib
..\%__SRC%\misc\vcl?????.map %_DEST%\bin%_EXT%\vcl?????.map
..\%__SRC%\obj\salmain.obj %_DEST%\lib%_EXT%\salmain.obj
..\%__SRC%\slo\salmain.o %_DEST%\lib%_EXT%\salmain.o

hedabu: ..\inc\accel.hxx %_DEST%\inc%_EXT%\vcl\accel.hxx
hedabu: ..\inc\alpha.hxx %_DEST%\inc%_EXT%\vcl\alpha.hxx
hedabu: ..\inc\animate.hxx %_DEST%\inc%_EXT%\vcl\animate.hxx
hedabu: ..\inc\apptypes.hxx %_DEST%\inc%_EXT%\vcl\apptypes.hxx
hedabu: ..\inc\bitmap.hxx %_DEST%\inc%_EXT%\vcl\bitmap.hxx
hedabu: ..\inc\bitmapex.hxx %_DEST%\inc%_EXT%\vcl\bitmapex.hxx
hedabu: ..\inc\bmpacc.hxx %_DEST%\inc%_EXT%\vcl\bmpacc.hxx
hedabu: ..\inc\btndlg.hxx %_DEST%\inc%_EXT%\vcl\btndlg.hxx
hedabu: ..\inc\button.hxx %_DEST%\inc%_EXT%\vcl\button.hxx
hedabu: ..\inc\button.hxx %_DEST%\inc%_EXT%\vcl\imagebtn.hxx
hedabu: ..\inc\cmdevt.h %_DEST%\inc%_EXT%\vcl\cmdevt.h
hedabu: ..\inc\cmdevt.hxx %_DEST%\inc%_EXT%\vcl\cmdevt.hxx
hedabu: ..\inc\combobox.h %_DEST%\inc%_EXT%\vcl\combobox.h
hedabu: ..\inc\combobox.hxx %_DEST%\inc%_EXT%\vcl\combobox.hxx
hedabu: ..\inc\ctrl.hxx %_DEST%\inc%_EXT%\vcl\ctrl.hxx
hedabu: ..\inc\cursor.hxx %_DEST%\inc%_EXT%\vcl\cursor.hxx
hedabu: ..\inc\cvtgrf.hxx %_DEST%\inc%_EXT%\vcl\cvtgrf.hxx
hedabu: ..\inc\cvtsvm.hxx %_DEST%\inc%_EXT%\vcl\cvtsvm.hxx
hedabu: ..\inc\decoview.hxx %_DEST%\inc%_EXT%\vcl\decoview.hxx
hedabu: ..\inc\dialog.hxx %_DEST%\inc%_EXT%\vcl\dialog.hxx
hedabu: ..\inc\dockingarea.hxx %_DEST%\inc%_EXT%\vcl\dockingarea.hxx
hedabu: ..\inc\dockwin.hxx %_DEST%\inc%_EXT%\vcl\dockwin.hxx
hedabu: ..\inc\dllapi.h %_DEST%\inc%_EXT%\vcl\dllapi.h
hedabu: ..\inc\edit.hxx %_DEST%\inc%_EXT%\vcl\edit.hxx
hedabu: ..\inc\event.hxx %_DEST%\inc%_EXT%\vcl\event.hxx
hedabu: ..\inc\field.hxx %_DEST%\inc%_EXT%\vcl\field.hxx
hedabu: ..\inc\fixbrd.hxx %_DEST%\inc%_EXT%\vcl\fixbrd.hxx
hedabu: ..\inc\fixed.hxx %_DEST%\inc%_EXT%\vcl\fixed.hxx
hedabu: ..\inc\fldunit.hxx %_DEST%\inc%_EXT%\vcl\fldunit.hxx
hedabu: ..\inc\floatwin.hxx %_DEST%\inc%_EXT%\vcl\floatwin.hxx
hedabu: ..\inc\fntstyle.hxx %_DEST%\inc%_EXT%\vcl\fntstyle.hxx
hedabu: ..\inc\font.hxx %_DEST%\inc%_EXT%\vcl\font.hxx
hedabu: ..\inc\fontcvt.hxx %_DEST%\inc%_EXT%\vcl\fontcvt.hxx
hedabu: ..\inc\gdimtf.hxx %_DEST%\inc%_EXT%\vcl\gdimtf.hxx
hedabu: ..\inc\gfxlink.hxx %_DEST%\inc%_EXT%\vcl\gfxlink.hxx
hedabu: ..\inc\gradient.hxx %_DEST%\inc%_EXT%\vcl\gradient.hxx
hedabu: ..\inc\graph.h %_DEST%\inc%_EXT%\vcl\graph.h
hedabu: ..\inc\graph.hxx %_DEST%\inc%_EXT%\vcl\graph.hxx
hedabu: ..\inc\group.hxx %_DEST%\inc%_EXT%\vcl\group.hxx
hedabu: ..\inc\hatch.hxx %_DEST%\inc%_EXT%\vcl\hatch.hxx
hedabu: ..\inc\help.hxx %_DEST%\inc%_EXT%\vcl\help.hxx
hedabu: ..\inc\image.hxx %_DEST%\inc%_EXT%\vcl\image.hxx
hedabu: ..\inc\imagerepository.hxx %_DEST%\inc%_EXT%\vcl\imagerepository.hxx
hedabu: ..\inc\imgcons.hxx %_DEST%\inc%_EXT%\vcl\imgcons.hxx
hedabu: ..\inc\imgctrl.hxx %_DEST%\inc%_EXT%\vcl\imgctrl.hxx
hedabu: ..\inc\inputctx.hxx %_DEST%\inc%_EXT%\vcl\inputctx.hxx
hedabu: ..\inc\javachild.hxx %_DEST%\inc%_EXT%\vcl\javachild.hxx
hedabu: ..\inc\jobset.hxx %_DEST%\inc%_EXT%\vcl\jobset.hxx
hedabu: ..\unx\inc\kde_headers.h %_DEST%\inc%_EXT%\vcl\kde_headers.h
hedabu: ..\inc\keycod.hxx %_DEST%\inc%_EXT%\vcl\keycod.hxx
hedabu: ..\inc\keycodes.hxx %_DEST%\inc%_EXT%\vcl\keycodes.hxx
hedabu: ..\inc\lineinfo.hxx %_DEST%\inc%_EXT%\vcl\lineinfo.hxx
hedabu: ..\inc\longcurr.hxx %_DEST%\inc%_EXT%\vcl\longcurr.hxx
hedabu: ..\inc\lstbox.h %_DEST%\inc%_EXT%\vcl\lstbox.h
hedabu: ..\inc\lstbox.hxx %_DEST%\inc%_EXT%\vcl\lstbox.hxx
hedabu: ..\inc\mapmod.hxx %_DEST%\inc%_EXT%\vcl\mapmod.hxx
hedabu: ..\inc\mapunit.hxx %_DEST%\inc%_EXT%\vcl\mapunit.hxx
hedabu: ..\inc\menu.hxx %_DEST%\inc%_EXT%\vcl\menu.hxx
hedabu: ..\inc\menubtn.hxx %_DEST%\inc%_EXT%\vcl\menubtn.hxx
hedabu: ..\inc\metaact.hxx %_DEST%\inc%_EXT%\vcl\metaact.hxx
hedabu: ..\inc\graphictools.hxx %_DEST%\inc%_EXT%\vcl\graphictools.hxx
hedabu: ..\inc\metric.hxx %_DEST%\inc%_EXT%\vcl\metric.hxx
hedabu: ..\inc\mnemonic.hxx %_DEST%\inc%_EXT%\vcl\mnemonic.hxx
hedabu: ..\inc\morebtn.hxx %_DEST%\inc%_EXT%\vcl\morebtn.hxx
hedabu: ..\inc\msgbox.hxx %_DEST%\inc%_EXT%\vcl\msgbox.hxx
hedabu: ..\inc\octree.hxx %_DEST%\inc%_EXT%\vcl\octree.hxx
hedabu: ..\inc\opengl.hxx %_DEST%\inc%_EXT%\vcl\opengl.hxx
hedabu: ..\inc\outdev.hxx %_DEST%\inc%_EXT%\vcl\outdev.hxx
hedabu: ..\inc\outdev3d.hxx %_DEST%\inc%_EXT%\vcl\outdev3d.hxx
hedabu: ..\inc\pointr.hxx %_DEST%\inc%_EXT%\vcl\pointr.hxx
hedabu: ..\inc\print.hxx %_DEST%\inc%_EXT%\vcl\print.hxx
hedabu: ..\inc\prndlg.hxx %_DEST%\inc%_EXT%\vcl\prndlg.hxx
hedabu: ..\inc\prntypes.hxx %_DEST%\inc%_EXT%\vcl\prntypes.hxx
hedabu: ..\inc\ptrstyle.hxx %_DEST%\inc%_EXT%\vcl\ptrstyle.hxx
hedabu: ..\inc\regband.hxx %_DEST%\inc%_EXT%\vcl\regband.hxx
hedabu: ..\inc\region.hxx %_DEST%\inc%_EXT%\vcl\region.hxx
hedabu: ..\inc\salbtype.hxx %_DEST%\inc%_EXT%\vcl\salbtype.hxx
hedabu: ..\inc\salctype.hxx %_DEST%\inc%_EXT%\vcl\salctype.hxx
hedabu: ..\inc\salgtype.hxx %_DEST%\inc%_EXT%\vcl\salgtype.hxx
hedabu: ..\inc\salotype.hxx %_DEST%\inc%_EXT%\vcl\salotype.hxx
hedabu: ..\inc\salstype.hxx %_DEST%\inc%_EXT%\vcl\salstype.hxx
hedabu: ..\inc\salnativewidgets.hxx %_DEST%\inc%_EXT%\vcl\salnativewidgets.hxx
hedabu: ..\inc\scrbar.hxx %_DEST%\inc%_EXT%\vcl\scrbar.hxx
hedabu: ..\inc\seleng.hxx %_DEST%\inc%_EXT%\vcl\seleng.hxx
hedabu: ..\inc\settings.hxx %_DEST%\inc%_EXT%\vcl\settings.hxx
hedabu: ..\inc\slider.hxx %_DEST%\inc%_EXT%\vcl\slider.hxx
hedabu: ..\inc\sndstyle.hxx %_DEST%\inc%_EXT%\vcl\sndstyle.hxx
hedabu: ..\inc\sound.hxx %_DEST%\inc%_EXT%\vcl\sound.hxx
hedabu: ..\inc\spin.h %_DEST%\inc%_EXT%\vcl\spin.h
hedabu: ..\inc\spin.hxx %_DEST%\inc%_EXT%\vcl\spin.hxx
hedabu: ..\inc\spinfld.hxx %_DEST%\inc%_EXT%\vcl\spinfld.hxx
hedabu: ..\inc\split.hxx %_DEST%\inc%_EXT%\vcl\split.hxx
hedabu: ..\inc\splitwin.hxx %_DEST%\inc%_EXT%\vcl\splitwin.hxx
hedabu: ..\inc\status.hxx %_DEST%\inc%_EXT%\vcl\status.hxx
hedabu: ..\inc\stdtext.hxx %_DEST%\inc%_EXT%\vcl\stdtext.hxx
hedabu: ..\inc\sv.h %_DEST%\inc%_EXT%\vcl\sv.h
hedabu: ..\inc\svapp.hxx %_DEST%\inc%_EXT%\vcl\svapp.hxx
hedabu: ..\inc\symbol.hxx %_DEST%\inc%_EXT%\vcl\symbol.hxx
hedabu: ..\inc\syschild.hxx %_DEST%\inc%_EXT%\vcl\syschild.hxx
hedabu: ..\inc\sysdata.hxx %_DEST%\inc%_EXT%\vcl\sysdata.hxx
hedabu: ..\inc\syswin.hxx %_DEST%\inc%_EXT%\vcl\syswin.hxx
hedabu: ..\inc\tabctrl.hxx %_DEST%\inc%_EXT%\vcl\tabctrl.hxx
hedabu: ..\inc\tabdlg.hxx %_DEST%\inc%_EXT%\vcl\tabdlg.hxx
hedabu: ..\inc\tabpage.hxx %_DEST%\inc%_EXT%\vcl\tabpage.hxx
hedabu: ..\inc\taskpanelist.hxx %_DEST%\inc%_EXT%\vcl\taskpanelist.hxx
hedabu: ..\inc\timer.hxx %_DEST%\inc%_EXT%\vcl\timer.hxx
hedabu: ..\inc\toolbox.hxx %_DEST%\inc%_EXT%\vcl\toolbox.hxx
hedabu: ..\inc\unowrap.hxx %_DEST%\inc%_EXT%\vcl\unowrap.hxx
hedabu: ..\inc\canvastools.hxx %_DEST%\inc%_EXT%\vcl\canvastools.hxx
hedabu: ..\inc\vclenum.hxx %_DEST%\inc%_EXT%\vcl\vclenum.hxx
hedabu: ..\inc\vclevent.hxx %_DEST%\inc%_EXT%\vcl\vclevent.hxx
hedabu: ..\inc\virdev.hxx %_DEST%\inc%_EXT%\vcl\virdev.hxx
hedabu: ..\inc\waitobj.hxx %_DEST%\inc%_EXT%\vcl\waitobj.hxx
hedabu: ..\inc\wall.hxx %_DEST%\inc%_EXT%\vcl\wall.hxx
hedabu: ..\inc\window.hxx %_DEST%\inc%_EXT%\vcl\window.hxx
hedabu: ..\inc\wintypes.hxx %_DEST%\inc%_EXT%\vcl\wintypes.hxx
hedabu: ..\inc\wrkwin.hxx %_DEST%\inc%_EXT%\vcl\wrkwin.hxx
hedabu: ..\inc\threadex.hxx %_DEST%\inc%_EXT%\vcl\threadex.hxx
hedabu: ..\inc\evntpost.hxx %_DEST%\inc%_EXT%\vcl\evntpost.hxx
hedabu: ..\inc\unohelp.hxx %_DEST%\inc%_EXT%\vcl\unohelp.hxx
hedabu: ..\inc\unohelp2.hxx %_DEST%\inc%_EXT%\vcl\unohelp2.hxx
hedabu: ..\inc\i18nhelp.hxx %_DEST%\inc%_EXT%\vcl\i18nhelp.hxx
hedabu: ..\inc\dndhelp.hxx %_DEST%\inc%_EXT%\vcl\dndhelp.hxx
hedabu: ..\inc\pdfwriter.hxx %_DEST%\inc%_EXT%\vcl\pdfwriter.hxx
hedabu: ..\inc\controllayout.hxx %_DEST%\inc%_EXT%\vcl\controllayout.hxx
hedabu: ..\inc\introwin.hxx %_DEST%\inc%_EXT%\vcl\introwin.hxx
hedabu: ..\inc\abstdlg.hxx %_DEST%\inc%_EXT%\vcl\abstdlg.hxx
hedabu: ..\inc\extoutdevdata.hxx %_DEST%\inc%_EXT%\vcl\extoutdevdata.hxx
hedabu: ..\inc\pdfextoutdevdata.hxx %_DEST%\inc%_EXT%\vcl\pdfextoutdevdata.hxx
hedabu: ..\inc\pngread.hxx %_DEST%\inc%_EXT%\vcl\pngread.hxx
hedabu: ..\inc\pngwrite.hxx %_DEST%\inc%_EXT%\vcl\pngwrite.hxx
hedabu: ..\inc\smartid.hxx %_DEST%\inc%_EXT%\vcl\smartid.hxx
hedabu: ..\inc\configsettings.hxx %_DEST%\inc%_EXT%\vcl\configsettings.hxx

hedabu: ..\inc\salinst.hxx %_DEST%\inc%_EXT%\vcl\plug\vcl\salinst.hxx
hedabu: ..\inc\salwtype.hxx %_DEST%\inc%_EXT%\vcl\plug\vcl\salwtype.hxx
hedabu: ..\inc\salgtype.hxx %_DEST%\inc%_EXT%\vcl\plug\vcl\salgtype.hxx
hedabu: ..\inc\salframe.hxx %_DEST%\inc%_EXT%\vcl\plug\vcl\salframe.hxx
hedabu: ..\inc\salgeom.hxx %_DEST%\inc%_EXT%\vcl\plug\vcl\salgeom.hxx
hedabu: ..\inc\impdel.hxx %_DEST%\inc%_EXT%\vcl\plug\vcl\impdel.hxx
hedabu: ..\inc\saltimer.hxx %_DEST%\inc%_EXT%\vcl\plug\vcl\saltimer.hxx
hedabu: ..\inc\svdata.hxx %_DEST%\inc%_EXT%\vcl\plug\vcl\svdata.hxx
hedabu: ..\inc\salogl.hxx %_DEST%\inc%_EXT%\vcl\plug\vcl\salogl.hxx
hedabu: ..\inc\salsound.hxx %_DEST%\inc%_EXT%\vcl\plug\vcl\salsound.hxx
hedabu: ..\inc\salobj.hxx %_DEST%\inc%_EXT%\vcl\plug\vcl\salobj.hxx
hedabu: ..\inc\salgdi.hxx %_DEST%\inc%_EXT%\vcl\plug\vcl\salgdi.hxx
hedabu: ..\inc\salprn.hxx %_DEST%\inc%_EXT%\vcl\plug\vcl\salprn.hxx
hedabu: ..\inc\salbmp.hxx %_DEST%\inc%_EXT%\vcl\plug\vcl\salbmp.hxx
hedabu: ..\inc\jobset.h %_DEST%\inc%_EXT%\vcl\plug\vcl\jobset.h
hedabu: ..\inc\sallayout.hxx %_DEST%\inc%_EXT%\vcl\plug\vcl\sallayout.hxx
hedabu: ..\inc\salctrlhandle.hxx %_DEST%\inc%_EXT%\vcl\plug\vcl\salctrlhandle.hxx
hedabu: ..\inc\glyphcache.hxx %_DEST%\inc%_EXT%\vcl\plug\vcl\glyphcache.hxx
hedabu: ..\inc\outfont.hxx %_DEST%\inc%_EXT%\vcl\plug\vcl\outfont.hxx
hedabu: ..\inc\impfont.hxx %_DEST%\inc%_EXT%\vcl\plug\vcl\impfont.hxx
hedabu: ..\inc\salptype.hxx %_DEST%\inc%_EXT%\vcl\plug\vcl\salptype.hxx
hedabu: ..\inc\salatype.hxx %_DEST%\inc%_EXT%\vcl\plug\vcl\salatype.hxx
hedabu: ..\inc\print.h %_DEST%\inc%_EXT%\vcl\plug\vcl\print.h
hedabu: ..\inc\salimestatus.hxx %_DEST%\inc%_EXT%\vcl\plug\vcl\salimestatus.hxx
hedabu: ..\inc\salsys.hxx %_DEST%\inc%_EXT%\vcl\plug\vcl\salsys.hxx
hedabu: ..\inc\salvd.hxx %_DEST%\inc%_EXT%\vcl\plug\vcl\salvd.hxx
hedabu: ..\unx\inc\saldatabasic.hxx %_DEST%\inc%_EXT%\vcl\plug\vcl\saldatabasic.hxx

