../../solver/680/unxlngi6.pro/inc
../../io/inc
../../io/unxlngi6.pro/inc
../../sc/inc
../../sc/addin/inc
../../sc/source/ui/inc
../../sc/source/core/inc
../../sc/source/filter/inc
../../sc/unxlngi6.pro/inc
../../sd/inc
../../sd/source/ui/inc
../../sd/source/ui/slidesorter/inc
../../sd/unxlngi6.pro/inc
../../sw/inc
../../sw/source/ui/inc
../../sw/source/core/inc
../../sw/source/filter/inc
../../sw/unxlngi6.pro/inc
../../xt/unxlngi6.pro/inc
../../agg/inc
../../icu/unxlngi6.pro/inc
../../idl/inc
../../idl/unxlngi6.pro/inc
../../nas/unxlngi6.pro/inc
../../odk/inc
../../sal/qa/inc
../../sal/inc
../../sal/unxlngi6.pro/inc
../../sax/unxlngi6.pro/inc
../../sch/inc
../../sch/source/ui/inc
../../sch/unxlngi6.pro/inc
../../sj2/inc
../../sj2/source/inc
../../sj2/unxlngi6.pro/inc
../../rsc/inc
../../rsc/unxlngi6.pro/inc
../../so3/inc
../../so3/unxlngi6.pro/inc
../../sot/inc
../../sot/unxlngi6.pro/inc
../../svx/inc
../../svx/source/inc
../../svx/source/unodialogs/inc
../../svx/unxlngi6.pro/inc
../../ucb/inc
../../ucb/source/inc
../../ucb/unxlngi6.pro/inc
../../udm/inc
../../udm/source/inc
../../vcl/inc
../../vcl/unx/inc
../../vcl/unx/source/inc
../../vcl/win/inc
../../vcl/aqua/inc
../../vcl/unxlngi6.pro/inc
../../ure/unxlngi6.pro/inc
../../uui/unxlngi6.pro/inc
../../dbaccess/inc
../../dbaccess/source/ui/inc
../../dbaccess/source/inc
../../dbaccess/source/core/inc
../../dbaccess/source/sdbtools/inc
../../dbaccess/unxlngi6.pro/inc
../../transex3/inc
../../transex3/unxlngi6.pro/inc
../../bean/unxlngi6.pro/inc
../../cosv/inc
../../cosv/source/inc
../../cppu/inc
../../cppu/unxlngi6.pro/inc
../../idlc/inc
../../idlc/unxlngi6.pro/inc
../../o3tl/inc
../../o3tl/unxlngi6.pro/inc
../../jurt/unxlngi6.pro/inc
../../sane/inc
../../scp2/inc
../../scp2/unxlngi6.pro/inc
../../sfx2/inc
../../sfx2/source/inc
../../sfx2/unxlngi6.pro/inc
../../stoc/inc
../../stoc/unxlngi6.pro/inc
../../framework/inc
../../framework/source/inc
../../framework/unxlngi6.pro/inc
../../desktop/inc
../../desktop/source/inc
../../desktop/source/deployment/inc
../../desktop/source/deployment/registry/inc
../../desktop/unxlngi6.pro/inc
../../external/unxlngi6.pro/inc
../../xml2cmp/source/inc
../../xml2cmp/unxlngi6.pro/inc
../../xmlhelp/inc
../../xmlhelp/unxlngi6.pro/inc
../../soltools/inc
../../soltools/testSHL/inc
../../soltools/unxlngi6.pro/inc
../../unixODBC/inc
../../basic/inc
../../basic/source/inc
../../basic/unxlngi6.pro/inc
../../boost/unxlngi6.pro/inc
../../XmlSearch/unxlngi6.pro/inc
../../forms/inc
../../forms/source/inc
../../forms/source/solar/inc
../../forms/unxlngi6.pro/inc
../../ridljar/unxlngi6.pro/inc
../../offuh/unxlngi6.pro/inc
../../pyuno/inc
../../pyuno/unxlngi6.pro/inc
../../shell/inc
../../shell/unxlngi6.pro/inc
../../store/inc
../../store/unxlngi6.pro/inc
../../sysui/unxlngi6.pro/inc
../../tools/inc
../../tools/win/inc
../../tools/unxlngi6.pro/inc
../../twain/inc
../../unoil/unxlngi6.pro/inc
../../cppcanvas/inc
../../cppcanvas/source/inc
../../cppcanvas/unxlngi6.pro/inc
../../eventattacher/unxlngi6.pro/inc
../../unotools/inc
../../unotools/unxlngi6.pro/inc
../../scaddins/unxlngi6.pro/inc
../../javaunohelper/inc
../../javaunohelper/unxlngi6.pro/inc
../../configmgr/inc
../../configmgr/source/inc
../../configmgr/unxlngi6.pro/inc
../../hwpfilter/inc
../../hwpfilter/unxlngi6.pro/inc
../../libxmlsec/unxlngi6.pro/inc
../../jvmaccess/inc
../../jvmaccess/unxlngi6.pro/inc
../../comphelper/inc
../../comphelper/unxlngi6.pro/inc
../../helpcontent2/unxlngi6.pro/inc
../../animations/inc
../../animations/unxlngi6.pro/inc
../../fileaccess/unxlngi6.pro/inc
../../i18npool/inc
../../i18npool/unxlngi6.pro/inc
../../i18nutil/inc
../../i18nutil/unxlngi6.pro/inc
../../accessibility/inc
../../accessibility/unxlngi6.pro/inc
../../testshl2/inc
../../testshl2/source/inc
../../testshl2/unxlngi6.pro/inc
../../lpsolve/unxlngi6.pro/inc
../../setup_native/inc
../../setup_native/unxlngi6.pro/inc
../../embedserv/source/inc
../../psprint_config/unxlngi6.pro/inc
../../basctl/inc
../../basctl/source/inc
../../basctl/unxlngi6.pro/inc
../../cpputools/unxlngi6.pro/inc
../../stlport/unxlngi6.pro/inc
../../canvas/inc
../../canvas/unxlngi6.pro/inc
../../embeddedobj/inc
../../embeddedobj/source/inc
../../embeddedobj/unxlngi6.pro/inc
../../chart2/inc
../../chart2/source/inc
../../chart2/source/view/inc
../../chart2/source/model/inc
../../chart2/source/controller/inc
../../chart2/unxlngi6.pro/inc
../../scsolver/source/inc
../../scsolver/unxlngi6.pro/inc
../../automation/inc
../../automation/source/inc
../../automation/unxlngi6.pro/inc
../../portaudio/unxlngi6.pro/inc
../../svtools/inc
../../svtools/unx/inc
../../svtools/source/inc
../../svtools/unxlngi6.pro/inc
../../dtrans/inc
../../dtrans/source/inc
../../dtrans/unxlngi6.pro/inc
../../x11_extensions/inc
../../fpicker/inc
../../fpicker/unxlngi6.pro/inc
../../filter/inc
../../filter/unxlngi6.pro/inc
../../extras/unxlngi6.pro/inc
../../writerperfect/unxlngi6.pro/inc
../../toolkit/inc
../../toolkit/unxlngi6.pro/inc
../../officecfg/unxlngi6.pro/inc
../../unodevtools/inc
../../unodevtools/unxlngi6.pro/inc
../../cppuhelper/inc
../../cppuhelper/unxlngi6.pro/inc
../../jvmfwk/inc
../../jvmfwk/unxlngi6.pro/inc
../../layout/inc
../../layout/unxlngi6.pro/inc
../../linguistic/inc
../../linguistic/unxlngi6.pro/inc
../../libegg/inc
../../libegg/unxlngi6.pro/inc
../../libwpd/unxlngi6.pro/inc
../../libwpg/unxlngi6.pro/inc
../../libwps/unxlngi6.pro/inc
../../lingucomponent/inc
../../lingucomponent/unxlngi6.pro/inc
../../np_sdk/unxlngi6.pro/inc
../../offapi/unxlngi6.pro/inc
../../xmlsecurity/inc
../../xmlsecurity/unxlngi6.pro/inc
../../padmin/unxlngi6.pro/inc
../../regexp/inc
../../regexp/unxlngi6.pro/inc
../../ucbhelper/inc
../../ucbhelper/unxlngi6.pro/inc
../../berkeleydb/unxlngi6.pro/inc
../../UnoControls/inc
../../UnoControls/source/inc
../../UnoControls/unxlngi6.pro/inc
../../msfontextract/unxlngi6.pro/inc
../../solenv/inc
../../solenv/unxmacxp/inc
../../solver/680/unxlngi6.pro/inc
../../postprocess/unxlngi6.pro/inc
../../udkapi/unxlngi6.pro/inc
../../unoxml/unxlngi6.pro/inc
../../starmath/inc
../../starmath/unxlngi6.pro/inc
../../mdbtools/unxlngi6.pro/inc
../../basebmp/inc
../../basegfx/inc
../../basegfx/source/inc
../../basegfx/unxlngi6.pro/inc
../../xmerge/inc
../../xmerge/source/inc
../../xmerge/unxlngi6.pro/inc
../../xmloff/inc
../../xmloff/unxlngi6.pro/inc
../../oovbaapi/unxlngi6.pro/inc
../../package/inc
../../package/unxlngi6.pro/inc
../../extensions/inc
../../extensions/source/inc
../../extensions/source/plugin/inc
../../extensions/unxlngi6.pro/inc
../../codemaker/inc
../../codemaker/unxlngi6.pro/inc
../../salhelper/inc
../../salhelper/unxlngi6.pro/inc
../../rdbmaker/inc
../../rdbmaker/unxlngi6.pro/inc
../../instsetoo_native/unxlngi6.pro/inc
../../autodoc/inc
../../autodoc/source/ary/inc
../../autodoc/source/inc
../../autodoc/source/display/inc
../../autodoc/source/parser_i/inc
../../autodoc/source/parser/inc
../../avmedia/inc
../../avmedia/source/inc
../../avmedia/unxlngi6.pro/inc
../../lotuswordpro/unxlngi6.pro/inc
../../remotebridges/unxlngi6.pro/inc
../../slideshow/inc
../../slideshow/source/inc
../../slideshow/unxlngi6.pro/inc
../../connectivity/inc
../../connectivity/source/inc
../../connectivity/unxlngi6.pro/inc
../../readlicense_oo/unxlngi6.pro/inc
../../scripting/inc
../../scripting/source/inc
../../scripting/unxlngi6.pro/inc
../../wizards/unxlngi6.pro/inc
../../xmlscript/inc
../../xmlscript/source/inc
../../xmlscript/unxlngi6.pro/inc
../../bridges/inc
../../bridges/unxlngi6.pro/inc
../../testtools/inc
../../testtools/unxlngi6.pro/inc
../../registry/inc
../../registry/unxlngi6.pro/inc
../../cli_ure/inc
../../cli_ure/unxlngi6.pro/inc
../../psprint/inc
../../psprint/unxlngi6.pro/inc
